<?xml version="1.0" encoding="UTF-8"?>
<robot generator="Robot 7.1.1 (Python 3.13.1 on win32)" generated="2025-01-28T18:58:17.711785" rpa="false" schemaversion="5">
<suite id="s1" name="CreateOrder" source="C:\EPL-Liverpool-SL\LvrplSL\CreateOrder">
<suite id="s1-s1" name="CreateOrder -create normal order ATG example 2 items" source="C:\EPL-Liverpool-SL\LvrplSL\CreateOrder\CreateOrder_-create_normal_order_ATG_example_2_items">
<suite id="s1-s1-s1" name="Test" source="C:\EPL-Liverpool-SL\LvrplSL\CreateOrder\CreateOrder_-create_normal_order_ATG_example_2_items\test">
<suite id="s1-s1-s1-s1" name="createOrder" source="C:\EPL-Liverpool-SL\LvrplSL\CreateOrder\CreateOrder_-create_normal_order_ATG_example_2_items\test\createOrder.robot">
<test id="s1-s1-s1-s1-t1" name="Create Order TC_001" line="13">
<kw name="Creating Session1" owner="createSession">
<kw name="Create List" owner="BuiltIn">
<msg time="2025-01-28T18:58:19.955033" level="INFO">${auth} = ['admin', 'ChangeIt4m3']</msg>
<var>${auth}</var>
<arg>${user}</arg>
<arg>${passwd}</arg>
<doc>Returns a list containing given items.</doc>
<status status="PASS" start="2025-01-28T18:58:19.954880" elapsed="0.000180"/>
</kw>
<kw name="Create Session" owner="RequestsLibrary">
<msg time="2025-01-28T18:58:19.955539" level="INFO">Creating Session using : alias=AddData, url=http://localhost:9080/smcfs/restapi/invoke/createOrder, headers={'Content-Type': 'application/xml', 'Authorization': 'Basic YWRtaW46cGFzc3dvcmQ='},                     cookies={}, auth=&lt;requests.auth.HTTPBasicAuth object at 0x000002BEFFE81400&gt;, timeout=None, proxies=None, verify=False,                     debug=0 </msg>
<arg>${AddData}</arg>
<arg>url=${base_url_api}${createOrder}</arg>
<arg>headers=${headers}</arg>
<arg>auth=${auth}</arg>
<doc>Create Session: create a HTTP session to a server</doc>
<status status="PASS" start="2025-01-28T18:58:19.955168" elapsed="0.000524"/>
</kw>
<arg>AddData</arg>
<status status="PASS" start="2025-01-28T18:58:19.954300" elapsed="0.001470"/>
</kw>
<kw name="Manage Item With Dynamic Item" owner="Prepare_Xml_Content">
<msg time="2025-01-28T18:58:19.958013" level="INFO">before mod &lt;ItemList&gt;
	&lt;Item Action="Manage" GlobalItemID="12439482" ItemID="$ItemID" OrganizationCode="Liverpool" UnitOfMeasure="UN"&gt;
		&lt;Extn ExtnActive="01" ExtnItemSF="Y" ExtnItemSFDesc="ACTIVO" ExtnSuggestedPackage="" ExtnSkuPackage=""/&gt;
		&lt;PrimaryInformation DefaultProductClass="SL" Description="CHAROLA GIRATORIA AILE, 48CM, NATURAL H" ShortDescription="CHAROLA GIRATORIA AILE, 48CM, NATURAL H" ExtendedDisplayDescription="CHAROLA GIRATORIA REDO, 48 CM, NATURAL (12439482)" IsDeliveryAllowed="Y" IsPickupAllowed="Y" IsShippingAllowed="Y" PrimaryEnterpriseCode="Liverpool" SerializedFlag="N" Status="3000" UnitCost="829" ItemType=""/&gt;
		&lt;ClassificationCodes ECCNNo="HAUS" Model="18917" NAICSCode="7502008630089" NMFCClass="152" NMFCCode="15204"/&gt;
		&lt;InventoryParameters ATPRule="Liverpool_ATP" InventoryMonitorRule="EPL_ATP_MONITOR_RULE" NodeLevelInventoryMonitorRule="EPL_ATP_MONITOR_RULE"/&gt;
		&lt;ItemAliasList Reset="Y"&gt;
			&lt;ItemAlias AliasName="EAN1" AliasValue="7502008630089"/&gt;
		&lt;/ItemAliasList&gt;
	&lt;/Item&gt;
&lt;/ItemList&gt;
after mod &lt;ItemList&gt;
	&lt;Item Action="Manage" GlobalItemID="12439482" ItemID="20250128185819" OrganizationCode="Liverpool" UnitOfMeasure="UN"&gt;
		&lt;Extn ExtnActive="01" ExtnItemSF="Y" ExtnItemSFDesc="ACTIVO" ExtnSuggestedPackage="" ExtnSkuPackage=""/&gt;
		&lt;PrimaryInformation DefaultProductClass="SL" Description="CHAROLA GIRATORIA AILE, 48CM, NATURAL H" ShortDescription="CHAROLA GIRATORIA AILE, 48CM, NATURAL H" ExtendedDisplayDescription="CHAROLA GIRATORIA REDO, 48 CM, NATURAL (12439482)" IsDeliveryAllowed="Y" IsPickupAllowed="Y" IsShippingAllowed="Y" PrimaryEnterpriseCode="Liverpool" SerializedFlag="N" Status="3000" UnitCost="829" ItemType=""/&gt;
		&lt;ClassificationCodes ECCNNo="HAUS" Model="18917" NAICSCode="7502008630089" NMFCClass="152" NMFCCode="15204"/&gt;
		&lt;InventoryParameters ATPRule="Liverpool_ATP" InventoryMonitorRule="EPL_ATP_MONITOR_RULE" NodeLevelInventoryMonitorRule="EPL_ATP_MONITOR_RULE"/&gt;
		&lt;ItemAliasList Reset="Y"&gt;
			&lt;ItemAlias AliasName="EAN1" AliasValue="7502008630089"/&gt;
		&lt;/ItemAliasList&gt;
	&lt;/Item&gt;
&lt;/ItemList&gt;</msg>
<msg time="2025-01-28T18:58:19.958180" level="INFO">${manageItemJson} = &lt;ItemList&gt;
	&lt;Item Action="Manage" GlobalItemID="12439482" ItemID="20250128185819" OrganizationCode="Liverpool" UnitOfMeasure="UN"&gt;
		&lt;Extn ExtnActive="01" ExtnItemSF="Y" ExtnItemSFDesc="ACTIVO" ExtnSu...</msg>
<var>${manageItemJson}</var>
<arg>C:\\EPL-Liverpool-SL\\LvrplSL\\CreateOrder\\CreateOrder_-create_normal_order_ATG_example_2_items\\test</arg>
<status status="PASS" start="2025-01-28T18:58:19.956059" elapsed="0.002155"/>
</kw>
<kw name="POST On Session" owner="RequestsLibrary">
<msg time="2025-01-28T18:58:20.045434" level="INFO">POST Request : url=http://localhost:9080/smcfs/restapi/invoke/manageItem 
 path_url=/smcfs/restapi/invoke/manageItem 
 headers={'User-Agent': 'python-requests/2.32.3', 'Accept-Encoding': 'gzip, deflate', 'Accept': '*/*', 'Connection': 'keep-alive', 'Content-Type': 'application/xml', 'Authorization': 'Basic YWRtaW46Q2hhbmdlSXQ0bTM=', 'Content-Length': '1022'} 
 body=&lt;ItemList&gt;
	&lt;Item Action="Manage" GlobalItemID="12439482" ItemID="20250128185819" OrganizationCode="Liverpool" UnitOfMeasure="UN"&gt;
		&lt;Extn ExtnActive="01" ExtnItemSF="Y" ExtnItemSFDesc="ACTIVO" ExtnSuggestedPackage="" ExtnSkuPackage=""/&gt;
		&lt;PrimaryInformation DefaultProductClass="SL" Description="CHAROLA GIRATORIA AILE, 48CM, NATURAL H" ShortDescription="CHAROLA GIRATORIA AILE, 48CM, NATURAL H" ExtendedDisplayDescription="CHAROLA GIRATORIA REDO, 48 CM, NATURAL (12439482)" IsDeliveryAllowed="Y" IsPickupAllowed="Y" IsShippingAllowed="Y" PrimaryEnterpriseCode="Liverpool" SerializedFlag="N" Status="3000" UnitCost="829" ItemType=""/&gt;
		&lt;ClassificationCodes ECCNNo="HAUS" Model="18917" NAICSCode="7502008630089" NMFCClass="152" NMFCCode="15204"/&gt;
		&lt;InventoryParameters ATPRule="Liverpool_ATP" InventoryMonitorRule="EPL_ATP_MONITOR_RULE" NodeLevelInventoryMonitorRule="EPL_ATP_MONITOR_RULE"/&gt;
		&lt;ItemAliasList Reset="Y"&gt;
			&lt;ItemAlias AliasName="EAN1" AliasValue="7502008630089"/&gt;
		&lt;/ItemAliasList&gt;
	&lt;/Item&gt;
&lt;/ItemList&gt; 
 </msg>
<msg time="2025-01-28T18:58:20.045585" level="INFO">POST Response : url=http://localhost:9080/smcfs/restapi/invoke/manageItem 
 status=204, reason=No Content 
 headers={'X-FRAME-OPTIONS': 'SAMEORIGIN', 'X-UA-Compatible': 'IE=EmulateIE8', 'Access-Control-Allow-Origin': '*', 'Access-Control-Max-Age': '3600', 'Access-Control-Allow-Credentials': 'true', 'Content-Language': 'en-US', 'Vary': 'Accept-Encoding', 'Content-Length': '0', 'Date': 'Tue, 28 Jan 2025 13:28:20 GMT'} 
 body=None 
 </msg>
<msg time="2025-01-28T18:58:20.045757" level="INFO">${manageItemResponse} = &lt;Response [204]&gt;</msg>
<var>${manageItemResponse}</var>
<arg>AddData</arg>
<arg>${base_url_api}${manageItem}</arg>
<arg>data=${manageItemJson}</arg>
<doc>Sends a POST request on a previously created HTTP Session.</doc>
<status status="PASS" start="2025-01-28T18:58:19.958500" elapsed="0.087287"/>
</kw>
<kw name="Status Should Be" owner="RequestsLibrary">
<arg>204</arg>
<arg>${manageItemResponse}</arg>
<doc>Fails if response status code is different than the expected.</doc>
<status status="PASS" start="2025-01-28T18:58:20.046228" elapsed="0.000377"/>
</kw>
<kw name="Manage Item With Dynamic Item1" owner="Prepare_Xml_Content">
<msg time="2025-01-28T18:58:20.047528" level="INFO">after mod &lt;ItemList&gt;
	&lt;Item Action="Manage" GlobalItemID="12439482" ItemID="20250128185819" OrganizationCode="Liverpool" UnitOfMeasure="UN"&gt;
		&lt;Extn ExtnActive="01" ExtnItemSF="Y" ExtnItemSFDesc="ACTIVO" ExtnSuggestedPackage="" ExtnSkuPackage=""/&gt;
		&lt;PrimaryInformation DefaultProductClass="SL" Description="CHAROLA GIRATORIA AILE, 48CM, NATURAL H" ShortDescription="CHAROLA GIRATORIA AILE, 48CM, NATURAL H" ExtendedDisplayDescription="CHAROLA GIRATORIA REDO, 48 CM, NATURAL (12439482)" IsDeliveryAllowed="Y" IsPickupAllowed="Y" IsShippingAllowed="Y" PrimaryEnterpriseCode="Liverpool" SerializedFlag="N" Status="3000" UnitCost="829" ItemType=""/&gt;
		&lt;ClassificationCodes ECCNNo="HAUS" Model="18917" NAICSCode="7502008630089" NMFCClass="152" NMFCCode="15204"/&gt;
		&lt;InventoryParameters ATPRule="Liverpool_ATP" InventoryMonitorRule="EPL_ATP_MONITOR_RULE" NodeLevelInventoryMonitorRule="EPL_ATP_MONITOR_RULE"/&gt;
		&lt;ItemAliasList Reset="Y"&gt;
			&lt;ItemAlias AliasName="EAN1" AliasValue="7502008630089"/&gt;
		&lt;/ItemAliasList&gt;
	&lt;/Item&gt;
&lt;/ItemList&gt;</msg>
<msg time="2025-01-28T18:58:20.047885" level="INFO">${jsonItemId} = {'ItemList': {'Item': {'_Action': 'Manage', '_GlobalItemID': '12439482', '_ItemID': '20250128185819', '_OrganizationCode': 'Liverpool', '_UnitOfMeasure': 'UN', 'Extn': {'_ExtnActive': '01', '_ExtnItem...</msg>
<var>${jsonItemId}</var>
<arg>C:\\EPL-Liverpool-SL\\LvrplSL\\CreateOrder\\CreateOrder_-create_normal_order_ATG_example_2_items\\test</arg>
<status status="PASS" start="2025-01-28T18:58:20.046855" elapsed="0.001080"/>
</kw>
<kw name="Dictionary Should Contain Key" owner="Collections">
<arg>${jsonItemId}</arg>
<arg>ItemList</arg>
<doc>Fails if ``key`` is not found from ``dictionary``.</doc>
<status status="PASS" start="2025-01-28T18:58:20.048287" elapsed="0.000286"/>
</kw>
<kw name="Get From Dictionary" owner="Collections">
<msg time="2025-01-28T18:58:20.049091" level="INFO">${Item_ID_Path} = {'Item': {'_Action': 'Manage', '_GlobalItemID': '12439482', '_ItemID': '20250128185819', '_OrganizationCode': 'Liverpool', '_UnitOfMeasure': 'UN', 'Extn': {'_ExtnActive': '01', '_ExtnItemSF': 'Y', '_E...</msg>
<var>${Item_ID_Path}</var>
<arg>${jsonItemId}</arg>
<arg>ItemList</arg>
<doc>Returns a value from the given ``dictionary`` based on the given ``key``.</doc>
<status status="PASS" start="2025-01-28T18:58:20.048830" elapsed="0.000300"/>
</kw>
<kw name="Adjust Inventory File" owner="Prepare_Xml_Content">
<msg time="2025-01-28T18:58:20.060898" level="INFO">${jsonAdjInv} = &lt;Items&gt;
	&lt;Item AdjustmentType="ABSOLUTE" Availability="TRACK" ItemID="20250128185819" OrganizationCode="Liverpool" Quantity="100" ReasonCode="itemSLRTAMS19t2" ReasonText="Ajuste GoldenGate" ShipNode="...</msg>
<var>${jsonAdjInv}</var>
<arg>${jsonItemId}[ItemList][Item][_ItemID]</arg>
<arg>C:\\EPL-Liverpool-SL\\LvrplSL\\CreateOrder\\CreateOrder_-create_normal_order_ATG_example_2_items\\test</arg>
<status status="PASS" start="2025-01-28T18:58:20.049394" elapsed="0.011570"/>
</kw>
<kw name="POST On Session" owner="RequestsLibrary">
<msg time="2025-01-28T18:58:20.153370" level="INFO">POST Request : url=http://localhost:9080/smcfs/restapi/invoke/adjustInventory 
 path_url=/smcfs/restapi/invoke/adjustInventory 
 headers={'User-Agent': 'python-requests/2.32.3', 'Accept-Encoding': 'gzip, deflate', 'Accept': '*/*', 'Connection': 'keep-alive', 'Content-Type': 'application/xml', 'Authorization': 'Basic YWRtaW46Q2hhbmdlSXQ0bTM=', 'Content-Length': '253'} 
 body=&lt;Items&gt;
	&lt;Item AdjustmentType="ABSOLUTE" Availability="TRACK" ItemID="20250128185819" OrganizationCode="Liverpool" Quantity="100" ReasonCode="itemSLRTAMS19t2" ReasonText="Ajuste GoldenGate" ShipNode="77" SupplyType="ONHAND" UnitOfMeasure="UN"/&gt;
&lt;/Items&gt; 
 </msg>
<msg time="2025-01-28T18:58:20.153513" level="INFO">POST Response : url=http://localhost:9080/smcfs/restapi/invoke/adjustInventory 
 status=204, reason=No Content 
 headers={'X-FRAME-OPTIONS': 'SAMEORIGIN', 'X-UA-Compatible': 'IE=EmulateIE8', 'Access-Control-Allow-Origin': '*', 'Access-Control-Max-Age': '3600', 'Access-Control-Allow-Credentials': 'true', 'Content-Language': 'en-US', 'Vary': 'Accept-Encoding', 'Content-Length': '0', 'Date': 'Tue, 28 Jan 2025 13:28:20 GMT'} 
 body=None 
 </msg>
<msg time="2025-01-28T18:58:20.153706" level="INFO">${adjInvresponse} = &lt;Response [204]&gt;</msg>
<var>${adjInvresponse}</var>
<arg>AddData</arg>
<arg>${base_url_api}${adjustInventory}</arg>
<arg>data=${jsonAdjInv}</arg>
<arg>headers=${headers}</arg>
<doc>Sends a POST request on a previously created HTTP Session.</doc>
<status status="PASS" start="2025-01-28T18:58:20.061380" elapsed="0.092370"/>
</kw>
<kw name="Status Should Be" owner="RequestsLibrary">
<arg>204</arg>
<arg>${adjInvresponse}</arg>
<doc>Fails if response status code is different than the expected.</doc>
<status status="PASS" start="2025-01-28T18:58:20.154381" elapsed="0.000298"/>
</kw>
<kw name="Find Inventory File" owner="Prepare_Xml_Content">
<msg time="2025-01-28T18:58:20.157793" level="INFO">${jsonfindInventory} = &lt;Promise AllocationRuleID="FWD_RULES" CheckInventory="Y" EnterpriseCode="Liverpool" FulfillmentType="Fulfillment_Type_Liverpool"
 OrganizationCode="Liverpool"&gt;
	&lt;ShipToAddress Country="MX" ZipCode="98...</msg>
<var>${jsonfindInventory}</var>
<arg>${jsonItemId}[ItemList][Item][_ItemID]</arg>
<arg>C:\\EPL-Liverpool-SL\\LvrplSL\\CreateOrder\\CreateOrder_-create_normal_order_ATG_example_2_items\\test</arg>
<status status="PASS" start="2025-01-28T18:58:20.154920" elapsed="0.002937"/>
</kw>
<kw name="POST On Session" owner="RequestsLibrary">
<msg time="2025-01-28T18:58:21.088185" level="INFO">POST Request : url=http://localhost:9080/smcfs/restapi/invoke/findInventory 
 path_url=/smcfs/restapi/invoke/findInventory 
 headers={'User-Agent': 'python-requests/2.32.3', 'Accept-Encoding': 'gzip, deflate', 'Accept': '*/*', 'Connection': 'keep-alive', 'Content-Type': 'application/xml', 'Authorization': 'Basic YWRtaW46Q2hhbmdlSXQ0bTM=', 'Content-Length': '338'} 
 body=&lt;Promise AllocationRuleID="FWD_RULES" CheckInventory="Y" EnterpriseCode="Liverpool" FulfillmentType="Fulfillment_Type_Liverpool"
 OrganizationCode="Liverpool"&gt;
	&lt;ShipToAddress Country="MX" ZipCode="98047"/&gt;
	&lt;PromiseLines&gt;
		&lt;PromiseLine ItemID="20250128185819" LineId="1" RequiredQty="20" UnitOfMeasure="UN"/&gt;
	&lt;/PromiseLines&gt;
&lt;/Promise&gt; 
 </msg>
<msg time="2025-01-28T18:58:21.088287" level="INFO">POST Response : url=http://localhost:9080/smcfs/restapi/invoke/findInventory 
 status=200, reason=OK 
 headers={'X-FRAME-OPTIONS': 'SAMEORIGIN', 'X-UA-Compatible': 'IE=EmulateIE8', 'Access-Control-Allow-Origin': '*', 'Access-Control-Max-Age': '3600', 'Access-Control-Allow-Credentials': 'true', 'Content-Type': 'application/json; charset=UTF-8', 'Content-Encoding': 'gzip', 'Content-Language': 'en-US', 'Vary': 'Accept-Encoding', 'Content-Length': '943', 'Date': 'Tue, 28 Jan 2025 13:28:21 GMT'} 
 body={"Options":{"TotalNumberOfRecords":"0"},"OptimizationType":"02","CheckInventory":"Y","AllocationRuleID":"FWD_RULES","SuggestedOption":{"Option":{"LastDate":"2025-01-28T13:28:20+00:00","OptionNo":"23","NodeQty":"20.00","FirstDate":"2025-01-28T13:28:20+00:00","AvailableFromUnplannedInventory":"N","TotalShipments":"1","Interactions":{"Interaction":[{"IsDelivery":"N","CarrierServiceCode":"","DeliveryMethod":"SHP","Node":"77","DeliveryDate":"2025-01-28T13:28:20+00:00","ShipDate":"2025-01-28T13:28:20+00:00","EarliestDate":"2025-01-28T00:00:00+00:00","LastDate":"2025-02-27T23:59:59+00:00","ItemGroupCode":"PROD","PersonInfoShipTo":{"VerificationStatus":"","Company":"","OtherPhone":"","UseCount":"0","EMailID":"","DayPhone":"","JobTitle":"","MobilePhone":"","Department":"","AlternateEmailID":"","PersonID":"","PreferredShipAddress":"","Beeper":"","FirstName":"","ZipCode":"98047","Title":"","City":"","MiddleName":"","DayFaxNo":"","HttpUrl":"","AddressLine3":"","AddressLine2":"","AddressLine1":"","Suffix":"","AddressLine6":"","AddressLine5":"","State":"","AddressLine4":"","EveningFaxNo":"","EveningPhone":"","Country":"MX","ErrorTxt":"","LastName":"","isHistory":"N"},"OrganizationCode":"","Carrier":"","TotalHandlingUnits":"0.00","InteractionNo":"1"}],"TotalNumberOfRecords":"1"},"LeastPriority":"10.00","PromiseLines":{"PromiseLine":[{"CarrierServiceCode":"","DeliveryMethod":"SHP","LineId":"1","UnitOfMeasure":"UN","Assignments":{"Assignment":[{"Procurements":{},"IsIdleAsset":"N","SegmentChangeQty":"0.00","ExternalNode":"N","ReservedQty":"0.00","AvailableFromUnplannedInventory":"N","ProcuredQty":"0.00","Quantity":"20.00","DeliveryDate":"2025-01-28T13:28:20+00:00","ShipDate":"2025-01-28T13:28:20+00:00","SubstituteItems":{},"MergeNode":"","SCAC":"","NodePriority":"10.00","ShipNode":"77","InteractionNo":"1","ProductAvailDate":"2025-01-28","Distance":"0.00","SubstitutedQty":"0.00"}],"TotalNumberOfRecords":"1"},"ReceivingNode":"","IsBundleParent":"N","ItemID":"20250128185819","Segment":"","SegmentType":"","NewItemID":"","SCAC":"","BundleParentLineId":"","KitQty":"1","RequiredQty":"20","AutoReplacedByPreferredSubstitute":"N","DistributionRuleId":"","ShipNode":"","ProductClass":"","FulfillmentType":"Fulfillment_Type_Liverpool"}],"TotalNumberOfRecords":"1"},"MaxPriority":"10.00","PromiseServiceLines":{"TotalNumberOfRecords":"0"},"HasAnyUnavailableQty":"N"}},"OrganizationCode":"Liverpool","EnterpriseCode":"Liverpool","FulfillmentType":"Fulfillment_Type_Liverpool"} 
 </msg>
<msg time="2025-01-28T18:58:21.088561" level="INFO">${findInventoryResponse} = &lt;Response [200]&gt;</msg>
<var>${findInventoryResponse}</var>
<arg>AddData</arg>
<arg>${base_url_api}${findInventory}</arg>
<arg>data=${jsonfindInventory}</arg>
<arg>headers=${headers}</arg>
<doc>Sends a POST request on a previously created HTTP Session.</doc>
<status status="PASS" start="2025-01-28T18:58:20.158313" elapsed="0.930289"/>
</kw>
<kw name="Convert To String" owner="BuiltIn">
<msg time="2025-01-28T18:58:21.089919" level="INFO">${resp} = {'Options': {'TotalNumberOfRecords': '0'}, 'OptimizationType': '02', 'CheckInventory': 'Y', 'AllocationRuleID': 'FWD_RULES', 'SuggestedOption': {'Option': {'LastDate': '2025-01-28T13:28:20+00:00', 'Op...</msg>
<var>${resp}</var>
<arg>${findInventoryResponse.json()}</arg>
<doc>Converts the given item to a Unicode string.</doc>
<status status="PASS" start="2025-01-28T18:58:21.088916" elapsed="0.001040"/>
</kw>
<kw name="Write Output File" owner="Prepare_Xml_Content">
<arg>${resp}</arg>
<arg>'findInv'</arg>
<arg>C:\\EPL-Liverpool-SL\\LvrplSL\\CreateOrder\\CreateOrder_-create_normal_order_ATG_example_2_items\\test</arg>
<status status="PASS" start="2025-01-28T18:58:21.090211" elapsed="0.001166"/>
</kw>
<kw name="Create Order File" owner="Prepare_Xml_Content">
<msg time="2025-01-28T18:58:21.120088" level="INFO">${jsonCreateOrder} = &lt;?xml version="1.0" encoding="ISO-8859-1" standalone="yes"?&gt;
&lt;Order AllocationRuleID="FWD_RULES" CustomerPONo="o13556164996" CustomerRewardsNo="5491060181" DocumentType="0001"
DraftOrderFlag="Y" Enter...</msg>
<var>${jsonCreateOrder}</var>
<arg>${jsonItemId}[ItemList][Item][_ItemID]</arg>
<arg>C:\\EPL-Liverpool-SL\\LvrplSL\\CreateOrder\\CreateOrder_-create_normal_order_ATG_example_2_items\\test</arg>
<status status="PASS" start="2025-01-28T18:58:21.091713" elapsed="0.028414"/>
</kw>
<kw name="POST On Session" owner="RequestsLibrary">
<msg time="2025-01-28T18:58:21.512384" level="INFO">POST Request : url=http://localhost:9080/smcfs/restapi/invoke/createOrder 
 path_url=/smcfs/restapi/invoke/createOrder 
 headers={'User-Agent': 'python-requests/2.32.3', 'Accept-Encoding': 'gzip, deflate', 'Accept': '*/*', 'Connection': 'keep-alive', 'Content-Type': 'application/xml', 'Authorization': 'Basic YWRtaW46Q2hhbmdlSXQ0bTM=', 'Content-Length': '2513'} 
 body=&lt;?xml version="1.0" encoding="ISO-8859-1" standalone="yes"?&gt;
&lt;Order AllocationRuleID="FWD_RULES" CustomerPONo="o13556164996" CustomerRewardsNo="5491060181" DocumentType="0001"
DraftOrderFlag="Y" EnterpriseCode="Liverpool" OrderDate="2023-11-09T13:09:54-06:00" OrderName="N9300042969" OrderNo="20250128185819"
OrderType="Personal"&gt;
	&lt;OrderLines&gt;
		&lt;OrderLine Delivery="" FulfillmentType="Fulfillment_Type_Liverpool" OrderedQty="1" Store=""&gt;
			&lt;Item ItemDesc=" " ItemID="20250128185819" UnitOfMeasure="UN"/&gt;
			&lt;LinePriceInfo IsPriceLocked="Y" ListPrice="120.69" UnitPrice="120.69"/&gt;
			&lt;References&gt;
				&lt;Reference Name="Promotion1" Value="10% de descuento"/&gt;
				&lt;Reference Name="DiscountAmount" Value="164.9"/&gt;
			&lt;/References&gt;
		&lt;/OrderLine&gt;
		&lt;OrderLine Delivery="" FulfillmentType="Fulfillment_Type_Liverpool" OrderedQty="1" Store="" ShipNode=""&gt;
            &lt;Item ItemDesc="CHAROLA GIRATORIA AILE, 48CM HAUS" ItemID="20250128185819" UnitOfMeasure="UN"/&gt;
            &lt;LinePriceInfo IsPriceLocked="Y" ListPrice="471.0" UnitPrice="471.0"/&gt;
            &lt;References&gt;
                &lt;Reference Name="Promotion1" Value="40% de descuento"/&gt;
                &lt;Reference Name="DiscountAmount" Value="314.0"/&gt;
            &lt;/References&gt;
        &lt;/OrderLine&gt;
	&lt;/OrderLines&gt;
	&lt;PersonInfoShipTo AddressLine1="Municipio Libre" AddressLine2="38" AddressLine4="LOMAS DE ATIZAPAN" AddressLine5="ATIZAPAN DE ZARAGOZA"
	AddressLine6="Entre calle El Oro y Acolman" City="Lopez Mateos" Country="MX" DayPhone="55-58249363" EMailID="espinosaquique@hotmail.com"
	FirstName="Jorge" LastName="Espinosa" MiddleName="Enrique" MobilePhone="5585367271" State="MEXICO" ZipCode="52977"/&gt;
	&lt;PersonInfoBillTo AddressLine1="MUNICIPIO LIBRE 38" AddressLine2="50169643" AddressLine4="LOMAS DE ATIZAPAN"
	AddressLine5="ATIZAPAN DE ZARAGOZA" City="ATIZAPAN DE ZARAGOZA" Country="MX" DayPhone="50169643"
	FirstName="JORGE ENRIQUE ESPINOSA" LastName="" State="EM" ZipCode="52977"/&gt;
	&lt;PersonInfoContact AddressLine1="Municipio Libre" AddressLine2="38" AddressLine4="LOMAS DE ATIZAPAN"
	AddressLine5="ATIZAPAN DE ZARAGOZA" City="Lopez Mateos" Country="MX" DayPhone="55-58249363"
	EMailID="espinosaquique@hotmail.com" FirstName="JORGE ENRIQUE" LastName="ESPINOSA" State="MEXICO" ZipCode="52977"/&gt;
	&lt;HeaderCharges&gt;
		&lt;HeaderCharge ChargeAmount="0" ChargeCategory="Shipping" ChargeName="Shipping"/&gt;
	&lt;/HeaderCharges&gt;
	&lt;References&gt;
		&lt;Reference Name="TicketNo" Value="4150016090"/&gt;
		&lt;Reference Name="BankAuthNo" Value="00050636"/&gt;
	&lt;/References&gt;
&lt;/Order&gt;

 
 </msg>
<msg time="2025-01-28T18:58:21.512531" level="INFO">POST Response : url=http://localhost:9080/smcfs/restapi/invoke/createOrder 
 status=200, reason=OK 
 headers={'X-FRAME-OPTIONS': 'SAMEORIGIN', 'X-UA-Compatible': 'IE=EmulateIE8', 'Access-Control-Allow-Origin': '*', 'Access-Control-Max-Age': '3600', 'Access-Control-Allow-Credentials': 'true', 'Content-Type': 'application/json; charset=UTF-8', 'Content-Encoding': 'gzip', 'Content-Language': 'en-US', 'Vary': 'Accept-Encoding', 'Content-Length': '116', 'Date': 'Tue, 28 Jan 2025 13:28:21 GMT'} 
 body={"DocumentType":"0001","OrderNo":"20250128185819","OrderHeaderKey":"20250128132821948324","EnterpriseCode":"Liverpool"} 
 </msg>
<msg time="2025-01-28T18:58:21.512656" level="INFO">${createOrderResponse} = &lt;Response [200]&gt;</msg>
<var>${createOrderResponse}</var>
<arg>AddData</arg>
<arg>${base_url_api}${createOrder}</arg>
<arg>data=${jsonCreateOrder}</arg>
<arg>headers=${headers}</arg>
<doc>Sends a POST request on a previously created HTTP Session.</doc>
<status status="PASS" start="2025-01-28T18:58:21.120367" elapsed="0.392316"/>
</kw>
<kw name="Convert To String" owner="BuiltIn">
<msg time="2025-01-28T18:58:21.513688" level="INFO">${resp2} = {'DocumentType': '0001', 'OrderNo': '20250128185819', 'OrderHeaderKey': '20250128132821948324', 'EnterpriseCode': 'Liverpool'}</msg>
<var>${resp2}</var>
<arg>${createOrderResponse.json()}</arg>
<doc>Converts the given item to a Unicode string.</doc>
<status status="PASS" start="2025-01-28T18:58:21.512979" elapsed="0.000731"/>
</kw>
<kw name="Write Output File" owner="Prepare_Xml_Content">
<arg>${resp2}</arg>
<arg>'createOrder'</arg>
<arg>C:\\EPL-Liverpool-SL\\LvrplSL\\CreateOrder\\CreateOrder_-create_normal_order_ATG_example_2_items\\test</arg>
<status status="PASS" start="2025-01-28T18:58:21.514003" elapsed="0.000751"/>
</kw>
<kw name="Log To Console" owner="BuiltIn">
<arg>${createOrderResponse}</arg>
<doc>Logs the given message to the console.</doc>
<status status="PASS" start="2025-01-28T18:58:21.514955" elapsed="0.000274"/>
</kw>
<kw name="Get Current Date" owner="DateTime">
<msg time="2025-01-28T18:58:21.515767" level="INFO">${timestamp} = 20250128-1858</msg>
<var>${timestamp}</var>
<arg>result_format=%Y%m%d-%H%M</arg>
<doc>Returns current local or UTC time with an optional increment.</doc>
<status status="PASS" start="2025-01-28T18:58:21.515505" elapsed="0.000287"/>
</kw>
<kw name="Dictionary Should Contain Key" owner="Collections">
<arg>${createOrderResponse.json()}</arg>
<arg>OrderNo</arg>
<doc>Fails if ``key`` is not found from ``dictionary``.</doc>
<status status="PASS" start="2025-01-28T18:58:21.515983" elapsed="0.000508"/>
</kw>
<kw name="Get From Dictionary" owner="Collections">
<msg time="2025-01-28T18:58:21.517183" level="INFO">${Order_No} = 20250128185819</msg>
<var>${Order_No}</var>
<arg>${createOrderResponse.json()}</arg>
<arg>OrderNo</arg>
<doc>Returns a value from the given ``dictionary`` based on the given ``key``.</doc>
<status status="PASS" start="2025-01-28T18:58:21.516666" elapsed="0.000534"/>
</kw>
<kw name="Dictionary Should Contain Key" owner="Collections">
<arg>${createOrderResponse.json()}</arg>
<arg>OrderHeaderKey</arg>
<doc>Fails if ``key`` is not found from ``dictionary``.</doc>
<status status="PASS" start="2025-01-28T18:58:21.517426" elapsed="0.000552"/>
</kw>
<kw name="Get From Dictionary" owner="Collections">
<msg time="2025-01-28T18:58:21.518743" level="INFO">${Order_Header_Key} = 20250128132821948324</msg>
<var>${Order_Header_Key}</var>
<arg>${createOrderResponse.json()}</arg>
<arg>OrderHeaderKey</arg>
<doc>Returns a value from the given ``dictionary`` based on the given ``key``.</doc>
<status status="PASS" start="2025-01-28T18:58:21.518110" elapsed="0.000662"/>
</kw>
<kw name="Append Excel File1" owner="read_write_all_excel">
<arg>${file}</arg>
<arg>${Order_No}</arg>
<arg>${TEST NAME}</arg>
<arg>${timestamp}</arg>
<arg>${jsonCreateOrder}</arg>
<arg>${createOrderResponse.json()}</arg>
<status status="PASS" start="2025-01-28T18:58:21.519029" elapsed="0.001811"/>
</kw>
<tag>CREATEORDER</tag>
<tag>HAPPYFLOW</tag>
<tag>REGRESSION</tag>
<status status="PASS" start="2025-01-28T18:58:19.953462" elapsed="1.567772"/>
</test>
<status status="PASS" start="2025-01-28T18:58:17.804939" elapsed="3.716944"/>
</suite>
<status status="PASS" start="2025-01-28T18:58:17.802485" elapsed="3.720033"/>
</suite>
<status status="PASS" start="2025-01-28T18:58:17.798933" elapsed="3.724165"/>
</suite>
<suite id="s1-s2" name="CreateOrder create normal order ATG ClickandCollect" source="C:\EPL-Liverpool-SL\LvrplSL\CreateOrder\CreateOrder_create_normal_order_ATG_ClickandCollect">
<suite id="s1-s2-s1" name="Test" source="C:\EPL-Liverpool-SL\LvrplSL\CreateOrder\CreateOrder_create_normal_order_ATG_ClickandCollect\test">
<suite id="s1-s2-s1-s1" name="createOrder" source="C:\EPL-Liverpool-SL\LvrplSL\CreateOrder\CreateOrder_create_normal_order_ATG_ClickandCollect\test\createOrder.robot">
<test id="s1-s2-s1-s1-t1" name="Create Order TC_001" line="13">
<kw name="Creating Session1" owner="createSession">
<kw name="Create List" owner="BuiltIn">
<msg time="2025-01-28T18:58:21.539771" level="INFO">${auth} = ['admin', 'ChangeIt4m3']</msg>
<var>${auth}</var>
<arg>${user}</arg>
<arg>${passwd}</arg>
<doc>Returns a list containing given items.</doc>
<status status="PASS" start="2025-01-28T18:58:21.539512" elapsed="0.000299"/>
</kw>
<kw name="Create Session" owner="RequestsLibrary">
<msg time="2025-01-28T18:58:21.540396" level="INFO">Creating Session using : alias=AddData, url=http://localhost:9080/smcfs/restapi/invoke/createOrder, headers={'Content-Type': 'application/xml', 'Authorization': 'Basic YWRtaW46cGFzc3dvcmQ='},                     cookies={}, auth=&lt;requests.auth.HTTPBasicAuth object at 0x000002BEF8E31450&gt;, timeout=None, proxies=None, verify=False,                     debug=0 </msg>
<arg>${AddData}</arg>
<arg>url=${base_url_api}${createOrder}</arg>
<arg>headers=${headers}</arg>
<arg>auth=${auth}</arg>
<doc>Create Session: create a HTTP session to a server</doc>
<status status="PASS" start="2025-01-28T18:58:21.540003" elapsed="0.000579"/>
</kw>
<arg>AddData</arg>
<status status="PASS" start="2025-01-28T18:58:21.539087" elapsed="0.001589"/>
</kw>
<kw name="Manage Item With Dynamic Item" owner="Prepare_Xml_Content">
<msg time="2025-01-28T18:58:21.543093" level="INFO">before mod &lt;ItemList&gt;
	&lt;Item Action="Manage" GlobalItemID="12439482" ItemID="$ItemID" OrganizationCode="Liverpool" UnitOfMeasure="UN"&gt;
		&lt;Extn ExtnActive="01" ExtnItemSF="Y" ExtnItemSFDesc="ACTIVO" ExtnSuggestedPackage="" ExtnSkuPackage=""/&gt;
		&lt;PrimaryInformation DefaultProductClass="SL" Description="CHAROLA GIRATORIA AILE, 48CM, NATURAL H" ShortDescription="CHAROLA GIRATORIA AILE, 48CM, NATURAL H" ExtendedDisplayDescription="CHAROLA GIRATORIA REDO, 48 CM, NATURAL (12439482)" IsDeliveryAllowed="Y" IsPickupAllowed="Y" IsShippingAllowed="Y" PrimaryEnterpriseCode="Liverpool" SerializedFlag="N" Status="3000" UnitCost="829" ItemType=""/&gt;
		&lt;ClassificationCodes ECCNNo="HAUS" Model="18917" NAICSCode="7502008630089" NMFCClass="152" NMFCCode="15204"/&gt;
		&lt;InventoryParameters ATPRule="Liverpool_ATP" InventoryMonitorRule="EPL_ATP_MONITOR_RULE" NodeLevelInventoryMonitorRule="EPL_ATP_MONITOR_RULE"/&gt;
		&lt;ItemAliasList Reset="Y"&gt;
			&lt;ItemAlias AliasName="EAN1" AliasValue="7502008630089"/&gt;
		&lt;/ItemAliasList&gt;
	&lt;/Item&gt;
&lt;/ItemList&gt;
after mod &lt;ItemList&gt;
	&lt;Item Action="Manage" GlobalItemID="12439482" ItemID="20250128185821" OrganizationCode="Liverpool" UnitOfMeasure="UN"&gt;
		&lt;Extn ExtnActive="01" ExtnItemSF="Y" ExtnItemSFDesc="ACTIVO" ExtnSuggestedPackage="" ExtnSkuPackage=""/&gt;
		&lt;PrimaryInformation DefaultProductClass="SL" Description="CHAROLA GIRATORIA AILE, 48CM, NATURAL H" ShortDescription="CHAROLA GIRATORIA AILE, 48CM, NATURAL H" ExtendedDisplayDescription="CHAROLA GIRATORIA REDO, 48 CM, NATURAL (12439482)" IsDeliveryAllowed="Y" IsPickupAllowed="Y" IsShippingAllowed="Y" PrimaryEnterpriseCode="Liverpool" SerializedFlag="N" Status="3000" UnitCost="829" ItemType=""/&gt;
		&lt;ClassificationCodes ECCNNo="HAUS" Model="18917" NAICSCode="7502008630089" NMFCClass="152" NMFCCode="15204"/&gt;
		&lt;InventoryParameters ATPRule="Liverpool_ATP" InventoryMonitorRule="EPL_ATP_MONITOR_RULE" NodeLevelInventoryMonitorRule="EPL_ATP_MONITOR_RULE"/&gt;
		&lt;ItemAliasList Reset="Y"&gt;
			&lt;ItemAlias AliasName="EAN1" AliasValue="7502008630089"/&gt;
		&lt;/ItemAliasList&gt;
	&lt;/Item&gt;
&lt;/ItemList&gt;</msg>
<msg time="2025-01-28T18:58:21.543276" level="INFO">${manageItemJson} = &lt;ItemList&gt;
	&lt;Item Action="Manage" GlobalItemID="12439482" ItemID="20250128185821" OrganizationCode="Liverpool" UnitOfMeasure="UN"&gt;
		&lt;Extn ExtnActive="01" ExtnItemSF="Y" ExtnItemSFDesc="ACTIVO" ExtnSu...</msg>
<var>${manageItemJson}</var>
<arg>C:\\EPL-Liverpool-SL\\LvrplSL\\CreateOrder\\CreateOrder_create_normal_order_ATG_ClickandCollect\\test</arg>
<status status="PASS" start="2025-01-28T18:58:21.540930" elapsed="0.002383"/>
</kw>
<kw name="POST On Session" owner="RequestsLibrary">
<msg time="2025-01-28T18:58:21.608751" level="INFO">POST Request : url=http://localhost:9080/smcfs/restapi/invoke/manageItem 
 path_url=/smcfs/restapi/invoke/manageItem 
 headers={'User-Agent': 'python-requests/2.32.3', 'Accept-Encoding': 'gzip, deflate', 'Accept': '*/*', 'Connection': 'keep-alive', 'Content-Type': 'application/xml', 'Authorization': 'Basic YWRtaW46Q2hhbmdlSXQ0bTM=', 'Content-Length': '1022'} 
 body=&lt;ItemList&gt;
	&lt;Item Action="Manage" GlobalItemID="12439482" ItemID="20250128185821" OrganizationCode="Liverpool" UnitOfMeasure="UN"&gt;
		&lt;Extn ExtnActive="01" ExtnItemSF="Y" ExtnItemSFDesc="ACTIVO" ExtnSuggestedPackage="" ExtnSkuPackage=""/&gt;
		&lt;PrimaryInformation DefaultProductClass="SL" Description="CHAROLA GIRATORIA AILE, 48CM, NATURAL H" ShortDescription="CHAROLA GIRATORIA AILE, 48CM, NATURAL H" ExtendedDisplayDescription="CHAROLA GIRATORIA REDO, 48 CM, NATURAL (12439482)" IsDeliveryAllowed="Y" IsPickupAllowed="Y" IsShippingAllowed="Y" PrimaryEnterpriseCode="Liverpool" SerializedFlag="N" Status="3000" UnitCost="829" ItemType=""/&gt;
		&lt;ClassificationCodes ECCNNo="HAUS" Model="18917" NAICSCode="7502008630089" NMFCClass="152" NMFCCode="15204"/&gt;
		&lt;InventoryParameters ATPRule="Liverpool_ATP" InventoryMonitorRule="EPL_ATP_MONITOR_RULE" NodeLevelInventoryMonitorRule="EPL_ATP_MONITOR_RULE"/&gt;
		&lt;ItemAliasList Reset="Y"&gt;
			&lt;ItemAlias AliasName="EAN1" AliasValue="7502008630089"/&gt;
		&lt;/ItemAliasList&gt;
	&lt;/Item&gt;
&lt;/ItemList&gt; 
 </msg>
<msg time="2025-01-28T18:58:21.608821" level="INFO">POST Response : url=http://localhost:9080/smcfs/restapi/invoke/manageItem 
 status=204, reason=No Content 
 headers={'X-FRAME-OPTIONS': 'SAMEORIGIN', 'X-UA-Compatible': 'IE=EmulateIE8', 'Access-Control-Allow-Origin': '*', 'Access-Control-Max-Age': '3600', 'Access-Control-Allow-Credentials': 'true', 'Content-Language': 'en-US', 'Vary': 'Accept-Encoding', 'Content-Length': '0', 'Date': 'Tue, 28 Jan 2025 13:28:21 GMT'} 
 body=None 
 </msg>
<msg time="2025-01-28T18:58:21.609127" level="INFO">${manageItemResponse} = &lt;Response [204]&gt;</msg>
<var>${manageItemResponse}</var>
<arg>AddData</arg>
<arg>${base_url_api}${manageItem}</arg>
<arg>data=${manageItemJson}</arg>
<doc>Sends a POST request on a previously created HTTP Session.</doc>
<status status="PASS" start="2025-01-28T18:58:21.543644" elapsed="0.065505"/>
</kw>
<kw name="Status Should Be" owner="RequestsLibrary">
<arg>204</arg>
<arg>${manageItemResponse}</arg>
<doc>Fails if response status code is different than the expected.</doc>
<status status="PASS" start="2025-01-28T18:58:21.609449" elapsed="0.000196"/>
</kw>
<kw name="Manage Item With Dynamic Item1" owner="Prepare_Xml_Content">
<msg time="2025-01-28T18:58:21.620241" level="INFO">after mod &lt;ItemList&gt;
	&lt;Item Action="Manage" GlobalItemID="12439482" ItemID="20250128185821" OrganizationCode="Liverpool" UnitOfMeasure="UN"&gt;
		&lt;Extn ExtnActive="01" ExtnItemSF="Y" ExtnItemSFDesc="ACTIVO" ExtnSuggestedPackage="" ExtnSkuPackage=""/&gt;
		&lt;PrimaryInformation DefaultProductClass="SL" Description="CHAROLA GIRATORIA AILE, 48CM, NATURAL H" ShortDescription="CHAROLA GIRATORIA AILE, 48CM, NATURAL H" ExtendedDisplayDescription="CHAROLA GIRATORIA REDO, 48 CM, NATURAL (12439482)" IsDeliveryAllowed="Y" IsPickupAllowed="Y" IsShippingAllowed="Y" PrimaryEnterpriseCode="Liverpool" SerializedFlag="N" Status="3000" UnitCost="829" ItemType=""/&gt;
		&lt;ClassificationCodes ECCNNo="HAUS" Model="18917" NAICSCode="7502008630089" NMFCClass="152" NMFCCode="15204"/&gt;
		&lt;InventoryParameters ATPRule="Liverpool_ATP" InventoryMonitorRule="EPL_ATP_MONITOR_RULE" NodeLevelInventoryMonitorRule="EPL_ATP_MONITOR_RULE"/&gt;
		&lt;ItemAliasList Reset="Y"&gt;
			&lt;ItemAlias AliasName="EAN1" AliasValue="7502008630089"/&gt;
		&lt;/ItemAliasList&gt;
	&lt;/Item&gt;
&lt;/ItemList&gt;</msg>
<msg time="2025-01-28T18:58:21.620383" level="INFO">${jsonItemId} = {'ItemList': {'Item': {'_Action': 'Manage', '_GlobalItemID': '12439482', '_ItemID': '20250128185821', '_OrganizationCode': 'Liverpool', '_UnitOfMeasure': 'UN', 'Extn': {'_ExtnActive': '01', '_ExtnItem...</msg>
<var>${jsonItemId}</var>
<arg>C:\\EPL-Liverpool-SL\\LvrplSL\\CreateOrder\\CreateOrder_create_normal_order_ATG_ClickandCollect\\test</arg>
<status status="PASS" start="2025-01-28T18:58:21.609825" elapsed="0.010576"/>
</kw>
<kw name="Dictionary Should Contain Key" owner="Collections">
<arg>${jsonItemId}</arg>
<arg>ItemList</arg>
<doc>Fails if ``key`` is not found from ``dictionary``.</doc>
<status status="PASS" start="2025-01-28T18:58:21.620646" elapsed="0.000148"/>
</kw>
<kw name="Get From Dictionary" owner="Collections">
<msg time="2025-01-28T18:58:21.621081" level="INFO">${Item_ID_Path} = {'Item': {'_Action': 'Manage', '_GlobalItemID': '12439482', '_ItemID': '20250128185821', '_OrganizationCode': 'Liverpool', '_UnitOfMeasure': 'UN', 'Extn': {'_ExtnActive': '01', '_ExtnItemSF': 'Y', '_E...</msg>
<var>${Item_ID_Path}</var>
<arg>${jsonItemId}</arg>
<arg>ItemList</arg>
<doc>Returns a value from the given ``dictionary`` based on the given ``key``.</doc>
<status status="PASS" start="2025-01-28T18:58:21.620954" elapsed="0.000144"/>
</kw>
<kw name="Adjust Inventory File" owner="Prepare_Xml_Content">
<msg time="2025-01-28T18:58:21.622283" level="INFO">${jsonAdjInv} = &lt;Items&gt;
	&lt;Item AdjustmentType="ABSOLUTE" Availability="TRACK" ItemID="20250128185821" OrganizationCode="Liverpool" Quantity="100" ReasonCode="itemSLRTAMS19t2" ReasonText="Ajuste GoldenGate" ShipNode="...</msg>
<var>${jsonAdjInv}</var>
<arg>${jsonItemId}[ItemList][Item][_ItemID]</arg>
<arg>C:\\EPL-Liverpool-SL\\LvrplSL\\CreateOrder\\CreateOrder_create_normal_order_ATG_ClickandCollect\\test</arg>
<status status="PASS" start="2025-01-28T18:58:21.621229" elapsed="0.001080"/>
</kw>
<kw name="POST On Session" owner="RequestsLibrary">
<msg time="2025-01-28T18:58:21.651273" level="INFO">POST Request : url=http://localhost:9080/smcfs/restapi/invoke/adjustInventory 
 path_url=/smcfs/restapi/invoke/adjustInventory 
 headers={'User-Agent': 'python-requests/2.32.3', 'Accept-Encoding': 'gzip, deflate', 'Accept': '*/*', 'Connection': 'keep-alive', 'Content-Type': 'application/xml', 'Authorization': 'Basic YWRtaW46Q2hhbmdlSXQ0bTM=', 'Content-Length': '253'} 
 body=&lt;Items&gt;
	&lt;Item AdjustmentType="ABSOLUTE" Availability="TRACK" ItemID="20250128185821" OrganizationCode="Liverpool" Quantity="100" ReasonCode="itemSLRTAMS19t2" ReasonText="Ajuste GoldenGate" ShipNode="77" SupplyType="ONHAND" UnitOfMeasure="UN"/&gt;
&lt;/Items&gt; 
 </msg>
<msg time="2025-01-28T18:58:21.651431" level="INFO">POST Response : url=http://localhost:9080/smcfs/restapi/invoke/adjustInventory 
 status=204, reason=No Content 
 headers={'X-FRAME-OPTIONS': 'SAMEORIGIN', 'X-UA-Compatible': 'IE=EmulateIE8', 'Access-Control-Allow-Origin': '*', 'Access-Control-Max-Age': '3600', 'Access-Control-Allow-Credentials': 'true', 'Content-Language': 'en-US', 'Vary': 'Accept-Encoding', 'Content-Length': '0', 'Date': 'Tue, 28 Jan 2025 13:28:21 GMT'} 
 body=None 
 </msg>
<msg time="2025-01-28T18:58:21.651678" level="INFO">${adjInvresponse} = &lt;Response [204]&gt;</msg>
<var>${adjInvresponse}</var>
<arg>AddData</arg>
<arg>${base_url_api}${adjustInventory}</arg>
<arg>data=${jsonAdjInv}</arg>
<arg>headers=${headers}</arg>
<doc>Sends a POST request on a previously created HTTP Session.</doc>
<status status="PASS" start="2025-01-28T18:58:21.622454" elapsed="0.029262"/>
</kw>
<kw name="Status Should Be" owner="RequestsLibrary">
<arg>204</arg>
<arg>${adjInvresponse}</arg>
<doc>Fails if response status code is different than the expected.</doc>
<status status="PASS" start="2025-01-28T18:58:21.652276" elapsed="0.000226"/>
</kw>
<kw name="Find Inventory File" owner="Prepare_Xml_Content">
<msg time="2025-01-28T18:58:21.654457" level="INFO">${jsonfindInventory} = &lt;Promise AllocationRuleID="FWD_RULES" CheckInventory="Y" EnterpriseCode="Liverpool" FulfillmentType="Fulfillment_Type_Liverpool"
 OrganizationCode="Liverpool"&gt;
	&lt;ShipToAddress Country="MX" ZipCode="98...</msg>
<var>${jsonfindInventory}</var>
<arg>${jsonItemId}[ItemList][Item][_ItemID]</arg>
<arg>C:\\EPL-Liverpool-SL\\LvrplSL\\CreateOrder\\CreateOrder_create_normal_order_ATG_ClickandCollect\\test</arg>
<status status="PASS" start="2025-01-28T18:58:21.652817" elapsed="0.001671"/>
</kw>
<kw name="POST On Session" owner="RequestsLibrary">
<msg time="2025-01-28T18:58:22.293402" level="INFO">POST Request : url=http://localhost:9080/smcfs/restapi/invoke/findInventory 
 path_url=/smcfs/restapi/invoke/findInventory 
 headers={'User-Agent': 'python-requests/2.32.3', 'Accept-Encoding': 'gzip, deflate', 'Accept': '*/*', 'Connection': 'keep-alive', 'Content-Type': 'application/xml', 'Authorization': 'Basic YWRtaW46Q2hhbmdlSXQ0bTM=', 'Content-Length': '338'} 
 body=&lt;Promise AllocationRuleID="FWD_RULES" CheckInventory="Y" EnterpriseCode="Liverpool" FulfillmentType="Fulfillment_Type_Liverpool"
 OrganizationCode="Liverpool"&gt;
	&lt;ShipToAddress Country="MX" ZipCode="98047"/&gt;
	&lt;PromiseLines&gt;
		&lt;PromiseLine ItemID="20250128185821" LineId="1" RequiredQty="20" UnitOfMeasure="UN"/&gt;
	&lt;/PromiseLines&gt;
&lt;/Promise&gt; 
 </msg>
<msg time="2025-01-28T18:58:22.293513" level="INFO">POST Response : url=http://localhost:9080/smcfs/restapi/invoke/findInventory 
 status=200, reason=OK 
 headers={'X-FRAME-OPTIONS': 'SAMEORIGIN', 'X-UA-Compatible': 'IE=EmulateIE8', 'Access-Control-Allow-Origin': '*', 'Access-Control-Max-Age': '3600', 'Access-Control-Allow-Credentials': 'true', 'Content-Type': 'application/json; charset=UTF-8', 'Content-Encoding': 'gzip', 'Content-Language': 'en-US', 'Vary': 'Accept-Encoding', 'Content-Length': '943', 'Date': 'Tue, 28 Jan 2025 13:28:22 GMT'} 
 body={"Options":{"TotalNumberOfRecords":"0"},"OptimizationType":"02","CheckInventory":"Y","AllocationRuleID":"FWD_RULES","SuggestedOption":{"Option":{"LastDate":"2025-01-28T13:28:21+00:00","OptionNo":"23","NodeQty":"20.00","FirstDate":"2025-01-28T13:28:21+00:00","AvailableFromUnplannedInventory":"N","TotalShipments":"1","Interactions":{"Interaction":[{"IsDelivery":"N","CarrierServiceCode":"","DeliveryMethod":"SHP","Node":"77","DeliveryDate":"2025-01-28T13:28:21+00:00","ShipDate":"2025-01-28T13:28:21+00:00","EarliestDate":"2025-01-28T00:00:00+00:00","LastDate":"2025-02-27T23:59:59+00:00","ItemGroupCode":"PROD","PersonInfoShipTo":{"VerificationStatus":"","Company":"","OtherPhone":"","UseCount":"0","EMailID":"","DayPhone":"","JobTitle":"","MobilePhone":"","Department":"","AlternateEmailID":"","PersonID":"","PreferredShipAddress":"","Beeper":"","FirstName":"","ZipCode":"98047","Title":"","City":"","MiddleName":"","DayFaxNo":"","HttpUrl":"","AddressLine3":"","AddressLine2":"","AddressLine1":"","Suffix":"","AddressLine6":"","AddressLine5":"","State":"","AddressLine4":"","EveningFaxNo":"","EveningPhone":"","Country":"MX","ErrorTxt":"","LastName":"","isHistory":"N"},"OrganizationCode":"","Carrier":"","TotalHandlingUnits":"0.00","InteractionNo":"1"}],"TotalNumberOfRecords":"1"},"LeastPriority":"10.00","PromiseLines":{"PromiseLine":[{"CarrierServiceCode":"","DeliveryMethod":"SHP","LineId":"1","UnitOfMeasure":"UN","Assignments":{"Assignment":[{"Procurements":{},"IsIdleAsset":"N","SegmentChangeQty":"0.00","ExternalNode":"N","ReservedQty":"0.00","AvailableFromUnplannedInventory":"N","ProcuredQty":"0.00","Quantity":"20.00","DeliveryDate":"2025-01-28T13:28:21+00:00","ShipDate":"2025-01-28T13:28:21+00:00","SubstituteItems":{},"MergeNode":"","SCAC":"","NodePriority":"10.00","ShipNode":"77","InteractionNo":"1","ProductAvailDate":"2025-01-28","Distance":"0.00","SubstitutedQty":"0.00"}],"TotalNumberOfRecords":"1"},"ReceivingNode":"","IsBundleParent":"N","ItemID":"20250128185821","Segment":"","SegmentType":"","NewItemID":"","SCAC":"","BundleParentLineId":"","KitQty":"1","RequiredQty":"20","AutoReplacedByPreferredSubstitute":"N","DistributionRuleId":"","ShipNode":"","ProductClass":"","FulfillmentType":"Fulfillment_Type_Liverpool"}],"TotalNumberOfRecords":"1"},"MaxPriority":"10.00","PromiseServiceLines":{"TotalNumberOfRecords":"0"},"HasAnyUnavailableQty":"N"}},"OrganizationCode":"Liverpool","EnterpriseCode":"Liverpool","FulfillmentType":"Fulfillment_Type_Liverpool"} 
 </msg>
<msg time="2025-01-28T18:58:22.293757" level="INFO">${findInventoryResponse} = &lt;Response [200]&gt;</msg>
<var>${findInventoryResponse}</var>
<arg>AddData</arg>
<arg>${base_url_api}${findInventory}</arg>
<arg>data=${jsonfindInventory}</arg>
<arg>headers=${headers}</arg>
<doc>Sends a POST request on a previously created HTTP Session.</doc>
<status status="PASS" start="2025-01-28T18:58:21.654704" elapsed="0.639084"/>
</kw>
<kw name="Convert To String" owner="BuiltIn">
<msg time="2025-01-28T18:58:22.295165" level="INFO">${resp} = {'Options': {'TotalNumberOfRecords': '0'}, 'OptimizationType': '02', 'CheckInventory': 'Y', 'AllocationRuleID': 'FWD_RULES', 'SuggestedOption': {'Option': {'LastDate': '2025-01-28T13:28:21+00:00', 'Op...</msg>
<var>${resp}</var>
<arg>${findInventoryResponse.json()}</arg>
<doc>Converts the given item to a Unicode string.</doc>
<status status="PASS" start="2025-01-28T18:58:22.294121" elapsed="0.001079"/>
</kw>
<kw name="Write Output File" owner="Prepare_Xml_Content">
<arg>${resp}</arg>
<arg>'findInv'</arg>
<arg>C:\\EPL-Liverpool-SL\\LvrplSL\\CreateOrder\\CreateOrder_create_normal_order_ATG_ClickandCollect\\test</arg>
<status status="PASS" start="2025-01-28T18:58:22.295585" elapsed="0.001001"/>
</kw>
<kw name="Create Order File" owner="Prepare_Xml_Content">
<msg time="2025-01-28T18:58:22.305775" level="INFO">${jsonCreateOrder} = &lt;Order AllocationRuleID="FWD_RULES" CustomerPONo="o1837376354" CustomerRewardsNo="2027498301" DocumentType="0001" DraftOrderFlag="Y" EnterpriseCode="Liverpool" OrderDate="2023-11-02T09:05:27-06:00" Or...</msg>
<var>${jsonCreateOrder}</var>
<arg>${jsonItemId}[ItemList][Item][_ItemID]</arg>
<arg>C:\\EPL-Liverpool-SL\\LvrplSL\\CreateOrder\\CreateOrder_create_normal_order_ATG_ClickandCollect\\test</arg>
<status status="PASS" start="2025-01-28T18:58:22.296836" elapsed="0.008976"/>
</kw>
<kw name="POST On Session" owner="RequestsLibrary">
<msg time="2025-01-28T18:58:22.478236" level="INFO">POST Request : url=http://localhost:9080/smcfs/restapi/invoke/createOrder 
 path_url=/smcfs/restapi/invoke/createOrder 
 headers={'User-Agent': 'python-requests/2.32.3', 'Accept-Encoding': 'gzip, deflate', 'Accept': '*/*', 'Connection': 'keep-alive', 'Content-Type': 'application/xml', 'Authorization': 'Basic YWRtaW46Q2hhbmdlSXQ0bTM=', 'Content-Length': '1836'} 
 body=&lt;Order AllocationRuleID="FWD_RULES" CustomerPONo="o1837376354" CustomerRewardsNo="2027498301" DocumentType="0001" DraftOrderFlag="Y" EnterpriseCode="Liverpool" OrderDate="2023-11-02T09:05:27-06:00" OrderName="0904202401" OrderNo="20250128185821" OrderType="Personal"&gt;
&lt;OrderLines&gt;
&lt;OrderLine Delivery="" FulfillmentType="Liverpool_CNC_PICK_PACK" OrderedQty="1" Store=""&gt;
&lt;Item ItemDesc=" " ItemID="20250128185821" UnitOfMeasure="UN"/&gt;
&lt;LinePriceInfo IsPriceLocked="Y" ListPrice="279.3" UnitPrice="279.3"/&gt;
&lt;References&gt;
&lt;Reference Name="Promotion1" Value="30% de descuento"/&gt;
&lt;Reference Name="DiscountAmount" Value="119.69999999999999"/&gt;
&lt;/References&gt;
&lt;/OrderLine&gt;
&lt;/OrderLines&gt;
&lt;PersonInfoShipTo AddressLine1="0398 LIV Liverpool GalerÃ­as Insurgentes Av. Insurgentes Sur" AddressLine2="1310" AddressLine4="" AddressLine5="Benito JuÃ¡rez" AddressLine6="Entre calle Eje 7 FÃ©lix Cuevas y Parroquia" City="Col. Del Valle" Country="MX" DayPhone="5554801300" EMailID="iramosg@liverpool.com.mx" FirstName="ismael" LastName="avrilchiva" State="LÃ¡zaro CÃ¡rdenas" ZipCode="60955"/&gt;
&lt;PersonInfoBillTo AddressLine1="na" AddressLine2="na" AddressLine4="" AddressLine5="IZTAPALAPA" City="cdmx" Country="MX" DayPhone="555-2575722" FirstName="na na" LastName="" State="DISTRITO FEDERAL" ZipCode="06010"/&gt;
&lt;PersonInfoContact AddressLine1="20 palma" AddressLine2="20" AddressLine4="EL ARBOL" AddressLine5="ALVARO OBREGON" City="ALVARO OBREGON" Country="MX" DayPhone="56-21945242" EMailID="iramosg@liverpool.com.mx" FirstName="ismael" LastName="avrilchiva" State="CIUDAD DE MEXICO" ZipCode="52789"/&gt;
&lt;HeaderCharges&gt;
&lt;HeaderCharge ChargeAmount="0" ChargeCategory="Shipping" ChargeName="Shipping"/&gt;
&lt;/HeaderCharges&gt;
&lt;References&gt;
&lt;Reference Name="TicketNo" Value="3070000109"/&gt;
&lt;Reference Name="BankAuthNo" Value="897519"/&gt;
&lt;/References&gt;
&lt;/Order&gt; 
 </msg>
<msg time="2025-01-28T18:58:22.478376" level="INFO">POST Response : url=http://localhost:9080/smcfs/restapi/invoke/createOrder 
 status=200, reason=OK 
 headers={'X-FRAME-OPTIONS': 'SAMEORIGIN', 'X-UA-Compatible': 'IE=EmulateIE8', 'Access-Control-Allow-Origin': '*', 'Access-Control-Max-Age': '3600', 'Access-Control-Allow-Credentials': 'true', 'Content-Type': 'application/json; charset=UTF-8', 'Content-Encoding': 'gzip', 'Content-Language': 'en-US', 'Vary': 'Accept-Encoding', 'Content-Length': '115', 'Date': 'Tue, 28 Jan 2025 13:28:21 GMT'} 
 body={"DocumentType":"0001","OrderNo":"20250128185821","OrderHeaderKey":"20250128132822948355","EnterpriseCode":"Liverpool"} 
 </msg>
<msg time="2025-01-28T18:58:22.478533" level="INFO">${createOrderResponse} = &lt;Response [200]&gt;</msg>
<var>${createOrderResponse}</var>
<arg>AddData</arg>
<arg>${base_url_api}${createOrder}</arg>
<arg>data=${jsonCreateOrder}</arg>
<arg>headers=${headers}</arg>
<doc>Sends a POST request on a previously created HTTP Session.</doc>
<status status="PASS" start="2025-01-28T18:58:22.306058" elapsed="0.172508"/>
</kw>
<kw name="Convert To String" owner="BuiltIn">
<msg time="2025-01-28T18:58:22.479843" level="INFO">${resp2} = {'DocumentType': '0001', 'OrderNo': '20250128185821', 'OrderHeaderKey': '20250128132822948355', 'EnterpriseCode': 'Liverpool'}</msg>
<var>${resp2}</var>
<arg>${createOrderResponse.json()}</arg>
<doc>Converts the given item to a Unicode string.</doc>
<status status="PASS" start="2025-01-28T18:58:22.478938" elapsed="0.000935"/>
</kw>
<kw name="Write Output File" owner="Prepare_Xml_Content">
<arg>${resp2}</arg>
<arg>'createOrder'</arg>
<arg>C:\\EPL-Liverpool-SL\\LvrplSL\\CreateOrder\\CreateOrder_create_normal_order_ATG_ClickandCollect\\test</arg>
<status status="PASS" start="2025-01-28T18:58:22.480194" elapsed="0.000664"/>
</kw>
<kw name="Log To Console" owner="BuiltIn">
<arg>${createOrderResponse}</arg>
<doc>Logs the given message to the console.</doc>
<status status="PASS" start="2025-01-28T18:58:22.481070" elapsed="0.000206"/>
</kw>
<kw name="Get Current Date" owner="DateTime">
<msg time="2025-01-28T18:58:22.481652" level="INFO">${timestamp} = 20250128-1858</msg>
<var>${timestamp}</var>
<arg>result_format=%Y%m%d-%H%M</arg>
<doc>Returns current local or UTC time with an optional increment.</doc>
<status status="PASS" start="2025-01-28T18:58:22.481435" elapsed="0.000238"/>
</kw>
<kw name="Dictionary Should Contain Key" owner="Collections">
<arg>${createOrderResponse.json()}</arg>
<arg>OrderNo</arg>
<doc>Fails if ``key`` is not found from ``dictionary``.</doc>
<status status="PASS" start="2025-01-28T18:58:22.481807" elapsed="0.000478"/>
</kw>
<kw name="Get From Dictionary" owner="Collections">
<msg time="2025-01-28T18:58:22.483142" level="INFO">${Order_No} = 20250128185821</msg>
<var>${Order_No}</var>
<arg>${createOrderResponse.json()}</arg>
<arg>OrderNo</arg>
<doc>Returns a value from the given ``dictionary`` based on the given ``key``.</doc>
<status status="PASS" start="2025-01-28T18:58:22.482552" elapsed="0.000611"/>
</kw>
<kw name="Dictionary Should Contain Key" owner="Collections">
<arg>${createOrderResponse.json()}</arg>
<arg>OrderHeaderKey</arg>
<doc>Fails if ``key`` is not found from ``dictionary``.</doc>
<status status="PASS" start="2025-01-28T18:58:22.483320" elapsed="0.000426"/>
</kw>
<kw name="Get From Dictionary" owner="Collections">
<msg time="2025-01-28T18:58:22.484265" level="INFO">${Order_Header_Key} = 20250128132822948355</msg>
<var>${Order_Header_Key}</var>
<arg>${createOrderResponse.json()}</arg>
<arg>OrderHeaderKey</arg>
<doc>Returns a value from the given ``dictionary`` based on the given ``key``.</doc>
<status status="PASS" start="2025-01-28T18:58:22.483875" elapsed="0.000407"/>
</kw>
<kw name="Append Excel File1" owner="read_write_all_excel">
<arg>${file}</arg>
<arg>${Order_No}</arg>
<arg>${TEST NAME}</arg>
<arg>${timestamp}</arg>
<arg>${jsonCreateOrder}</arg>
<arg>${createOrderResponse.json()}</arg>
<status status="PASS" start="2025-01-28T18:58:22.484531" elapsed="0.000945"/>
</kw>
<tag>CREATEORDER</tag>
<tag>HAPPYFLOW</tag>
<tag>REGRESSION</tag>
<status status="PASS" start="2025-01-28T18:58:21.538379" elapsed="0.947314"/>
</test>
<status status="PASS" start="2025-01-28T18:58:21.527963" elapsed="0.958162"/>
</suite>
<status status="PASS" start="2025-01-28T18:58:21.526294" elapsed="0.960358"/>
</suite>
<status status="PASS" start="2025-01-28T18:58:21.523629" elapsed="0.963507"/>
</suite>
<suite id="s1-s3" name="CreateOrder create normal order ATG example" source="C:\EPL-Liverpool-SL\LvrplSL\CreateOrder\CreateOrder_create_normal_order_ATG_example">
<suite id="s1-s3-s1" name="Test" source="C:\EPL-Liverpool-SL\LvrplSL\CreateOrder\CreateOrder_create_normal_order_ATG_example\test">
<suite id="s1-s3-s1-s1" name="createOrder" source="C:\EPL-Liverpool-SL\LvrplSL\CreateOrder\CreateOrder_create_normal_order_ATG_example\test\createOrder.robot">
<test id="s1-s3-s1-s1-t1" name="Create Order TC_001" line="13">
<kw name="Creating Session1" owner="createSession">
<kw name="Create List" owner="BuiltIn">
<msg time="2025-01-28T18:58:22.500287" level="INFO">${auth} = ['admin', 'ChangeIt4m3']</msg>
<var>${auth}</var>
<arg>${user}</arg>
<arg>${passwd}</arg>
<doc>Returns a list containing given items.</doc>
<status status="PASS" start="2025-01-28T18:58:22.500152" elapsed="0.000163"/>
</kw>
<kw name="Create Session" owner="RequestsLibrary">
<msg time="2025-01-28T18:58:22.500727" level="INFO">Creating Session using : alias=AddData, url=http://localhost:9080/smcfs/restapi/invoke/createOrder, headers={'Content-Type': 'application/xml', 'Authorization': 'Basic YWRtaW46cGFzc3dvcmQ='},                     cookies={}, auth=&lt;requests.auth.HTTPBasicAuth object at 0x000002BEF8E32C10&gt;, timeout=None, proxies=None, verify=False,                     debug=0 </msg>
<arg>${AddData}</arg>
<arg>url=${base_url_api}${createOrder}</arg>
<arg>headers=${headers}</arg>
<arg>auth=${auth}</arg>
<doc>Create Session: create a HTTP session to a server</doc>
<status status="PASS" start="2025-01-28T18:58:22.500445" elapsed="0.000396"/>
</kw>
<arg>AddData</arg>
<status status="PASS" start="2025-01-28T18:58:22.499927" elapsed="0.000976"/>
</kw>
<kw name="Manage Item With Dynamic Item" owner="Prepare_Xml_Content">
<msg time="2025-01-28T18:58:22.503390" level="INFO">before mod &lt;ItemList&gt;
	&lt;Item Action="Manage" GlobalItemID="12439482" ItemID="$ItemID" OrganizationCode="Liverpool" UnitOfMeasure="UN"&gt;
		&lt;Extn ExtnActive="01" ExtnItemSF="Y" ExtnItemSFDesc="ACTIVO" ExtnSuggestedPackage="" ExtnSkuPackage=""/&gt;
		&lt;PrimaryInformation DefaultProductClass="SL" Description="CHAROLA GIRATORIA AILE, 48CM, NATURAL H" ShortDescription="CHAROLA GIRATORIA AILE, 48CM, NATURAL H" ExtendedDisplayDescription="CHAROLA GIRATORIA REDO, 48 CM, NATURAL (12439482)" IsDeliveryAllowed="Y" IsPickupAllowed="Y" IsShippingAllowed="Y" PrimaryEnterpriseCode="Liverpool" SerializedFlag="N" Status="3000" UnitCost="829" ItemType=""/&gt;
		&lt;ClassificationCodes ECCNNo="HAUS" Model="18917" NAICSCode="7502008630089" NMFCClass="152" NMFCCode="15204"/&gt;
		&lt;InventoryParameters ATPRule="Liverpool_ATP" InventoryMonitorRule="EPL_ATP_MONITOR_RULE" NodeLevelInventoryMonitorRule="EPL_ATP_MONITOR_RULE"/&gt;
		&lt;ItemAliasList Reset="Y"&gt;
			&lt;ItemAlias AliasName="EAN1" AliasValue="7502008630089"/&gt;
		&lt;/ItemAliasList&gt;
	&lt;/Item&gt;
&lt;/ItemList&gt;
after mod &lt;ItemList&gt;
	&lt;Item Action="Manage" GlobalItemID="12439482" ItemID="20250128185822" OrganizationCode="Liverpool" UnitOfMeasure="UN"&gt;
		&lt;Extn ExtnActive="01" ExtnItemSF="Y" ExtnItemSFDesc="ACTIVO" ExtnSuggestedPackage="" ExtnSkuPackage=""/&gt;
		&lt;PrimaryInformation DefaultProductClass="SL" Description="CHAROLA GIRATORIA AILE, 48CM, NATURAL H" ShortDescription="CHAROLA GIRATORIA AILE, 48CM, NATURAL H" ExtendedDisplayDescription="CHAROLA GIRATORIA REDO, 48 CM, NATURAL (12439482)" IsDeliveryAllowed="Y" IsPickupAllowed="Y" IsShippingAllowed="Y" PrimaryEnterpriseCode="Liverpool" SerializedFlag="N" Status="3000" UnitCost="829" ItemType=""/&gt;
		&lt;ClassificationCodes ECCNNo="HAUS" Model="18917" NAICSCode="7502008630089" NMFCClass="152" NMFCCode="15204"/&gt;
		&lt;InventoryParameters ATPRule="Liverpool_ATP" InventoryMonitorRule="EPL_ATP_MONITOR_RULE" NodeLevelInventoryMonitorRule="EPL_ATP_MONITOR_RULE"/&gt;
		&lt;ItemAliasList Reset="Y"&gt;
			&lt;ItemAlias AliasName="EAN1" AliasValue="7502008630089"/&gt;
		&lt;/ItemAliasList&gt;
	&lt;/Item&gt;
&lt;/ItemList&gt;</msg>
<msg time="2025-01-28T18:58:22.503600" level="INFO">${manageItemJson} = &lt;ItemList&gt;
	&lt;Item Action="Manage" GlobalItemID="12439482" ItemID="20250128185822" OrganizationCode="Liverpool" UnitOfMeasure="UN"&gt;
		&lt;Extn ExtnActive="01" ExtnItemSF="Y" ExtnItemSFDesc="ACTIVO" ExtnSu...</msg>
<var>${manageItemJson}</var>
<arg>C:\\EPL-Liverpool-SL\\LvrplSL\\CreateOrder\\CreateOrder_create_normal_order_ATG_example\\test</arg>
<status status="PASS" start="2025-01-28T18:58:22.501195" elapsed="0.002435"/>
</kw>
<kw name="POST On Session" owner="RequestsLibrary">
<msg time="2025-01-28T18:58:22.544158" level="INFO">POST Request : url=http://localhost:9080/smcfs/restapi/invoke/manageItem 
 path_url=/smcfs/restapi/invoke/manageItem 
 headers={'User-Agent': 'python-requests/2.32.3', 'Accept-Encoding': 'gzip, deflate', 'Accept': '*/*', 'Connection': 'keep-alive', 'Content-Type': 'application/xml', 'Authorization': 'Basic YWRtaW46Q2hhbmdlSXQ0bTM=', 'Content-Length': '1022'} 
 body=&lt;ItemList&gt;
	&lt;Item Action="Manage" GlobalItemID="12439482" ItemID="20250128185822" OrganizationCode="Liverpool" UnitOfMeasure="UN"&gt;
		&lt;Extn ExtnActive="01" ExtnItemSF="Y" ExtnItemSFDesc="ACTIVO" ExtnSuggestedPackage="" ExtnSkuPackage=""/&gt;
		&lt;PrimaryInformation DefaultProductClass="SL" Description="CHAROLA GIRATORIA AILE, 48CM, NATURAL H" ShortDescription="CHAROLA GIRATORIA AILE, 48CM, NATURAL H" ExtendedDisplayDescription="CHAROLA GIRATORIA REDO, 48 CM, NATURAL (12439482)" IsDeliveryAllowed="Y" IsPickupAllowed="Y" IsShippingAllowed="Y" PrimaryEnterpriseCode="Liverpool" SerializedFlag="N" Status="3000" UnitCost="829" ItemType=""/&gt;
		&lt;ClassificationCodes ECCNNo="HAUS" Model="18917" NAICSCode="7502008630089" NMFCClass="152" NMFCCode="15204"/&gt;
		&lt;InventoryParameters ATPRule="Liverpool_ATP" InventoryMonitorRule="EPL_ATP_MONITOR_RULE" NodeLevelInventoryMonitorRule="EPL_ATP_MONITOR_RULE"/&gt;
		&lt;ItemAliasList Reset="Y"&gt;
			&lt;ItemAlias AliasName="EAN1" AliasValue="7502008630089"/&gt;
		&lt;/ItemAliasList&gt;
	&lt;/Item&gt;
&lt;/ItemList&gt; 
 </msg>
<msg time="2025-01-28T18:58:22.544251" level="INFO">POST Response : url=http://localhost:9080/smcfs/restapi/invoke/manageItem 
 status=204, reason=No Content 
 headers={'X-FRAME-OPTIONS': 'SAMEORIGIN', 'X-UA-Compatible': 'IE=EmulateIE8', 'Access-Control-Allow-Origin': '*', 'Access-Control-Max-Age': '3600', 'Access-Control-Allow-Credentials': 'true', 'Content-Language': 'en-US', 'Vary': 'Accept-Encoding', 'Content-Length': '0', 'Date': 'Tue, 28 Jan 2025 13:28:22 GMT'} 
 body=None 
 </msg>
<msg time="2025-01-28T18:58:22.544391" level="INFO">${manageItemResponse} = &lt;Response [204]&gt;</msg>
<var>${manageItemResponse}</var>
<arg>AddData</arg>
<arg>${base_url_api}${manageItem}</arg>
<arg>data=${manageItemJson}</arg>
<doc>Sends a POST request on a previously created HTTP Session.</doc>
<status status="PASS" start="2025-01-28T18:58:22.503944" elapsed="0.040478"/>
</kw>
<kw name="Status Should Be" owner="RequestsLibrary">
<arg>204</arg>
<arg>${manageItemResponse}</arg>
<doc>Fails if response status code is different than the expected.</doc>
<status status="PASS" start="2025-01-28T18:58:22.544892" elapsed="0.000292"/>
</kw>
<kw name="Manage Item With Dynamic Item1" owner="Prepare_Xml_Content">
<msg time="2025-01-28T18:58:22.556283" level="INFO">after mod &lt;ItemList&gt;
	&lt;Item Action="Manage" GlobalItemID="12439482" ItemID="20250128185822" OrganizationCode="Liverpool" UnitOfMeasure="UN"&gt;
		&lt;Extn ExtnActive="01" ExtnItemSF="Y" ExtnItemSFDesc="ACTIVO" ExtnSuggestedPackage="" ExtnSkuPackage=""/&gt;
		&lt;PrimaryInformation DefaultProductClass="SL" Description="CHAROLA GIRATORIA AILE, 48CM, NATURAL H" ShortDescription="CHAROLA GIRATORIA AILE, 48CM, NATURAL H" ExtendedDisplayDescription="CHAROLA GIRATORIA REDO, 48 CM, NATURAL (12439482)" IsDeliveryAllowed="Y" IsPickupAllowed="Y" IsShippingAllowed="Y" PrimaryEnterpriseCode="Liverpool" SerializedFlag="N" Status="3000" UnitCost="829" ItemType=""/&gt;
		&lt;ClassificationCodes ECCNNo="HAUS" Model="18917" NAICSCode="7502008630089" NMFCClass="152" NMFCCode="15204"/&gt;
		&lt;InventoryParameters ATPRule="Liverpool_ATP" InventoryMonitorRule="EPL_ATP_MONITOR_RULE" NodeLevelInventoryMonitorRule="EPL_ATP_MONITOR_RULE"/&gt;
		&lt;ItemAliasList Reset="Y"&gt;
			&lt;ItemAlias AliasName="EAN1" AliasValue="7502008630089"/&gt;
		&lt;/ItemAliasList&gt;
	&lt;/Item&gt;
&lt;/ItemList&gt;</msg>
<msg time="2025-01-28T18:58:22.556550" level="INFO">${jsonItemId} = {'ItemList': {'Item': {'_Action': 'Manage', '_GlobalItemID': '12439482', '_ItemID': '20250128185822', '_OrganizationCode': 'Liverpool', '_UnitOfMeasure': 'UN', 'Extn': {'_ExtnActive': '01', '_ExtnItem...</msg>
<var>${jsonItemId}</var>
<arg>C:\\EPL-Liverpool-SL\\LvrplSL\\CreateOrder\\CreateOrder_create_normal_order_ATG_example\\test</arg>
<status status="PASS" start="2025-01-28T18:58:22.545831" elapsed="0.010756"/>
</kw>
<kw name="Dictionary Should Contain Key" owner="Collections">
<arg>${jsonItemId}</arg>
<arg>ItemList</arg>
<doc>Fails if ``key`` is not found from ``dictionary``.</doc>
<status status="PASS" start="2025-01-28T18:58:22.557146" elapsed="0.000260"/>
</kw>
<kw name="Get From Dictionary" owner="Collections">
<msg time="2025-01-28T18:58:22.557838" level="INFO">${Item_ID_Path} = {'Item': {'_Action': 'Manage', '_GlobalItemID': '12439482', '_ItemID': '20250128185822', '_OrganizationCode': 'Liverpool', '_UnitOfMeasure': 'UN', 'Extn': {'_ExtnActive': '01', '_ExtnItemSF': 'Y', '_E...</msg>
<var>${Item_ID_Path}</var>
<arg>${jsonItemId}</arg>
<arg>ItemList</arg>
<doc>Returns a value from the given ``dictionary`` based on the given ``key``.</doc>
<status status="PASS" start="2025-01-28T18:58:22.557658" elapsed="0.000201"/>
</kw>
<kw name="Adjust Inventory File" owner="Prepare_Xml_Content">
<msg time="2025-01-28T18:58:22.559524" level="INFO">${jsonAdjInv} = &lt;Items&gt;
	&lt;Item AdjustmentType="ABSOLUTE" Availability="TRACK" ItemID="20250128185822" OrganizationCode="Liverpool" Quantity="100" ReasonCode="itemSLRTAMS19t2" ReasonText="Ajuste GoldenGate" ShipNode="...</msg>
<var>${jsonAdjInv}</var>
<arg>${jsonItemId}[ItemList][Item][_ItemID]</arg>
<arg>C:\\EPL-Liverpool-SL\\LvrplSL\\CreateOrder\\CreateOrder_create_normal_order_ATG_example\\test</arg>
<status status="PASS" start="2025-01-28T18:58:22.558027" elapsed="0.001531"/>
</kw>
<kw name="POST On Session" owner="RequestsLibrary">
<msg time="2025-01-28T18:58:22.594108" level="INFO">POST Request : url=http://localhost:9080/smcfs/restapi/invoke/adjustInventory 
 path_url=/smcfs/restapi/invoke/adjustInventory 
 headers={'User-Agent': 'python-requests/2.32.3', 'Accept-Encoding': 'gzip, deflate', 'Accept': '*/*', 'Connection': 'keep-alive', 'Content-Type': 'application/xml', 'Authorization': 'Basic YWRtaW46Q2hhbmdlSXQ0bTM=', 'Content-Length': '253'} 
 body=&lt;Items&gt;
	&lt;Item AdjustmentType="ABSOLUTE" Availability="TRACK" ItemID="20250128185822" OrganizationCode="Liverpool" Quantity="100" ReasonCode="itemSLRTAMS19t2" ReasonText="Ajuste GoldenGate" ShipNode="77" SupplyType="ONHAND" UnitOfMeasure="UN"/&gt;
&lt;/Items&gt; 
 </msg>
<msg time="2025-01-28T18:58:22.594225" level="INFO">POST Response : url=http://localhost:9080/smcfs/restapi/invoke/adjustInventory 
 status=204, reason=No Content 
 headers={'X-FRAME-OPTIONS': 'SAMEORIGIN', 'X-UA-Compatible': 'IE=EmulateIE8', 'Access-Control-Allow-Origin': '*', 'Access-Control-Max-Age': '3600', 'Access-Control-Allow-Credentials': 'true', 'Content-Language': 'en-US', 'Vary': 'Accept-Encoding', 'Content-Length': '0', 'Date': 'Tue, 28 Jan 2025 13:28:22 GMT'} 
 body=None 
 </msg>
<msg time="2025-01-28T18:58:22.594390" level="INFO">${adjInvresponse} = &lt;Response [204]&gt;</msg>
<var>${adjInvresponse}</var>
<arg>AddData</arg>
<arg>${base_url_api}${adjustInventory}</arg>
<arg>data=${jsonAdjInv}</arg>
<arg>headers=${headers}</arg>
<doc>Sends a POST request on a previously created HTTP Session.</doc>
<status status="PASS" start="2025-01-28T18:58:22.559768" elapsed="0.034661"/>
</kw>
<kw name="Status Should Be" owner="RequestsLibrary">
<arg>204</arg>
<arg>${adjInvresponse}</arg>
<doc>Fails if response status code is different than the expected.</doc>
<status status="PASS" start="2025-01-28T18:58:22.594868" elapsed="0.000198"/>
</kw>
<kw name="Find Inventory File" owner="Prepare_Xml_Content">
<msg time="2025-01-28T18:58:22.597078" level="INFO">${jsonfindInventory} = &lt;Promise AllocationRuleID="FWD_RULES" CheckInventory="Y" EnterpriseCode="Liverpool" FulfillmentType="Fulfillment_Type_Liverpool"
 OrganizationCode="Liverpool"&gt;
	&lt;ShipToAddress Country="MX" ZipCode="98...</msg>
<var>${jsonfindInventory}</var>
<arg>${jsonItemId}[ItemList][Item][_ItemID]</arg>
<arg>C:\\EPL-Liverpool-SL\\LvrplSL\\CreateOrder\\CreateOrder_create_normal_order_ATG_example\\test</arg>
<status status="PASS" start="2025-01-28T18:58:22.595278" elapsed="0.001852"/>
</kw>
<kw name="POST On Session" owner="RequestsLibrary">
<msg time="2025-01-28T18:58:23.410188" level="INFO">POST Request : url=http://localhost:9080/smcfs/restapi/invoke/findInventory 
 path_url=/smcfs/restapi/invoke/findInventory 
 headers={'User-Agent': 'python-requests/2.32.3', 'Accept-Encoding': 'gzip, deflate', 'Accept': '*/*', 'Connection': 'keep-alive', 'Content-Type': 'application/xml', 'Authorization': 'Basic YWRtaW46Q2hhbmdlSXQ0bTM=', 'Content-Length': '338'} 
 body=&lt;Promise AllocationRuleID="FWD_RULES" CheckInventory="Y" EnterpriseCode="Liverpool" FulfillmentType="Fulfillment_Type_Liverpool"
 OrganizationCode="Liverpool"&gt;
	&lt;ShipToAddress Country="MX" ZipCode="98047"/&gt;
	&lt;PromiseLines&gt;
		&lt;PromiseLine ItemID="20250128185822" LineId="1" RequiredQty="20" UnitOfMeasure="UN"/&gt;
	&lt;/PromiseLines&gt;
&lt;/Promise&gt; 
 </msg>
<msg time="2025-01-28T18:58:23.410295" level="INFO">POST Response : url=http://localhost:9080/smcfs/restapi/invoke/findInventory 
 status=200, reason=OK 
 headers={'X-FRAME-OPTIONS': 'SAMEORIGIN', 'X-UA-Compatible': 'IE=EmulateIE8', 'Access-Control-Allow-Origin': '*', 'Access-Control-Max-Age': '3600', 'Access-Control-Allow-Credentials': 'true', 'Content-Type': 'application/json; charset=UTF-8', 'Content-Encoding': 'gzip', 'Content-Language': 'en-US', 'Vary': 'Accept-Encoding', 'Content-Length': '943', 'Date': 'Tue, 28 Jan 2025 13:28:23 GMT'} 
 body={"Options":{"TotalNumberOfRecords":"0"},"OptimizationType":"02","CheckInventory":"Y","AllocationRuleID":"FWD_RULES","SuggestedOption":{"Option":{"LastDate":"2025-01-28T13:28:22+00:00","OptionNo":"23","NodeQty":"20.00","FirstDate":"2025-01-28T13:28:22+00:00","AvailableFromUnplannedInventory":"N","TotalShipments":"1","Interactions":{"Interaction":[{"IsDelivery":"N","CarrierServiceCode":"","DeliveryMethod":"SHP","Node":"77","DeliveryDate":"2025-01-28T13:28:22+00:00","ShipDate":"2025-01-28T13:28:22+00:00","EarliestDate":"2025-01-28T00:00:00+00:00","LastDate":"2025-02-27T23:59:59+00:00","ItemGroupCode":"PROD","PersonInfoShipTo":{"VerificationStatus":"","Company":"","OtherPhone":"","UseCount":"0","EMailID":"","DayPhone":"","JobTitle":"","MobilePhone":"","Department":"","AlternateEmailID":"","PersonID":"","PreferredShipAddress":"","Beeper":"","FirstName":"","ZipCode":"98047","Title":"","City":"","MiddleName":"","DayFaxNo":"","HttpUrl":"","AddressLine3":"","AddressLine2":"","AddressLine1":"","Suffix":"","AddressLine6":"","AddressLine5":"","State":"","AddressLine4":"","EveningFaxNo":"","EveningPhone":"","Country":"MX","ErrorTxt":"","LastName":"","isHistory":"N"},"OrganizationCode":"","Carrier":"","TotalHandlingUnits":"0.00","InteractionNo":"1"}],"TotalNumberOfRecords":"1"},"LeastPriority":"10.00","PromiseLines":{"PromiseLine":[{"CarrierServiceCode":"","DeliveryMethod":"SHP","LineId":"1","UnitOfMeasure":"UN","Assignments":{"Assignment":[{"Procurements":{},"IsIdleAsset":"N","SegmentChangeQty":"0.00","ExternalNode":"N","ReservedQty":"0.00","AvailableFromUnplannedInventory":"N","ProcuredQty":"0.00","Quantity":"20.00","DeliveryDate":"2025-01-28T13:28:22+00:00","ShipDate":"2025-01-28T13:28:22+00:00","SubstituteItems":{},"MergeNode":"","SCAC":"","NodePriority":"10.00","ShipNode":"77","InteractionNo":"1","ProductAvailDate":"2025-01-28","Distance":"0.00","SubstitutedQty":"0.00"}],"TotalNumberOfRecords":"1"},"ReceivingNode":"","IsBundleParent":"N","ItemID":"20250128185822","Segment":"","SegmentType":"","NewItemID":"","SCAC":"","BundleParentLineId":"","KitQty":"1","RequiredQty":"20","AutoReplacedByPreferredSubstitute":"N","DistributionRuleId":"","ShipNode":"","ProductClass":"","FulfillmentType":"Fulfillment_Type_Liverpool"}],"TotalNumberOfRecords":"1"},"MaxPriority":"10.00","PromiseServiceLines":{"TotalNumberOfRecords":"0"},"HasAnyUnavailableQty":"N"}},"OrganizationCode":"Liverpool","EnterpriseCode":"Liverpool","FulfillmentType":"Fulfillment_Type_Liverpool"} 
 </msg>
<msg time="2025-01-28T18:58:23.410486" level="INFO">${findInventoryResponse} = &lt;Response [200]&gt;</msg>
<var>${findInventoryResponse}</var>
<arg>AddData</arg>
<arg>${base_url_api}${findInventory}</arg>
<arg>data=${jsonfindInventory}</arg>
<arg>headers=${headers}</arg>
<doc>Sends a POST request on a previously created HTTP Session.</doc>
<status status="PASS" start="2025-01-28T18:58:22.597472" elapsed="0.813035"/>
</kw>
<kw name="Convert To String" owner="BuiltIn">
<msg time="2025-01-28T18:58:23.411372" level="INFO">${resp} = {'Options': {'TotalNumberOfRecords': '0'}, 'OptimizationType': '02', 'CheckInventory': 'Y', 'AllocationRuleID': 'FWD_RULES', 'SuggestedOption': {'Option': {'LastDate': '2025-01-28T13:28:22+00:00', 'Op...</msg>
<var>${resp}</var>
<arg>${findInventoryResponse.json()}</arg>
<doc>Converts the given item to a Unicode string.</doc>
<status status="PASS" start="2025-01-28T18:58:23.410772" elapsed="0.000618"/>
</kw>
<kw name="Write Output File" owner="Prepare_Xml_Content">
<arg>${resp}</arg>
<arg>'findInv'</arg>
<arg>C:\\EPL-Liverpool-SL\\LvrplSL\\CreateOrder\\CreateOrder_create_normal_order_ATG_example\\test</arg>
<status status="PASS" start="2025-01-28T18:58:23.411567" elapsed="0.000760"/>
</kw>
<kw name="Create Order File" owner="Prepare_Xml_Content">
<msg time="2025-01-28T18:58:23.423986" level="INFO">${jsonCreateOrder} = &lt;Order Action="CREATE" AllocationRuleID="FWD_RULES" CustomerPONo=""
    CustomerRewardsNo="" DepartmentCode="" Division=""
    DocumentType="0001" DraftOrderFlag="Y" EnterpriseCode="Liverpool"
    Ord...</msg>
<var>${jsonCreateOrder}</var>
<arg>${jsonItemId}[ItemList][Item][_ItemID]</arg>
<arg>C:\\EPL-Liverpool-SL\\LvrplSL\\CreateOrder\\CreateOrder_create_normal_order_ATG_example\\test</arg>
<status status="PASS" start="2025-01-28T18:58:23.412534" elapsed="0.011485"/>
</kw>
<kw name="POST On Session" owner="RequestsLibrary">
<msg time="2025-01-28T18:58:23.607051" level="INFO">POST Request : url=http://localhost:9080/smcfs/restapi/invoke/createOrder 
 path_url=/smcfs/restapi/invoke/createOrder 
 headers={'User-Agent': 'python-requests/2.32.3', 'Accept-Encoding': 'gzip, deflate', 'Accept': '*/*', 'Connection': 'keep-alive', 'Content-Type': 'application/xml', 'Authorization': 'Basic YWRtaW46Q2hhbmdlSXQ0bTM=', 'Content-Length': '1680'} 
 body=&lt;Order Action="CREATE" AllocationRuleID="FWD_RULES" CustomerPONo=""
    CustomerRewardsNo="" DepartmentCode="" Division=""
    DocumentType="0001" DraftOrderFlag="Y" EnterpriseCode="Liverpool"
    OrderDate="2024-06-24T11:07:46-0500" OrderName="106"
    OrderNo="20250128185822" OrderType="Personal"&gt;
    &lt;OrderLines&gt;
        &lt;OrderLine FulfillmentType="Fulfillment_Type_Liverpool" OrderedQty="1"&gt;
            &lt;Item ItemDesc="FAMOSA NANCY BAIL" ItemID="20250128185822" UnitOfMeasure="UN"/&gt;
            &lt;LinePriceInfo IsPriceLocked="Y" UnitPrice="899.00"/&gt;
        &lt;/OrderLine&gt;
    &lt;/OrderLines&gt;
    &lt;PersonInfoBillTo AddressLine1="AVENIDA 33 PONIENTE"
        AddressLine2="2305 " AddressLine3=""
        AddressLine4="BENITO JUAREZ" AddressLine5="PUEBLA" City="PUEBLA"
        Country="MX" DayPhone="222 03888534"
        EMailID="ISAVELA0102@GMAIL.COM"
        FirstName="MARIA ISABEL  VELAZCO CRUZ  " LastName=""
        MobilePhone="" State="PUE" ZipCode="72410"/&gt;
    &lt;PersonInfoShipTo AddressLine1="AVENIDA 33 PONIENTE"
        AddressLine2="2305 " AddressLine3=""
        AddressLine4="BENITO JUAREZ" AddressLine5="PUEBLA" City="PUEBLA"
        Country="MX" DayPhone="222 03888534"
        EMailID="ISAVELA0102@GMAIL.COM"
        FirstName="MARIA ISABEL  VELAZCO CRUZ  " LastName="" State="PUE" ZipCode="72410"/&gt;
    &lt;PersonInfoContact AddressLine1="AVENIDA 33 PONIENTE"
        AddressLine2="2305 " AddressLine3=""
        AddressLine4="BENITO JUAREZ" AddressLine5="PUEBLA" City="PUEBLA"
        Country="MX" DayPhone="222 03888534"
        EMailID="ISAVELA0102@GMAIL.COM"
        FirstName="MARIA ISABEL  VELAZCO CRUZ  " LastName="" State="PUE" ZipCode="72410"/&gt;
&lt;/Order&gt; 
 </msg>
<msg time="2025-01-28T18:58:23.607199" level="INFO">POST Response : url=http://localhost:9080/smcfs/restapi/invoke/createOrder 
 status=200, reason=OK 
 headers={'X-FRAME-OPTIONS': 'SAMEORIGIN', 'X-UA-Compatible': 'IE=EmulateIE8', 'Access-Control-Allow-Origin': '*', 'Access-Control-Max-Age': '3600', 'Access-Control-Allow-Credentials': 'true', 'Content-Type': 'application/json; charset=UTF-8', 'Content-Encoding': 'gzip', 'Content-Language': 'en-US', 'Vary': 'Accept-Encoding', 'Content-Length': '116', 'Date': 'Tue, 28 Jan 2025 13:28:23 GMT'} 
 body={"DocumentType":"0001","OrderNo":"20250128185822","OrderHeaderKey":"20250128132823948380","EnterpriseCode":"Liverpool"} 
 </msg>
<msg time="2025-01-28T18:58:23.607359" level="INFO">${createOrderResponse} = &lt;Response [200]&gt;</msg>
<var>${createOrderResponse}</var>
<arg>AddData</arg>
<arg>${base_url_api}${createOrder}</arg>
<arg>data=${jsonCreateOrder}</arg>
<arg>headers=${headers}</arg>
<doc>Sends a POST request on a previously created HTTP Session.</doc>
<status status="PASS" start="2025-01-28T18:58:23.424284" elapsed="0.183116"/>
</kw>
<kw name="Convert To String" owner="BuiltIn">
<msg time="2025-01-28T18:58:23.608932" level="INFO">${resp2} = {'DocumentType': '0001', 'OrderNo': '20250128185822', 'OrderHeaderKey': '20250128132823948380', 'EnterpriseCode': 'Liverpool'}</msg>
<var>${resp2}</var>
<arg>${createOrderResponse.json()}</arg>
<doc>Converts the given item to a Unicode string.</doc>
<status status="PASS" start="2025-01-28T18:58:23.607738" elapsed="0.001270"/>
</kw>
<kw name="Write Output File" owner="Prepare_Xml_Content">
<arg>${resp2}</arg>
<arg>'createOrder'</arg>
<arg>C:\\EPL-Liverpool-SL\\LvrplSL\\CreateOrder\\CreateOrder_create_normal_order_ATG_example\\test</arg>
<status status="PASS" start="2025-01-28T18:58:23.609686" elapsed="0.000960"/>
</kw>
<kw name="Log To Console" owner="BuiltIn">
<arg>${createOrderResponse}</arg>
<doc>Logs the given message to the console.</doc>
<status status="PASS" start="2025-01-28T18:58:23.610952" elapsed="0.000351"/>
</kw>
<kw name="Get Current Date" owner="DateTime">
<msg time="2025-01-28T18:58:23.611830" level="INFO">${timestamp} = 20250128-1858</msg>
<var>${timestamp}</var>
<arg>result_format=%Y%m%d-%H%M</arg>
<doc>Returns current local or UTC time with an optional increment.</doc>
<status status="PASS" start="2025-01-28T18:58:23.611546" elapsed="0.000315"/>
</kw>
<kw name="Dictionary Should Contain Key" owner="Collections">
<arg>${createOrderResponse.json()}</arg>
<arg>OrderNo</arg>
<doc>Fails if ``key`` is not found from ``dictionary``.</doc>
<status status="PASS" start="2025-01-28T18:58:23.612124" elapsed="0.000860"/>
</kw>
<kw name="Get From Dictionary" owner="Collections">
<msg time="2025-01-28T18:58:23.614123" level="INFO">${Order_No} = 20250128185822</msg>
<var>${Order_No}</var>
<arg>${createOrderResponse.json()}</arg>
<arg>OrderNo</arg>
<doc>Returns a value from the given ``dictionary`` based on the given ``key``.</doc>
<status status="PASS" start="2025-01-28T18:58:23.613213" elapsed="0.000943"/>
</kw>
<kw name="Dictionary Should Contain Key" owner="Collections">
<arg>${createOrderResponse.json()}</arg>
<arg>OrderHeaderKey</arg>
<doc>Fails if ``key`` is not found from ``dictionary``.</doc>
<status status="PASS" start="2025-01-28T18:58:23.614406" elapsed="0.000718"/>
</kw>
<kw name="Get From Dictionary" owner="Collections">
<msg time="2025-01-28T18:58:23.616669" level="INFO">${Order_Header_Key} = 20250128132823948380</msg>
<var>${Order_Header_Key}</var>
<arg>${createOrderResponse.json()}</arg>
<arg>OrderHeaderKey</arg>
<doc>Returns a value from the given ``dictionary`` based on the given ``key``.</doc>
<status status="PASS" start="2025-01-28T18:58:23.615727" elapsed="0.000980"/>
</kw>
<kw name="Append Excel File1" owner="read_write_all_excel">
<arg>${file}</arg>
<arg>${Order_No}</arg>
<arg>${TEST NAME}</arg>
<arg>${timestamp}</arg>
<arg>${jsonCreateOrder}</arg>
<arg>${createOrderResponse.json()}</arg>
<status status="PASS" start="2025-01-28T18:58:23.617134" elapsed="0.001675"/>
</kw>
<tag>CREATEORDER</tag>
<tag>HAPPYFLOW</tag>
<tag>REGRESSION</tag>
<status status="PASS" start="2025-01-28T18:58:22.499458" elapsed="1.119887"/>
</test>
<status status="PASS" start="2025-01-28T18:58:22.490243" elapsed="1.129972"/>
</suite>
<status status="PASS" start="2025-01-28T18:58:22.488791" elapsed="1.132403"/>
</suite>
<status status="PASS" start="2025-01-28T18:58:22.487566" elapsed="1.134506"/>
</suite>
<suite id="s1-s4" name="CreateOrder create order ATG example CC0D ClickandCollect same day" source="C:\EPL-Liverpool-SL\LvrplSL\CreateOrder\CreateOrder_create_order_ATG_example_CC0D_ClickandCollect_same_day">
<suite id="s1-s4-s1" name="Test" source="C:\EPL-Liverpool-SL\LvrplSL\CreateOrder\CreateOrder_create_order_ATG_example_CC0D_ClickandCollect_same_day\test">
<suite id="s1-s4-s1-s1" name="createOrder" source="C:\EPL-Liverpool-SL\LvrplSL\CreateOrder\CreateOrder_create_order_ATG_example_CC0D_ClickandCollect_same_day\test\createOrder.robot">
<test id="s1-s4-s1-s1-t1" name="Create Order TC_001" line="13">
<kw name="Creating Session1" owner="createSession">
<kw name="Create List" owner="BuiltIn">
<msg time="2025-01-28T18:58:23.646361" level="INFO">${auth} = ['admin', 'ChangeIt4m3']</msg>
<var>${auth}</var>
<arg>${user}</arg>
<arg>${passwd}</arg>
<doc>Returns a list containing given items.</doc>
<status status="PASS" start="2025-01-28T18:58:23.646123" elapsed="0.000277"/>
</kw>
<kw name="Create Session" owner="RequestsLibrary">
<msg time="2025-01-28T18:58:23.646949" level="INFO">Creating Session using : alias=AddData, url=http://localhost:9080/smcfs/restapi/invoke/createOrder, headers={'Content-Type': 'application/xml', 'Authorization': 'Basic YWRtaW46cGFzc3dvcmQ='},                     cookies={}, auth=&lt;requests.auth.HTTPBasicAuth object at 0x000002BEF8E03100&gt;, timeout=None, proxies=None, verify=False,                     debug=0 </msg>
<arg>${AddData}</arg>
<arg>url=${base_url_api}${createOrder}</arg>
<arg>headers=${headers}</arg>
<arg>auth=${auth}</arg>
<doc>Create Session: create a HTTP session to a server</doc>
<status status="PASS" start="2025-01-28T18:58:23.646555" elapsed="0.000720"/>
</kw>
<arg>AddData</arg>
<status status="PASS" start="2025-01-28T18:58:23.645767" elapsed="0.001659"/>
</kw>
<kw name="Manage Item With Dynamic Item" owner="Prepare_Xml_Content">
<msg time="2025-01-28T18:58:23.650071" level="INFO">before mod &lt;ItemList&gt;
[...]
<msg time="2025-01-28T18:58:29.111046" level="INFO">POST Request : url=http://localhost:9080/smcfs/restapi/invoke/adjustInventory 
 path_url=/smcfs/restapi/invoke/adjustInventory 
 headers={'User-Agent': 'python-requests/2.32.3', 'Accept-Encoding': 'gzip, deflate', 'Accept': '*/*', 'Connection': 'keep-alive', 'Content-Type': 'application/xml', 'Authorization': 'Basic YWRtaW46Q2hhbmdlSXQ0bTM=', 'Content-Length': '253'} 
 body=&lt;Items&gt;
	&lt;Item AdjustmentType="ABSOLUTE" Availability="TRACK" ItemID="20250128185829" OrganizationCode="Liverpool" Quantity="100" ReasonCode="itemSLRTAMS19t2" ReasonText="Ajuste GoldenGate" ShipNode="77" SupplyType="ONHAND" UnitOfMeasure="UN"/&gt;
&lt;/Items&gt; 
 </msg>
<msg time="2025-01-28T18:58:29.111156" level="INFO">POST Response : url=http://localhost:9080/smcfs/restapi/invoke/adjustInventory 
 status=204, reason=No Content 
 headers={'X-FRAME-OPTIONS': 'SAMEORIGIN', 'X-UA-Compatible': 'IE=EmulateIE8', 'Access-Control-Allow-Origin': '*', 'Access-Control-Max-Age': '3600', 'Access-Control-Allow-Credentials': 'true', 'Content-Language': 'en-US', 'Vary': 'Accept-Encoding', 'Content-Length': '0', 'Date': 'Tue, 28 Jan 2025 13:28:29 GMT'} 
 body=None 
 </msg>
<msg time="2025-01-28T18:58:29.111299" level="INFO">${adjInvresponse} = &lt;Response [204]&gt;</msg>
<var>${adjInvresponse}</var>
<arg>AddData</arg>
<arg>${base_url_api}${adjustInventory}</arg>
<arg>data=${jsonAdjInv}</arg>
<arg>headers=${headers}</arg>
<doc>Sends a POST request on a previously created HTTP Session.</doc>
<status status="PASS" start="2025-01-28T18:58:29.086111" elapsed="0.025219"/>
</kw>
<kw name="Status Should Be" owner="RequestsLibrary">
<arg>204</arg>
<arg>${adjInvresponse}</arg>
<doc>Fails if response status code is different than the expected.</doc>
<status status="PASS" start="2025-01-28T18:58:29.111838" elapsed="0.000274"/>
</kw>
<kw name="Find Inventory File" owner="Prepare_Xml_Content">
<msg time="2025-01-28T18:58:29.113969" level="INFO">${jsonfindInventory} = &lt;Promise AllocationRuleID="FWD_RULES" CheckInventory="Y" EnterpriseCode="Liverpool" FulfillmentType="Fulfillment_Type_Liverpool"
 OrganizationCode="Liverpool"&gt;
	&lt;ShipToAddress Country="MX" ZipCode="98...</msg>
<var>${jsonfindInventory}</var>
<arg>${jsonItemId}[ItemList][Item][_ItemID]</arg>
<arg>C:\\EPL-Liverpool-SL\\LvrplSL\\CreateOrder\\CreateOrderPos_create_normal_order_ClickandCollect\\test</arg>
<status status="PASS" start="2025-01-28T18:58:29.112371" elapsed="0.001632"/>
</kw>
<kw name="POST On Session" owner="RequestsLibrary">
<msg time="2025-01-28T18:58:29.679492" level="INFO">POST Request : url=http://localhost:9080/smcfs/restapi/invoke/findInventory 
 path_url=/smcfs/restapi/invoke/findInventory 
 headers={'User-Agent': 'python-requests/2.32.3', 'Accept-Encoding': 'gzip, deflate', 'Accept': '*/*', 'Connection': 'keep-alive', 'Content-Type': 'application/xml', 'Authorization': 'Basic YWRtaW46Q2hhbmdlSXQ0bTM=', 'Content-Length': '338'} 
 body=&lt;Promise AllocationRuleID="FWD_RULES" CheckInventory="Y" EnterpriseCode="Liverpool" FulfillmentType="Fulfillment_Type_Liverpool"
 OrganizationCode="Liverpool"&gt;
	&lt;ShipToAddress Country="MX" ZipCode="98047"/&gt;
	&lt;PromiseLines&gt;
		&lt;PromiseLine ItemID="20250128185829" LineId="1" RequiredQty="20" UnitOfMeasure="UN"/&gt;
	&lt;/PromiseLines&gt;
&lt;/Promise&gt; 
 </msg>
<msg time="2025-01-28T18:58:29.679644" level="INFO">POST Response : url=http://localhost:9080/smcfs/restapi/invoke/findInventory 
 status=200, reason=OK 
 headers={'X-FRAME-OPTIONS': 'SAMEORIGIN', 'X-UA-Compatible': 'IE=EmulateIE8', 'Access-Control-Allow-Origin': '*', 'Access-Control-Max-Age': '3600', 'Access-Control-Allow-Credentials': 'true', 'Content-Type': 'application/json; charset=UTF-8', 'Content-Encoding': 'gzip', 'Content-Language': 'en-US', 'Vary': 'Accept-Encoding', 'Content-Length': '943', 'Date': 'Tue, 28 Jan 2025 13:28:29 GMT'} 
 body={"Options":{"TotalNumberOfRecords":"0"},"OptimizationType":"02","CheckInventory":"Y","AllocationRuleID":"FWD_RULES","SuggestedOption":{"Option":{"LastDate":"2025-01-28T13:28:29+00:00","OptionNo":"23","NodeQty":"20.00","FirstDate":"2025-01-28T13:28:29+00:00","AvailableFromUnplannedInventory":"N","TotalShipments":"1","Interactions":{"Interaction":[{"IsDelivery":"N","CarrierServiceCode":"","DeliveryMethod":"SHP","Node":"77","DeliveryDate":"2025-01-28T13:28:29+00:00","ShipDate":"2025-01-28T13:28:29+00:00","EarliestDate":"2025-01-28T00:00:00+00:00","LastDate":"2025-02-27T23:59:59+00:00","ItemGroupCode":"PROD","PersonInfoShipTo":{"VerificationStatus":"","Company":"","OtherPhone":"","UseCount":"0","EMailID":"","DayPhone":"","JobTitle":"","MobilePhone":"","Department":"","AlternateEmailID":"","PersonID":"","PreferredShipAddress":"","Beeper":"","FirstName":"","ZipCode":"98047","Title":"","City":"","MiddleName":"","DayFaxNo":"","HttpUrl":"","AddressLine3":"","AddressLine2":"","AddressLine1":"","Suffix":"","AddressLine6":"","AddressLine5":"","State":"","AddressLine4":"","EveningFaxNo":"","EveningPhone":"","Country":"MX","ErrorTxt":"","LastName":"","isHistory":"N"},"OrganizationCode":"","Carrier":"","TotalHandlingUnits":"0.00","InteractionNo":"1"}],"TotalNumberOfRecords":"1"},"LeastPriority":"10.00","PromiseLines":{"PromiseLine":[{"CarrierServiceCode":"","DeliveryMethod":"SHP","LineId":"1","UnitOfMeasure":"UN","Assignments":{"Assignment":[{"Procurements":{},"IsIdleAsset":"N","SegmentChangeQty":"0.00","ExternalNode":"N","ReservedQty":"0.00","AvailableFromUnplannedInventory":"N","ProcuredQty":"0.00","Quantity":"20.00","DeliveryDate":"2025-01-28T13:28:29+00:00","ShipDate":"2025-01-28T13:28:29+00:00","SubstituteItems":{},"MergeNode":"","SCAC":"","NodePriority":"10.00","ShipNode":"77","InteractionNo":"1","ProductAvailDate":"2025-01-28","Distance":"0.00","SubstitutedQty":"0.00"}],"TotalNumberOfRecords":"1"},"ReceivingNode":"","IsBundleParent":"N","ItemID":"20250128185829","Segment":"","SegmentType":"","NewItemID":"","SCAC":"","BundleParentLineId":"","KitQty":"1","RequiredQty":"20","AutoReplacedByPreferredSubstitute":"N","DistributionRuleId":"","ShipNode":"","ProductClass":"","FulfillmentType":"Fulfillment_Type_Liverpool"}],"TotalNumberOfRecords":"1"},"MaxPriority":"10.00","PromiseServiceLines":{"TotalNumberOfRecords":"0"},"HasAnyUnavailableQty":"N"}},"OrganizationCode":"Liverpool","EnterpriseCode":"Liverpool","FulfillmentType":"Fulfillment_Type_Liverpool"} 
 </msg>
<msg time="2025-01-28T18:58:29.679839" level="INFO">${findInventoryResponse} = &lt;Response [200]&gt;</msg>
<var>${findInventoryResponse}</var>
<arg>AddData</arg>
<arg>${base_url_api}${findInventory}</arg>
<arg>data=${jsonfindInventory}</arg>
<arg>headers=${headers}</arg>
<doc>Sends a POST request on a previously created HTTP Session.</doc>
<status status="PASS" start="2025-01-28T18:58:29.114230" elapsed="0.565631"/>
</kw>
<kw name="Convert To String" owner="BuiltIn">
<msg time="2025-01-28T18:58:29.681173" level="INFO">${resp} = {'Options': {'TotalNumberOfRecords': '0'}, 'OptimizationType': '02', 'CheckInventory': 'Y', 'AllocationRuleID': 'FWD_RULES', 'SuggestedOption': {'Option': {'LastDate': '2025-01-28T13:28:29+00:00', 'Op...</msg>
<var>${resp}</var>
<arg>${findInventoryResponse.json()}</arg>
<doc>Converts the given item to a Unicode string.</doc>
<status status="PASS" start="2025-01-28T18:58:29.680289" elapsed="0.000907"/>
</kw>
<kw name="Write Output File" owner="Prepare_Xml_Content">
<arg>${resp}</arg>
<arg>'findInv'</arg>
<arg>C:\\EPL-Liverpool-SL\\LvrplSL\\CreateOrder\\CreateOrderPos_create_normal_order_ClickandCollect\\test</arg>
<status status="PASS" start="2025-01-28T18:58:29.681615" elapsed="0.001087"/>
</kw>
<kw name="Create Order File" owner="Prepare_Xml_Content">
<msg time="2025-01-28T18:58:29.684249" level="INFO">${jsonCreateOrder} = &lt;Order Action="CREATE" AllocationRuleID="FWD_RULES" CustomerPONo=""
    CustomerRewardsNo="" DepartmentCode="" Division=""
    DocumentType="0001" DraftOrderFlag="Y" EnterpriseCode="Liverpool"
    Ord...</msg>
<var>${jsonCreateOrder}</var>
<arg>${jsonItemId}[ItemList][Item][_ItemID]</arg>
<arg>C:\\EPL-Liverpool-SL\\LvrplSL\\CreateOrder\\CreateOrderPos_create_normal_order_ClickandCollect\\test</arg>
<status status="PASS" start="2025-01-28T18:58:29.682925" elapsed="0.001355"/>
</kw>
<kw name="POST On Session" owner="RequestsLibrary">
<msg time="2025-01-28T18:58:29.826053" level="INFO">POST Request : url=http://localhost:9080/smcfs/restapi/invoke/createOrder 
 path_url=/smcfs/restapi/invoke/createOrder 
 headers={'User-Agent': 'python-requests/2.32.3', 'Accept-Encoding': 'gzip, deflate', 'Accept': '*/*', 'Connection': 'keep-alive', 'Content-Type': 'application/xml', 'Authorization': 'Basic YWRtaW46Q2hhbmdlSXQ0bTM=', 'Content-Length': '1680'} 
 body=&lt;Order Action="CREATE" AllocationRuleID="FWD_RULES" CustomerPONo=""
    CustomerRewardsNo="" DepartmentCode="" Division=""
    DocumentType="0001" DraftOrderFlag="Y" EnterpriseCode="Liverpool"
    OrderDate="2024-06-24T11:07:46-0500" OrderName="106"
    OrderNo="20250128185829" OrderType="Personal"&gt;
    &lt;OrderLines&gt;
        &lt;OrderLine FulfillmentType="Fulfillment_Type_Liverpool" OrderedQty="1"&gt;
            &lt;Item ItemDesc="FAMOSA NANCY BAIL" ItemID="20250128185829" UnitOfMeasure="UN"/&gt;
            &lt;LinePriceInfo IsPriceLocked="Y" UnitPrice="899.00"/&gt;
        &lt;/OrderLine&gt;
    &lt;/OrderLines&gt;
    &lt;PersonInfoBillTo AddressLine1="AVENIDA 33 PONIENTE"
        AddressLine2="2305 " AddressLine3=""
        AddressLine4="BENITO JUAREZ" AddressLine5="PUEBLA" City="PUEBLA"
        Country="MX" DayPhone="222 03888534"
        EMailID="ISAVELA0102@GMAIL.COM"
        FirstName="MARIA ISABEL  VELAZCO CRUZ  " LastName=""
        MobilePhone="" State="PUE" ZipCode="72410"/&gt;
    &lt;PersonInfoShipTo AddressLine1="AVENIDA 33 PONIENTE"
        AddressLine2="2305 " AddressLine3=""
        AddressLine4="BENITO JUAREZ" AddressLine5="PUEBLA" City="PUEBLA"
        Country="MX" DayPhone="222 03888534"
        EMailID="ISAVELA0102@GMAIL.COM"
        FirstName="MARIA ISABEL  VELAZCO CRUZ  " LastName="" State="PUE" ZipCode="72410"/&gt;
    &lt;PersonInfoContact AddressLine1="AVENIDA 33 PONIENTE"
        AddressLine2="2305 " AddressLine3=""
        AddressLine4="BENITO JUAREZ" AddressLine5="PUEBLA" City="PUEBLA"
        Country="MX" DayPhone="222 03888534"
        EMailID="ISAVELA0102@GMAIL.COM"
        FirstName="MARIA ISABEL  VELAZCO CRUZ  " LastName="" State="PUE" ZipCode="72410"/&gt;
&lt;/Order&gt; 
 </msg>
<msg time="2025-01-28T18:58:29.826136" level="INFO">POST Response : url=http://localhost:9080/smcfs/restapi/invoke/createOrder 
 status=200, reason=OK 
 headers={'X-FRAME-OPTIONS': 'SAMEORIGIN', 'X-UA-Compatible': 'IE=EmulateIE8', 'Access-Control-Allow-Origin': '*', 'Access-Control-Max-Age': '3600', 'Access-Control-Allow-Credentials': 'true', 'Content-Type': 'application/json; charset=UTF-8', 'Content-Encoding': 'gzip', 'Content-Language': 'en-US', 'Vary': 'Accept-Encoding', 'Content-Length': '115', 'Date': 'Tue, 28 Jan 2025 13:28:29 GMT'} 
 body={"DocumentType":"0001","OrderNo":"20250128185829","OrderHeaderKey":"20250128132829948534","EnterpriseCode":"Liverpool"} 
 </msg>
<msg time="2025-01-28T18:58:29.826226" level="INFO">${createOrderResponse} = &lt;Response [200]&gt;</msg>
<var>${createOrderResponse}</var>
<arg>AddData</arg>
<arg>${base_url_api}${createOrder}</arg>
<arg>data=${jsonCreateOrder}</arg>
<arg>headers=${headers}</arg>
<doc>Sends a POST request on a previously created HTTP Session.</doc>
<status status="PASS" start="2025-01-28T18:58:29.684520" elapsed="0.141730"/>
</kw>
<kw name="Convert To String" owner="BuiltIn">
<msg time="2025-01-28T18:58:29.827453" level="INFO">${resp2} = {'DocumentType': '0001', 'OrderNo': '20250128185829', 'OrderHeaderKey': '20250128132829948534', 'EnterpriseCode': 'Liverpool'}</msg>
<var>${resp2}</var>
<arg>${createOrderResponse.json()}</arg>
<doc>Converts the given item to a Unicode string.</doc>
<status status="PASS" start="2025-01-28T18:58:29.826635" elapsed="0.000864"/>
</kw>
<kw name="Write Output File" owner="Prepare_Xml_Content">
<arg>${resp2}</arg>
<arg>'createOrder'</arg>
<arg>C:\\EPL-Liverpool-SL\\LvrplSL\\CreateOrder\\CreateOrderPos_create_normal_order_ClickandCollect\\test</arg>
<status status="PASS" start="2025-01-28T18:58:29.828132" elapsed="0.001104"/>
</kw>
<kw name="Log To Console" owner="BuiltIn">
<arg>${createOrderResponse}</arg>
<doc>Logs the given message to the console.</doc>
<status status="PASS" start="2025-01-28T18:58:29.829542" elapsed="0.000313"/>
</kw>
<kw name="Get Current Date" owner="DateTime">
<msg time="2025-01-28T18:58:29.830408" level="INFO">${timestamp} = 20250128-1858</msg>
<var>${timestamp}</var>
<arg>result_format=%Y%m%d-%H%M</arg>
<doc>Returns current local or UTC time with an optional increment.</doc>
<status status="PASS" start="2025-01-28T18:58:29.830134" elapsed="0.000314"/>
</kw>
<kw name="Dictionary Should Contain Key" owner="Collections">
<arg>${createOrderResponse.json()}</arg>
<arg>OrderNo</arg>
<doc>Fails if ``key`` is not found from ``dictionary``.</doc>
<status status="PASS" start="2025-01-28T18:58:29.830662" elapsed="0.000612"/>
</kw>
<kw name="Get From Dictionary" owner="Collections">
<msg time="2025-01-28T18:58:29.832055" level="INFO">${Order_No} = 20250128185829</msg>
<var>${Order_No}</var>
<arg>${createOrderResponse.json()}</arg>
<arg>OrderNo</arg>
<doc>Returns a value from the given ``dictionary`` based on the given ``key``.</doc>
<status status="PASS" start="2025-01-28T18:58:29.831459" elapsed="0.000618"/>
</kw>
<kw name="Dictionary Should Contain Key" owner="Collections">
<arg>${createOrderResponse.json()}</arg>
<arg>OrderHeaderKey</arg>
<doc>Fails if ``key`` is not found from ``dictionary``.</doc>
<status status="PASS" start="2025-01-28T18:58:29.832239" elapsed="0.000556"/>
</kw>
<kw name="Get From Dictionary" owner="Collections">
<msg time="2025-01-28T18:58:29.833598" level="INFO">${Order_Header_Key} = 20250128132829948534</msg>
<var>${Order_Header_Key}</var>
<arg>${createOrderResponse.json()}</arg>
<arg>OrderHeaderKey</arg>
<doc>Returns a value from the given ``dictionary`` based on the given ``key``.</doc>
<status status="PASS" start="2025-01-28T18:58:29.833066" elapsed="0.000553"/>
</kw>
<kw name="Append Excel File1" owner="read_write_all_excel">
<arg>${file}</arg>
<arg>${Order_No}</arg>
<arg>${TEST NAME}</arg>
<arg>${timestamp}</arg>
<arg>${jsonCreateOrder}</arg>
<arg>${createOrderResponse.json()}</arg>
<status status="PASS" start="2025-01-28T18:58:29.833930" elapsed="0.001120"/>
</kw>
<tag>CREATEORDER</tag>
<tag>HAPPYFLOW</tag>
<tag>REGRESSION</tag>
<status status="PASS" start="2025-01-28T18:58:29.016379" elapsed="0.819057"/>
</test>
<status status="PASS" start="2025-01-28T18:58:29.007023" elapsed="0.829035"/>
</suite>
<status status="PASS" start="2025-01-28T18:58:29.005452" elapsed="0.831493"/>
</suite>
<status status="PASS" start="2025-01-28T18:58:29.004013" elapsed="0.833936"/>
</suite>
<status status="PASS" start="2025-01-28T18:58:17.716402" elapsed="12.122387"/>
</suite>
<statistics>
<total>
<stat pass="10" fail="0" skip="0">All Tests</stat>
</total>
<tag>
<stat pass="10" fail="0" skip="0">CREATEORDER</stat>
<stat pass="10" fail="0" skip="0">HAPPYFLOW</stat>
<stat pass="10" fail="0" skip="0">REGRESSION</stat>
</tag>
<suite>
<stat pass="10" fail="0" skip="0" id="s1" name="CreateOrder">CreateOrder</stat>
<stat pass="1" fail="0" skip="0" id="s1-s1" name="CreateOrder -create normal order ATG example 2 items">CreateOrder.CreateOrder -create normal order ATG example 2 items</stat>
<stat pass="1" fail="0" skip="0" id="s1-s1-s1" name="Test">CreateOrder.CreateOrder -create normal order ATG example 2 items.Test</stat>
<stat pass="1" fail="0" skip="0" id="s1-s1-s1-s1" name="createOrder">CreateOrder.CreateOrder -create normal order ATG example 2 items.Test.createOrder</stat>
<stat pass="1" fail="0" skip="0" id="s1-s2" name="CreateOrder create normal order ATG ClickandCollect">CreateOrder.CreateOrder create normal order ATG ClickandCollect</stat>
<stat pass="1" fail="0" skip="0" id="s1-s2-s1" name="Test">CreateOrder.CreateOrder create normal order ATG ClickandCollect.Test</stat>
<stat pass="1" fail="0" skip="0" id="s1-s2-s1-s1" name="createOrder">CreateOrder.CreateOrder create normal order ATG ClickandCollect.Test.createOrder</stat>
<stat pass="1" fail="0" skip="0" id="s1-s3" name="CreateOrder create normal order ATG example">CreateOrder.CreateOrder create normal order ATG example</stat>
<stat pass="1" fail="0" skip="0" id="s1-s3-s1" name="Test">CreateOrder.CreateOrder create normal order ATG example.Test</stat>
<stat pass="1" fail="0" skip="0" id="s1-s3-s1-s1" name="createOrder">CreateOrder.CreateOrder create normal order ATG example.Test.createOrder</stat>
<stat pass="1" fail="0" skip="0" id="s1-s4" name="CreateOrder create order ATG example CC0D ClickandCollect same day">CreateOrder.CreateOrder create order ATG example CC0D ClickandCollect same day</stat>
<stat pass="1" fail="0" skip="0" id="s1-s4-s1" name="Test">CreateOrder.CreateOrder create order ATG example CC0D ClickandCollect same day.Test</stat>
<stat pass="1" fail="0" skip="0" id="s1-s4-s1-s1" name="createOrder">CreateOrder.CreateOrder create order ATG example CC0D ClickandCollect same day.Test.createOrder</stat>
<stat pass="1" fail="0" skip="0" id="s1-s5" name="CreateOrder create order ATG example HD1D flash next day">CreateOrder.CreateOrder create order ATG example HD1D flash next day</stat>
<stat pass="1" fail="0" skip="0" id="s1-s5-s1" name="Test">CreateOrder.CreateOrder create order ATG example HD1D flash next day.Test</stat>
<stat pass="1" fail="0" skip="0" id="s1-s5-s1-s1" name="createOrder">CreateOrder.CreateOrder create order ATG example HD1D flash next day.Test.createOrder</stat>
<stat pass="1" fail="0" skip="0" id="s1-s6" name="CreateOrder create order ATG gift registry">CreateOrder.CreateOrder create order ATG gift registry</stat>
<stat pass="1" fail="0" skip="0" id="s1-s6-s1" name="Test">CreateOrder.CreateOrder create order ATG gift registry.Test</stat>
<stat pass="1" fail="0" skip="0" id="s1-s6-s1-s1" name="createOrder">CreateOrder.CreateOrder create order ATG gift registry.Test.createOrder</stat>
<stat pass="1" fail="0" skip="0" id="s1-s7" name="CreateOrderApp create normal order">CreateOrder.CreateOrderApp create normal order</stat>
<stat pass="1" fail="0" skip="0" id="s1-s7-s1" name="Test">CreateOrder.CreateOrderApp create normal order.Test</stat>
<stat pass="1" fail="0" skip="0" id="s1-s7-s1-s1" name="createOrder">CreateOrder.CreateOrderApp create normal order.Test.createOrder</stat>
<stat pass="1" fail="0" skip="0" id="s1-s8" name="CreateOrderApp create normal order ClickandCollect">CreateOrder.CreateOrderApp create normal order ClickandCollect</stat>
<stat pass="1" fail="0" skip="0" id="s1-s8-s1" name="Test">CreateOrder.CreateOrderApp create normal order ClickandCollect.Test</stat>
<stat pass="1" fail="0" skip="0" id="s1-s8-s1-s1" name="createOrder">CreateOrder.CreateOrderApp create normal order ClickandCollect.Test.createOrder</stat>
<stat pass="1" fail="0" skip="0" id="s1-s9" name="CreateOrderPos create normal order">CreateOrder.CreateOrderPos create normal order</stat>
<stat pass="1" fail="0" skip="0" id="s1-s9-s1" name="Test">CreateOrder.CreateOrderPos create normal order.Test</stat>
<stat pass="1" fail="0" skip="0" id="s1-s9-s1-s1" name="createOrder">CreateOrder.CreateOrderPos create normal order.Test.createOrder</stat>
<stat pass="1" fail="0" skip="0" id="s1-s10" name="CreateOrderPos create normal order ClickandCollect">CreateOrder.CreateOrderPos create normal order ClickandCollect</stat>
<stat pass="1" fail="0" skip="0" id="s1-s10-s1" name="Test">CreateOrder.CreateOrderPos create normal order ClickandCollect.Test</stat>
<stat pass="1" fail="0" skip="0" id="s1-s10-s1-s1" name="createOrder">CreateOrder.CreateOrderPos create normal order ClickandCollect.Test.createOrder</stat>
</suite>
</statistics>
<errors>
</errors>
</robot>
