<?xml version="1.0" encoding="UTF-8"?>
<robot generator="Robot 7.1.1 (Python 3.13.1 on win32)" generated="2025-02-05T20:36:48.607357" rpa="false" schemaversion="5">
<suite id="s1" name="Test" source="C:\automation\automationLvrplSL\LvrplSL\SL24_43_Wrapper_API_logic_for_order_migration_from_MQ_queue_message_with_partially_fulfilled_child_orders\TC_6_6.5\test">
<suite id="s1-s1" name="T 6 6.5" source="C:\automation\automationLvrplSL\LvrplSL\SL24_43_Wrapper_API_logic_for_order_migration_from_MQ_queue_message_with_partially_fulfilled_child_orders\TC_6_6.5\test\T_6_6.5.robot">
<test id="s1-s1-t1" name="Shortage from XD/EWM T_6_6.5" line="13">
<kw name="Creating Session1" owner="createSession">
<kw name="Create List" owner="BuiltIn">
<msg time="2025-02-05T20:36:49.395213" level="INFO">${auth} = ['admin', 'ChangeIt4m3']</msg>
<var>${auth}</var>
<arg>${user}</arg>
<arg>${passwd}</arg>
<doc>Returns a list containing given items.</doc>
<status status="PASS" start="2025-02-05T20:36:49.395021" elapsed="0.000221"/>
</kw>
<kw name="Create Session" owner="RequestsLibrary">
<msg time="2025-02-05T20:36:49.395720" level="INFO">Creating Session using : alias=AddData, url=http://localhost:9080/smcfs/restapi/invoke/createOrder, headers={'Content-Type': 'application/xml', 'Authorization': 'Basic YWRtaW46cGFzc3dvcmQ='},                     cookies={}, auth=&lt;requests.auth.HTTPBasicAuth object at 0x00000205ADBB96A0&gt;, timeout=None, proxies=None, verify=False,                     debug=0 </msg>
<arg>${AddData}</arg>
<arg>url=${base_url_api}${createOrder}</arg>
<arg>headers=${headers}</arg>
<arg>auth=${auth}</arg>
<doc>Create Session: create a HTTP session to a server</doc>
<status status="PASS" start="2025-02-05T20:36:49.395358" elapsed="0.000557"/>
</kw>
<arg>AddData</arg>
<status status="PASS" start="2025-02-05T20:36:49.394262" elapsed="0.001739"/>
</kw>
<kw name="Manage Item With Dynamic Item" owner="Prepare_Xml_Content">
<msg time="2025-02-05T20:36:49.397047" level="INFO">before mod &lt;ItemList&gt;
	&lt;Item Action="Manage" GlobalItemID="12439482" ItemID="$ItemID" OrganizationCode="Liverpool" UnitOfMeasure="UN"&gt;
		&lt;Extn ExtnActive="01" ExtnItemSF="Y" ExtnItemSFDesc="ACTIVO" ExtnSuggestedPackage="" ExtnSkuPackage=""/&gt;
		&lt;PrimaryInformation DefaultProductClass="SL" Description="CHAROLA GIRATORIA AILE, 48CM, NATURAL H" ShortDescription="CHAROLA GIRATORIA AILE, 48CM, NATURAL H" ExtendedDisplayDescription="CHAROLA GIRATORIA REDO, 48 CM, NATURAL (12439482)" IsDeliveryAllowed="Y" IsPickupAllowed="Y" IsShippingAllowed="Y" PrimaryEnterpriseCode="Liverpool" SerializedFlag="N" Status="3000" UnitCost="829" ItemType=""/&gt;
		&lt;ClassificationCodes ECCNNo="HAUS" Model="18917" NAICSCode="7502008630089" NMFCClass="152" NMFCCode="15204"/&gt;
		&lt;InventoryParameters ATPRule="Liverpool_ATP" InventoryMonitorRule="EPL_ATP_MONITOR_RULE" NodeLevelInventoryMonitorRule="EPL_ATP_MONITOR_RULE"/&gt;
		&lt;ItemAliasList Reset="Y"&gt;
			&lt;ItemAlias AliasName="EAN1" AliasValue="7502008630089"/&gt;
		&lt;/ItemAliasList&gt;
	&lt;/Item&gt;
&lt;/ItemList&gt;
after mod &lt;ItemList&gt;
	&lt;Item Action="Manage" GlobalItemID="12439482" ItemID="20250205203649" OrganizationCode="Liverpool" UnitOfMeasure="UN"&gt;
		&lt;Extn ExtnActive="01" ExtnItemSF="Y" ExtnItemSFDesc="ACTIVO" ExtnSuggestedPackage="" ExtnSkuPackage=""/&gt;
		&lt;PrimaryInformation DefaultProductClass="SL" Description="CHAROLA GIRATORIA AILE, 48CM, NATURAL H" ShortDescription="CHAROLA GIRATORIA AILE, 48CM, NATURAL H" ExtendedDisplayDescription="CHAROLA GIRATORIA REDO, 48 CM, NATURAL (12439482)" IsDeliveryAllowed="Y" IsPickupAllowed="Y" IsShippingAllowed="Y" PrimaryEnterpriseCode="Liverpool" SerializedFlag="N" Status="3000" UnitCost="829" ItemType=""/&gt;
		&lt;ClassificationCodes ECCNNo="HAUS" Model="18917" NAICSCode="7502008630089" NMFCClass="152" NMFCCode="15204"/&gt;
		&lt;InventoryParameters ATPRule="Liverpool_ATP" InventoryMonitorRule="EPL_ATP_MONITOR_RULE" NodeLevelInventoryMonitorRule="EPL_ATP_MONITOR_RULE"/&gt;
		&lt;ItemAliasList Reset="Y"&gt;
			&lt;ItemAlias AliasName="EAN1" AliasValue="7502008630089"/&gt;
		&lt;/ItemAliasList&gt;
	&lt;/Item&gt;
&lt;/ItemList&gt;</msg>
<msg time="2025-02-05T20:36:49.397196" level="INFO">${manageItemJson} = &lt;ItemList&gt;
	&lt;Item Action="Manage" GlobalItemID="12439482" ItemID="20250205203649" OrganizationCode="Liverpool" UnitOfMeasure="UN"&gt;
		&lt;Extn ExtnActive="01" ExtnItemSF="Y" ExtnItemSFDesc="ACTIVO" ExtnSu...</msg>
<var>${manageItemJson}</var>
<arg>C:\\automation\\automationLvrplSL\\LvrplSL\\SL24_43_Wrapper_API_logic_for_order_migration_from_MQ_queue_message_with_partially_fulfilled_child_orders\\TC_6_6.5\\test</arg>
<status status="PASS" start="2025-02-05T20:36:49.396170" elapsed="0.001049"/>
</kw>
<kw name="POST On Session" owner="RequestsLibrary">
<msg time="2025-02-05T20:36:49.431396" level="INFO">POST Request : url=http://localhost:9080/smcfs/restapi/invoke/manageItem 
 path_url=/smcfs/restapi/invoke/manageItem 
 headers={'User-Agent': 'python-requests/2.32.3', 'Accept-Encoding': 'gzip, deflate', 'Accept': '*/*', 'Connection': 'keep-alive', 'Content-Type': 'application/xml', 'Authorization': 'Basic YWRtaW46Q2hhbmdlSXQ0bTM=', 'Content-Length': '1022'} 
 body=&lt;ItemList&gt;
	&lt;Item Action="Manage" GlobalItemID="12439482" ItemID="20250205203649" OrganizationCode="Liverpool" UnitOfMeasure="UN"&gt;
		&lt;Extn ExtnActive="01" ExtnItemSF="Y" ExtnItemSFDesc="ACTIVO" ExtnSuggestedPackage="" ExtnSkuPackage=""/&gt;
		&lt;PrimaryInformation DefaultProductClass="SL" Description="CHAROLA GIRATORIA AILE, 48CM, NATURAL H" ShortDescription="CHAROLA GIRATORIA AILE, 48CM, NATURAL H" ExtendedDisplayDescription="CHAROLA GIRATORIA REDO, 48 CM, NATURAL (12439482)" IsDeliveryAllowed="Y" IsPickupAllowed="Y" IsShippingAllowed="Y" PrimaryEnterpriseCode="Liverpool" SerializedFlag="N" Status="3000" UnitCost="829" ItemType=""/&gt;
		&lt;ClassificationCodes ECCNNo="HAUS" Model="18917" NAICSCode="7502008630089" NMFCClass="152" NMFCCode="15204"/&gt;
		&lt;InventoryParameters ATPRule="Liverpool_ATP" InventoryMonitorRule="EPL_ATP_MONITOR_RULE" NodeLevelInventoryMonitorRule="EPL_ATP_MONITOR_RULE"/&gt;
		&lt;ItemAliasList Reset="Y"&gt;
			&lt;ItemAlias AliasName="EAN1" AliasValue="7502008630089"/&gt;
		&lt;/ItemAliasList&gt;
	&lt;/Item&gt;
&lt;/ItemList&gt; 
 </msg>
<msg time="2025-02-05T20:36:49.431464" level="INFO">POST Response : url=http://localhost:9080/smcfs/restapi/invoke/manageItem 
 status=204, reason=No Content 
 headers={'X-FRAME-OPTIONS': 'SAMEORIGIN', 'X-UA-Compatible': 'IE=EmulateIE8', 'Access-Control-Allow-Credentials': 'true', 'Access-Control-Max-Age': '3600', 'Access-Control-Allow-Origin': '*', 'Content-Language': 'en-US', 'Vary': 'Accept-Encoding', 'Content-Length': '0', 'Date': 'Wed, 05 Feb 2025 15:06:48 GMT'} 
 body=None 
 </msg>
<msg time="2025-02-05T20:36:49.431548" level="INFO">${manageItemResponse} = &lt;Response [204]&gt;</msg>
<var>${manageItemResponse}</var>
<arg>AddData</arg>
<arg>${base_url_api}${manageItem}</arg>
<arg>data=${manageItemJson}</arg>
<doc>Sends a POST request on a previously created HTTP Session.</doc>
<status status="PASS" start="2025-02-05T20:36:49.397470" elapsed="0.034095"/>
</kw>
<kw name="Status Should Be" owner="RequestsLibrary">
<arg>204</arg>
<arg>${manageItemResponse}</arg>
<doc>Fails if response status code is different than the expected.</doc>
<status status="PASS" start="2025-02-05T20:36:49.431921" elapsed="0.000162"/>
</kw>
<kw name="Manage Item With Dynamic Item1" owner="Prepare_Xml_Content">
<msg time="2025-02-05T20:36:49.440375" level="INFO">after mod &lt;ItemList&gt;
	&lt;Item Action="Manage" GlobalItemID="12439482" ItemID="20250205203649" OrganizationCode="Liverpool" UnitOfMeasure="UN"&gt;
		&lt;Extn ExtnActive="01" ExtnItemSF="Y" ExtnItemSFDesc="ACTIVO" ExtnSuggestedPackage="" ExtnSkuPackage=""/&gt;
		&lt;PrimaryInformation DefaultProductClass="SL" Description="CHAROLA GIRATORIA AILE, 48CM, NATURAL H" ShortDescription="CHAROLA GIRATORIA AILE, 48CM, NATURAL H" ExtendedDisplayDescription="CHAROLA GIRATORIA REDO, 48 CM, NATURAL (12439482)" IsDeliveryAllowed="Y" IsPickupAllowed="Y" IsShippingAllowed="Y" PrimaryEnterpriseCode="Liverpool" SerializedFlag="N" Status="3000" UnitCost="829" ItemType=""/&gt;
		&lt;ClassificationCodes ECCNNo="HAUS" Model="18917" NAICSCode="7502008630089" NMFCClass="152" NMFCCode="15204"/&gt;
		&lt;InventoryParameters ATPRule="Liverpool_ATP" InventoryMonitorRule="EPL_ATP_MONITOR_RULE" NodeLevelInventoryMonitorRule="EPL_ATP_MONITOR_RULE"/&gt;
		&lt;ItemAliasList Reset="Y"&gt;
			&lt;ItemAlias AliasName="EAN1" AliasValue="7502008630089"/&gt;
		&lt;/ItemAliasList&gt;
	&lt;/Item&gt;
&lt;/ItemList&gt;</msg>
<msg time="2025-02-05T20:36:49.440643" level="INFO">${jsonItemId} = {'ItemList': {'Item': {'_Action': 'Manage', '_GlobalItemID': '12439482', '_ItemID': '20250205203649', '_OrganizationCode': 'Liverpool', '_UnitOfMeasure': 'UN', 'Extn': {'_ExtnActive': '01', '_ExtnItem...</msg>
<var>${jsonItemId}</var>
<arg>C:\\automation\\automationLvrplSL\\LvrplSL\\SL24_43_Wrapper_API_logic_for_order_migration_from_MQ_queue_message_with_partially_fulfilled_child_orders\\TC_6_6.5\\test</arg>
<status status="PASS" start="2025-02-05T20:36:49.432311" elapsed="0.008354"/>
</kw>
<kw name="Dictionary Should Contain Key" owner="Collections">
<arg>${jsonItemId}</arg>
<arg>ItemList</arg>
<doc>Fails if ``key`` is not found from ``dictionary``.</doc>
<status status="PASS" start="2025-02-05T20:36:49.440986" elapsed="0.000122"/>
</kw>
<kw name="Get From Dictionary" owner="Collections">
<msg time="2025-02-05T20:36:49.441518" level="INFO">${Item_ID_Path} = {'Item': {'_Action': 'Manage', '_GlobalItemID': '12439482', '_ItemID': '20250205203649', '_OrganizationCode': 'Liverpool', '_UnitOfMeasure': 'UN', 'Extn': {'_ExtnActive': '01', '_ExtnItemSF': 'Y', '_E...</msg>
<var>${Item_ID_Path}</var>
<arg>${jsonItemId}</arg>
<arg>ItemList</arg>
<doc>Returns a value from the given ``dictionary`` based on the given ``key``.</doc>
<status status="PASS" start="2025-02-05T20:36:49.441384" elapsed="0.000149"/>
</kw>
<kw name="Adjust Inventory File" owner="Prepare_Xml_Content">
<msg time="2025-02-05T20:36:49.442082" level="INFO">${jsonAdjInv} = &lt;Items&gt;
	&lt;Item AdjustmentType="ABSOLUTE" Availability="TRACK" ItemID="20250205203649" OrganizationCode="Liverpool" Quantity="100" ReasonCode="itemSLRTAMS19t2" ReasonText="Ajuste GoldenGate" ShipNode="...</msg>
<var>${jsonAdjInv}</var>
<arg>${jsonItemId}[ItemList][Item][_ItemID]</arg>
<arg>C:\\automation\\automationLvrplSL\\LvrplSL\\SL24_43_Wrapper_API_logic_for_order_migration_from_MQ_queue_message_with_partially_fulfilled_child_orders\\TC_6_6.5\\test</arg>
<status status="PASS" start="2025-02-05T20:36:49.441788" elapsed="0.000321"/>
</kw>
<kw name="POST On Session" owner="RequestsLibrary">
<msg time="2025-02-05T20:36:49.469009" level="INFO">POST Request : url=http://localhost:9080/smcfs/restapi/invoke/adjustInventory 
 path_url=/smcfs/restapi/invoke/adjustInventory 
 headers={'User-Agent': 'python-requests/2.32.3', 'Accept-Encoding': 'gzip, deflate', 'Accept': '*/*', 'Connection': 'keep-alive', 'Content-Type': 'application/xml', 'Authorization': 'Basic YWRtaW46Q2hhbmdlSXQ0bTM=', 'Content-Length': '253'} 
 body=&lt;Items&gt;
	&lt;Item AdjustmentType="ABSOLUTE" Availability="TRACK" ItemID="20250205203649" OrganizationCode="Liverpool" Quantity="100" ReasonCode="itemSLRTAMS19t2" ReasonText="Ajuste GoldenGate" ShipNode="77" SupplyType="ONHAND" UnitOfMeasure="UN"/&gt;
&lt;/Items&gt; 
 </msg>
<msg time="2025-02-05T20:36:49.469065" level="INFO">POST Response : url=http://localhost:9080/smcfs/restapi/invoke/adjustInventory 
 status=204, reason=No Content 
 headers={'X-FRAME-OPTIONS': 'SAMEORIGIN', 'X-UA-Compatible': 'IE=EmulateIE8', 'Access-Control-Allow-Credentials': 'true', 'Access-Control-Max-Age': '3600', 'Access-Control-Allow-Origin': '*', 'Content-Language': 'en-US', 'Vary': 'Accept-Encoding', 'Content-Length': '0', 'Date': 'Wed, 05 Feb 2025 15:06:48 GMT'} 
 body=None 
 </msg>
<msg time="2025-02-05T20:36:49.469148" level="INFO">${adjInvresponse} = &lt;Response [204]&gt;</msg>
<var>${adjInvresponse}</var>
<arg>AddData</arg>
<arg>${base_url_api}${adjustInventory}</arg>
<arg>data=${jsonAdjInv}</arg>
<arg>headers=${headers}</arg>
<doc>Sends a POST request on a previously created HTTP Session.</doc>
<status status="PASS" start="2025-02-05T20:36:49.442369" elapsed="0.026795"/>
</kw>
<kw name="Status Should Be" owner="RequestsLibrary">
<arg>204</arg>
<arg>${adjInvresponse}</arg>
<doc>Fails if response status code is different than the expected.</doc>
<status status="PASS" start="2025-02-05T20:36:49.469795" elapsed="0.000135"/>
</kw>
<kw name="Find Inventory File" owner="Prepare_Xml_Content">
<msg time="2025-02-05T20:36:49.471019" level="INFO">${jsonfindInventory} = &lt;Promise AllocationRuleID="FWD_RULES" CheckInventory="Y" EnterpriseCode="Liverpool" FulfillmentType="Fulfillment_Type_Liverpool"
 OrganizationCode="Liverpool"&gt;
	&lt;ShipToAddress Country="MX" ZipCode="98...</msg>
<var>${jsonfindInventory}</var>
<arg>${jsonItemId}[ItemList][Item][_ItemID]</arg>
<arg>C:\\automation\\automationLvrplSL\\LvrplSL\\SL24_43_Wrapper_API_logic_for_order_migration_from_MQ_queue_message_with_partially_fulfilled_child_orders\\TC_6_6.5\\test</arg>
<status status="PASS" start="2025-02-05T20:36:49.470415" elapsed="0.000634"/>
</kw>
<kw name="POST On Session" owner="RequestsLibrary">
<msg time="2025-02-05T20:36:49.867427" level="INFO">POST Request : url=http://localhost:9080/smcfs/restapi/invoke/findInventory 
 path_url=/smcfs/restapi/invoke/findInventory 
 headers={'User-Agent': 'python-requests/2.32.3', 'Accept-Encoding': 'gzip, deflate', 'Accept': '*/*', 'Connection': 'keep-alive', 'Content-Type': 'application/xml', 'Authorization': 'Basic YWRtaW46Q2hhbmdlSXQ0bTM=', 'Content-Length': '338'} 
 body=&lt;Promise AllocationRuleID="FWD_RULES" CheckInventory="Y" EnterpriseCode="Liverpool" FulfillmentType="Fulfillment_Type_Liverpool"
 OrganizationCode="Liverpool"&gt;
	&lt;ShipToAddress Country="MX" ZipCode="98047"/&gt;
	&lt;PromiseLines&gt;
		&lt;PromiseLine ItemID="20250205203649" LineId="1" RequiredQty="20" UnitOfMeasure="UN"/&gt;
	&lt;/PromiseLines&gt;
&lt;/Promise&gt; 
 </msg>
<msg time="2025-02-05T20:36:49.867525" level="INFO">POST Response : url=http://localhost:9080/smcfs/restapi/invoke/findInventory 
 status=200, reason=OK 
 headers={'X-FRAME-OPTIONS': 'SAMEORIGIN', 'X-UA-Compatible': 'IE=EmulateIE8', 'Access-Control-Allow-Credentials': 'true', 'Access-Control-Max-Age': '3600', 'Access-Control-Allow-Origin': '*', 'Content-Type': 'application/json; charset=UTF-8', 'Content-Encoding': 'gzip', 'Content-Language': 'en-US', 'Vary': 'Accept-Encoding', 'Content-Length': '943', 'Date': 'Wed, 05 Feb 2025 15:06:49 GMT'} 
 body={"Options":{"TotalNumberOfRecords":"0"},"OptimizationType":"02","CheckInventory":"Y","AllocationRuleID":"FWD_RULES","SuggestedOption":{"Option":{"LastDate":"2025-02-05T15:06:48+00:00","OptionNo":"23","NodeQty":"20.00","FirstDate":"2025-02-05T15:06:48+00:00","AvailableFromUnplannedInventory":"N","TotalShipments":"1","Interactions":{"Interaction":[{"IsDelivery":"N","CarrierServiceCode":"","DeliveryMethod":"SHP","Node":"77","DeliveryDate":"2025-02-05T15:06:48+00:00","ShipDate":"2025-02-05T15:06:48+00:00","EarliestDate":"2025-02-05T00:00:00+00:00","LastDate":"2025-03-07T23:59:59+00:00","ItemGroupCode":"PROD","PersonInfoShipTo":{"VerificationStatus":"","Company":"","OtherPhone":"","UseCount":"0","EMailID":"","DayPhone":"","JobTitle":"","MobilePhone":"","Department":"","AlternateEmailID":"","PersonID":"","PreferredShipAddress":"","Beeper":"","FirstName":"","ZipCode":"98047","Title":"","City":"","MiddleName":"","DayFaxNo":"","HttpUrl":"","AddressLine3":"","AddressLine2":"","AddressLine1":"","Suffix":"","AddressLine6":"","AddressLine5":"","State":"","AddressLine4":"","EveningFaxNo":"","EveningPhone":"","Country":"MX","ErrorTxt":"","LastName":"","isHistory":"N"},"OrganizationCode":"","Carrier":"","TotalHandlingUnits":"0.00","InteractionNo":"1"}],"TotalNumberOfRecords":"1"},"LeastPriority":"10.00","PromiseLines":{"PromiseLine":[{"CarrierServiceCode":"","DeliveryMethod":"SHP","LineId":"1","UnitOfMeasure":"UN","Assignments":{"Assignment":[{"Procurements":{},"IsIdleAsset":"N","SegmentChangeQty":"0.00","ExternalNode":"N","ReservedQty":"0.00","AvailableFromUnplannedInventory":"N","ProcuredQty":"0.00","Quantity":"20.00","DeliveryDate":"2025-02-05T15:06:48+00:00","ShipDate":"2025-02-05T15:06:48+00:00","SubstituteItems":{},"MergeNode":"","SCAC":"","NodePriority":"10.00","ShipNode":"77","InteractionNo":"1","ProductAvailDate":"2025-02-05","Distance":"0.00","SubstitutedQty":"0.00"}],"TotalNumberOfRecords":"1"},"ReceivingNode":"","IsBundleParent":"N","ItemID":"20250205203649","Segment":"","SegmentType":"","NewItemID":"","SCAC":"","BundleParentLineId":"","KitQty":"1","RequiredQty":"20","AutoReplacedByPreferredSubstitute":"N","DistributionRuleId":"","ShipNode":"","ProductClass":"","FulfillmentType":"Fulfillment_Type_Liverpool"}],"TotalNumberOfRecords":"1"},"MaxPriority":"10.00","PromiseServiceLines":{"TotalNumberOfRecords":"0"},"HasAnyUnavailableQty":"N"}},"OrganizationCode":"Liverpool","EnterpriseCode":"Liverpool","FulfillmentType":"Fulfillment_Type_Liverpool"} 
 </msg>
<msg time="2025-02-05T20:36:49.868012" level="INFO">${findInventoryResponse} = &lt;Response [200]&gt;</msg>
<var>${findInventoryResponse}</var>
<arg>AddData</arg>
<arg>${base_url_api}${findInventory}</arg>
<arg>data=${jsonfindInventory}</arg>
<arg>headers=${headers}</arg>
<doc>Sends a POST request on a previously created HTTP Session.</doc>
<status status="PASS" start="2025-02-05T20:36:49.471415" elapsed="0.396621"/>
</kw>
<kw name="Convert To String" owner="BuiltIn">
<msg time="2025-02-05T20:36:49.868925" level="INFO">${resp} = {'Options': {'TotalNumberOfRecords': '0'}, 'OptimizationType': '02', 'CheckInventory': 'Y', 'AllocationRuleID': 'FWD_RULES', 'SuggestedOption': {'Option': {'LastDate': '2025-02-05T15:06:48+00:00', 'Op...</msg>
<var>${resp}</var>
<arg>${findInventoryResponse.json()}</arg>
<doc>Converts the given item to a Unicode string.</doc>
<status status="PASS" start="2025-02-05T20:36:49.868320" elapsed="0.000625"/>
</kw>
<kw name="Write Output File" owner="Prepare_Xml_Content">
<arg>${resp}</arg>
<arg>'findInv'</arg>
<arg>C:\\automation\\automationLvrplSL\\LvrplSL\\SL24_43_Wrapper_API_logic_for_order_migration_from_MQ_queue_message_with_partially_fulfilled_child_orders\\TC_6_6.5\\test</arg>
<status status="PASS" start="2025-02-05T20:36:49.869127" elapsed="0.000657"/>
</kw>
<kw name="Create Order File" owner="Prepare_Xml_Content">
<msg time="2025-02-05T20:36:49.870304" level="INFO">${jsonCreateOrder} = &lt;Order AllocationRuleID="FWD_RULES" CustomerEMailID="ISAVELA0102@GMAIL.COM" CustomerFirstName="MARIA ISABEL  VELAZCO CRUZ" CustomerLastName=" " CustomerPONo="" CustomerPhoneNo="222 03888534" CustomerZ...</msg>
<var>${jsonCreateOrder}</var>
<arg>${jsonItemId}[ItemList][Item][_ItemID]</arg>
<arg>C:\\automation\\automationLvrplSL\\LvrplSL\\SL24_43_Wrapper_API_logic_for_order_migration_from_MQ_queue_message_with_partially_fulfilled_child_orders\\TC_6_6.5\\test</arg>
<status status="PASS" start="2025-02-05T20:36:49.869941" elapsed="0.000397"/>
</kw>
<kw name="POST On Session" owner="RequestsLibrary">
<msg time="2025-02-05T20:36:49.936828" level="INFO">POST Request : url=http://localhost:9080/smcfs/restapi/invoke/createOrder 
 path_url=/smcfs/restapi/invoke/createOrder 
 headers={'User-Agent': 'python-requests/2.32.3', 'Accept-Encoding': 'gzip, deflate', 'Accept': '*/*', 'Connection': 'keep-alive', 'Content-Type': 'application/xml', 'Authorization': 'Basic YWRtaW46Q2hhbmdlSXQ0bTM=', 'Content-Length': '2756'} 
 body=&lt;Order AllocationRuleID="FWD_RULES" CustomerEMailID="ISAVELA0102@GMAIL.COM" CustomerFirstName="MARIA ISABEL  VELAZCO CRUZ" CustomerLastName=" " CustomerPONo="" CustomerPhoneNo="222 03888534" CustomerZipCode="98047" DeliveryCode="" Division="" DocumentType="0001" EnterpriseCode="Liverpool" HasChainedLines="" OrderDate="2025-01-09T03:11:05-06:00"  OrderName="1001" OrderNo="20250205203649" OrderType="Personal"&gt;
                    &lt;OrderLines&gt;
                        &lt;OrderLine DeliveryMethod="SHP" FulfillmentType="Liverpool_Deliver_By_Parcel" MaxLineStatus="1300" MinLineStatus="1300"  OrderedQty="10" PrimeLineNo="1" SubLineNo="1"&gt;
                            &lt;Extn/&gt;
                            &lt;Item ItemDesc="FAMOSA NANCY BAIL" ItemID="20250205203649" ProductClass="" UnitOfMeasure="UN"/&gt;
                            &lt;LinePriceInfo IsPriceLocked="Y" ListPrice="0.00" UnitPrice="899.00"/&gt;
                            &lt;References/&gt;
                            &lt;OrderHoldTypes/&gt;
                            &lt;LineCharges/&gt;
                            &lt;LineTaxes/&gt;
                            &lt;OrderStatuses&gt;
                                &lt;OrderStatus Status="1300" StatusQty="10" TotalQuantity="10"/&gt;
                            &lt;/OrderStatuses&gt;
                        &lt;/OrderLine&gt;
                    &lt;/OrderLines&gt;
                    &lt;PersonInfoShipTo AddressLine1="AVENIDA 33 PONIENTE" AddressLine2="2305" AddressLine3="" AddressLine4="BENITO JUAREZ" AddressLine5="PUEBLA" AddressLine6="" City="Tultitlan" Country="MX" DayPhone="222 03888534" EMailID="ISAVELA0102@GMAIL.COM" FirstName="MARIA ISABEL  VELAZCO CRUZ" LastName="" MiddleName="" MobilePhone="" State="Estado de Mexico" ZipCode="98047"/&gt;
                    &lt;PersonInfoBillTo AddressLine1="AVENIDA 33 PONIENTE" AddressLine2="2305" AddressLine3="" AddressLine4="BENITO JUAREZ" AddressLine5="PUEBLA" AddressLine6="" City="Tultitlan" Country="MX" DayPhone="222 03888534" EMailID="ISAVELA0102@GMAIL.COM" FirstName="MARIA ISABEL  VELAZCO CRUZ" LastName="" MiddleName="" MobilePhone="" State="Estado de Mexico" ZipCode="98047"/&gt;
                    &lt;PersonInfoContact AddressLine1="AVENIDA 33 PONIENTE" AddressLine2="2305" AddressLine3="" AddressLine4="BENITO JUAREZ" AddressLine5="PUEBLA" AddressLine6="" City="Tultitlan" Country="MX" DayPhone="222 03888534" EMailID="ISAVELA0102@GMAIL.COM" FirstName="MARIA ISABEL  VELAZCO CRUZ" LastName="" MiddleName="" MobilePhone="" State="Estado de Mexico" ZipCode="98047"/&gt;
                    &lt;References/&gt;
                    &lt;Notes NumberOfNotes="0"/&gt;
                    &lt;OrderHoldTypes/&gt;
                    &lt;Instructions NumberOfInstructions="0"/&gt;
                    &lt;HeaderCharges/&gt;
                    &lt;HeaderTaxes/&gt;
                &lt;/Order&gt;
 
 </msg>
<msg time="2025-02-05T20:36:49.937024" level="INFO">POST Response : url=http://localhost:9080/smcfs/restapi/invoke/createOrder 
 status=200, reason=OK 
 headers={'X-FRAME-OPTIONS': 'SAMEORIGIN', 'X-UA-Compatible': 'IE=EmulateIE8', 'Access-Control-Allow-Credentials': 'true', 'Access-Control-Max-Age': '3600', 'Access-Control-Allow-Origin': '*', 'Content-Type': 'application/json; charset=UTF-8', 'Content-Encoding': 'gzip', 'Content-Language': 'en-US', 'Vary': 'Accept-Encoding', 'Content-Length': '116', 'Date': 'Wed, 05 Feb 2025 15:06:49 GMT'} 
 body={"DocumentType":"0001","OrderNo":"20250205203649","OrderHeaderKey":"202502051506491020916","EnterpriseCode":"Liverpool"} 
 </msg>
<msg time="2025-02-05T20:36:49.937190" level="INFO">${createOrderResponse} = &lt;Response [200]&gt;</msg>
<var>${createOrderResponse}</var>
<arg>AddData</arg>
<arg>${base_url_api}${createOrder}</arg>
<arg>data=${jsonCreateOrder}</arg>
<arg>headers=${headers}</arg>
<doc>Sends a POST request on a previously created HTTP Session.</doc>
<status status="PASS" start="2025-02-05T20:36:49.870575" elapsed="0.066635"/>
</kw>
<kw name="Convert To String" owner="BuiltIn">
<msg time="2025-02-05T20:36:49.938246" level="INFO">${resp2} = {'DocumentType': '0001', 'OrderNo': '20250205203649', 'OrderHeaderKey': '202502051506491020916', 'EnterpriseCode': 'Liverpool'}</msg>
<var>${resp2}</var>
<arg>${createOrderResponse.json()}</arg>
<doc>Converts the given item to a Unicode string.</doc>
<status status="PASS" start="2025-02-05T20:36:49.937563" elapsed="0.000703"/>
</kw>
<kw name="Write Output File" owner="Prepare_Xml_Content">
<arg>${resp2}</arg>
<arg>'createOrder'</arg>
<arg>C:\\automation\\automationLvrplSL\\LvrplSL\\SL24_43_Wrapper_API_logic_for_order_migration_from_MQ_queue_message_with_partially_fulfilled_child_orders\\TC_6_6.5\\test</arg>
<status status="PASS" start="2025-02-05T20:36:49.938825" elapsed="0.000834"/>
</kw>
<kw name="Log To Console" owner="BuiltIn">
<arg>${createOrderResponse}</arg>
<doc>Logs the given message to the console.</doc>
<status status="PASS" start="2025-02-05T20:36:49.939931" elapsed="0.000258"/>
</kw>
<kw name="Get Current Date" owner="DateTime">
<msg time="2025-02-05T20:36:49.940573" level="INFO">${timestamp} = 20250205-2036</msg>
<var>${timestamp}</var>
<arg>result_format=%Y%m%d-%H%M</arg>
<doc>Returns current local or UTC time with an optional increment.</doc>
<status status="PASS" start="2025-02-05T20:36:49.940403" elapsed="0.000188"/>
</kw>
<kw name="Dictionary Should Contain Key" owner="Collections">
<arg>${createOrderResponse.json()}</arg>
<arg>OrderNo</arg>
<doc>Fails if ``key`` is not found from ``dictionary``.</doc>
<status status="PASS" start="2025-02-05T20:36:49.940788" elapsed="0.000497"/>
</kw>
<kw name="Get From Dictionary" owner="Collections">
<msg time="2025-02-05T20:36:49.941986" level="INFO">${Order_No} = 20250205203649</msg>
<var>${Order_No}</var>
<arg>${createOrderResponse.json()}</arg>
<arg>OrderNo</arg>
<doc>Returns a value from the given ``dictionary`` based on the given ``key``.</doc>
<status status="PASS" start="2025-02-05T20:36:49.941506" elapsed="0.000499"/>
</kw>
<kw name="Dictionary Should Contain Key" owner="Collections">
<arg>${createOrderResponse.json()}</arg>
<arg>OrderHeaderKey</arg>
<doc>Fails if ``key`` is not found from ``dictionary``.</doc>
<status status="PASS" start="2025-02-05T20:36:49.942167" elapsed="0.000489"/>
</kw>
<kw name="Get From Dictionary" owner="Collections">
<msg time="2025-02-05T20:36:49.943412" level="INFO">${Order_Header_Key} = 202502051506491020916</msg>
<var>${Order_Header_Key}</var>
<arg>${createOrderResponse.json()}</arg>
<arg>OrderHeaderKey</arg>
<doc>Returns a value from the given ``dictionary`` based on the given ``key``.</doc>
<status status="PASS" start="2025-02-05T20:36:49.942904" elapsed="0.000526"/>
</kw>
<kw name="Append Excel File1" owner="read_write_all_excel">
<arg>${file}</arg>
<arg>${Order_No}</arg>
<arg>${TEST NAME}</arg>
<arg>${timestamp}</arg>
<arg>${jsonCreateOrder}</arg>
<arg>${createOrderResponse.json()}</arg>
<status status="PASS" start="2025-02-05T20:36:49.943595" elapsed="0.001185"/>
</kw>
<kw name="Set Test Message" owner="BuiltIn">
<msg time="2025-02-05T20:36:49.945188" level="INFO">Set test message to:
Release of order will be Backordered from Node , Order line/s will be moved in backordered</msg>
<arg>Release of order will be Backordered from Node , Order line/s will be moved in backordered</arg>
<doc>Sets message for the current test case.</doc>
<status status="PASS" start="2025-02-05T20:36:49.945089" elapsed="0.000132"/>
</kw>
<doc>Shortage from XD/EWM</doc>
<tag>CREATEORDER</tag>
<tag>HAPPYFLOW</tag>
<tag>REGRESSION</tag>
<status status="PASS" start="2025-02-05T20:36:49.393509" elapsed="0.551857">Release of order will be Backordered from Node , Order line/s will be moved in backordered</status>
</test>
<status status="PASS" start="2025-02-05T20:36:48.631670" elapsed="1.314289"/>
</suite>
<status status="PASS" start="2025-02-05T20:36:48.608718" elapsed="1.338030"/>
</suite>
<statistics>
<total>
<stat pass="1" fail="0" skip="0">All Tests</stat>
</total>
<tag>
<stat pass="1" fail="0" skip="0">CREATEORDER</stat>
<stat pass="1" fail="0" skip="0">HAPPYFLOW</stat>
<stat pass="1" fail="0" skip="0">REGRESSION</stat>
</tag>
<suite>
<stat pass="1" fail="0" skip="0" id="s1" name="Test">Test</stat>
<stat pass="1" fail="0" skip="0" id="s1-s1" name="T 6 6.5">Test.T 6 6.5</stat>
</suite>
</statistics>
<errors>
</errors>
</robot>
