<?xml version="1.0" encoding="UTF-8"?>
<robot generator="Robot 7.1.1 (Python 3.13.1 on win32)" generated="2025-01-27T20:25:19.634644" rpa="false" schemaversion="5">
<suite id="s1" name="SL24 49 SL24 56 TestCase 6 &amp; SL24 49 SL24 56 TestCase 7">
<suite id="s1-s1" name="SL24 49 SL24 56 TestCase 6" source="C:\EPL-Liverpool-SL\LvrplSL\SL24-56_Create_Inventory_Activity_on_Safety_Factory_Load_or_Update\SL24_49_SL24_56_TestCase_6">
<suite id="s1-s1-s1" name="Test" source="C:\EPL-Liverpool-SL\LvrplSL\SL24-56_Create_Inventory_Activity_on_Safety_Factory_Load_or_Update\SL24_49_SL24_56_TestCase_6\test">
<suite id="s1-s1-s1-s1" name="Tc002" source="C:\EPL-Liverpool-SL\LvrplSL\SL24-56_Create_Inventory_Activity_on_Safety_Factory_Load_or_Update\SL24_49_SL24_56_TestCase_6\test\Tc002.robot">
<test id="s1-s1-s1-s1-t1" name="Create Order TC_001" line="13">
<kw name="Creating Session1" owner="createSession">
<kw name="Create List" owner="BuiltIn">
<msg time="2025-01-27T20:25:20.612717" level="INFO">${auth} = ['admin', 'ChangeIt4m3']</msg>
<var>${auth}</var>
<arg>${user}</arg>
<arg>${passwd}</arg>
<doc>Returns a list containing given items.</doc>
<status status="PASS" start="2025-01-27T20:25:20.612546" elapsed="0.000202"/>
</kw>
<kw name="Create Session" owner="RequestsLibrary">
<msg time="2025-01-27T20:25:20.613159" level="INFO">Creating Session using : alias=AddData, url=http://localhost:9080/smcfs/restapi/invoke/createOrder, headers={'Content-Type': 'application/xml', 'Authorization': 'Basic YWRtaW46cGFzc3dvcmQ='},                     cookies={}, auth=&lt;requests.auth.HTTPBasicAuth object at 0x00000235FE439400&gt;, timeout=None, proxies=None, verify=False,                     debug=0 </msg>
<arg>${AddData}</arg>
<arg>url=${base_url_api}${createOrder}</arg>
<arg>headers=${headers}</arg>
<arg>auth=${auth}</arg>
<doc>Create Session: create a HTTP session to a server</doc>
<status status="PASS" start="2025-01-27T20:25:20.612863" elapsed="0.000464"/>
</kw>
<arg>AddData</arg>
<status status="PASS" start="2025-01-27T20:25:20.611915" elapsed="0.001485"/>
</kw>
<kw name="Manage Item With Dynamic Item" owner="Prepare_Xml_Content">
<msg time="2025-01-27T20:25:20.614766" level="INFO">before mod &lt;ItemList&gt;
	&lt;Item Action="Manage" GlobalItemID="12439482" ItemID="$ItemID" OrganizationCode="Liverpool" UnitOfMeasure="UN"&gt;
		&lt;Extn ExtnActive="01" ExtnItemSF="Y" ExtnItemSFDesc="ACTIVO" ExtnSuggestedPackage="" ExtnSkuPackage=""/&gt;
		&lt;PrimaryInformation DefaultProductClass="SL" Description="CHAROLA GIRATORIA AILE, 48CM, NATURAL H" ShortDescription="CHAROLA GIRATORIA AILE, 48CM, NATURAL H" ExtendedDisplayDescription="CHAROLA GIRATORIA REDO, 48 CM, NATURAL (12439482)" IsDeliveryAllowed="Y" IsPickupAllowed="Y" IsShippingAllowed="Y" PrimaryEnterpriseCode="Liverpool" SerializedFlag="N" Status="3000" UnitCost="829" ItemType=""/&gt;
		&lt;ClassificationCodes ECCNNo="HAUS" Model="18917" NAICSCode="7502008630089" NMFCClass="152" NMFCCode="15204"/&gt;
		&lt;InventoryParameters ATPRule="Liverpool_ATP" InventoryMonitorRule="EPL_ATP_MONITOR_RULE" NodeLevelInventoryMonitorRule="EPL_ATP_MONITOR_RULE"/&gt;
		&lt;ItemAliasList Reset="Y"&gt;
			&lt;ItemAlias AliasName="EAN1" AliasValue="7502008630089"/&gt;
		&lt;/ItemAliasList&gt;
	&lt;/Item&gt;
&lt;/ItemList&gt;
after mod &lt;ItemList&gt;
	&lt;Item Action="Manage" GlobalItemID="12439482" ItemID="20250127202520" OrganizationCode="Liverpool" UnitOfMeasure="UN"&gt;
		&lt;Extn ExtnActive="01" ExtnItemSF="Y" ExtnItemSFDesc="ACTIVO" ExtnSuggestedPackage="" ExtnSkuPackage=""/&gt;
		&lt;PrimaryInformation DefaultProductClass="SL" Description="CHAROLA GIRATORIA AILE, 48CM, NATURAL H" ShortDescription="CHAROLA GIRATORIA AILE, 48CM, NATURAL H" ExtendedDisplayDescription="CHAROLA GIRATORIA REDO, 48 CM, NATURAL (12439482)" IsDeliveryAllowed="Y" IsPickupAllowed="Y" IsShippingAllowed="Y" PrimaryEnterpriseCode="Liverpool" SerializedFlag="N" Status="3000" UnitCost="829" ItemType=""/&gt;
		&lt;ClassificationCodes ECCNNo="HAUS" Model="18917" NAICSCode="7502008630089" NMFCClass="152" NMFCCode="15204"/&gt;
		&lt;InventoryParameters ATPRule="Liverpool_ATP" InventoryMonitorRule="EPL_ATP_MONITOR_RULE" NodeLevelInventoryMonitorRule="EPL_ATP_MONITOR_RULE"/&gt;
		&lt;ItemAliasList Reset="Y"&gt;
			&lt;ItemAlias AliasName="EAN1" AliasValue="7502008630089"/&gt;
		&lt;/ItemAliasList&gt;
	&lt;/Item&gt;
&lt;/ItemList&gt;</msg>
<msg time="2025-01-27T20:25:20.614960" level="INFO">${manageItemJson} = &lt;ItemList&gt;
	&lt;Item Action="Manage" GlobalItemID="12439482" ItemID="20250127202520" OrganizationCode="Liverpool" UnitOfMeasure="UN"&gt;
		&lt;Extn ExtnActive="01" ExtnItemSF="Y" ExtnItemSFDesc="ACTIVO" ExtnSu...</msg>
<var>${manageItemJson}</var>
<arg>C:\\EPL-Liverpool-SL\\LvrplSL\\SL24-56_Create_Inventory_Activity_on_Safety_Factory_Load_or_Update\\SL24_49_SL24_56_TestCase_6\\test</arg>
<status status="PASS" start="2025-01-27T20:25:20.613727" elapsed="0.001264"/>
</kw>
<kw name="POST On Session" owner="RequestsLibrary">
<msg time="2025-01-27T20:25:20.655241" level="INFO">POST Request : url=http://localhost:9080/smcfs/restapi/invoke/manageItem 
 path_url=/smcfs/restapi/invoke/manageItem 
 headers={'User-Agent': 'python-requests/2.32.3', 'Accept-Encoding': 'gzip, deflate', 'Accept': '*/*', 'Connection': 'keep-alive', 'Content-Type': 'application/xml', 'Authorization': 'Basic YWRtaW46Q2hhbmdlSXQ0bTM=', 'Content-Length': '1022'} 
 body=&lt;ItemList&gt;
	&lt;Item Action="Manage" GlobalItemID="12439482" ItemID="20250127202520" OrganizationCode="Liverpool" UnitOfMeasure="UN"&gt;
		&lt;Extn ExtnActive="01" ExtnItemSF="Y" ExtnItemSFDesc="ACTIVO" ExtnSuggestedPackage="" ExtnSkuPackage=""/&gt;
		&lt;PrimaryInformation DefaultProductClass="SL" Description="CHAROLA GIRATORIA AILE, 48CM, NATURAL H" ShortDescription="CHAROLA GIRATORIA AILE, 48CM, NATURAL H" ExtendedDisplayDescription="CHAROLA GIRATORIA REDO, 48 CM, NATURAL (12439482)" IsDeliveryAllowed="Y" IsPickupAllowed="Y" IsShippingAllowed="Y" PrimaryEnterpriseCode="Liverpool" SerializedFlag="N" Status="3000" UnitCost="829" ItemType=""/&gt;
		&lt;ClassificationCodes ECCNNo="HAUS" Model="18917" NAICSCode="7502008630089" NMFCClass="152" NMFCCode="15204"/&gt;
		&lt;InventoryParameters ATPRule="Liverpool_ATP" InventoryMonitorRule="EPL_ATP_MONITOR_RULE" NodeLevelInventoryMonitorRule="EPL_ATP_MONITOR_RULE"/&gt;
		&lt;ItemAliasList Reset="Y"&gt;
			&lt;ItemAlias AliasName="EAN1" AliasValue="7502008630089"/&gt;
		&lt;/ItemAliasList&gt;
	&lt;/Item&gt;
&lt;/ItemList&gt; 
 </msg>
<msg time="2025-01-27T20:25:20.655323" level="INFO">POST Response : url=http://localhost:9080/smcfs/restapi/invoke/manageItem 
 status=204, reason=No Content 
 headers={'X-FRAME-OPTIONS': 'SAMEORIGIN', 'X-UA-Compatible': 'IE=EmulateIE8', 'Access-Control-Allow-Credentials': 'true', 'Access-Control-Allow-Origin': '*', 'Access-Control-Max-Age': '3600', 'Content-Language': 'en-US', 'Vary': 'Accept-Encoding', 'Content-Length': '0', 'Date': 'Mon, 27 Jan 2025 14:55:19 GMT'} 
 body=None 
 </msg>
<msg time="2025-01-27T20:25:20.655438" level="INFO">${manageItemResponse} = &lt;Response [204]&gt;</msg>
<var>${manageItemResponse}</var>
<arg>AddData</arg>
<arg>${base_url_api}${manageItem}</arg>
<arg>data=${manageItemJson}</arg>
<doc>Sends a POST request on a previously created HTTP Session.</doc>
<status status="PASS" start="2025-01-27T20:25:20.615297" elapsed="0.040158"/>
</kw>
<kw name="Status Should Be" owner="RequestsLibrary">
<arg>204</arg>
<arg>${manageItemResponse}</arg>
<doc>Fails if response status code is different than the expected.</doc>
<status status="PASS" start="2025-01-27T20:25:20.655735" elapsed="0.000164"/>
</kw>
<kw name="Manage Item With Dynamic Item1" owner="Prepare_Xml_Content">
<msg time="2025-01-27T20:25:20.658008" level="INFO">after mod &lt;ItemList&gt;
	&lt;Item Action="Manage" GlobalItemID="12439482" ItemID="20250127202520" OrganizationCode="Liverpool" UnitOfMeasure="UN"&gt;
		&lt;Extn ExtnActive="01" ExtnItemSF="Y" ExtnItemSFDesc="ACTIVO" ExtnSuggestedPackage="" ExtnSkuPackage=""/&gt;
		&lt;PrimaryInformation DefaultProductClass="SL" Description="CHAROLA GIRATORIA AILE, 48CM, NATURAL H" ShortDescription="CHAROLA GIRATORIA AILE, 48CM, NATURAL H" ExtendedDisplayDescription="CHAROLA GIRATORIA REDO, 48 CM, NATURAL (12439482)" IsDeliveryAllowed="Y" IsPickupAllowed="Y" IsShippingAllowed="Y" PrimaryEnterpriseCode="Liverpool" SerializedFlag="N" Status="3000" UnitCost="829" ItemType=""/&gt;
		&lt;ClassificationCodes ECCNNo="HAUS" Model="18917" NAICSCode="7502008630089" NMFCClass="152" NMFCCode="15204"/&gt;
		&lt;InventoryParameters ATPRule="Liverpool_ATP" InventoryMonitorRule="EPL_ATP_MONITOR_RULE" NodeLevelInventoryMonitorRule="EPL_ATP_MONITOR_RULE"/&gt;
		&lt;ItemAliasList Reset="Y"&gt;
			&lt;ItemAlias AliasName="EAN1" AliasValue="7502008630089"/&gt;
		&lt;/ItemAliasList&gt;
	&lt;/Item&gt;
&lt;/ItemList&gt;</msg>
<msg time="2025-01-27T20:25:20.658311" level="INFO">${jsonItemId} = {'ItemList': {'Item': {'_Action': 'Manage', '_GlobalItemID': '12439482', '_ItemID': '20250127202520', '_OrganizationCode': 'Liverpool', '_UnitOfMeasure': 'UN', 'Extn': {'_ExtnActive': '01', '_ExtnItem...</msg>
<var>${jsonItemId}</var>
<arg>C:\\EPL-Liverpool-SL\\LvrplSL\\SL24-56_Create_Inventory_Activity_on_Safety_Factory_Load_or_Update\\SL24_49_SL24_56_TestCase_6\\test</arg>
<status status="PASS" start="2025-01-27T20:25:20.656157" elapsed="0.002180"/>
</kw>
<kw name="Input File" owner="Prepare_Xml_Content">
<msg time="2025-01-27T20:25:20.658914" level="INFO">${sfLoadJson} = &lt;ItemNodeDefn ItemID="20250127202520" Node="104" OrganizationCode="Liverpool" UnitOfMeasure="UN"&gt;
	&lt;SafetyFactorDefinitions&gt;
		&lt;SafetyFactorDefinition DeliveryMethod="SHP" FutureSafetyFactorPercentage...</msg>
<var>${sfLoadJson}</var>
<arg>${jsonItemId}[ItemList][Item][_ItemID]</arg>
<arg>C:\\EPL-Liverpool-SL\\LvrplSL\\SL24-56_Create_Inventory_Activity_on_Safety_Factory_Load_or_Update\\SL24_49_SL24_56_TestCase_6\\test</arg>
<status status="PASS" start="2025-01-27T20:25:20.658602" elapsed="0.000333"/>
</kw>
<kw name="Log To Console" owner="BuiltIn">
<arg>${sfLoadJson}</arg>
<doc>Logs the given message to the console.</doc>
<status status="PASS" start="2025-01-27T20:25:20.659103" elapsed="0.000323"/>
</kw>
<kw name="POST On Session" owner="RequestsLibrary">
<msg time="2025-01-27T20:25:20.739265" level="INFO">POST Request : url=http://localhost:9080/smcfs/restapi/executeFlow/EPLSafetyFactorLoadSyncService 
 path_url=/smcfs/restapi/executeFlow/EPLSafetyFactorLoadSyncService 
 headers={'User-Agent': 'python-requests/2.32.3', 'Accept-Encoding': 'gzip, deflate', 'Accept': '*/*', 'Connection': 'keep-alive', 'Content-Type': 'application/xml', 'Authorization': 'Basic YWRtaW46Q2hhbmdlSXQ0bTM=', 'Content-Length': '313'} 
 body=&lt;ItemNodeDefn ItemID="20250127202520" Node="104" OrganizationCode="Liverpool" UnitOfMeasure="UN"&gt;
	&lt;SafetyFactorDefinitions&gt;
		&lt;SafetyFactorDefinition DeliveryMethod="SHP" FutureSafetyFactorPercentage="" OnhandSafetyFactorPercentage="" OnhandSafetyFactorQuantity="10"/&gt;
	&lt;/SafetyFactorDefinitions&gt;
&lt;/ItemNodeDefn&gt; 
 </msg>
<msg time="2025-01-27T20:25:20.739330" level="INFO">POST Response : url=http://localhost:9080/smcfs/restapi/executeFlow/EPLSafetyFactorLoadSyncService 
 status=200, reason=OK 
 headers={'X-FRAME-OPTIONS': 'SAMEORIGIN', 'X-UA-Compatible': 'IE=EmulateIE8', 'Access-Control-Allow-Credentials': 'true', 'Access-Control-Allow-Origin': '*', 'Access-Control-Max-Age': '3600', 'Content-Type': 'application/json; charset=UTF-8', 'Content-Encoding': 'gzip', 'Content-Language': 'en-US', 'Vary': 'Accept-Encoding', 'Content-Length': '186', 'Date': 'Mon, 27 Jan 2025 14:55:19 GMT'} 
 body={"UnitOfMeasure":"UN","Node":"104","SafetyFactorDefinitions":{"SafetyFactorDefinition":[{"OnhandSafetyFactorPercentage":"","DeliveryMethod":"SHP","FutureSafetyFactorPercentage":"","OnhandSafetyFactorQuantity":"10"}]},"OrganizationCode":"Liverpool","ItemID":"20250127202520"} 
 </msg>
<msg time="2025-01-27T20:25:20.739410" level="INFO">${sfLoadResponse} = &lt;Response [200]&gt;</msg>
<var>${sfLoadResponse}</var>
<arg>AddData</arg>
<arg>${base_url_flow}${EPLSafetyFactorLoadSyncService}</arg>
<arg>data=${sfLoadJson}</arg>
<doc>Sends a POST request on a previously created HTTP Session.</doc>
<status status="PASS" start="2025-01-27T20:25:20.659597" elapsed="0.079828"/>
</kw>
<kw name="Log To Console" owner="BuiltIn">
<arg>${sfLoadResponse.json()}</arg>
<doc>Logs the given message to the console.</doc>
<status status="PASS" start="2025-01-27T20:25:20.739841" elapsed="0.000728"/>
</kw>
<kw name="Generic Input File" owner="Prepare_Xml_Content">
<msg time="2025-01-27T20:25:20.741606" level="INFO">${itemNodeDefnJson} = &lt;ItemNodeDefn ItemID="20250127202520" Node="104"/&gt;</msg>
<var>${itemNodeDefnJson}</var>
<arg>${jsonItemId}[ItemList][Item][_ItemID]</arg>
<arg>C:\\EPL-Liverpool-SL\\LvrplSL\\SL24-56_Create_Inventory_Activity_on_Safety_Factory_Load_or_Update\\SL24_49_SL24_56_TestCase_6\\test</arg>
<arg>${getItemNodeDefnList}</arg>
<status status="PASS" start="2025-01-27T20:25:20.741224" elapsed="0.000401"/>
</kw>
<kw name="Log To Console" owner="BuiltIn">
<arg>${itemNodeDefnJson}</arg>
<doc>Logs the given message to the console.</doc>
<status status="PASS" start="2025-01-27T20:25:20.741991" elapsed="0.000407"/>
</kw>
<kw name="POST On Session" owner="RequestsLibrary">
<msg time="2025-01-27T20:25:20.753311" level="INFO">POST Request : url=http://localhost:9080/smcfs/restapi/invoke/getItemNodeDefnList 
 path_url=/smcfs/restapi/invoke/getItemNodeDefnList 
 headers={'User-Agent': 'python-requests/2.32.3', 'Accept-Encoding': 'gzip, deflate', 'Accept': '*/*', 'Connection': 'keep-alive', 'Content-Type': 'application/xml', 'Authorization': 'Basic YWRtaW46Q2hhbmdlSXQ0bTM=', 'Content-Length': '50'} 
 body=&lt;ItemNodeDefn ItemID="20250127202520" Node="104"/&gt; 
 </msg>
<msg time="2025-01-27T20:25:20.753379" level="INFO">POST Response : url=http://localhost:9080/smcfs/restapi/invoke/getItemNodeDefnList 
 status=200, reason=OK 
 headers={'X-FRAME-OPTIONS': 'SAMEORIGIN', 'X-UA-Compatible': 'IE=EmulateIE8', 'Access-Control-Allow-Credentials': 'true', 'Access-Control-Allow-Origin': '*', 'Access-Control-Max-Age': '3600', 'Content-Type': 'application/json; charset=UTF-8', 'Content-Encoding': 'gzip', 'Content-Language': 'en-US', 'Vary': 'Accept-Encoding', 'Content-Length': '189', 'Date': 'Mon, 27 Jan 2025 14:55:19 GMT'} 
 body={"ItemNodeDefn":[{"StorageType":"","UnitOfMeasure":"UN","Node":"104","VelocityCode":"","OrganizationCode":"Liverpool","PickingType":"","OperationalConfigurationComplete":"N","ItemID":"20250127202520","ItemNodeDefnKey":"20250127145519931210"}]} 
 </msg>
<msg time="2025-01-27T20:25:20.753463" level="INFO">${itemNodeDefnResponse} = &lt;Response [200]&gt;</msg>
<var>${itemNodeDefnResponse}</var>
<arg>AddData</arg>
<arg>${base_url_api}${getItemNodeDefnList}</arg>
<arg>data=${itemNodeDefnJson}</arg>
<doc>Sends a POST request on a previously created HTTP Session.</doc>
<status status="PASS" start="2025-01-27T20:25:20.742798" elapsed="0.010681"/>
</kw>
<kw name="Log To Console" owner="BuiltIn">
<arg>${itemNodeDefnResponse.json()}[ItemNodeDefn][0][ItemID]</arg>
<doc>Logs the given message to the console.</doc>
<status status="PASS" start="2025-01-27T20:25:20.753846" elapsed="0.000756"/>
</kw>
<kw name="Log To Console" owner="BuiltIn">
<arg>'**************************************8'</arg>
<doc>Logs the given message to the console.</doc>
<status status="PASS" start="2025-01-27T20:25:20.754839" elapsed="0.000279"/>
</kw>
<kw name="Should Be Equal As Strings" owner="BuiltIn">
<arg>${jsonItemId}[ItemList][Item][_ItemID]</arg>
<arg>${itemNodeDefnResponse.json()}[ItemNodeDefn][0][ItemID]</arg>
<doc>Fails if objects are unequal after converting them to strings.</doc>
<status status="PASS" start="2025-01-27T20:25:20.755342" elapsed="0.000457"/>
</kw>
<tag>EPLSafetyFactorLoadSyncService</tag>
<tag>REGRESSION</tag>
<status status="PASS" start="2025-01-27T20:25:20.611056" elapsed="0.145021"/>
</test>
<status status="PASS" start="2025-01-27T20:25:19.663822" elapsed="1.093115"/>
</suite>
<status status="PASS" start="2025-01-27T20:25:19.662463" elapsed="1.095370"/>
</suite>
<status status="PASS" start="2025-01-27T20:25:19.661357" elapsed="1.097490"/>
</suite>
<suite id="s1-s2" name="SL24 49 SL24 56 TestCase 7" source="C:\EPL-Liverpool-SL\LvrplSL\SL24-56_Create_Inventory_Activity_on_Safety_Factory_Load_or_Update\SL24_49_SL24_56_TestCase_7">
<suite id="s1-s2-s1" name="Test" source="C:\EPL-Liverpool-SL\LvrplSL\SL24-56_Create_Inventory_Activity_on_Safety_Factory_Load_or_Update\SL24_49_SL24_56_TestCase_7\test">
<suite id="s1-s2-s1-s1" name="Tc002" source="C:\EPL-Liverpool-SL\LvrplSL\SL24-56_Create_Inventory_Activity_on_Safety_Factory_Load_or_Update\SL24_49_SL24_56_TestCase_7\test\Tc002.robot">
<test id="s1-s2-s1-s1-t1" name="Create Order TC_001" line="13">
<kw name="Creating Session1" owner="createSession">
<kw name="Create List" owner="BuiltIn">
<msg time="2025-01-27T20:25:20.774109" level="INFO">${auth} = ['admin', 'ChangeIt4m3']</msg>
<var>${auth}</var>
<arg>${user}</arg>
<arg>${passwd}</arg>
<doc>Returns a list containing given items.</doc>
<status status="PASS" start="2025-01-27T20:25:20.773947" elapsed="0.000196"/>
</kw>
<kw name="Create Session" owner="RequestsLibrary">
<msg time="2025-01-27T20:25:20.774394" level="INFO">Creating Session using : alias=AddData, url=http://localhost:9080/smcfs/restapi/invoke/createOrder, headers={'Content-Type': 'application/xml', 'Authorization': 'Basic YWRtaW46cGFzc3dvcmQ='},                     cookies={}, auth=&lt;requests.auth.HTTPBasicAuth object at 0x00000235EE3DCE10&gt;, timeout=None, proxies=None, verify=False,                     debug=0 </msg>
<arg>${AddData}</arg>
<arg>url=${base_url_api}${createOrder}</arg>
<arg>headers=${headers}</arg>
<arg>auth=${auth}</arg>
<doc>Create Session: create a HTTP session to a server</doc>
<status status="PASS" start="2025-01-27T20:25:20.774215" elapsed="0.000276"/>
</kw>
<arg>AddData</arg>
<status status="PASS" start="2025-01-27T20:25:20.773664" elapsed="0.000870"/>
</kw>
<kw name="Manage Item With Dynamic Item" owner="Prepare_Xml_Content">
<msg time="2025-01-27T20:25:20.775919" level="INFO">before mod &lt;ItemList&gt;
	&lt;Item Action="Manage" GlobalItemID="12439482" ItemID="$ItemID" OrganizationCode="Liverpool" UnitOfMeasure="UN"&gt;
		&lt;Extn ExtnActive="01" ExtnItemSF="Y" ExtnItemSFDesc="ACTIVO" ExtnSuggestedPackage="" ExtnSkuPackage=""/&gt;
		&lt;PrimaryInformation DefaultProductClass="SL" Description="CHAROLA GIRATORIA AILE, 48CM, NATURAL H" ShortDescription="CHAROLA GIRATORIA AILE, 48CM, NATURAL H" ExtendedDisplayDescription="CHAROLA GIRATORIA REDO, 48 CM, NATURAL (12439482)" IsDeliveryAllowed="Y" IsPickupAllowed="Y" IsShippingAllowed="Y" PrimaryEnterpriseCode="Liverpool" SerializedFlag="N" Status="3000" UnitCost="829" ItemType=""/&gt;
		&lt;ClassificationCodes ECCNNo="HAUS" Model="18917" NAICSCode="7502008630089" NMFCClass="152" NMFCCode="15204"/&gt;
		&lt;InventoryParameters ATPRule="Liverpool_ATP" InventoryMonitorRule="EPL_ATP_MONITOR_RULE" NodeLevelInventoryMonitorRule="EPL_ATP_MONITOR_RULE"/&gt;
		&lt;ItemAliasList Reset="Y"&gt;
			&lt;ItemAlias AliasName="EAN1" AliasValue="7502008630089"/&gt;
		&lt;/ItemAliasList&gt;
	&lt;/Item&gt;
&lt;/ItemList&gt;
after mod &lt;ItemList&gt;
	&lt;Item Action="Manage" GlobalItemID="12439482" ItemID="20250127202520" OrganizationCode="Liverpool" UnitOfMeasure="UN"&gt;
		&lt;Extn ExtnActive="01" ExtnItemSF="Y" ExtnItemSFDesc="ACTIVO" ExtnSuggestedPackage="" ExtnSkuPackage=""/&gt;
		&lt;PrimaryInformation DefaultProductClass="SL" Description="CHAROLA GIRATORIA AILE, 48CM, NATURAL H" ShortDescription="CHAROLA GIRATORIA AILE, 48CM, NATURAL H" ExtendedDisplayDescription="CHAROLA GIRATORIA REDO, 48 CM, NATURAL (12439482)" IsDeliveryAllowed="Y" IsPickupAllowed="Y" IsShippingAllowed="Y" PrimaryEnterpriseCode="Liverpool" SerializedFlag="N" Status="3000" UnitCost="829" ItemType=""/&gt;
		&lt;ClassificationCodes ECCNNo="HAUS" Model="18917" NAICSCode="7502008630089" NMFCClass="152" NMFCCode="15204"/&gt;
		&lt;InventoryParameters ATPRule="Liverpool_ATP" InventoryMonitorRule="EPL_ATP_MONITOR_RULE" NodeLevelInventoryMonitorRule="EPL_ATP_MONITOR_RULE"/&gt;
		&lt;ItemAliasList Reset="Y"&gt;
			&lt;ItemAlias AliasName="EAN1" AliasValue="7502008630089"/&gt;
		&lt;/ItemAliasList&gt;
	&lt;/Item&gt;
&lt;/ItemList&gt;</msg>
<msg time="2025-01-27T20:25:20.776032" level="INFO">${manageItemJson} = &lt;ItemList&gt;
	&lt;Item Action="Manage" GlobalItemID="12439482" ItemID="20250127202520" OrganizationCode="Liverpool" UnitOfMeasure="UN"&gt;
		&lt;Extn ExtnActive="01" ExtnItemSF="Y" ExtnItemSFDesc="ACTIVO" ExtnSu...</msg>
<var>${manageItemJson}</var>
<arg>C:\\EPL-Liverpool-SL\\LvrplSL\\SL24-56_Create_Inventory_Activity_on_Safety_Factory_Load_or_Update\\SL24_49_SL24_56_TestCase_7\\test</arg>
<status status="PASS" start="2025-01-27T20:25:20.774828" elapsed="0.001223"/>
</kw>
<kw name="POST On Session" owner="RequestsLibrary">
<msg time="2025-01-27T20:25:20.794432" level="INFO">POST Request : url=http://localhost:9080/smcfs/restapi/invoke/manageItem 
 path_url=/smcfs/restapi/invoke/manageItem 
 headers={'User-Agent': 'python-requests/2.32.3', 'Accept-Encoding': 'gzip, deflate', 'Accept': '*/*', 'Connection': 'keep-alive', 'Content-Type': 'application/xml', 'Authorization': 'Basic YWRtaW46Q2hhbmdlSXQ0bTM=', 'Content-Length': '1022'} 
 body=&lt;ItemList&gt;
	&lt;Item Action="Manage" GlobalItemID="12439482" ItemID="20250127202520" OrganizationCode="Liverpool" UnitOfMeasure="UN"&gt;
		&lt;Extn ExtnActive="01" ExtnItemSF="Y" ExtnItemSFDesc="ACTIVO" ExtnSuggestedPackage="" ExtnSkuPackage=""/&gt;
		&lt;PrimaryInformation DefaultProductClass="SL" Description="CHAROLA GIRATORIA AILE, 48CM, NATURAL H" ShortDescription="CHAROLA GIRATORIA AILE, 48CM, NATURAL H" ExtendedDisplayDescription="CHAROLA GIRATORIA REDO, 48 CM, NATURAL (12439482)" IsDeliveryAllowed="Y" IsPickupAllowed="Y" IsShippingAllowed="Y" PrimaryEnterpriseCode="Liverpool" SerializedFlag="N" Status="3000" UnitCost="829" ItemType=""/&gt;
		&lt;ClassificationCodes ECCNNo="HAUS" Model="18917" NAICSCode="7502008630089" NMFCClass="152" NMFCCode="15204"/&gt;
		&lt;InventoryParameters ATPRule="Liverpool_ATP" InventoryMonitorRule="EPL_ATP_MONITOR_RULE" NodeLevelInventoryMonitorRule="EPL_ATP_MONITOR_RULE"/&gt;
		&lt;ItemAliasList Reset="Y"&gt;
			&lt;ItemAlias AliasName="EAN1" AliasValue="7502008630089"/&gt;
		&lt;/ItemAliasList&gt;
	&lt;/Item&gt;
&lt;/ItemList&gt; 
 </msg>
<msg time="2025-01-27T20:25:20.794492" level="INFO">POST Response : url=http://localhost:9080/smcfs/restapi/invoke/manageItem 
 status=204, reason=No Content 
 headers={'X-FRAME-OPTIONS': 'SAMEORIGIN', 'X-UA-Compatible': 'IE=EmulateIE8', 'Access-Control-Allow-Credentials': 'true', 'Access-Control-Allow-Origin': '*', 'Access-Control-Max-Age': '3600', 'Content-Language': 'en-US', 'Vary': 'Accept-Encoding', 'Content-Length': '0', 'Date': 'Mon, 27 Jan 2025 14:55:19 GMT'} 
 body=None 
 </msg>
<msg time="2025-01-27T20:25:20.794575" level="INFO">${manageItemResponse} = &lt;Response [204]&gt;</msg>
<var>${manageItemResponse}</var>
<arg>AddData</arg>
<arg>${base_url_api}${manageItem}</arg>
<arg>data=${manageItemJson}</arg>
<doc>Sends a POST request on a previously created HTTP Session.</doc>
<status status="PASS" start="2025-01-27T20:25:20.776361" elapsed="0.018228"/>
</kw>
<kw name="Status Should Be" owner="RequestsLibrary">
<arg>204</arg>
<arg>${manageItemResponse}</arg>
<doc>Fails if response status code is different than the expected.</doc>
<status status="PASS" start="2025-01-27T20:25:20.795039" elapsed="0.000183"/>
</kw>
<kw name="Manage Item With Dynamic Item1" owner="Prepare_Xml_Content">
<msg time="2025-01-27T20:25:20.797030" level="INFO">after mod &lt;ItemList&gt;
	&lt;Item Action="Manage" GlobalItemID="12439482" ItemID="20250127202520" OrganizationCode="Liverpool" UnitOfMeasure="UN"&gt;
		&lt;Extn ExtnActive="01" ExtnItemSF="Y" ExtnItemSFDesc="ACTIVO" ExtnSuggestedPackage="" ExtnSkuPackage=""/&gt;
		&lt;PrimaryInformation DefaultProductClass="SL" Description="CHAROLA GIRATORIA AILE, 48CM, NATURAL H" ShortDescription="CHAROLA GIRATORIA AILE, 48CM, NATURAL H" ExtendedDisplayDescription="CHAROLA GIRATORIA REDO, 48 CM, NATURAL (12439482)" IsDeliveryAllowed="Y" IsPickupAllowed="Y" IsShippingAllowed="Y" PrimaryEnterpriseCode="Liverpool" SerializedFlag="N" Status="3000" UnitCost="829" ItemType=""/&gt;
		&lt;ClassificationCodes ECCNNo="HAUS" Model="18917" NAICSCode="7502008630089" NMFCClass="152" NMFCCode="15204"/&gt;
		&lt;InventoryParameters ATPRule="Liverpool_ATP" InventoryMonitorRule="EPL_ATP_MONITOR_RULE" NodeLevelInventoryMonitorRule="EPL_ATP_MONITOR_RULE"/&gt;
		&lt;ItemAliasList Reset="Y"&gt;
			&lt;ItemAlias AliasName="EAN1" AliasValue="7502008630089"/&gt;
		&lt;/ItemAliasList&gt;
	&lt;/Item&gt;
&lt;/ItemList&gt;</msg>
<msg time="2025-01-27T20:25:20.797111" level="INFO">${jsonItemId} = {'ItemList': {'Item': {'_Action': 'Manage', '_GlobalItemID': '12439482', '_ItemID': '20250127202520', '_OrganizationCode': 'Liverpool', '_UnitOfMeasure': 'UN', 'Extn': {'_ExtnActive': '01', '_ExtnItem...</msg>
<var>${jsonItemId}</var>
<arg>C:\\EPL-Liverpool-SL\\LvrplSL\\SL24-56_Create_Inventory_Activity_on_Safety_Factory_Load_or_Update\\SL24_49_SL24_56_TestCase_7\\test</arg>
<status status="PASS" start="2025-01-27T20:25:20.795407" elapsed="0.001759"/>
</kw>
<kw name="Input File" owner="Prepare_Xml_Content">
<msg time="2025-01-27T20:25:20.797704" level="INFO">${sfLoadJson} = &lt;ItemNodeDefn ItemID="20250127202520" Node="104" OrganizationCode="Liverpool" UnitOfMeasure="UN"&gt;
	&lt;SafetyFactorDefinitions&gt;
		&lt;SafetyFactorDefinition DeliveryMethod="PICK" FutureSafetyFactorPercentag...</msg>
<var>${sfLoadJson}</var>
<arg>${jsonItemId}[ItemList][Item][_ItemID]</arg>
<arg>C:\\EPL-Liverpool-SL\\LvrplSL\\SL24-56_Create_Inventory_Activity_on_Safety_Factory_Load_or_Update\\SL24_49_SL24_56_TestCase_7\\test</arg>
<status status="PASS" start="2025-01-27T20:25:20.797447" elapsed="0.000277"/>
</kw>
<kw name="Log To Console" owner="BuiltIn">
<arg>${sfLoadJson}</arg>
<doc>Logs the given message to the console.</doc>
<status status="PASS" start="2025-01-27T20:25:20.798069" elapsed="0.000342"/>
</kw>
<kw name="POST On Session" owner="RequestsLibrary">
<msg time="2025-01-27T20:25:20.836530" level="INFO">POST Request : url=http://localhost:9080/smcfs/restapi/executeFlow/EPLSafetyFactorLoadSyncService 
 path_url=/smcfs/restapi/executeFlow/EPLSafetyFactorLoadSyncService 
 headers={'User-Agent': 'python-requests/2.32.3', 'Accept-Encoding': 'gzip, deflate', 'Accept': '*/*', 'Connection': 'keep-alive', 'Content-Type': 'application/xml', 'Authorization': 'Basic YWRtaW46Q2hhbmdlSXQ0bTM=', 'Content-Length': '315'} 
 body=&lt;ItemNodeDefn ItemID="20250127202520" Node="104" OrganizationCode="Liverpool" UnitOfMeasure="UN"&gt;
	&lt;SafetyFactorDefinitions&gt;
		&lt;SafetyFactorDefinition DeliveryMethod="PICK" FutureSafetyFactorPercentage="" OnhandSafetyFactorPercentage="" OnhandSafetyFactorQuantity="15"/&gt;
	&lt;/SafetyFactorDefinitions&gt;
&lt;/ItemNodeDefn&gt;
 
 </msg>
<msg time="2025-01-27T20:25:20.836633" level="INFO">POST Response : url=http://localhost:9080/smcfs/restapi/executeFlow/EPLSafetyFactorLoadSyncService 
 status=200, reason=OK 
 headers={'X-FRAME-OPTIONS': 'SAMEORIGIN', 'X-UA-Compatible': 'IE=EmulateIE8', 'Access-Control-Allow-Credentials': 'true', 'Access-Control-Allow-Origin': '*', 'Access-Control-Max-Age': '3600', 'Content-Type': 'application/json; charset=UTF-8', 'Content-Encoding': 'gzip', 'Content-Language': 'en-US', 'Vary': 'Accept-Encoding', 'Content-Length': '196', 'Date': 'Mon, 27 Jan 2025 14:55:19 GMT'} 
 body={"UnitOfMeasure":"UN","Node":"104","SafetyFactorDefinitions":{"SafetyFactorDefinition":[{"OnhandSafetyFactorPercentage":"","DeliveryMethod":"PICK","FutureSafetyFactorPercentage":"","OnhandSafetyFactorQuantity":"15"}],"Reset":"Y"},"OrganizationCode":"Liverpool","ItemID":"20250127202520"} 
 </msg>
<msg time="2025-01-27T20:25:20.836723" level="INFO">${sfLoadResponse} = &lt;Response [200]&gt;</msg>
<var>${sfLoadResponse}</var>
<arg>AddData</arg>
<arg>${base_url_flow}${EPLSafetyFactorLoadSyncService}</arg>
<arg>data=${sfLoadJson}</arg>
<doc>Sends a POST request on a previously created HTTP Session.</doc>
<status status="PASS" start="2025-01-27T20:25:20.798664" elapsed="0.038076"/>
</kw>
<kw name="Log To Console" owner="BuiltIn">
<arg>${sfLoadResponse.json()}</arg>
<doc>Logs the given message to the console.</doc>
<status status="PASS" start="2025-01-27T20:25:20.837157" elapsed="0.000680"/>
</kw>
<kw name="Generic Input File" owner="Prepare_Xml_Content">
<msg time="2025-01-27T20:25:20.838767" level="INFO">${itemNodeDefnJson} = &lt;ItemNodeDefn ItemID="20250127202520" Node="104"/&gt;</msg>
<var>${itemNodeDefnJson}</var>
<arg>${jsonItemId}[ItemList][Item][_ItemID]</arg>
<arg>C:\\EPL-Liverpool-SL\\LvrplSL\\SL24-56_Create_Inventory_Activity_on_Safety_Factory_Load_or_Update\\SL24_49_SL24_56_TestCase_7\\test</arg>
<arg>${getItemNodeDefnList}</arg>
<status status="PASS" start="2025-01-27T20:25:20.838416" elapsed="0.000370"/>
</kw>
<kw name="Log To Console" owner="BuiltIn">
<arg>${itemNodeDefnJson}</arg>
<doc>Logs the given message to the console.</doc>
<status status="PASS" start="2025-01-27T20:25:20.839136" elapsed="0.000356"/>
</kw>
<kw name="POST On Session" owner="RequestsLibrary">
<msg time="2025-01-27T20:25:20.849906" level="INFO">POST Request : url=http://localhost:9080/smcfs/restapi/invoke/getItemNodeDefnList 
 path_url=/smcfs/restapi/invoke/getItemNodeDefnList 
 headers={'User-Agent': 'python-requests/2.32.3', 'Accept-Encoding': 'gzip, deflate', 'Accept': '*/*', 'Connection': 'keep-alive', 'Content-Type': 'application/xml', 'Authorization': 'Basic YWRtaW46Q2hhbmdlSXQ0bTM=', 'Content-Length': '50'} 
 body=&lt;ItemNodeDefn ItemID="20250127202520" Node="104"/&gt; 
 </msg>
<msg time="2025-01-27T20:25:20.849964" level="INFO">POST Response : url=http://localhost:9080/smcfs/restapi/invoke/getItemNodeDefnList 
 status=200, reason=OK 
 headers={'X-FRAME-OPTIONS': 'SAMEORIGIN', 'X-UA-Compatible': 'IE=EmulateIE8', 'Access-Control-Allow-Credentials': 'true', 'Access-Control-Allow-Origin': '*', 'Access-Control-Max-Age': '3600', 'Content-Type': 'application/json; charset=UTF-8', 'Content-Encoding': 'gzip', 'Content-Language': 'en-US', 'Vary': 'Accept-Encoding', 'Content-Length': '189', 'Date': 'Mon, 27 Jan 2025 14:55:19 GMT'} 
 body={"ItemNodeDefn":[{"StorageType":"","UnitOfMeasure":"UN","Node":"104","VelocityCode":"","OrganizationCode":"Liverpool","PickingType":"","OperationalConfigurationComplete":"N","ItemID":"20250127202520","ItemNodeDefnKey":"20250127145519931210"}]} 
 </msg>
<msg time="2025-01-27T20:25:20.850065" level="INFO">${itemNodeDefnResponse} = &lt;Response [200]&gt;</msg>
<var>${itemNodeDefnResponse}</var>
<arg>AddData</arg>
<arg>${base_url_api}${getItemNodeDefnList}</arg>
<arg>data=${itemNodeDefnJson}</arg>
<doc>Sends a POST request on a previously created HTTP Session.</doc>
<status status="PASS" start="2025-01-27T20:25:20.839770" elapsed="0.010312"/>
</kw>
<kw name="Log To Console" owner="BuiltIn">
<arg>${itemNodeDefnResponse.json()}[ItemNodeDefn][0][ItemID]</arg>
<doc>Logs the given message to the console.</doc>
<status status="PASS" start="2025-01-27T20:25:20.850501" elapsed="0.000783"/>
</kw>
<kw name="Log To Console" owner="BuiltIn">
<arg>'**************************************8'</arg>
<doc>Logs the given message to the console.</doc>
<status status="PASS" start="2025-01-27T20:25:20.851634" elapsed="0.000286"/>
</kw>
<kw name="Should Be Equal As Strings" owner="BuiltIn">
<arg>${jsonItemId}[ItemList][Item][_ItemID]</arg>
<arg>${itemNodeDefnResponse.json()}[ItemNodeDefn][0][ItemID]</arg>
<doc>Fails if objects are unequal after converting them to strings.</doc>
<status status="PASS" start="2025-01-27T20:25:20.852342" elapsed="0.000418"/>
</kw>
<tag>EPLSafetyFactorLoadSyncService</tag>
<tag>REGRESSION</tag>
<status status="PASS" start="2025-01-27T20:25:20.773168" elapsed="0.079875"/>
</test>
<status status="PASS" start="2025-01-27T20:25:20.763190" elapsed="0.091008"/>
</suite>
<status status="PASS" start="2025-01-27T20:25:20.761716" elapsed="0.093701"/>
</suite>
<status status="PASS" start="2025-01-27T20:25:20.759656" elapsed="0.097282"/>
</suite>
<status status="PASS" start="2025-01-27T20:25:19.636355" elapsed="1.222156"/>
</suite>
<statistics>
<total>
<stat pass="2" fail="0" skip="0">All Tests</stat>
</total>
<tag>
<stat pass="2" fail="0" skip="0">EPLSafetyFactorLoadSyncService</stat>
<stat pass="2" fail="0" skip="0">REGRESSION</stat>
</tag>
<suite>
<stat pass="2" fail="0" skip="0" id="s1" name="SL24 49 SL24 56 TestCase 6 &amp; SL24 49 SL24 56 TestCase 7">SL24 49 SL24 56 TestCase 6 &amp; SL24 49 SL24 56 TestCase 7</stat>
<stat pass="1" fail="0" skip="0" id="s1-s1" name="SL24 49 SL24 56 TestCase 6">SL24 49 SL24 56 TestCase 6 &amp; SL24 49 SL24 56 TestCase 7.SL24 49 SL24 56 TestCase 6</stat>
<stat pass="1" fail="0" skip="0" id="s1-s1-s1" name="Test">SL24 49 SL24 56 TestCase 6 &amp; SL24 49 SL24 56 TestCase 7.SL24 49 SL24 56 TestCase 6.Test</stat>
<stat pass="1" fail="0" skip="0" id="s1-s1-s1-s1" name="Tc002">SL24 49 SL24 56 TestCase 6 &amp; SL24 49 SL24 56 TestCase 7.SL24 49 SL24 56 TestCase 6.Test.Tc002</stat>
<stat pass="1" fail="0" skip="0" id="s1-s2" name="SL24 49 SL24 56 TestCase 7">SL24 49 SL24 56 TestCase 6 &amp; SL24 49 SL24 56 TestCase 7.SL24 49 SL24 56 TestCase 7</stat>
<stat pass="1" fail="0" skip="0" id="s1-s2-s1" name="Test">SL24 49 SL24 56 TestCase 6 &amp; SL24 49 SL24 56 TestCase 7.SL24 49 SL24 56 TestCase 7.Test</stat>
<stat pass="1" fail="0" skip="0" id="s1-s2-s1-s1" name="Tc002">SL24 49 SL24 56 TestCase 6 &amp; SL24 49 SL24 56 TestCase 7.SL24 49 SL24 56 TestCase 7.Test.Tc002</stat>
</suite>
</statistics>
<errors>
</errors>
</robot>
