<?xml version="1.0" encoding="UTF-8"?>
<robot generator="Rebot 7.1.1 (Python 3.13.1 on win32)" generated="2025-02-07T19:21:22.950926" rpa="false" schemaversion="5">
<suite id="s1" name="CreateOrder" source="C:\automation\automationLvrplSL\LvrplSL\CreateOrder">
<suite id="s1-s1" name="CreateOrder -create normal order ATG example 2 items TC 001" source="C:\automation\automationLvrplSL\LvrplSL\CreateOrder\CreateOrder_-create_normal_order_ATG_example_2_items_TC_001">
<suite id="s1-s1-s1" name="Test" source="C:\automation\automationLvrplSL\LvrplSL\CreateOrder\CreateOrder_-create_normal_order_ATG_example_2_items_TC_001\test">
<suite id="s1-s1-s1-s1" name="TC 001" source="C:\automation\automationLvrplSL\LvrplSL\CreateOrder\CreateOrder_-create_normal_order_ATG_example_2_items_TC_001\test\TC_001.robot">
<test id="s1-s1-s1-s1-t1" name="Create Order TC_001" line="13">
<kw name="Creating Session1" owner="createSession">
<kw name="Create List" owner="BuiltIn">
<msg time="2025-02-07T19:21:03.468683" level="INFO">${auth} = ['admin', 'ChangeIt4m3']</msg>
<var>${auth}</var>
<arg>${user}</arg>
<arg>${passwd}</arg>
<doc>Returns a list containing given items.</doc>
<status status="PASS" start="2025-02-07T19:21:03.468439" elapsed="0.000276"/>
</kw>
<kw name="Create Session" owner="RequestsLibrary">
<msg time="2025-02-07T19:21:03.469210" level="INFO">Creating Session using : alias=AddData, url=http://localhost:9080/smcfs/restapi/invoke/createOrder, headers={'Content-Type': 'application/xml', 'Authorization': 'Basic YWRtaW46cGFzc3dvcmQ='},                     cookies={}, auth=&lt;requests.auth.HTTPBasicAuth object at 0x000001E7C5E95E80&gt;, timeout=None, proxies=None, verify=False,                     debug=0 </msg>
<arg>${AddData}</arg>
<arg>url=${base_url_api}${createOrder}</arg>
<arg>headers=${headers}</arg>
<arg>auth=${auth}</arg>
<doc>Create Session: create a HTTP session to a server</doc>
<status status="PASS" start="2025-02-07T19:21:03.468850" elapsed="0.000536"/>
</kw>
<arg>AddData</arg>
<status status="PASS" start="2025-02-07T19:21:03.467731" elapsed="0.001740"/>
</kw>
<kw name="Manage Item With Dynamic Item" owner="Prepare_Xml_Content">
<msg time="2025-02-07T19:21:05.477892" level="INFO">before mod &lt;ItemList&gt;
	&lt;Item Action="Manage" GlobalItemID="12439482" ItemID="$ItemID" OrganizationCode="Liverpool" UnitOfMeasure="UN"&gt;
		&lt;Extn ExtnActive="01" ExtnItemSF="Y" ExtnItemSFDesc="ACTIVO" ExtnSuggestedPackage="" ExtnSkuPackage=""/&gt;
		&lt;PrimaryInformation DefaultProductClass="SL" Description="CHAROLA GIRATORIA AILE, 48CM, NATURAL H" ShortDescription="CHAROLA GIRATORIA AILE, 48CM, NATURAL H" ExtendedDisplayDescription="CHAROLA GIRATORIA REDO, 48 CM, NATURAL (12439482)" IsDeliveryAllowed="Y" IsPickupAllowed="Y" IsShippingAllowed="Y" PrimaryEnterpriseCode="Liverpool" SerializedFlag="N" Status="3000" UnitCost="829" ItemType=""/&gt;
		&lt;ClassificationCodes ECCNNo="HAUS" Model="18917" NAICSCode="7502008630089" NMFCClass="152" NMFCCode="15204"/&gt;
		&lt;InventoryParameters ATPRule="Liverpool_ATP" InventoryMonitorRule="EPL_ATP_MONITOR_RULE" NodeLevelInventoryMonitorRule="EPL_ATP_MONITOR_RULE"/&gt;
		&lt;ItemAliasList Reset="Y"&gt;
			&lt;ItemAlias AliasName="EAN1" AliasValue="7502008630089"/&gt;
		&lt;/ItemAliasList&gt;
	&lt;/Item&gt;
&lt;/ItemList&gt;
after mod &lt;ItemList&gt;
	&lt;Item Action="Manage" GlobalItemID="12439482" ItemID="20250207192103471" OrganizationCode="Liverpool" UnitOfMeasure="UN"&gt;
		&lt;Extn ExtnActive="01" ExtnItemSF="Y" ExtnItemSFDesc="ACTIVO" ExtnSuggestedPackage="" ExtnSkuPackage=""/&gt;
		&lt;PrimaryInformation DefaultProductClass="SL" Description="CHAROLA GIRATORIA AILE, 48CM, NATURAL H" ShortDescription="CHAROLA GIRATORIA AILE, 48CM, NATURAL H" ExtendedDisplayDescription="CHAROLA GIRATORIA REDO, 48 CM, NATURAL (12439482)" IsDeliveryAllowed="Y" IsPickupAllowed="Y" IsShippingAllowed="Y" PrimaryEnterpriseCode="Liverpool" SerializedFlag="N" Status="3000" UnitCost="829" ItemType=""/&gt;
		&lt;ClassificationCodes ECCNNo="HAUS" Model="18917" NAICSCode="7502008630089" NMFCClass="152" NMFCCode="15204"/&gt;
		&lt;InventoryParameters ATPRule="Liverpool_ATP" InventoryMonitorRule="EPL_ATP_MONITOR_RULE" NodeLevelInventoryMonitorRule="EPL_ATP_MONITOR_RULE"/&gt;
		&lt;ItemAliasList Reset="Y"&gt;
			&lt;ItemAlias AliasName="EAN1" AliasValue="7502008630089"/&gt;
		&lt;/ItemAliasList&gt;
	&lt;/Item&gt;
&lt;/ItemList&gt;</msg>
<msg time="2025-02-07T19:21:05.478271" level="INFO">${manageItemJson} = &lt;ItemList&gt;
	&lt;Item Action="Manage" GlobalItemID="12439482" ItemID="20250207192103471" OrganizationCode="Liverpool" UnitOfMeasure="UN"&gt;
		&lt;Extn ExtnActive="01" ExtnItemSF="Y" ExtnItemSFDesc="ACTIVO" Ext...</msg>
<var>${manageItemJson}</var>
<arg>C:\\automation\\automationLvrplSL\\LvrplSL\\CreateOrder\\CreateOrder_-create_normal_order_ATG_example_2_items_TC_001\\test</arg>
<status status="PASS" start="2025-02-07T19:21:03.469569" elapsed="2.008788"/>
</kw>
<kw name="POST On Session" owner="RequestsLibrary">
<msg time="2025-02-07T19:21:05.550493" level="INFO">POST Request : url=http://localhost:9080/smcfs/restapi/invoke/manageItem 
 path_url=/smcfs/restapi/invoke/manageItem 
 headers={'User-Agent': 'python-requests/2.32.3', 'Accept-Encoding': 'gzip, deflate', 'Accept': '*/*', 'Connection': 'keep-alive', 'Content-Type': 'application/xml', 'Authorization': 'Basic YWRtaW46Q2hhbmdlSXQ0bTM=', 'Content-Length': '1025'} 
 body=&lt;ItemList&gt;
	&lt;Item Action="Manage" GlobalItemID="12439482" ItemID="20250207192103471" OrganizationCode="Liverpool" UnitOfMeasure="UN"&gt;
		&lt;Extn ExtnActive="01" ExtnItemSF="Y" ExtnItemSFDesc="ACTIVO" ExtnSuggestedPackage="" ExtnSkuPackage=""/&gt;
		&lt;PrimaryInformation DefaultProductClass="SL" Description="CHAROLA GIRATORIA AILE, 48CM, NATURAL H" ShortDescription="CHAROLA GIRATORIA AILE, 48CM, NATURAL H" ExtendedDisplayDescription="CHAROLA GIRATORIA REDO, 48 CM, NATURAL (12439482)" IsDeliveryAllowed="Y" IsPickupAllowed="Y" IsShippingAllowed="Y" PrimaryEnterpriseCode="Liverpool" SerializedFlag="N" Status="3000" UnitCost="829" ItemType=""/&gt;
		&lt;ClassificationCodes ECCNNo="HAUS" Model="18917" NAICSCode="7502008630089" NMFCClass="152" NMFCCode="15204"/&gt;
		&lt;InventoryParameters ATPRule="Liverpool_ATP" InventoryMonitorRule="EPL_ATP_MONITOR_RULE" NodeLevelInventoryMonitorRule="EPL_ATP_MONITOR_RULE"/&gt;
		&lt;ItemAliasList Reset="Y"&gt;
			&lt;ItemAlias AliasName="EAN1" AliasValue="7502008630089"/&gt;
		&lt;/ItemAliasList&gt;
	&lt;/Item&gt;
&lt;/ItemList&gt; 
 </msg>
<msg time="2025-02-07T19:21:05.550650" level="INFO">POST Response : url=http://localhost:9080/smcfs/restapi/invoke/manageItem 
 status=204, reason=No Content 
 headers={'X-FRAME-OPTIONS': 'SAMEORIGIN', 'X-UA-Compatible': 'IE=EmulateIE8', 'Access-Control-Allow-Origin': '*', 'Access-Control-Max-Age': '3600', 'Access-Control-Allow-Credentials': 'true', 'Content-Language': 'en-US', 'Vary': 'Accept-Encoding', 'Content-Length': '0', 'Date': 'Fri, 07 Feb 2025 13:51:05 GMT'} 
 body=None 
 </msg>
<msg time="2025-02-07T19:21:05.550805" level="INFO">${manageItemResponse} = &lt;Response [204]&gt;</msg>
<var>${manageItemResponse}</var>
<arg>AddData</arg>
<arg>${base_url_api}${manageItem}</arg>
<arg>data=${manageItemJson}</arg>
<doc>Sends a POST request on a previously created HTTP Session.</doc>
<status status="PASS" start="2025-02-07T19:21:05.478763" elapsed="0.072078"/>
</kw>
<kw name="Status Should Be" owner="RequestsLibrary">
<arg>204</arg>
<arg>${manageItemResponse}</arg>
<doc>Fails if response status code is different than the expected.</doc>
<status status="PASS" start="2025-02-07T19:21:05.551182" elapsed="0.000550"/>
</kw>
<kw name="Manage Item With Dynamic Item1" owner="Prepare_Xml_Content">
<msg time="2025-02-07T19:21:05.564453" level="INFO">after mod &lt;ItemList&gt;
	&lt;Item Action="Manage" GlobalItemID="12439482" ItemID="20250207192103471" OrganizationCode="Liverpool" UnitOfMeasure="UN"&gt;
		&lt;Extn ExtnActive="01" ExtnItemSF="Y" ExtnItemSFDesc="ACTIVO" ExtnSuggestedPackage="" ExtnSkuPackage=""/&gt;
		&lt;PrimaryInformation DefaultProductClass="SL" Description="CHAROLA GIRATORIA AILE, 48CM, NATURAL H" ShortDescription="CHAROLA GIRATORIA AILE, 48CM, NATURAL H" ExtendedDisplayDescription="CHAROLA GIRATORIA REDO, 48 CM, NATURAL (12439482)" IsDeliveryAllowed="Y" IsPickupAllowed="Y" IsShippingAllowed="Y" PrimaryEnterpriseCode="Liverpool" SerializedFlag="N" Status="3000" UnitCost="829" ItemType=""/&gt;
		&lt;ClassificationCodes ECCNNo="HAUS" Model="18917" NAICSCode="7502008630089" NMFCClass="152" NMFCCode="15204"/&gt;
		&lt;InventoryParameters ATPRule="Liverpool_ATP" InventoryMonitorRule="EPL_ATP_MONITOR_RULE" NodeLevelInventoryMonitorRule="EPL_ATP_MONITOR_RULE"/&gt;
		&lt;ItemAliasList Reset="Y"&gt;
			&lt;ItemAlias AliasName="EAN1" AliasValue="7502008630089"/&gt;
		&lt;/ItemAliasList&gt;
	&lt;/Item&gt;
&lt;/ItemList&gt;</msg>
<msg time="2025-02-07T19:21:05.564884" level="INFO">${jsonItemId} = {'ItemList': {'Item': {'_Action': 'Manage', '_GlobalItemID': '12439482', '_ItemID': '20250207192103471', '_OrganizationCode': 'Liverpool', '_UnitOfMeasure': 'UN', 'Extn': {'_ExtnActive': '01', '_ExtnI...</msg>
<var>${jsonItemId}</var>
<arg>C:\\automation\\automationLvrplSL\\LvrplSL\\CreateOrder\\CreateOrder_-create_normal_order_ATG_example_2_items_TC_001\\test</arg>
<status status="PASS" start="2025-02-07T19:21:05.551947" elapsed="0.012976"/>
</kw>
<kw name="Dictionary Should Contain Key" owner="Collections">
<arg>${jsonItemId}</arg>
<arg>ItemList</arg>
<doc>Fails if ``key`` is not found from ``dictionary``.</doc>
<status status="PASS" start="2025-02-07T19:21:05.565133" elapsed="0.000264"/>
</kw>
<kw name="Get From Dictionary" owner="Collections">
<msg time="2025-02-07T19:21:05.565799" level="INFO">${Item_ID_Path} = {'Item': {'_Action': 'Manage', '_GlobalItemID': '12439482', '_ItemID': '20250207192103471', '_OrganizationCode': 'Liverpool', '_UnitOfMeasure': 'UN', 'Extn': {'_ExtnActive': '01', '_ExtnItemSF': 'Y', ...</msg>
<var>${Item_ID_Path}</var>
<arg>${jsonItemId}</arg>
<arg>ItemList</arg>
<doc>Returns a value from the given ``dictionary`` based on the given ``key``.</doc>
<status status="PASS" start="2025-02-07T19:21:05.565579" elapsed="0.000257"/>
</kw>
<kw name="Adjust Inventory File" owner="Prepare_Xml_Content">
<msg time="2025-02-07T19:21:05.568012" level="INFO">${jsonAdjInv} = &lt;Items&gt;
	&lt;Item AdjustmentType="ABSOLUTE" Availability="TRACK" ItemID="20250207192103471" OrganizationCode="Liverpool" Quantity="100" ReasonCode="itemSLRTAMS19t2" ReasonText="Ajuste GoldenGate" ShipNod...</msg>
<var>${jsonAdjInv}</var>
<arg>${jsonItemId}[ItemList][Item][_ItemID]</arg>
<arg>C:\\automation\\automationLvrplSL\\LvrplSL\\CreateOrder\\CreateOrder_-create_normal_order_ATG_example_2_items_TC_001\\test</arg>
<status status="PASS" start="2025-02-07T19:21:05.565986" elapsed="0.002094"/>
</kw>
<kw name="POST On Session" owner="RequestsLibrary">
<msg time="2025-02-07T19:21:05.612430" level="INFO">POST Request : url=http://localhost:9080/smcfs/restapi/invoke/adjustInventory 
 path_url=/smcfs/restapi/invoke/adjustInventory 
 headers={'User-Agent': 'python-requests/2.32.3', 'Accept-Encoding': 'gzip, deflate', 'Accept': '*/*', 'Connection': 'keep-alive', 'Content-Type': 'application/xml', 'Authorization': 'Basic YWRtaW46Q2hhbmdlSXQ0bTM=', 'Content-Length': '256'} 
 body=&lt;Items&gt;
	&lt;Item AdjustmentType="ABSOLUTE" Availability="TRACK" ItemID="20250207192103471" OrganizationCode="Liverpool" Quantity="100" ReasonCode="itemSLRTAMS19t2" ReasonText="Ajuste GoldenGate" ShipNode="77" SupplyType="ONHAND" UnitOfMeasure="UN"/&gt;
&lt;/Items&gt; 
 </msg>
<msg time="2025-02-07T19:21:05.612545" level="INFO">POST Response : url=http://localhost:9080/smcfs/restapi/invoke/adjustInventory 
 status=204, reason=No Content 
 headers={'X-FRAME-OPTIONS': 'SAMEORIGIN', 'X-UA-Compatible': 'IE=EmulateIE8', 'Access-Control-Allow-Origin': '*', 'Access-Control-Max-Age': '3600', 'Access-Control-Allow-Credentials': 'true', 'Content-Language': 'en-US', 'Vary': 'Accept-Encoding', 'Content-Length': '0', 'Date': 'Fri, 07 Feb 2025 13:51:05 GMT'} 
 body=None 
 </msg>
<msg time="2025-02-07T19:21:05.612694" level="INFO">${adjInvresponse} = &lt;Response [204]&gt;</msg>
<var>${adjInvresponse}</var>
<arg>AddData</arg>
<arg>${base_url_api}${adjustInventory}</arg>
<arg>data=${jsonAdjInv}</arg>
<arg>headers=${headers}</arg>
<doc>Sends a POST request on a previously created HTTP Session.</doc>
<status status="PASS" start="2025-02-07T19:21:05.568326" elapsed="0.044402"/>
</kw>
<kw name="Status Should Be" owner="RequestsLibrary">
<arg>204</arg>
<arg>${adjInvresponse}</arg>
<doc>Fails if response status code is different than the expected.</doc>
<status status="PASS" start="2025-02-07T19:21:05.612998" elapsed="0.000434"/>
</kw>
<kw name="Find Inventory File" owner="Prepare_Xml_Content">
<msg time="2025-02-07T19:21:05.625552" level="INFO">${jsonfindInventory} = &lt;Promise AllocationRuleID="FWD_RULES" CheckInventory="Y" EnterpriseCode="Liverpool" FulfillmentType="Fulfillment_Type_Liverpool"
 OrganizationCode="Liverpool"&gt;
	&lt;ShipToAddress Country="MX" ZipCode="98...</msg>
<var>${jsonfindInventory}</var>
<arg>${jsonItemId}[ItemList][Item][_ItemID]</arg>
<arg>C:\\automation\\automationLvrplSL\\LvrplSL\\CreateOrder\\CreateOrder_-create_normal_order_ATG_example_2_items_TC_001\\test</arg>
<status status="PASS" start="2025-02-07T19:21:05.613661" elapsed="0.011960"/>
</kw>
<kw name="POST On Session" owner="RequestsLibrary">
<msg time="2025-02-07T19:21:07.509693" level="INFO">POST Request : url=http://localhost:9080/smcfs/restapi/invoke/findInventory 
 path_url=/smcfs/restapi/invoke/findInventory 
 headers={'User-Agent': 'python-requests/2.32.3', 'Accept-Encoding': 'gzip, deflate', 'Accept': '*/*', 'Connection': 'keep-alive', 'Content-Type': 'application/xml', 'Authorization': 'Basic YWRtaW46Q2hhbmdlSXQ0bTM=', 'Content-Length': '341'} 
 body=&lt;Promise AllocationRuleID="FWD_RULES" CheckInventory="Y" EnterpriseCode="Liverpool" FulfillmentType="Fulfillment_Type_Liverpool"
 OrganizationCode="Liverpool"&gt;
	&lt;ShipToAddress Country="MX" ZipCode="98047"/&gt;
	&lt;PromiseLines&gt;
		&lt;PromiseLine ItemID="20250207192103471" LineId="1" RequiredQty="20" UnitOfMeasure="UN"/&gt;
	&lt;/PromiseLines&gt;
&lt;/Promise&gt; 
 </msg>
<msg time="2025-02-07T19:21:07.509836" level="INFO">POST Response : url=http://localhost:9080/smcfs/restapi/invoke/findInventory 
 status=200, reason=OK 
 headers={'X-FRAME-OPTIONS': 'SAMEORIGIN', 'X-UA-Compatible': 'IE=EmulateIE8', 'Access-Control-Allow-Origin': '*', 'Access-Control-Max-Age': '3600', 'Access-Control-Allow-Credentials': 'true', 'Content-Type': 'application/json; charset=UTF-8', 'Content-Encoding': 'gzip', 'Content-Language': 'en-US', 'Vary': 'Accept-Encoding', 'Content-Length': '943', 'Date': 'Fri, 07 Feb 2025 13:51:07 GMT'} 
 body={"Options":{"TotalNumberOfRecords":"0"},"OptimizationType":"02","CheckInventory":"Y","AllocationRuleID":"FWD_RULES","SuggestedOption":{"Option":{"LastDate":"2025-02-07T13:51:05+00:00","OptionNo":"23","NodeQty":"20.00","FirstDate":"2025-02-07T13:51:05+00:00","AvailableFromUnplannedInventory":"N","TotalShipments":"1","Interactions":{"Interaction":[{"IsDelivery":"N","CarrierServiceCode":"","DeliveryMethod":"SHP","Node":"77","DeliveryDate":"2025-02-07T13:51:05+00:00","ShipDate":"2025-02-07T13:51:05+00:00","EarliestDate":"2025-02-07T00:00:00+00:00","LastDate":"2025-03-09T23:59:59+00:00","ItemGroupCode":"PROD","PersonInfoShipTo":{"VerificationStatus":"","Company":"","OtherPhone":"","UseCount":"0","EMailID":"","DayPhone":"","JobTitle":"","MobilePhone":"","Department":"","AlternateEmailID":"","PersonID":"","PreferredShipAddress":"","Beeper":"","FirstName":"","ZipCode":"98047","Title":"","City":"","MiddleName":"","DayFaxNo":"","HttpUrl":"","AddressLine3":"","AddressLine2":"","AddressLine1":"","Suffix":"","AddressLine6":"","AddressLine5":"","State":"","AddressLine4":"","EveningFaxNo":"","EveningPhone":"","Country":"MX","ErrorTxt":"","LastName":"","isHistory":"N"},"OrganizationCode":"","Carrier":"","TotalHandlingUnits":"0.00","InteractionNo":"1"}],"TotalNumberOfRecords":"1"},"LeastPriority":"10.00","PromiseLines":{"PromiseLine":[{"CarrierServiceCode":"","DeliveryMethod":"SHP","LineId":"1","UnitOfMeasure":"UN","Assignments":{"Assignment":[{"Procurements":{},"IsIdleAsset":"N","SegmentChangeQty":"0.00","ExternalNode":"N","ReservedQty":"0.00","AvailableFromUnplannedInventory":"N","ProcuredQty":"0.00","Quantity":"20.00","DeliveryDate":"2025-02-07T13:51:05+00:00","ShipDate":"2025-02-07T13:51:05+00:00","SubstituteItems":{},"MergeNode":"","SCAC":"","NodePriority":"10.00","ShipNode":"77","InteractionNo":"1","ProductAvailDate":"2025-02-07","Distance":"0.00","SubstitutedQty":"0.00"}],"TotalNumberOfRecords":"1"},"ReceivingNode":"","IsBundleParent":"N","ItemID":"20250207192103471","Segment":"","SegmentType":"","NewItemID":"","SCAC":"","BundleParentLineId":"","KitQty":"1","RequiredQty":"20","AutoReplacedByPreferredSubstitute":"N","DistributionRuleId":"","ShipNode":"","ProductClass":"","FulfillmentType":"Fulfillment_Type_Liverpool"}],"TotalNumberOfRecords":"1"},"MaxPriority":"10.00","PromiseServiceLines":{"TotalNumberOfRecords":"0"},"HasAnyUnavailableQty":"N"}},"OrganizationCode":"Liverpool","EnterpriseCode":"Liverpool","FulfillmentType":"Fulfillment_Type_Liverpool"} 
 </msg>
<msg time="2025-02-07T19:21:07.510215" level="INFO">${findInventoryResponse} = &lt;Response [200]&gt;</msg>
<var>${findInventoryResponse}</var>
<arg>AddData</arg>
<arg>${base_url_api}${findInventory}</arg>
<arg>data=${jsonfindInventory}</arg>
<arg>headers=${headers}</arg>
<doc>Sends a POST request on a previously created HTTP Session.</doc>
<status status="PASS" start="2025-02-07T19:21:05.625869" elapsed="1.884398"/>
</kw>
<kw name="Convert To String" owner="BuiltIn">
<msg time="2025-02-07T19:21:07.512087" level="INFO">${resp} = {'Options': {'TotalNumberOfRecords': '0'}, 'OptimizationType': '02', 'CheckInventory': 'Y', 'AllocationRuleID': 'FWD_RULES', 'SuggestedOption': {'Option': {'LastDate': '2025-02-07T13:51:05+00:00', 'Op...</msg>
<var>${resp}</var>
<arg>${findInventoryResponse.json()}</arg>
<doc>Converts the given item to a Unicode string.</doc>
<status status="PASS" start="2025-02-07T19:21:07.510534" elapsed="0.001622"/>
</kw>
<kw name="Write Output File" owner="Prepare_Xml_Content">
<arg>${resp}</arg>
<arg>'findInv'</arg>
<arg>C:\\automation\\automationLvrplSL\\LvrplSL\\CreateOrder\\CreateOrder_-create_normal_order_ATG_example_2_items_TC_001\\test</arg>
<status status="PASS" start="2025-02-07T19:21:07.512409" elapsed="0.001190"/>
</kw>
<kw name="Create Order File" owner="Prepare_Xml_Content">
<msg time="2025-02-07T19:21:07.529994" level="INFO">${jsonCreateOrder} = &lt;?xml version="1.0" encoding="ISO-8859-1" standalone="yes"?&gt;
&lt;Order AllocationRuleID="FWD_RULES" CustomerPONo="o13556164996" CustomerRewardsNo="5491060181" DocumentType="0001"
DraftOrderFlag="Y" Enter...</msg>
<var>${jsonCreateOrder}</var>
<arg>${jsonItemId}[ItemList][Item][_ItemID]</arg>
<arg>C:\\automation\\automationLvrplSL\\LvrplSL\\CreateOrder\\CreateOrder_-create_normal_order_ATG_example_2_items_TC_001\\test</arg>
<status status="PASS" start="2025-02-07T19:21:07.513850" elapsed="0.016217"/>
</kw>
<kw name="POST On Session" owner="RequestsLibrary">
<msg time="2025-02-07T19:21:08.934923" level="INFO">POST Request : url=http://localhost:9080/smcfs/restapi/invoke/createOrder 
 path_url=/smcfs/restapi/invoke/createOrder 
 headers={'User-Agent': 'python-requests/2.32.3', 'Accept-Encoding': 'gzip, deflate', 'Accept': '*/*', 'Connection': 'keep-alive', 'Content-Type': 'application/xml', 'Authorization': 'Basic YWRtaW46Q2hhbmdlSXQ0bTM=', 'Content-Length': '2522'} 
 body=&lt;?xml version="1.0" encoding="ISO-8859-1" standalone="yes"?&gt;
&lt;Order AllocationRuleID="FWD_RULES" CustomerPONo="o13556164996" CustomerRewardsNo="5491060181" DocumentType="0001"
DraftOrderFlag="Y" EnterpriseCode="Liverpool" OrderDate="2023-11-09T13:09:54-06:00" OrderName="N9300042969" OrderNo="20250207192103471"
OrderType="Personal"&gt;
	&lt;OrderLines&gt;
		&lt;OrderLine Delivery="" FulfillmentType="Fulfillment_Type_Liverpool" OrderedQty="1" Store=""&gt;
			&lt;Item ItemDesc=" " ItemID="20250207192103471" UnitOfMeasure="UN"/&gt;
			&lt;LinePriceInfo IsPriceLocked="Y" ListPrice="120.69" UnitPrice="120.69"/&gt;
			&lt;References&gt;
				&lt;Reference Name="Promotion1" Value="10% de descuento"/&gt;
				&lt;Reference Name="DiscountAmount" Value="164.9"/&gt;
			&lt;/References&gt;
		&lt;/OrderLine&gt;
		&lt;OrderLine Delivery="" FulfillmentType="Fulfillment_Type_Liverpool" OrderedQty="1" Store="" ShipNode=""&gt;
            &lt;Item ItemDesc="CHAROLA GIRATORIA AILE, 48CM HAUS" ItemID="20250207192103471" UnitOfMeasure="UN"/&gt;
            &lt;LinePriceInfo IsPriceLocked="Y" ListPrice="471.0" UnitPrice="471.0"/&gt;
            &lt;References&gt;
                &lt;Reference Name="Promotion1" Value="40% de descuento"/&gt;
                &lt;Reference Name="DiscountAmount" Value="314.0"/&gt;
            &lt;/References&gt;
        &lt;/OrderLine&gt;
	&lt;/OrderLines&gt;
	&lt;PersonInfoShipTo AddressLine1="Municipio Libre" AddressLine2="38" AddressLine4="LOMAS DE ATIZAPAN" AddressLine5="ATIZAPAN DE ZARAGOZA"
	AddressLine6="Entre calle El Oro y Acolman" City="Lopez Mateos" Country="MX" DayPhone="55-58249363" EMailID="espinosaquique@hotmail.com"
	FirstName="Jorge" LastName="Espinosa" MiddleName="Enrique" MobilePhone="5585367271" State="MEXICO" ZipCode="52977"/&gt;
	&lt;PersonInfoBillTo AddressLine1="MUNICIPIO LIBRE 38" AddressLine2="50169643" AddressLine4="LOMAS DE ATIZAPAN"
	AddressLine5="ATIZAPAN DE ZARAGOZA" City="ATIZAPAN DE ZARAGOZA" Country="MX" DayPhone="50169643"
	FirstName="JORGE ENRIQUE ESPINOSA" LastName="" State="EM" ZipCode="52977"/&gt;
	&lt;PersonInfoContact AddressLine1="Municipio Libre" AddressLine2="38" AddressLine4="LOMAS DE ATIZAPAN"
	AddressLine5="ATIZAPAN DE ZARAGOZA" City="Lopez Mateos" Country="MX" DayPhone="55-58249363"
	EMailID="espinosaquique@hotmail.com" FirstName="JORGE ENRIQUE" LastName="ESPINOSA" State="MEXICO" ZipCode="52977"/&gt;
	&lt;HeaderCharges&gt;
		&lt;HeaderCharge ChargeAmount="0" ChargeCategory="Shipping" ChargeName="Shipping"/&gt;
	&lt;/HeaderCharges&gt;
	&lt;References&gt;
		&lt;Reference Name="TicketNo" Value="4150016090"/&gt;
		&lt;Reference Name="BankAuthNo" Value="00050636"/&gt;
	&lt;/References&gt;
&lt;/Order&gt;

 
 </msg>
<msg time="2025-02-07T19:21:08.935195" level="INFO">POST Response : url=http://localhost:9080/smcfs/restapi/invoke/createOrder 
 status=200, reason=OK 
 headers={'X-FRAME-OPTIONS': 'SAMEORIGIN', 'X-UA-Compatible': 'IE=EmulateIE8', 'Access-Control-Allow-Origin': '*', 'Access-Control-Max-Age': '3600', 'Access-Control-Allow-Credentials': 'true', 'Content-Type': 'application/json; charset=UTF-8', 'Content-Encoding': 'gzip', 'Content-Language': 'en-US', 'Vary': 'Accept-Encoding', 'Content-Length': '118', 'Date': 'Fri, 07 Feb 2025 13:51:08 GMT'} 
 body={"DocumentType":"0001","OrderNo":"20250207192103471","OrderHeaderKey":"202502071351071042180","EnterpriseCode":"Liverpool"} 
 </msg>
<msg time="2025-02-07T19:21:08.935409" level="INFO">${createOrderResponse} = &lt;Response [200]&gt;</msg>
<var>${createOrderResponse}</var>
<arg>AddData</arg>
<arg>${base_url_api}${createOrder}</arg>
<arg>data=${jsonCreateOrder}</arg>
<arg>headers=${headers}</arg>
<doc>Sends a POST request on a previously created HTTP Session.</doc>
<status status="PASS" start="2025-02-07T19:21:07.530338" elapsed="1.405127"/>
</kw>
<kw name="Convert To String" owner="BuiltIn">
<msg time="2025-02-07T19:21:08.937055" level="INFO">${resp2} = {'DocumentType': '0001', 'OrderNo': '20250207192103471', 'OrderHeaderKey': '202502071351071042180', 'EnterpriseCode': 'Liverpool'}</msg>
<var>${resp2}</var>
<arg>${createOrderResponse.json()}</arg>
<doc>Converts the given item to a Unicode string.</doc>
<status status="PASS" start="2025-02-07T19:21:08.935786" elapsed="0.001318"/>
</kw>
<kw name="Write Output File" owner="Prepare_Xml_Content">
<arg>${resp2}</arg>
<arg>'createOrder'</arg>
<arg>C:\\automation\\automationLvrplSL\\LvrplSL\\CreateOrder\\CreateOrder_-create_normal_order_ATG_example_2_items_TC_001\\test</arg>
<status status="PASS" start="2025-02-07T19:21:08.937347" elapsed="0.001227"/>
</kw>
<kw name="Log To Console" owner="BuiltIn">
<arg>${createOrderResponse}</arg>
<doc>Logs the given message to the console.</doc>
<status status="PASS" start="2025-02-07T19:21:08.938894" elapsed="0.000407"/>
</kw>
<kw name="Get Current Date" owner="DateTime">
<msg time="2025-02-07T19:21:08.939892" level="INFO">${timestamp} = 20250207-1921</msg>
<var>${timestamp}</var>
<arg>result_format=%Y%m%d-%H%M</arg>
<doc>Returns current local or UTC time with an optional increment.</doc>
<status status="PASS" start="2025-02-07T19:21:08.939507" elapsed="0.000433"/>
</kw>
<kw name="Dictionary Should Contain Key" owner="Collections">
<arg>${createOrderResponse.json()}</arg>
<arg>OrderNo</arg>
<doc>Fails if ``key`` is not found from ``dictionary``.</doc>
<status status="PASS" start="2025-02-07T19:21:08.940121" elapsed="0.001053"/>
</kw>
<kw name="Get From Dictionary" owner="Collections">
<msg time="2025-02-07T19:21:08.942638" level="INFO">${Order_No} = 20250207192103471</msg>
<var>${Order_No}</var>
<arg>${createOrderResponse.json()}</arg>
<arg>OrderNo</arg>
<doc>Returns a value from the given ``dictionary`` based on the given ``key``.</doc>
<status status="PASS" start="2025-02-07T19:21:08.941396" elapsed="0.001298"/>
</kw>
<kw name="Dictionary Should Contain Key" owner="Collections">
<arg>${createOrderResponse.json()}</arg>
<arg>OrderHeaderKey</arg>
<doc>Fails if ``key`` is not found from ``dictionary``.</doc>
<status status="PASS" start="2025-02-07T19:21:08.942997" elapsed="0.000968"/>
</kw>
<kw name="Get From Dictionary" owner="Collections">
<msg time="2025-02-07T19:21:08.945231" level="INFO">${Order_Header_Key} = 202502071351071042180</msg>
<var>${Order_Header_Key}</var>
<arg>${createOrderResponse.json()}</arg>
<arg>OrderHeaderKey</arg>
<doc>Returns a value from the given ``dictionary`` based on the given ``key``.</doc>
<status status="PASS" start="2025-02-07T19:21:08.944136" elapsed="0.001140"/>
</kw>
<kw name="Append Excel File1" owner="read_write_all_excel">
<arg>${file}</arg>
<arg>${Order_No}</arg>
<arg>${TEST NAME}</arg>
<arg>${timestamp}</arg>
<arg>${jsonCreateOrder}</arg>
<arg>${createOrderResponse.json()}</arg>
<status status="PASS" start="2025-02-07T19:21:08.945461" elapsed="0.013358"/>
</kw>
<tag>CREATEORDER</tag>
<tag>HAPPYFLOW</tag>
<tag>REGRESSION</tag>
<status status="PASS" start="2025-02-07T19:21:03.467126" elapsed="5.492024"/>
</test>
<status status="PASS" start="2025-02-07T19:21:01.563000" elapsed="7.396058"/>
</suite>
<status status="PASS" start="2025-02-07T19:21:01.562000" elapsed="7.398238"/>
</suite>
<status status="PASS" start="2025-02-07T19:21:01.560000" elapsed="7.400907"/>
</suite>
<suite id="s1-s2" name="CreateOrder create normal order ATG ClickandCollect TC 002" source="C:\automation\automationLvrplSL\LvrplSL\CreateOrder\CreateOrder_create_normal_order_ATG_ClickandCollect_TC_002">
<suite id="s1-s2-s1" name="Test" source="C:\automation\automationLvrplSL\LvrplSL\CreateOrder\CreateOrder_create_normal_order_ATG_ClickandCollect_TC_002\test">
<suite id="s1-s2-s1-s1" name="TC 002" source="C:\automation\automationLvrplSL\LvrplSL\CreateOrder\CreateOrder_create_normal_order_ATG_ClickandCollect_TC_002\test\TC_002.robot">
<test id="s1-s2-s1-s1-t1" name="Create Order TC_001" line="13">
<kw name="Creating Session1" owner="createSession">
<kw name="Create List" owner="BuiltIn">
<msg time="2025-02-07T19:21:03.468744" level="INFO">${auth} = ['admin', 'ChangeIt4m3']</msg>
<var>${auth}</var>
<arg>${user}</arg>
<arg>${passwd}</arg>
<doc>Returns a list containing given items.</doc>
<status status="PASS" start="2025-02-07T19:21:03.468510" elapsed="0.000267"/>
</kw>
<kw name="Create Session" owner="RequestsLibrary">
<msg time="2025-02-07T19:21:03.469267" level="INFO">Creating Session using : alias=AddData, url=http://localhost:9080/smcfs/restapi/invoke/createOrder, headers={'Content-Type': 'application/xml', 'Authorization': 'Basic YWRtaW46cGFzc3dvcmQ='},                     cookies={}, auth=&lt;requests.auth.HTTPBasicAuth object at 0x0000017E4C401D30&gt;, timeout=None, proxies=None, verify=False,                     debug=0 </msg>
<arg>${AddData}</arg>
<arg>url=${base_url_api}${createOrder}</arg>
<arg>headers=${headers}</arg>
<arg>auth=${auth}</arg>
<doc>Create Session: create a HTTP session to a server</doc>
<status status="PASS" start="2025-02-07T19:21:03.468912" elapsed="0.000540"/>
</kw>
<arg>AddData</arg>
<status status="PASS" start="2025-02-07T19:21:03.467813" elapsed="0.001726"/>
</kw>
<kw name="Manage Item With Dynamic Item" owner="Prepare_Xml_Content">
<msg time="2025-02-07T19:21:05.471769" level="INFO">before mod &lt;ItemList&gt;
	&lt;Item Action="Manage" GlobalItemID="12439482" ItemID="$ItemID" OrganizationCode="Liverpool" UnitOfMeasure="UN"&gt;
		&lt;Extn ExtnActive="01" ExtnItemSF="Y" ExtnItemSFDesc="ACTIVO" ExtnSuggestedPackage="" ExtnSkuPackage=""/&gt;
		&lt;PrimaryInformation DefaultProductClass="SL" Description="CHAROLA GIRATORIA AILE, 48CM, NATURAL H" ShortDescription="CHAROLA GIRATORIA AILE, 48CM, NATURAL H" ExtendedDisplayDescription="CHAROLA GIRATORIA REDO, 48 CM, NATURAL (12439482)" IsDeliveryAllowed="Y" IsPickupAllowed="Y" IsShippingAllowed="Y" PrimaryEnterpriseCode="Liverpool" SerializedFlag="N" Status="3000" UnitCost="829" ItemType=""/&gt;
		&lt;ClassificationCodes ECCNNo="HAUS" Model="18917" NAICSCode="7502008630089" NMFCClass="152" NMFCCode="15204"/&gt;
		&lt;InventoryParameters ATPRule="Liverpool_ATP" InventoryMonitorRule="EPL_ATP_MONITOR_RULE" NodeLevelInventoryMonitorRule="EPL_ATP_MONITOR_RULE"/&gt;
		&lt;ItemAliasList Reset="Y"&gt;
			&lt;ItemAlias AliasName="EAN1" AliasValue="7502008630089"/&gt;
		&lt;/ItemAliasList&gt;
	&lt;/Item&gt;
&lt;/ItemList&gt;
after mod &lt;ItemList&gt;
	&lt;Item Action="Manage" GlobalItemID="12439482" ItemID="20250207192103470" OrganizationCode="Liverpool" UnitOfMeasure="UN"&gt;
		&lt;Extn ExtnActive="01" ExtnItemSF="Y" ExtnItemSFDesc="ACTIVO" ExtnSuggestedPackage="" ExtnSkuPackage=""/&gt;
		&lt;PrimaryInformation DefaultProductClass="SL" Description="CHAROLA GIRATORIA AILE, 48CM, NATURAL H" ShortDescription="CHAROLA GIRATORIA AILE, 48CM, NATURAL H" ExtendedDisplayDescription="CHAROLA GIRATORIA REDO, 48 CM, NATURAL (12439482)" IsDeliveryAllowed="Y" IsPickupAllowed="Y" IsShippingAllowed="Y" PrimaryEnterpriseCode="Liverpool" SerializedFlag="N" Status="3000" UnitCost="829" ItemType=""/&gt;
		&lt;ClassificationCodes ECCNNo="HAUS" Model="18917" NAICSCode="7502008630089" NMFCClass="152" NMFCCode="15204"/&gt;
		&lt;InventoryParameters ATPRule="Liverpool_ATP" InventoryMonitorRule="EPL_ATP_MONITOR_RULE" NodeLevelInventoryMonitorRule="EPL_ATP_MONITOR_RULE"/&gt;
		&lt;ItemAliasList Reset="Y"&gt;
			&lt;ItemAlias AliasName="EAN1" AliasValue="7502008630089"/&gt;
		&lt;/ItemAliasList&gt;
	&lt;/Item&gt;
&lt;/ItemList&gt;</msg>
<msg time="2025-02-07T19:21:05.472156" level="INFO">${manageItemJson} = &lt;ItemList&gt;
	&lt;Item Action="Manage" GlobalItemID="12439482" ItemID="20250207192103470" OrganizationCode="Liverpool" UnitOfMeasure="UN"&gt;
		&lt;Extn ExtnActive="01" ExtnItemSF="Y" ExtnItemSFDesc="ACTIVO" Ext...</msg>
<var>${manageItemJson}</var>
<arg>C:\\automation\\automationLvrplSL\\LvrplSL\\CreateOrder\\CreateOrder_create_normal_order_ATG_ClickandCollect_TC_002\\test</arg>
<status status="PASS" start="2025-02-07T19:21:03.469652" elapsed="2.002589"/>
</kw>
<kw name="POST On Session" owner="RequestsLibrary">
<msg time="2025-02-07T19:21:05.550314" level="INFO">POST Request : url=http://localhost:9080/smcfs/restapi/invoke/manageItem 
 path_url=/smcfs/restapi/invoke/manageItem 
 headers={'User-Agent': 'python-requests/2.32.3', 'Accept-Encoding': 'gzip, deflate', 'Accept': '*/*', 'Connection': 'keep-alive', 'Content-Type': 'application/xml', 'Authorization': 'Basic YWRtaW46Q2hhbmdlSXQ0bTM=', 'Content-Length': '1025'} 
 body=&lt;ItemList&gt;
	&lt;Item Action="Manage" GlobalItemID="12439482" ItemID="20250207192103470" OrganizationCode="Liverpool" UnitOfMeasure="UN"&gt;
		&lt;Extn ExtnActive="01" ExtnItemSF="Y" ExtnItemSFDesc="ACTIVO" ExtnSuggestedPackage="" ExtnSkuPackage=""/&gt;
		&lt;PrimaryInformation DefaultProductClass="SL" Description="CHAROLA GIRATORIA AILE, 48CM, NATURAL H" ShortDescription="CHAROLA GIRATORIA AILE, 48CM, NATURAL H" ExtendedDisplayDescription="CHAROLA GIRATORIA REDO, 48 CM, NATURAL (12439482)" IsDeliveryAllowed="Y" IsPickupAllowed="Y" IsShippingAllowed="Y" PrimaryEnterpriseCode="Liverpool" SerializedFlag="N" Status="3000" UnitCost="829" ItemType=""/&gt;
		&lt;ClassificationCodes ECCNNo="HAUS" Model="18917" NAICSCode="7502008630089" NMFCClass="152" NMFCCode="15204"/&gt;
		&lt;InventoryParameters ATPRule="Liverpool_ATP" InventoryMonitorRule="EPL_ATP_MONITOR_RULE" NodeLevelInventoryMonitorRule="EPL_ATP_MONITOR_RULE"/&gt;
		&lt;ItemAliasList Reset="Y"&gt;
			&lt;ItemAlias AliasName="EAN1" AliasValue="7502008630089"/&gt;
		&lt;/ItemAliasList&gt;
	&lt;/Item&gt;
&lt;/ItemList&gt; 
 </msg>
<msg time="2025-02-07T19:21:05.550449" level="INFO">POST Response : url=http://localhost:9080/smcfs/restapi/invoke/manageItem 
 status=204, reason=No Content 
 headers={'X-FRAME-OPTIONS': 'SAMEORIGIN', 'X-UA-Compatible': 'IE=EmulateIE8', 'Access-Control-Allow-Origin': '*', 'Access-Control-Max-Age': '3600', 'Access-Control-Allow-Credentials': 'true', 'Content-Language': 'en-US', 'Vary': 'Accept-Encoding', 'Content-Length': '0', 'Date': 'Fri, 07 Feb 2025 13:51:05 GMT'} 
 body=None 
 </msg>
<msg time="2025-02-07T19:21:05.550595" level="INFO">${manageItemResponse} = &lt;Response [204]&gt;</msg>
<var>${manageItemResponse}</var>
<arg>AddData</arg>
<arg>${base_url_api}${manageItem}</arg>
<arg>data=${manageItemJson}</arg>
<doc>Sends a POST request on a previously created HTTP Session.</doc>
<status status="PASS" start="2025-02-07T19:21:05.472642" elapsed="0.077985"/>
</kw>
<kw name="Status Should Be" owner="RequestsLibrary">
<arg>204</arg>
<arg>${manageItemResponse}</arg>
<doc>Fails if response status code is different than the expected.</doc>
<status status="PASS" start="2025-02-07T19:21:05.550861" elapsed="0.000638"/>
</kw>
<kw name="Manage Item With Dynamic Item1" owner="Prepare_Xml_Content">
<msg time="2025-02-07T19:21:05.564391" level="INFO">after mod &lt;ItemList&gt;
	&lt;Item Action="Manage" GlobalItemID="12439482" ItemID="20250207192103470" OrganizationCode="Liverpool" UnitOfMeasure="UN"&gt;
		&lt;Extn ExtnActive="01" ExtnItemSF="Y" ExtnItemSFDesc="ACTIVO" ExtnSuggestedPackage="" ExtnSkuPackage=""/&gt;
		&lt;PrimaryInformation DefaultProductClass="SL" Description="CHAROLA GIRATORIA AILE, 48CM, NATURAL H" ShortDescription="CHAROLA GIRATORIA AILE, 48CM, NATURAL H" ExtendedDisplayDescription="CHAROLA GIRATORIA REDO, 48 CM, NATURAL (12439482)" IsDeliveryAllowed="Y" IsPickupAllowed="Y" IsShippingAllowed="Y" PrimaryEnterpriseCode="Liverpool" SerializedFlag="N" Status="3000" UnitCost="829" ItemType=""/&gt;
		&lt;ClassificationCodes ECCNNo="HAUS" Model="18917" NAICSCode="7502008630089" NMFCClass="152" NMFCCode="15204"/&gt;
		&lt;InventoryParameters ATPRule="Liverpool_ATP" InventoryMonitorRule="EPL_ATP_MONITOR_RULE" NodeLevelInventoryMonitorRule="EPL_ATP_MONITOR_RULE"/&gt;
		&lt;ItemAliasList Reset="Y"&gt;
			&lt;ItemAlias AliasName="EAN1" AliasValue="7502008630089"/&gt;
		&lt;/ItemAliasList&gt;
	&lt;/Item&gt;
&lt;/ItemList&gt;</msg>
<msg time="2025-02-07T19:21:05.564868" level="INFO">${jsonItemId} = {'ItemList': {'Item': {'_Action': 'Manage', '_GlobalItemID': '12439482', '_ItemID': '20250207192103470', '_OrganizationCode': 'Liverpool', '_UnitOfMeasure': 'UN', 'Extn': {'_ExtnActive': '01', '_ExtnI...</msg>
<var>${jsonItemId}</var>
<arg>C:\\automation\\automationLvrplSL\\LvrplSL\\CreateOrder\\CreateOrder_create_normal_order_ATG_ClickandCollect_TC_002\\test</arg>
<status status="PASS" start="2025-02-07T19:21:05.551732" elapsed="0.013184"/>
</kw>
<kw name="Dictionary Should Contain Key" owner="Collections">
<arg>${jsonItemId}</arg>
<arg>ItemList</arg>
<doc>Fails if ``key`` is not found from ``dictionary``.</doc>
<status status="PASS" start="2025-02-07T19:21:05.565151" elapsed="0.000311"/>
</kw>
<kw name="Get From Dictionary" owner="Collections">
<msg time="2025-02-07T19:21:05.565925" level="INFO">${Item_ID_Path} = {'Item': {'_Action': 'Manage', '_GlobalItemID': '12439482', '_ItemID': '20250207192103470', '_OrganizationCode': 'Liverpool', '_UnitOfMeasure': 'UN', 'Extn': {'_ExtnActive': '01', '_ExtnItemSF': 'Y', ...</msg>
<var>${Item_ID_Path}</var>
<arg>${jsonItemId}</arg>
<arg>ItemList</arg>
<doc>Returns a value from the given ``dictionary`` based on the given ``key``.</doc>
<status status="PASS" start="2025-02-07T19:21:05.565651" elapsed="0.000328"/>
</kw>
<kw name="Adjust Inventory File" owner="Prepare_Xml_Content">
<msg time="2025-02-07T19:21:05.566679" level="INFO">${jsonAdjInv} = &lt;Items&gt;
	&lt;Item AdjustmentType="ABSOLUTE" Availability="TRACK" ItemID="20250207192103470" OrganizationCode="Liverpool" Quantity="100" ReasonCode="itemSLRTAMS19t2" ReasonText="Ajuste GoldenGate" ShipNod...</msg>
<var>${jsonAdjInv}</var>
<arg>${jsonItemId}[ItemList][Item][_ItemID]</arg>
<arg>C:\\automation\\automationLvrplSL\\LvrplSL\\CreateOrder\\CreateOrder_create_normal_order_ATG_ClickandCollect_TC_002\\test</arg>
<status status="PASS" start="2025-02-07T19:21:05.566139" elapsed="0.000586"/>
</kw>
<kw name="POST On Session" owner="RequestsLibrary">
<msg time="2025-02-07T19:21:05.611024" level="INFO">POST Request : url=http://localhost:9080/smcfs/restapi/invoke/adjustInventory 
 path_url=/smcfs/restapi/invoke/adjustInventory 
 headers={'User-Agent': 'python-requests/2.32.3', 'Accept-Encoding': 'gzip, deflate', 'Accept': '*/*', 'Connection': 'keep-alive', 'Content-Type': 'application/xml', 'Authorization': 'Basic YWRtaW46Q2hhbmdlSXQ0bTM=', 'Content-Length': '256'} 
 body=&lt;Items&gt;
	&lt;Item AdjustmentType="ABSOLUTE" Availability="TRACK" ItemID="20250207192103470" OrganizationCode="Liverpool" Quantity="100" ReasonCode="itemSLRTAMS19t2" ReasonText="Ajuste GoldenGate" ShipNode="77" SupplyType="ONHAND" UnitOfMeasure="UN"/&gt;
&lt;/Items&gt; 
 </msg>
<msg time="2025-02-07T19:21:05.611153" level="INFO">POST Response : url=http://localhost:9080/smcfs/restapi/invoke/adjustInventory 
 status=204, reason=No Content 
 headers={'X-FRAME-OPTIONS': 'SAMEORIGIN', 'X-UA-Compatible': 'IE=EmulateIE8', 'Access-Control-Allow-Origin': '*', 'Access-Control-Max-Age': '3600', 'Access-Control-Allow-Credentials': 'true', 'Content-Language': 'en-US', 'Vary': 'Accept-Encoding', 'Content-Length': '0', 'Date': 'Fri, 07 Feb 2025 13:51:05 GMT'} 
 body=None 
 </msg>
<msg time="2025-02-07T19:21:05.611304" level="INFO">${adjInvresponse} = &lt;Response [204]&gt;</msg>
<var>${adjInvresponse}</var>
<arg>AddData</arg>
<arg>${base_url_api}${adjustInventory}</arg>
<arg>data=${jsonAdjInv}</arg>
<arg>headers=${headers}</arg>
<doc>Sends a POST request on a previously created HTTP Session.</doc>
<status status="PASS" start="2025-02-07T19:21:05.567023" elapsed="0.044315"/>
</kw>
<kw name="Status Should Be" owner="RequestsLibrary">
<arg>204</arg>
<arg>${adjInvresponse}</arg>
<doc>Fails if response status code is different than the expected.</doc>
<status status="PASS" start="2025-02-07T19:21:05.611581" elapsed="0.000459"/>
</kw>
<kw name="Find Inventory File" owner="Prepare_Xml_Content">
<msg time="2025-02-07T19:21:05.612844" level="INFO">${jsonfindInventory} = &lt;Promise AllocationRuleID="FWD_RULES" CheckInventory="Y" EnterpriseCode="Liverpool" FulfillmentType="Fulfillment_Type_Liverpool"
 OrganizationCode="Liverpool"&gt;
	&lt;ShipToAddress Country="MX" ZipCode="98...</msg>
<var>${jsonfindInventory}</var>
<arg>${jsonItemId}[ItemList][Item][_ItemID]</arg>
<arg>C:\\automation\\automationLvrplSL\\LvrplSL\\CreateOrder\\CreateOrder_create_normal_order_ATG_ClickandCollect_TC_002\\test</arg>
<status status="PASS" start="2025-02-07T19:21:05.612239" elapsed="0.000660"/>
</kw>
<kw name="POST On Session" owner="RequestsLibrary">
<msg time="2025-02-07T19:21:07.403346" level="INFO">POST Request : url=http://localhost:9080/smcfs/restapi/invoke/findInventory 
 path_url=/smcfs/restapi/invoke/findInventory 
 headers={'User-Agent': 'python-requests/2.32.3', 'Accept-Encoding': 'gzip, deflate', 'Accept': '*/*', 'Connection': 'keep-alive', 'Content-Type': 'application/xml', 'Authorization': 'Basic YWRtaW46Q2hhbmdlSXQ0bTM=', 'Content-Length': '341'} 
 body=&lt;Promise AllocationRuleID="FWD_RULES" CheckInventory="Y" EnterpriseCode="Liverpool" FulfillmentType="Fulfillment_Type_Liverpool"
 OrganizationCode="Liverpool"&gt;
	&lt;ShipToAddress Country="MX" ZipCode="98047"/&gt;
	&lt;PromiseLines&gt;
		&lt;PromiseLine ItemID="20250207192103470" LineId="1" RequiredQty="20" UnitOfMeasure="UN"/&gt;
	&lt;/PromiseLines&gt;
&lt;/Promise&gt; 
 </msg>
<msg time="2025-02-07T19:21:07.403526" level="INFO">POST Response : url=http://localhost:9080/smcfs/restapi/invoke/findInventory 
 status=200, reason=OK 
 headers={'X-FRAME-OPTIONS': 'SAMEORIGIN', 'X-UA-Compatible': 'IE=EmulateIE8', 'Access-Control-Allow-Origin': '*', 'Access-Control-Max-Age': '3600', 'Access-Control-Allow-Credentials': 'true', 'Content-Type': 'application/json; charset=UTF-8', 'Content-Encoding': 'gzip', 'Content-Language': 'en-US', 'Vary': 'Accept-Encoding', 'Content-Length': '943', 'Date': 'Fri, 07 Feb 2025 13:51:07 GMT'} 
 body={"Options":{"TotalNumberOfRecords":"0"},"OptimizationType":"02","CheckInventory":"Y","AllocationRuleID":"FWD_RULES","SuggestedOption":{"Option":{"LastDate":"2025-02-07T13:51:05+00:00","OptionNo":"23","NodeQty":"20.00","FirstDate":"2025-02-07T13:51:05+00:00","AvailableFromUnplannedInventory":"N","TotalShipments":"1","Interactions":{"Interaction":[{"IsDelivery":"N","CarrierServiceCode":"","DeliveryMethod":"SHP","Node":"77","DeliveryDate":"2025-02-07T13:51:05+00:00","ShipDate":"2025-02-07T13:51:05+00:00","EarliestDate":"2025-02-07T00:00:00+00:00","LastDate":"2025-03-09T23:59:59+00:00","ItemGroupCode":"PROD","PersonInfoShipTo":{"VerificationStatus":"","Company":"","OtherPhone":"","UseCount":"0","EMailID":"","DayPhone":"","JobTitle":"","MobilePhone":"","Department":"","AlternateEmailID":"","PersonID":"","PreferredShipAddress":"","Beeper":"","FirstName":"","ZipCode":"98047","Title":"","City":"","MiddleName":"","DayFaxNo":"","HttpUrl":"","AddressLine3":"","AddressLine2":"","AddressLine1":"","Suffix":"","AddressLine6":"","AddressLine5":"","State":"","AddressLine4":"","EveningFaxNo":"","EveningPhone":"","Country":"MX","ErrorTxt":"","LastName":"","isHistory":"N"},"OrganizationCode":"","Carrier":"","TotalHandlingUnits":"0.00","InteractionNo":"1"}],"TotalNumberOfRecords":"1"},"LeastPriority":"10.00","PromiseLines":{"PromiseLine":[{"CarrierServiceCode":"","DeliveryMethod":"SHP","LineId":"1","UnitOfMeasure":"UN","Assignments":{"Assignment":[{"Procurements":{},"IsIdleAsset":"N","SegmentChangeQty":"0.00","ExternalNode":"N","ReservedQty":"0.00","AvailableFromUnplannedInventory":"N","ProcuredQty":"0.00","Quantity":"20.00","DeliveryDate":"2025-02-07T13:51:05+00:00","ShipDate":"2025-02-07T13:51:05+00:00","SubstituteItems":{},"MergeNode":"","SCAC":"","NodePriority":"10.00","ShipNode":"77","InteractionNo":"1","ProductAvailDate":"2025-02-07","Distance":"0.00","SubstitutedQty":"0.00"}],"TotalNumberOfRecords":"1"},"ReceivingNode":"","IsBundleParent":"N","ItemID":"20250207192103470","Segment":"","SegmentType":"","NewItemID":"","SCAC":"","BundleParentLineId":"","KitQty":"1","RequiredQty":"20","AutoReplacedByPreferredSubstitute":"N","DistributionRuleId":"","ShipNode":"","ProductClass":"","FulfillmentType":"Fulfillment_Type_Liverpool"}],"TotalNumberOfRecords":"1"},"MaxPriority":"10.00","PromiseServiceLines":{"TotalNumberOfRecords":"0"},"HasAnyUnavailableQty":"N"}},"OrganizationCode":"Liverpool","EnterpriseCode":"Liverpool","FulfillmentType":"Fulfillment_Type_Liverpool"} 
 </msg>
<msg time="2025-02-07T19:21:07.403989" level="INFO">${findInventoryResponse} = &lt;Response [200]&gt;</msg>
<var>${findInventoryResponse}</var>
<arg>AddData</arg>
<arg>${base_url_api}${findInventory}</arg>
<arg>data=${jsonfindInventory}</arg>
<arg>headers=${headers}</arg>
<doc>Sends a POST request on a previously created HTTP Session.</doc>
<status status="PASS" start="2025-02-07T19:21:05.613113" elapsed="1.790934"/>
</kw>
<kw name="Convert To String" owner="BuiltIn">
<msg time="2025-02-07T19:21:07.405783" level="INFO">${resp} = {'Options': {'TotalNumberOfRecords': '0'}, 'OptimizationType': '02', 'CheckInventory': 'Y', 'AllocationRuleID': 'FWD_RULES', 'SuggestedOption': {'Option': {'LastDate': '2025-02-07T13:51:05+00:00', 'Op...</msg>
<var>${resp}</var>
<arg>${findInventoryResponse.json()}</arg>
<doc>Converts the given item to a Unicode string.</doc>
<status status="PASS" start="2025-02-07T19:21:07.404336" elapsed="0.001493"/>
</kw>
<kw name="Write Output File" owner="Prepare_Xml_Content">
<arg>${resp}</arg>
<arg>'findInv'</arg>
<arg>C:\\automation\\automationLvrplSL\\LvrplSL\\CreateOrder\\CreateOrder_create_normal_order_ATG_ClickandCollect_TC_002\\test</arg>
<status status="PASS" start="2025-02-07T19:21:07.406051" elapsed="0.001215"/>
</kw>
<kw name="Create Order File" owner="Prepare_Xml_Content">
<msg time="2025-02-07T19:21:07.408101" level="INFO">${jsonCreateOrder} = &lt;Order AllocationRuleID="FWD_RULES" CustomerPONo="o1837376354" CustomerRewardsNo="2027498301" DocumentType="0001" DraftOrderFlag="Y" EnterpriseCode="Liverpool" OrderDate="2023-11-02T09:05:27-06:00" Or...</msg>
<var>${jsonCreateOrder}</var>
<arg>${jsonItemId}[ItemList][Item][_ItemID]</arg>
<arg>C:\\automation\\automationLvrplSL\\LvrplSL\\CreateOrder\\CreateOrder_create_normal_order_ATG_ClickandCollect_TC_002\\test</arg>
<status status="PASS" start="2025-02-07T19:21:07.407491" elapsed="0.000663"/>
</kw>
<kw name="POST On Session" owner="RequestsLibrary">
<msg time="2025-02-07T19:21:08.408442" level="INFO">POST Request : url=http://localhost:9080/smcfs/restapi/invoke/createOrder 
 path_url=/smcfs/restapi/invoke/createOrder 
 headers={'User-Agent': 'python-requests/2.32.3', 'Accept-Encoding': 'gzip, deflate', 'Accept': '*/*', 'Connection': 'keep-alive', 'Content-Type': 'application/xml', 'Authorization': 'Basic YWRtaW46Q2hhbmdlSXQ0bTM=', 'Content-Length': '1842'} 
 body=&lt;Order AllocationRuleID="FWD_RULES" CustomerPONo="o1837376354" CustomerRewardsNo="2027498301" DocumentType="0001" DraftOrderFlag="Y" EnterpriseCode="Liverpool" OrderDate="2023-11-02T09:05:27-06:00" OrderName="0904202401" OrderNo="20250207192103470" OrderType="Personal"&gt;
&lt;OrderLines&gt;
&lt;OrderLine Delivery="" FulfillmentType="Liverpool_CNC_PICK_PACK" OrderedQty="1" Store=""&gt;
&lt;Item ItemDesc=" " ItemID="20250207192103470" UnitOfMeasure="UN"/&gt;
&lt;LinePriceInfo IsPriceLocked="Y" ListPrice="279.3" UnitPrice="279.3"/&gt;
&lt;References&gt;
&lt;Reference Name="Promotion1" Value="30% de descuento"/&gt;
&lt;Reference Name="DiscountAmount" Value="119.69999999999999"/&gt;
&lt;/References&gt;
&lt;/OrderLine&gt;
&lt;/OrderLines&gt;
&lt;PersonInfoShipTo AddressLine1="0398 LIV Liverpool GalerÃ­as Insurgentes Av. Insurgentes Sur" AddressLine2="1310" AddressLine4="" AddressLine5="Benito JuÃ¡rez" AddressLine6="Entre calle Eje 7 FÃ©lix Cuevas y Parroquia" City="Col. Del Valle" Country="MX" DayPhone="5554801300" EMailID="iramosg@liverpool.com.mx" FirstName="ismael" LastName="avrilchiva" State="LÃ¡zaro CÃ¡rdenas" ZipCode="60955"/&gt;
&lt;PersonInfoBillTo AddressLine1="na" AddressLine2="na" AddressLine4="" AddressLine5="IZTAPALAPA" City="cdmx" Country="MX" DayPhone="555-2575722" FirstName="na na" LastName="" State="DISTRITO FEDERAL" ZipCode="06010"/&gt;
&lt;PersonInfoContact AddressLine1="20 palma" AddressLine2="20" AddressLine4="EL ARBOL" AddressLine5="ALVARO OBREGON" City="ALVARO OBREGON" Country="MX" DayPhone="56-21945242" EMailID="iramosg@liverpool.com.mx" FirstName="ismael" LastName="avrilchiva" State="CIUDAD DE MEXICO" ZipCode="52789"/&gt;
&lt;HeaderCharges&gt;
&lt;HeaderCharge ChargeAmount="0" ChargeCategory="Shipping" ChargeName="Shipping"/&gt;
&lt;/HeaderCharges&gt;
&lt;References&gt;
&lt;Reference Name="TicketNo" Value="3070000109"/&gt;
&lt;Reference Name="BankAuthNo" Value="897519"/&gt;
&lt;/References&gt;
&lt;/Order&gt; 
 </msg>
<msg time="2025-02-07T19:21:08.408607" level="INFO">POST Response : url=http://localhost:9080/smcfs/restapi/invoke/createOrder 
 status=200, reason=OK 
 headers={'X-FRAME-OPTIONS': 'SAMEORIGIN', 'X-UA-Compatible': 'IE=EmulateIE8', 'Access-Control-Allow-Origin': '*', 'Access-Control-Max-Age': '3600', 'Access-Control-Allow-Credentials': 'true', 'Content-Type': 'application/json; charset=UTF-8', 'Content-Encoding': 'gzip', 'Content-Language': 'en-US', 'Vary': 'Accept-Encoding', 'Content-Length': '119', 'Date': 'Fri, 07 Feb 2025 13:51:08 GMT'} 
 body={"DocumentType":"0001","OrderNo":"20250207192103470","OrderHeaderKey":"202502071351071042172","EnterpriseCode":"Liverpool"} 
 </msg>
<msg time="2025-02-07T19:21:08.408763" level="INFO">${createOrderResponse} = &lt;Response [200]&gt;</msg>
<var>${createOrderResponse}</var>
<arg>AddData</arg>
<arg>${base_url_api}${createOrder}</arg>
<arg>data=${jsonCreateOrder}</arg>
<arg>headers=${headers}</arg>
<doc>Sends a POST request on a previously created HTTP Session.</doc>
<status status="PASS" start="2025-02-07T19:21:07.408342" elapsed="1.000455"/>
</kw>
<kw name="Convert To String" owner="BuiltIn">
<msg time="2025-02-07T19:21:08.410453" level="INFO">${resp2} = {'DocumentType': '0001', 'OrderNo': '20250207192103470', 'OrderHeaderKey': '202502071351071042172', 'EnterpriseCode': 'Liverpool'}</msg>
<var>${resp2}</var>
<arg>${createOrderResponse.json()}</arg>
<doc>Converts the given item to a Unicode string.</doc>
<status status="PASS" start="2025-02-07T19:21:08.409081" elapsed="0.001426"/>
</kw>
<kw name="Write Output File" owner="Prepare_Xml_Content">
<arg>${resp2}</arg>
<arg>'createOrder'</arg>
<arg>C:\\automation\\automationLvrplSL\\LvrplSL\\CreateOrder\\CreateOrder_create_normal_order_ATG_ClickandCollect_TC_002\\test</arg>
<status status="PASS" start="2025-02-07T19:21:08.410728" elapsed="0.001154"/>
</kw>
<kw name="Log To Console" owner="BuiltIn">
<arg>${createOrderResponse}</arg>
<doc>Logs the given message to the console.</doc>
<status status="PASS" start="2025-02-07T19:21:08.412163" elapsed="0.000357"/>
</kw>
<kw name="Get Current Date" owner="DateTime">
<msg time="2025-02-07T19:21:08.413047" level="INFO">${timestamp} = 20250207-1921</msg>
<var>${timestamp}</var>
<arg>result_format=%Y%m%d-%H%M</arg>
<doc>Returns current local or UTC time with an optional increment.</doc>
<status status="PASS" start="2025-02-07T19:21:08.412709" elapsed="0.000379"/>
</kw>
<kw name="Dictionary Should Contain Key" owner="Collections">
<arg>${createOrderResponse.json()}</arg>
<arg>OrderNo</arg>
<doc>Fails if ``key`` is not found from ``dictionary``.</doc>
<status status="PASS" start="2025-02-07T19:21:08.413253" elapsed="0.001038"/>
</kw>
<kw name="Get From Dictionary" owner="Collections">
<msg time="2025-02-07T19:21:08.415575" level="INFO">${Order_No} = 20250207192103470</msg>
<var>${Order_No}</var>
<arg>${createOrderResponse.json()}</arg>
<arg>OrderNo</arg>
<doc>Returns a value from the given ``dictionary`` based on the given ``key``.</doc>
<status status="PASS" start="2025-02-07T19:21:08.414461" elapsed="0.001163"/>
</kw>
<kw name="Dictionary Should Contain Key" owner="Collections">
<arg>${createOrderResponse.json()}</arg>
<arg>OrderHeaderKey</arg>
<doc>Fails if ``key`` is not found from ``dictionary``.</doc>
<status status="PASS" start="2025-02-07T19:21:08.415817" elapsed="0.001182"/>
</kw>
<kw name="Get From Dictionary" owner="Collections">
<msg time="2025-02-07T19:21:08.418266" level="INFO">${Order_Header_Key} = 202502071351071042172</msg>
<var>${Order_Header_Key}</var>
<arg>${createOrderResponse.json()}</arg>
<arg>OrderHeaderKey</arg>
<doc>Returns a value from the given ``dictionary`` based on the given ``key``.</doc>
<status status="PASS" start="2025-02-07T19:21:08.417220" elapsed="0.001091"/>
</kw>
<kw name="Append Excel File1" owner="read_write_all_excel">
<arg>${file}</arg>
<arg>${Order_No}</arg>
<arg>${TEST NAME}</arg>
<arg>${timestamp}</arg>
<arg>${jsonCreateOrder}</arg>
<arg>${createOrderResponse.json()}</arg>
<status status="PASS" start="2025-02-07T19:21:08.418603" elapsed="0.012320"/>
</kw>
<tag>CREATEORDER</tag>
<tag>HAPPYFLOW</tag>
<tag>REGRESSION</tag>
<status status="PASS" start="2025-02-07T19:21:03.467175" elapsed="4.968346"/>
</test>
<status status="PASS" start="2025-02-07T19:21:01.529581" elapsed="6.907813"/>
</suite>
<status status="PASS" start="2025-02-07T19:21:01.527459" elapsed="6.911966"/>
</suite>
<status status="PASS" start="2025-02-07T19:21:01.526013" elapsed="6.914181"/>
</suite>
<suite id="s1-s3" name="CreateOrder create normal order ATG example TC 003" source="C:\automation\automationLvrplSL\LvrplSL\CreateOrder\CreateOrder_create_normal_order_ATG_example_TC_003">
<suite id="s1-s3-s1" name="Test" source="C:\automation\automationLvrplSL\LvrplSL\CreateOrder\CreateOrder_create_normal_order_ATG_example_TC_003\test">
<suite id="s1-s3-s1-s1" name="TC 003" source="C:\automation\automationLvrplSL\LvrplSL\CreateOrder\CreateOrder_create_normal_order_ATG_example_TC_003\test\TC_003.robot">
<test id="s1-s3-s1-s1-t1" name="Create Order TC_001" line="13">
<kw name="Creating Session1" owner="createSession">
<kw name="Create List" owner="BuiltIn">
<msg time="2025-02-07T19:21:03.469299" level="INFO">${auth} = ['admin', 'ChangeIt4m3']</msg>
<var>${auth}</var>
<arg>${user}</arg>
<arg>${passwd}</arg>
<doc>Returns a list containing given items.</doc>
<status status="PASS" start="2025-02-07T19:21:03.469008" elapsed="0.000341"/>
</kw>
<kw name="Create Session" owner="RequestsLibrary">
<msg time="2025-02-07T19:21:03.470059" level="INFO">Creating Session using : alias=AddData, url=http://localhost:9080/smcfs/restapi/invoke/createOrder, headers={'Content-Type': 'application/xml', 'Authorization': 'Basic YWRtaW46cGFzc3dvcmQ='},                     cookies={}, auth=&lt;requests.auth.HTTPBasicAuth object at 0x000001E25DB71D30&gt;, timeout=None, proxies=None, verify=False,                     debug=0 </msg>
<arg>${AddData}</arg>
<arg>url=${base_url_api}${createOrder}</arg>
<arg>headers=${headers}</arg>
<arg>auth=${auth}</arg>
<doc>Create Session: create a HTTP session to a server</doc>
<status status="PASS" start="2025-02-07T19:21:03.469542" elapsed="0.000756"/>
</kw>
<arg>AddData</arg>
<status status="PASS" start="2025-02-07T19:21:03.467916" elapsed="0.002528"/>
</kw>
<kw name="Manage Item With Dynamic Item" owner="Prepare_Xml_Content">
<msg time="2025-02-07T19:21:05.473433" level="INFO">before mod &lt;ItemList&gt;
	&lt;Item Action="Manage" GlobalItemID="12439482" ItemID="$ItemID" OrganizationCode="Liverpool" UnitOfMeasure="UN"&gt;
		&lt;Extn ExtnActive="01" ExtnItemSF="Y" ExtnItemSFDesc="ACTIVO" ExtnSuggestedPackage="" ExtnSkuPackage=""/&gt;
		&lt;PrimaryInformation DefaultProductClass="SL" Description="CHAROLA GIRATORIA AILE, 48CM, NATURAL H" ShortDescription="CHAROLA GIRATORIA AILE, 48CM, NATURAL H" ExtendedDisplayDescription="CHAROLA GIRATORIA REDO, 48 CM, NATURAL (12439482)" IsDeliveryAllowed="Y" IsPickupAllowed="Y" IsShippingAllowed="Y" PrimaryEnterpriseCode="Liverpool" SerializedFlag="N" Status="3000" UnitCost="829" ItemType=""/&gt;
		&lt;ClassificationCodes ECCNNo="HAUS" Model="18917" NAICSCode="7502008630089" NMFCClass="152" NMFCCode="15204"/&gt;
		&lt;InventoryParameters ATPRule="Liverpool_ATP" InventoryMonitorRule="EPL_ATP_MONITOR_RULE" NodeLevelInventoryMonitorRule="EPL_ATP_MONITOR_RULE"/&gt;
		&lt;ItemAliasList Reset="Y"&gt;
			&lt;ItemAlias AliasName="EAN1" AliasValue="7502008630089"/&gt;
		&lt;/ItemAliasList&gt;
	&lt;/Item&gt;
&lt;/ItemList&gt;
after mod &lt;ItemList&gt;
	&lt;Item Action="Manage" GlobalItemID="12439482" ItemID="20250207192103472" OrganizationCode="Liverpool" UnitOfMeasure="UN"&gt;
		&lt;Extn ExtnActive="01" ExtnItemSF="Y" ExtnItemSFDesc="ACTIVO" ExtnSuggestedPackage="" ExtnSkuPackage=""/&gt;
		&lt;PrimaryInformation DefaultProductClass="SL" Description="CHAROLA GIRATORIA AILE, 48CM, NATURAL H" ShortDescription="CHAROLA GIRATORIA AILE, 48CM, NATURAL H" ExtendedDisplayDescription="CHAROLA GIRATORIA REDO, 48 CM, NATURAL (12439482)" IsDeliveryAllowed="Y" IsPickupAllowed="Y" IsShippingAllowed="Y" PrimaryEnterpriseCode="Liverpool" SerializedFlag="N" Status="3000" UnitCost="829" ItemType=""/&gt;
		&lt;ClassificationCodes ECCNNo="HAUS" Model="18917" NAICSCode="7502008630089" NMFCClass="152" NMFCCode="15204"/&gt;
		&lt;InventoryParameters ATPRule="Liverpool_ATP" InventoryMonitorRule="EPL_ATP_MONITOR_RULE" NodeLevelInventoryMonitorRule="EPL_ATP_MONITOR_RULE"/&gt;
		&lt;ItemAliasList Reset="Y"&gt;
			&lt;ItemAlias AliasName="EAN1" AliasValue="7502008630089"/&gt;
		&lt;/ItemAliasList&gt;
	&lt;/Item&gt;
&lt;/ItemList&gt;</msg>
<msg time="2025-02-07T19:21:05.473923" level="INFO">${manageItemJson} = &lt;ItemList&gt;
	&lt;Item Action="Manage" GlobalItemID="12439482" ItemID="20250207192103472" OrganizationCode="Liverpool" UnitOfMeasure="UN"&gt;
		&lt;Extn ExtnActive="01" ExtnItemSF="Y" ExtnItemSFDesc="ACTIVO" Ext...</msg>
<var>${manageItemJson}</var>
<arg>C:\\automation\\automationLvrplSL\\LvrplSL\\CreateOrder\\CreateOrder_create_normal_order_ATG_example_TC_003\\test</arg>
<status status="PASS" start="2025-02-07T19:21:03.470618" elapsed="2.003428"/>
</kw>
<kw name="POST On Session" owner="RequestsLibrary">
<msg time="2025-02-07T19:21:05.551587" level="INFO">POST Request : url=http://localhost:9080/smcfs/restapi/invoke/manageItem 
 path_url=/smcfs/restapi/invoke/manageItem 
 headers={'User-Agent': 'python-requests/2.32.3', 'Accept-Encoding': 'gzip, deflate', 'Accept': '*/*', 'Connection': 'keep-alive', 'Content-Type': 'application/xml', 'Authorization': 'Basic YWRtaW46Q2hhbmdlSXQ0bTM=', 'Content-Length': '1025'} 
 body=&lt;ItemList&gt;
	&lt;Item Action="Manage" GlobalItemID="12439482" ItemID="20250207192103472" OrganizationCode="Liverpool" UnitOfMeasure="UN"&gt;
		&lt;Extn ExtnActive="01" ExtnItemSF="Y" ExtnItemSFDesc="ACTIVO" ExtnSuggestedPackage="" ExtnSkuPackage=""/&gt;
		&lt;PrimaryInformation DefaultProductClass="SL" Description="CHAROLA GIRATORIA AILE, 48CM, NATURAL H" ShortDescription="CHAROLA GIRATORIA AILE, 48CM, NATURAL H" ExtendedDisplayDescription="CHAROLA GIRATORIA REDO, 48 CM, NATURAL (12439482)" IsDeliveryAllowed="Y" IsPickupAllowed="Y" IsShippingAllowed="Y" PrimaryEnterpriseCode="Liverpool" SerializedFlag="N" Status="3000" UnitCost="829" ItemType=""/&gt;
		&lt;ClassificationCodes ECCNNo="HAUS" Model="18917" NAICSCode="7502008630089" NMFCClass="152" NMFCCode="15204"/&gt;
		&lt;InventoryParameters ATPRule="Liverpool_ATP" InventoryMonitorRule="EPL_ATP_MONITOR_RULE" NodeLevelInventoryMonitorRule="EPL_ATP_MONITOR_RULE"/&gt;
		&lt;ItemAliasList Reset="Y"&gt;
			&lt;ItemAlias AliasName="EAN1" AliasValue="7502008630089"/&gt;
		&lt;/ItemAliasList&gt;
	&lt;/Item&gt;
&lt;/ItemList&gt; 
 </msg>
<msg time="2025-02-07T19:21:05.551731" level="INFO">POST Response : url=http://localhost:9080/smcfs/restapi/invoke/manageItem 
 status=204, reason=No Content 
 headers={'X-FRAME-OPTIONS': 'SAMEORIGIN', 'X-UA-Compatible': 'IE=EmulateIE8', 'Access-Control-Allow-Origin': '*', 'Access-Control-Max-Age': '3600', 'Access-Control-Allow-Credentials': 'true', 'Content-Language': 'en-US', 'Vary': 'Accept-Encoding', 'Content-Length': '0', 'Date': 'Fri, 07 Feb 2025 13:51:05 GMT'} 
 body=None 
 </msg>
<msg time="2025-02-07T19:21:05.551953" level="INFO">${manageItemResponse} = &lt;Response [204]&gt;</msg>
<var>${manageItemResponse}</var>
<arg>AddData</arg>
<arg>${base_url_api}${manageItem}</arg>
<arg>data=${manageItemJson}</arg>
<doc>Sends a POST request on a previously created HTTP Session.</doc>
<status status="PASS" start="2025-02-07T19:21:05.474626" elapsed="0.077366"/>
</kw>
<kw name="Status Should Be" owner="RequestsLibrary">
<arg>204</arg>
<arg>${manageItemResponse}</arg>
<doc>Fails if response status code is different than the expected.</doc>
<status status="PASS" start="2025-02-07T19:21:05.552281" elapsed="0.000428"/>
</kw>
<kw name="Manage Item With Dynamic Item1" owner="Prepare_Xml_Content">
<msg time="2025-02-07T19:21:05.564437" level="INFO">after mod &lt;ItemList&gt;
	&lt;Item Action="Manage" GlobalItemID="12439482" ItemID="20250207192103472" OrganizationCode="Liverpool" UnitOfMeasure="UN"&gt;
		&lt;Extn ExtnActive="01" ExtnItemSF="Y" ExtnItemSFDesc="ACTIVO" ExtnSuggestedPackage="" ExtnSkuPackage=""/&gt;
		&lt;PrimaryInformation DefaultProductClass="SL" Description="CHAROLA GIRATORIA AILE, 48CM, NATURAL H" ShortDescription="CHAROLA GIRATORIA AILE, 48CM, NATURAL H" ExtendedDisplayDescription="CHAROLA GIRATORIA REDO, 48 CM, NATURAL (12439482)" IsDeliveryAllowed="Y" IsPickupAllowed="Y" IsShippingAllowed="Y" PrimaryEnterpriseCode="Liverpool" SerializedFlag="N" Status="3000" UnitCost="829" ItemType=""/&gt;
		&lt;ClassificationCodes ECCNNo="HAUS" Model="18917" NAICSCode="7502008630089" NMFCClass="152" NMFCCode="15204"/&gt;
		&lt;InventoryParameters ATPRule="Liverpool_ATP" InventoryMonitorRule="EPL_ATP_MONITOR_RULE" NodeLevelInventoryMonitorRule="EPL_ATP_MONITOR_RULE"/&gt;
		&lt;ItemAliasList Reset="Y"&gt;
			&lt;ItemAlias AliasName="EAN1" AliasValue="7502008630089"/&gt;
		&lt;/ItemAliasList&gt;
	&lt;/Item&gt;
&lt;/ItemList&gt;</msg>
<msg time="2025-02-07T19:21:05.564868" level="INFO">${jsonItemId} = {'ItemList': {'Item': {'_Action': 'Manage', '_GlobalItemID': '12439482', '_ItemID': '20250207192103472', '_OrganizationCode': 'Liverpool', '_UnitOfMeasure': 'UN', 'Extn': {'_ExtnActive': '01', '_ExtnI...</msg>
<var>${jsonItemId}</var>
<arg>C:\\automation\\automationLvrplSL\\LvrplSL\\CreateOrder\\CreateOrder_create_normal_order_ATG_example_TC_003\\test</arg>
<status status="PASS" start="2025-02-07T19:21:05.553220" elapsed="0.011696"/>
</kw>
<kw name="Dictionary Should Contain Key" owner="Collections">
<arg>${jsonItemId}</arg>
<arg>ItemList</arg>
<doc>Fails if ``key`` is not found from ``dictionary``.</doc>
<status status="PASS" start="2025-02-07T19:21:05.565151" elapsed="0.000311"/>
</kw>
<kw name="Get From Dictionary" owner="Collections">
<msg time="2025-02-07T19:21:05.566000" level="INFO">${Item_ID_Path} = {'Item': {'_Action': 'Manage', '_GlobalItemID': '12439482', '_ItemID': '20250207192103472', '_OrganizationCode': 'Liverpool', '_UnitOfMeasure': 'UN', 'Extn': {'_ExtnActive': '01', '_ExtnItemSF': 'Y', ...</msg>
<var>${Item_ID_Path}</var>
<arg>${jsonItemId}</arg>
<arg>ItemList</arg>
<doc>Returns a value from the given ``dictionary`` based on the given ``key``.</doc>
<status status="PASS" start="2025-02-07T19:21:05.565651" elapsed="0.000387"/>
</kw>
<kw name="Adjust Inventory File" owner="Prepare_Xml_Content">
<msg time="2025-02-07T19:21:05.567945" level="INFO">${jsonAdjInv} = &lt;Items&gt;
	&lt;Item AdjustmentType="ABSOLUTE" Availability="TRACK" ItemID="20250207192103472" OrganizationCode="Liverpool" Quantity="100" ReasonCode="itemSLRTAMS19t2" ReasonText="Ajuste GoldenGate" ShipNod...</msg>
<var>${jsonAdjInv}</var>
<arg>${jsonItemId}[ItemList][Item][_ItemID]</arg>
<arg>C:\\automation\\automationLvrplSL\\LvrplSL\\CreateOrder\\CreateOrder_create_normal_order_ATG_example_TC_003\\test</arg>
<status status="PASS" start="2025-02-07T19:21:05.566178" elapsed="0.001823"/>
</kw>
<kw name="POST On Session" owner="RequestsLibrary">
<msg time="2025-02-07T19:21:05.611364" level="INFO">POST Request : url=http://localhost:9080/smcfs/restapi/invoke/adjustInventory 
 path_url=/smcfs/restapi/invoke/adjustInventory 
 headers={'User-Agent': 'python-requests/2.32.3', 'Accept-Encoding': 'gzip, deflate', 'Accept': '*/*', 'Connection': 'keep-alive', 'Content-Type': 'application/xml', 'Authorization': 'Basic YWRtaW46Q2hhbmdlSXQ0bTM=', 'Content-Length': '256'} 
 body=&lt;Items&gt;
	&lt;Item AdjustmentType="ABSOLUTE" Availability="TRACK" ItemID="20250207192103472" OrganizationCode="Liverpool" Quantity="100" ReasonCode="itemSLRTAMS19t2" ReasonText="Ajuste GoldenGate" ShipNode="77" SupplyType="ONHAND" UnitOfMeasure="UN"/&gt;
&lt;/Items&gt; 
 </msg>
<msg time="2025-02-07T19:21:05.611464" level="INFO">POST Response : url=http://localhost:9080/smcfs/restapi/invoke/adjustInventory 
 status=204, reason=No Content 
 headers={'X-FRAME-OPTIONS': 'SAMEORIGIN', 'X-UA-Compatible': 'IE=EmulateIE8', 'Access-Control-Allow-Origin': '*', 'Access-Control-Max-Age': '3600', 'Access-Control-Allow-Credentials': 'true', 'Content-Language': 'en-US', 'Vary': 'Accept-Encoding', 'Content-Length': '0', 'Date': 'Fri, 07 Feb 2025 13:51:05 GMT'} 
 body=None 
 </msg>
<msg time="2025-02-07T19:21:05.611602" level="INFO">${adjInvresponse} = &lt;Response [204]&gt;</msg>
<var>${adjInvresponse}</var>
<arg>AddData</arg>
<arg>${base_url_api}${adjustInventory}</arg>
<arg>data=${jsonAdjInv}</arg>
<arg>headers=${headers}</arg>
<doc>Sends a POST request on a previously created HTTP Session.</doc>
<status status="PASS" start="2025-02-07T19:21:05.568173" elapsed="0.043461"/>
</kw>
<kw name="Status Should Be" owner="RequestsLibrary">
<arg>204</arg>
<arg>${adjInvresponse}</arg>
<doc>Fails if response status code is different than the expected.</doc>
<status status="PASS" start="2025-02-07T19:21:05.611872" elapsed="0.000361"/>
</kw>
<kw name="Find Inventory File" owner="Prepare_Xml_Content">
<msg time="2025-02-07T19:21:05.625486" level="INFO">${jsonfindInventory} = &lt;Promise AllocationRuleID="FWD_RULES" CheckInventory="Y" EnterpriseCode="Liverpool" FulfillmentType="Fulfillment_Type_Liverpool"
 OrganizationCode="Liverpool"&gt;
	&lt;ShipToAddress Country="MX" ZipCode="98...</msg>
<var>${jsonfindInventory}</var>
<arg>${jsonItemId}[ItemList][Item][_ItemID]</arg>
<arg>C:\\automation\\automationLvrplSL\\LvrplSL\\CreateOrder\\CreateOrder_create_normal_order_ATG_example_TC_003\\test</arg>
<status status="PASS" start="2025-02-07T19:21:05.612408" elapsed="0.013160"/>
</kw>
<kw name="POST On Session" owner="RequestsLibrary">
<msg time="2025-02-07T19:21:07.527434" level="INFO">POST Request : url=http://localhost:9080/smcfs/restapi/invoke/findInventory 
 path_url=/smcfs/restapi/invoke/findInventory 
 headers={'User-Agent': 'python-requests/2.32.3', 'Accept-Encoding': 'gzip, deflate', 'Accept': '*/*', 'Connection': 'keep-alive', 'Content-Type': 'application/xml', 'Authorization': 'Basic YWRtaW46Q2hhbmdlSXQ0bTM=', 'Content-Length': '341'} 
 body=&lt;Promise AllocationRuleID="FWD_RULES" CheckInventory="Y" EnterpriseCode="Liverpool" FulfillmentType="Fulfillment_Type_Liverpool"
 OrganizationCode="Liverpool"&gt;
	&lt;ShipToAddress Country="MX" ZipCode="98047"/&gt;
	&lt;PromiseLines&gt;
		&lt;PromiseLine ItemID="20250207192103472" LineId="1" RequiredQty="20" UnitOfMeasure="UN"/&gt;
	&lt;/PromiseLines&gt;
&lt;/Promise&gt; 
 </msg>
<msg time="2025-02-07T19:21:07.527598" level="INFO">POST Response : url=http://localhost:9080/smcfs/restapi/invoke/findInventory 
 status=200, reason=OK 
 headers={'X-FRAME-OPTIONS': 'SAMEORIGIN', 'X-UA-Compatible': 'IE=EmulateIE8', 'Access-Control-Allow-Origin': '*', 'Access-Control-Max-Age': '3600', 'Access-Control-Allow-Credentials': 'true', 'Content-Type': 'application/json; charset=UTF-8', 'Content-Encoding': 'gzip', 'Content-Language': 'en-US', 'Vary': 'Accept-Encoding', 'Content-Length': '943', 'Date': 'Fri, 07 Feb 2025 13:51:07 GMT'} 
 body={"Options":{"TotalNumberOfRecords":"0"},"OptimizationType":"02","CheckInventory":"Y","AllocationRuleID":"FWD_RULES","SuggestedOption":{"Option":{"LastDate":"2025-02-07T13:51:05+00:00","OptionNo":"23","NodeQty":"20.00","FirstDate":"2025-02-07T13:51:05+00:00","AvailableFromUnplannedInventory":"N","TotalShipments":"1","Interactions":{"Interaction":[{"IsDelivery":"N","CarrierServiceCode":"","DeliveryMethod":"SHP","Node":"77","DeliveryDate":"2025-02-07T13:51:05+00:00","ShipDate":"2025-02-07T13:51:05+00:00","EarliestDate":"2025-02-07T00:00:00+00:00","LastDate":"2025-03-09T23:59:59+00:00","ItemGroupCode":"PROD","PersonInfoShipTo":{"VerificationStatus":"","Company":"","OtherPhone":"","UseCount":"0","EMailID":"","DayPhone":"","JobTitle":"","MobilePhone":"","Department":"","AlternateEmailID":"","PersonID":"","PreferredShipAddress":"","Beeper":"","FirstName":"","ZipCode":"98047","Title":"","City":"","MiddleName":"","DayFaxNo":"","HttpUrl":"","AddressLine3":"","AddressLine2":"","AddressLine1":"","Suffix":"","AddressLine6":"","AddressLine5":"","State":"","AddressLine4":"","EveningFaxNo":"","EveningPhone":"","Country":"MX","ErrorTxt":"","LastName":"","isHistory":"N"},"OrganizationCode":"","Carrier":"","TotalHandlingUnits":"0.00","InteractionNo":"1"}],"TotalNumberOfRecords":"1"},"LeastPriority":"10.00","PromiseLines":{"PromiseLine":[{"CarrierServiceCode":"","DeliveryMethod":"SHP","LineId":"1","UnitOfMeasure":"UN","Assignments":{"Assignment":[{"Procurements":{},"IsIdleAsset":"N","SegmentChangeQty":"0.00","ExternalNode":"N","ReservedQty":"0.00","AvailableFromUnplannedInventory":"N","ProcuredQty":"0.00","Quantity":"20.00","DeliveryDate":"2025-02-07T13:51:05+00:00","ShipDate":"2025-02-07T13:51:05+00:00","SubstituteItems":{},"MergeNode":"","SCAC":"","NodePriority":"10.00","ShipNode":"77","InteractionNo":"1","ProductAvailDate":"2025-02-07","Distance":"0.00","SubstitutedQty":"0.00"}],"TotalNumberOfRecords":"1"},"ReceivingNode":"","IsBundleParent":"N","ItemID":"20250207192103472","Segment":"","SegmentType":"","NewItemID":"","SCAC":"","BundleParentLineId":"","KitQty":"1","RequiredQty":"20","AutoReplacedByPreferredSubstitute":"N","DistributionRuleId":"","ShipNode":"","ProductClass":"","FulfillmentType":"Fulfillment_Type_Liverpool"}],"TotalNumberOfRecords":"1"},"MaxPriority":"10.00","PromiseServiceLines":{"TotalNumberOfRecords":"0"},"HasAnyUnavailableQty":"N"}},"OrganizationCode":"Liverpool","EnterpriseCode":"Liverpool","FulfillmentType":"Fulfillment_Type_Liverpool"} 
 </msg>
<msg time="2025-02-07T19:21:07.527976" level="INFO">${findInventoryResponse} = &lt;Response [200]&gt;</msg>
<var>${findInventoryResponse}</var>
<arg>AddData</arg>
<arg>${base_url_api}${findInventory}</arg>
<arg>data=${jsonfindInventory}</arg>
<arg>headers=${headers}</arg>
<doc>Sends a POST request on a previously created HTTP Session.</doc>
<status status="PASS" start="2025-02-07T19:21:05.625827" elapsed="1.902196"/>
</kw>
<kw name="Convert To String" owner="BuiltIn">
<msg time="2025-02-07T19:21:07.529945" level="INFO">${resp} = {'Options': {'TotalNumberOfRecords': '0'}, 'OptimizationType': '02', 'CheckInventory': 'Y', 'AllocationRuleID': 'FWD_RULES', 'SuggestedOption': {'Option': {'LastDate': '2025-02-07T13:51:05+00:00', 'Op...</msg>
<var>${resp}</var>
<arg>${findInventoryResponse.json()}</arg>
<doc>Converts the given item to a Unicode string.</doc>
<status status="PASS" start="2025-02-07T19:21:07.528288" elapsed="0.001712"/>
</kw>
<kw name="Write Output File" owner="Prepare_Xml_Content">
<arg>${resp}</arg>
<arg>'findInv'</arg>
<arg>C:\\automation\\automationLvrplSL\\LvrplSL\\CreateOrder\\CreateOrder_create_normal_order_ATG_example_TC_003\\test</arg>
<status status="PASS" start="2025-02-07T19:21:07.530230" elapsed="0.001142"/>
</kw>
<kw name="Create Order File" owner="Prepare_Xml_Content">
<msg time="2025-02-07T19:21:07.549295" level="INFO">${jsonCreateOrder} = &lt;Order Action="CREATE" AllocationRuleID="FWD_RULES" CustomerPONo=""
    CustomerRewardsNo="" DepartmentCode="" Division=""
    DocumentType="0001" DraftOrderFlag="Y" EnterpriseCode="Liverpool"
    Ord...</msg>
<var>${jsonCreateOrder}</var>
<arg>${jsonItemId}[ItemList][Item][_ItemID]</arg>
<arg>C:\\automation\\automationLvrplSL\\LvrplSL\\CreateOrder\\CreateOrder_create_normal_order_ATG_example_TC_003\\test</arg>
<status status="PASS" start="2025-02-07T19:21:07.531607" elapsed="0.017782"/>
</kw>
<kw name="POST On Session" owner="RequestsLibrary">
<msg time="2025-02-07T19:21:08.559806" level="INFO">POST Request : url=http://localhost:9080/smcfs/restapi/invoke/createOrder 
 path_url=/smcfs/restapi/invoke/createOrder 
 headers={'User-Agent': 'python-requests/2.32.3', 'Accept-Encoding': 'gzip, deflate', 'Accept': '*/*', 'Connection': 'keep-alive', 'Content-Type': 'application/xml', 'Authorization': 'Basic YWRtaW46Q2hhbmdlSXQ0bTM=', 'Content-Length': '1686'} 
 body=&lt;Order Action="CREATE" AllocationRuleID="FWD_RULES" CustomerPONo=""
    CustomerRewardsNo="" DepartmentCode="" Division=""
    DocumentType="0001" DraftOrderFlag="Y" EnterpriseCode="Liverpool"
    OrderDate="2024-06-24T11:07:46-0500" OrderName="106"
    OrderNo="20250207192103472" OrderType="Personal"&gt;
    &lt;OrderLines&gt;
        &lt;OrderLine FulfillmentType="Fulfillment_Type_Liverpool" OrderedQty="1"&gt;
            &lt;Item ItemDesc="FAMOSA NANCY BAIL" ItemID="20250207192103472" UnitOfMeasure="UN"/&gt;
            &lt;LinePriceInfo IsPriceLocked="Y" UnitPrice="899.00"/&gt;
        &lt;/OrderLine&gt;
    &lt;/OrderLines&gt;
    &lt;PersonInfoBillTo AddressLine1="AVENIDA 33 PONIENTE"
        AddressLine2="2305 " AddressLine3=""
        AddressLine4="BENITO JUAREZ" AddressLine5="PUEBLA" City="PUEBLA"
        Country="MX" DayPhone="222 03888534"
        EMailID="ISAVELA0102@GMAIL.COM"
        FirstName="MARIA ISABEL  VELAZCO CRUZ  " LastName=""
        MobilePhone="" State="PUE" ZipCode="72410"/&gt;
    &lt;PersonInfoShipTo AddressLine1="AVENIDA 33 PONIENTE"
        AddressLine2="2305 " AddressLine3=""
        AddressLine4="BENITO JUAREZ" AddressLine5="PUEBLA" City="PUEBLA"
        Country="MX" DayPhone="222 03888534"
        EMailID="ISAVELA0102@GMAIL.COM"
        FirstName="MARIA ISABEL  VELAZCO CRUZ  " LastName="" State="PUE" ZipCode="72410"/&gt;
    &lt;PersonInfoContact AddressLine1="AVENIDA 33 PONIENTE"
        AddressLine2="2305 " AddressLine3=""
        AddressLine4="BENITO JUAREZ" AddressLine5="PUEBLA" City="PUEBLA"
        Country="MX" DayPhone="222 03888534"
        EMailID="ISAVELA0102@GMAIL.COM"
        FirstName="MARIA ISABEL  VELAZCO CRUZ  " LastName="" State="PUE" ZipCode="72410"/&gt;
&lt;/Order&gt; 
 </msg>
<msg time="2025-02-07T19:21:08.561827" level="INFO">POST Response : url=http://localhost:9080/smcfs/restapi/invoke/createOrder 
 status=200, reason=OK 
 headers={'X-FRAME-OPTIONS': 'SAMEORIGIN', 'X-UA-Compatible': 'IE=EmulateIE8', 'Access-Control-Allow-Origin': '*', 'Access-Control-Max-Age': '3600', 'Access-Control-Allow-Credentials': 'true', 'Content-Type': 'application/json; charset=UTF-8', 'Content-Encoding': 'gzip', 'Content-Language': 'en-US', 'Vary': 'Accept-Encoding', 'Content-Length': '119', 'Date': 'Fri, 07 Feb 2025 13:51:08 GMT'} 
 body={"DocumentType":"0001","OrderNo":"20250207192103472","OrderHeaderKey":"202502071351071042175","EnterpriseCode":"Liverpool"} 
 </msg>
<msg time="2025-02-07T19:21:08.563925" level="INFO">${createOrderResponse} = &lt;Response [200]&gt;</msg>
<var>${createOrderResponse}</var>
<arg>AddData</arg>
<arg>${base_url_api}${createOrder}</arg>
<arg>data=${jsonCreateOrder}</arg>
<arg>headers=${headers}</arg>
<doc>Sends a POST request on a previously created HTTP Session.</doc>
<status status="PASS" start="2025-02-07T19:21:07.549739" elapsed="1.014888"/>
</kw>
<kw name="Convert To String" owner="BuiltIn">
<msg time="2025-02-07T19:21:08.572719" level="INFO">${resp2} = {'DocumentType': '0001', 'OrderNo': '20250207192103472', 'OrderHeaderKey': '202502071351071042175', 'EnterpriseCode': 'Liverpool'}</msg>
<var>${resp2}</var>
<arg>${createOrderResponse.json()}</arg>
<doc>Converts the given item to a Unicode string.</doc>
<status status="PASS" start="2025-02-07T19:21:08.567842" elapsed="0.004933"/>
</kw>
<kw name="Write Output File" owner="Prepare_Xml_Content">
<arg>${resp2}</arg>
<arg>'createOrder'</arg>
<arg>C:\\automation\\automationLvrplSL\\LvrplSL\\CreateOrder\\CreateOrder_create_normal_order_ATG_example_TC_003\\test</arg>
<status status="PASS" start="2025-02-07T19:21:08.573013" elapsed="0.001042"/>
</kw>
<kw name="Log To Console" owner="BuiltIn">
<arg>${createOrderResponse}</arg>
<doc>Logs the given message to the console.</doc>
<status status="PASS" start="2025-02-07T19:21:08.574300" elapsed="0.000388"/>
</kw>
<kw name="Get Current Date" owner="DateTime">
<msg time="2025-02-07T19:21:08.575195" level="INFO">${timestamp} = 20250207-1921</msg>
<var>${timestamp}</var>
<arg>result_format=%Y%m%d-%H%M</arg>
<doc>Returns current local or UTC time with an optional increment.</doc>
<status status="PASS" start="2025-02-07T19:21:08.574879" elapsed="0.000351"/>
</kw>
<kw name="Dictionary Should Contain Key" owner="Collections">
<arg>${createOrderResponse.json()}</arg>
<arg>OrderNo</arg>
<doc>Fails if ``key`` is not found from ``dictionary``.</doc>
<status status="PASS" start="2025-02-07T19:21:08.575380" elapsed="0.000929"/>
</kw>
<kw name="Get From Dictionary" owner="Collections">
<msg time="2025-02-07T19:21:08.577234" level="INFO">${Order_No} = 20250207192103472</msg>
<var>${Order_No}</var>
<arg>${createOrderResponse.json()}</arg>
<arg>OrderNo</arg>
<doc>Returns a value from the given ``dictionary`` based on the given ``key``.</doc>
<status status="PASS" start="2025-02-07T19:21:08.576475" elapsed="0.001413"/>
</kw>
<kw name="Dictionary Should Contain Key" owner="Collections">
<arg>${createOrderResponse.json()}</arg>
<arg>OrderHeaderKey</arg>
<doc>Fails if ``key`` is not found from ``dictionary``.</doc>
<status status="PASS" start="2025-02-07T19:21:08.579936" elapsed="0.001355"/>
</kw>
<kw name="Get From Dictionary" owner="Collections">
<msg time="2025-02-07T19:21:08.582959" level="INFO">${Order_Header_Key} = 202502071351071042175</msg>
<var>${Order_Header_Key}</var>
<arg>${createOrderResponse.json()}</arg>
<arg>OrderHeaderKey</arg>
<doc>Returns a value from the given ``dictionary`` based on the given ``key``.</doc>
<status status="PASS" start="2025-02-07T19:21:08.581576" elapsed="0.001438"/>
</kw>
<kw name="Append Excel File1" owner="read_write_all_excel">
<arg>${file}</arg>
<arg>${Order_No}</arg>
<arg>${TEST NAME}</arg>
<arg>${timestamp}</arg>
<arg>${jsonCreateOrder}</arg>
<arg>${createOrderResponse.json()}</arg>
<status status="PASS" start="2025-02-07T19:21:08.583249" elapsed="0.002306"/>
</kw>
<tag>CREATEORDER</tag>
<tag>HAPPYFLOW</tag>
<tag>REGRESSION</tag>
<status status="PASS" start="2025-02-07T19:21:03.467131" elapsed="5.118774"/>
</test>
<status status="PASS" start="2025-02-07T19:21:01.533231" elapsed="7.053583"/>
</suite>
<status status="PASS" start="2025-02-07T19:21:01.531915" elapsed="7.055914"/>
</suite>
<status status="PASS" start="2025-02-07T19:21:01.530212" elapsed="7.074167"/>
</suite>
<suite id="s1-s4" name="CreateOrder create order ATG example CC0D ClickandCollect same day TC 004" source="C:\automation\automationLvrplSL\LvrplSL\CreateOrder\CreateOrder_create_order_ATG_example_CC0D_ClickandCollect_same_day_TC_004">
<suite id="s1-s4-s1" name="Test" source="C:\automation\automationLvrplSL\LvrplSL\CreateOrder\CreateOrder_create_order_ATG_example_CC0D_ClickandCollect_same_day_TC_004\test">
<suite id="s1-s4-s1-s1" name="TC 004" source="C:\automation\automationLvrplSL\LvrplSL\CreateOrder\CreateOrder_create_order_ATG_example_CC0D_ClickandCollect_same_day_TC_004\test\TC_004.robot">
<test id="s1-s4-s1-s1-t1" name="Create Order TC_001" line="13">
<kw name="Creating Session1" owner="createSession">
<kw name="Create List" owner="BuiltIn">
<msg time="2025-02-07T19:21:03.469034" level="INFO">${auth} = ['admin', 'ChangeIt4m3']</msg>
<var>${auth}</var>
<arg>${user}</arg>
<arg>${passwd}</arg>
<doc>Returns a list containing given items.</doc>
<status status="PASS" start="2025-02-07T19:21:03.468745" elapsed="0.000339"/>
</kw>
<kw name="Create Session" owner="RequestsLibrary">
[...]
 body=&lt;Items&gt;
	&lt;Item AdjustmentType="ABSOLUTE" Availability="TRACK" ItemID="20250207192118947" OrganizationCode="Liverpool" Quantity="100" ReasonCode="itemSLRTAMS19t2" ReasonText="Ajuste GoldenGate" ShipNode="77" SupplyType="ONHAND" UnitOfMeasure="UN"/&gt;
&lt;/Items&gt; 
 </msg>
<msg time="2025-02-07T19:21:21.049945" level="INFO">POST Response : url=http://localhost:9080/smcfs/restapi/invoke/adjustInventory 
 status=204, reason=No Content 
 headers={'X-FRAME-OPTIONS': 'SAMEORIGIN', 'X-UA-Compatible': 'IE=EmulateIE8', 'Access-Control-Allow-Origin': '*', 'Access-Control-Max-Age': '3600', 'Access-Control-Allow-Credentials': 'true', 'Content-Language': 'en-US', 'Vary': 'Accept-Encoding', 'Content-Length': '0', 'Date': 'Fri, 07 Feb 2025 13:51:21 GMT'} 
 body=None 
 </msg>
<msg time="2025-02-07T19:21:21.050126" level="INFO">${adjInvresponse} = &lt;Response [204]&gt;</msg>
<var>${adjInvresponse}</var>
<arg>AddData</arg>
<arg>${base_url_api}${adjustInventory}</arg>
<arg>data=${jsonAdjInv}</arg>
<arg>headers=${headers}</arg>
<doc>Sends a POST request on a previously created HTTP Session.</doc>
<status status="PASS" start="2025-02-07T19:21:21.014175" elapsed="0.036076"/>
</kw>
<kw name="Status Should Be" owner="RequestsLibrary">
<arg>204</arg>
<arg>${adjInvresponse}</arg>
<doc>Fails if response status code is different than the expected.</doc>
<status status="PASS" start="2025-02-07T19:21:21.050530" elapsed="0.000455"/>
</kw>
<kw name="Find Inventory File" owner="Prepare_Xml_Content">
<msg time="2025-02-07T19:21:21.053102" level="INFO">${jsonfindInventory} = &lt;Promise AllocationRuleID="FWD_RULES" CheckInventory="Y" EnterpriseCode="Liverpool" FulfillmentType="Fulfillment_Type_Liverpool"
 OrganizationCode="Liverpool"&gt;
	&lt;ShipToAddress Country="MX" ZipCode="98...</msg>
<var>${jsonfindInventory}</var>
<arg>${jsonItemId}[ItemList][Item][_ItemID]</arg>
<arg>C:\\automation\\automationLvrplSL\\LvrplSL\\CreateOrder\\CreateOrderPos_create_normal_order_TC_010\\test</arg>
<status status="PASS" start="2025-02-07T19:21:21.051206" elapsed="0.001963"/>
</kw>
<kw name="POST On Session" owner="RequestsLibrary">
<msg time="2025-02-07T19:21:22.077413" level="INFO">POST Request : url=http://localhost:9080/smcfs/restapi/invoke/findInventory 
 path_url=/smcfs/restapi/invoke/findInventory 
 headers={'User-Agent': 'python-requests/2.32.3', 'Accept-Encoding': 'gzip, deflate', 'Accept': '*/*', 'Connection': 'keep-alive', 'Content-Type': 'application/xml', 'Authorization': 'Basic YWRtaW46Q2hhbmdlSXQ0bTM=', 'Content-Length': '341'} 
 body=&lt;Promise AllocationRuleID="FWD_RULES" CheckInventory="Y" EnterpriseCode="Liverpool" FulfillmentType="Fulfillment_Type_Liverpool"
 OrganizationCode="Liverpool"&gt;
	&lt;ShipToAddress Country="MX" ZipCode="98047"/&gt;
	&lt;PromiseLines&gt;
		&lt;PromiseLine ItemID="20250207192118947" LineId="1" RequiredQty="20" UnitOfMeasure="UN"/&gt;
	&lt;/PromiseLines&gt;
&lt;/Promise&gt; 
 </msg>
<msg time="2025-02-07T19:21:22.077543" level="INFO">POST Response : url=http://localhost:9080/smcfs/restapi/invoke/findInventory 
 status=200, reason=OK 
 headers={'X-FRAME-OPTIONS': 'SAMEORIGIN', 'X-UA-Compatible': 'IE=EmulateIE8', 'Access-Control-Allow-Origin': '*', 'Access-Control-Max-Age': '3600', 'Access-Control-Allow-Credentials': 'true', 'Content-Type': 'application/json; charset=UTF-8', 'Content-Encoding': 'gzip', 'Content-Language': 'en-US', 'Vary': 'Accept-Encoding', 'Content-Length': '945', 'Date': 'Fri, 07 Feb 2025 13:51:22 GMT'} 
 body={"Options":{"TotalNumberOfRecords":"0"},"OptimizationType":"02","CheckInventory":"Y","AllocationRuleID":"FWD_RULES","SuggestedOption":{"Option":{"LastDate":"2025-02-07T13:51:21+00:00","OptionNo":"23","NodeQty":"20.00","FirstDate":"2025-02-07T13:51:21+00:00","AvailableFromUnplannedInventory":"N","TotalShipments":"1","Interactions":{"Interaction":[{"IsDelivery":"N","CarrierServiceCode":"","DeliveryMethod":"SHP","Node":"77","DeliveryDate":"2025-02-07T13:51:21+00:00","ShipDate":"2025-02-07T13:51:21+00:00","EarliestDate":"2025-02-07T00:00:00+00:00","LastDate":"2025-03-09T23:59:59+00:00","ItemGroupCode":"PROD","PersonInfoShipTo":{"VerificationStatus":"","Company":"","OtherPhone":"","UseCount":"0","EMailID":"","DayPhone":"","JobTitle":"","MobilePhone":"","Department":"","AlternateEmailID":"","PersonID":"","PreferredShipAddress":"","Beeper":"","FirstName":"","ZipCode":"98047","Title":"","City":"","MiddleName":"","DayFaxNo":"","HttpUrl":"","AddressLine3":"","AddressLine2":"","AddressLine1":"","Suffix":"","AddressLine6":"","AddressLine5":"","State":"","AddressLine4":"","EveningFaxNo":"","EveningPhone":"","Country":"MX","ErrorTxt":"","LastName":"","isHistory":"N"},"OrganizationCode":"","Carrier":"","TotalHandlingUnits":"0.00","InteractionNo":"1"}],"TotalNumberOfRecords":"1"},"LeastPriority":"10.00","PromiseLines":{"PromiseLine":[{"CarrierServiceCode":"","DeliveryMethod":"SHP","LineId":"1","UnitOfMeasure":"UN","Assignments":{"Assignment":[{"Procurements":{},"IsIdleAsset":"N","SegmentChangeQty":"0.00","ExternalNode":"N","ReservedQty":"0.00","AvailableFromUnplannedInventory":"N","ProcuredQty":"0.00","Quantity":"20.00","DeliveryDate":"2025-02-07T13:51:21+00:00","ShipDate":"2025-02-07T13:51:21+00:00","SubstituteItems":{},"MergeNode":"","SCAC":"","NodePriority":"10.00","ShipNode":"77","InteractionNo":"1","ProductAvailDate":"2025-02-07","Distance":"0.00","SubstitutedQty":"0.00"}],"TotalNumberOfRecords":"1"},"ReceivingNode":"","IsBundleParent":"N","ItemID":"20250207192118947","Segment":"","SegmentType":"","NewItemID":"","SCAC":"","BundleParentLineId":"","KitQty":"1","RequiredQty":"20","AutoReplacedByPreferredSubstitute":"N","DistributionRuleId":"","ShipNode":"","ProductClass":"","FulfillmentType":"Fulfillment_Type_Liverpool"}],"TotalNumberOfRecords":"1"},"MaxPriority":"10.00","PromiseServiceLines":{"TotalNumberOfRecords":"0"},"HasAnyUnavailableQty":"N"}},"OrganizationCode":"Liverpool","EnterpriseCode":"Liverpool","FulfillmentType":"Fulfillment_Type_Liverpool"} 
 </msg>
<msg time="2025-02-07T19:21:22.077906" level="INFO">${findInventoryResponse} = &lt;Response [200]&gt;</msg>
<var>${findInventoryResponse}</var>
<arg>AddData</arg>
<arg>${base_url_api}${findInventory}</arg>
<arg>data=${jsonfindInventory}</arg>
<arg>headers=${headers}</arg>
<doc>Sends a POST request on a previously created HTTP Session.</doc>
<status status="PASS" start="2025-02-07T19:21:21.053410" elapsed="1.024538"/>
</kw>
<kw name="Convert To String" owner="BuiltIn">
<msg time="2025-02-07T19:21:22.079511" level="INFO">${resp} = {'Options': {'TotalNumberOfRecords': '0'}, 'OptimizationType': '02', 'CheckInventory': 'Y', 'AllocationRuleID': 'FWD_RULES', 'SuggestedOption': {'Option': {'LastDate': '2025-02-07T13:51:21+00:00', 'Op...</msg>
<var>${resp}</var>
<arg>${findInventoryResponse.json()}</arg>
<doc>Converts the given item to a Unicode string.</doc>
<status status="PASS" start="2025-02-07T19:21:22.078200" elapsed="0.001355"/>
</kw>
<kw name="Write Output File" owner="Prepare_Xml_Content">
<arg>${resp}</arg>
<arg>'findInv'</arg>
<arg>C:\\automation\\automationLvrplSL\\LvrplSL\\CreateOrder\\CreateOrderPos_create_normal_order_TC_010\\test</arg>
<status status="PASS" start="2025-02-07T19:21:22.079742" elapsed="0.001114"/>
</kw>
<kw name="Create Order File" owner="Prepare_Xml_Content">
<msg time="2025-02-07T19:21:22.083852" level="INFO">${jsonCreateOrder} = &lt;Order Action="CREATE" AllocationRuleID="FWD_RULES" CustomerPONo=""
    CustomerRewardsNo="" DepartmentCode="" Division=""
    DocumentType="0001" DraftOrderFlag="Y" EnterpriseCode="Liverpool"
    Ord...</msg>
<var>${jsonCreateOrder}</var>
<arg>${jsonItemId}[ItemList][Item][_ItemID]</arg>
<arg>C:\\automation\\automationLvrplSL\\LvrplSL\\CreateOrder\\CreateOrderPos_create_normal_order_TC_010\\test</arg>
<status status="PASS" start="2025-02-07T19:21:22.081103" elapsed="0.002824"/>
</kw>
<kw name="POST On Session" owner="RequestsLibrary">
<msg time="2025-02-07T19:21:22.333866" level="INFO">POST Request : url=http://localhost:9080/smcfs/restapi/invoke/createOrder 
 path_url=/smcfs/restapi/invoke/createOrder 
 headers={'User-Agent': 'python-requests/2.32.3', 'Accept-Encoding': 'gzip, deflate', 'Accept': '*/*', 'Connection': 'keep-alive', 'Content-Type': 'application/xml', 'Authorization': 'Basic YWRtaW46Q2hhbmdlSXQ0bTM=', 'Content-Length': '1686'} 
 body=&lt;Order Action="CREATE" AllocationRuleID="FWD_RULES" CustomerPONo=""
    CustomerRewardsNo="" DepartmentCode="" Division=""
    DocumentType="0001" DraftOrderFlag="Y" EnterpriseCode="Liverpool"
    OrderDate="2024-06-24T11:07:46-0500" OrderName="106"
    OrderNo="20250207192118947" OrderType="Personal"&gt;
    &lt;OrderLines&gt;
        &lt;OrderLine FulfillmentType="Fulfillment_Type_Liverpool" OrderedQty="1"&gt;
            &lt;Item ItemDesc="FAMOSA NANCY BAIL" ItemID="20250207192118947" UnitOfMeasure="UN"/&gt;
            &lt;LinePriceInfo IsPriceLocked="Y" UnitPrice="899.00"/&gt;
        &lt;/OrderLine&gt;
    &lt;/OrderLines&gt;
    &lt;PersonInfoBillTo AddressLine1="AVENIDA 33 PONIENTE"
        AddressLine2="2305 " AddressLine3=""
        AddressLine4="BENITO JUAREZ" AddressLine5="PUEBLA" City="PUEBLA"
        Country="MX" DayPhone="222 03888534"
        EMailID="ISAVELA0102@GMAIL.COM"
        FirstName="MARIA ISABEL  VELAZCO CRUZ  " LastName=""
        MobilePhone="" State="PUE" ZipCode="72410"/&gt;
    &lt;PersonInfoShipTo AddressLine1="AVENIDA 33 PONIENTE"
        AddressLine2="2305 " AddressLine3=""
        AddressLine4="BENITO JUAREZ" AddressLine5="PUEBLA" City="PUEBLA"
        Country="MX" DayPhone="222 03888534"
        EMailID="ISAVELA0102@GMAIL.COM"
        FirstName="MARIA ISABEL  VELAZCO CRUZ  " LastName="" State="PUE" ZipCode="72410"/&gt;
    &lt;PersonInfoContact AddressLine1="AVENIDA 33 PONIENTE"
        AddressLine2="2305 " AddressLine3=""
        AddressLine4="BENITO JUAREZ" AddressLine5="PUEBLA" City="PUEBLA"
        Country="MX" DayPhone="222 03888534"
        EMailID="ISAVELA0102@GMAIL.COM"
        FirstName="MARIA ISABEL  VELAZCO CRUZ  " LastName="" State="PUE" ZipCode="72410"/&gt;
&lt;/Order&gt; 
 </msg>
<msg time="2025-02-07T19:21:22.334039" level="INFO">POST Response : url=http://localhost:9080/smcfs/restapi/invoke/createOrder 
 status=200, reason=OK 
 headers={'X-FRAME-OPTIONS': 'SAMEORIGIN', 'X-UA-Compatible': 'IE=EmulateIE8', 'Access-Control-Allow-Origin': '*', 'Access-Control-Max-Age': '3600', 'Access-Control-Allow-Credentials': 'true', 'Content-Type': 'application/json; charset=UTF-8', 'Content-Encoding': 'gzip', 'Content-Language': 'en-US', 'Vary': 'Accept-Encoding', 'Content-Length': '120', 'Date': 'Fri, 07 Feb 2025 13:51:22 GMT'} 
 body={"DocumentType":"0001","OrderNo":"20250207192118947","OrderHeaderKey":"202502071351221042333","EnterpriseCode":"Liverpool"} 
 </msg>
<msg time="2025-02-07T19:21:22.334220" level="INFO">${createOrderResponse} = &lt;Response [200]&gt;</msg>
<var>${createOrderResponse}</var>
<arg>AddData</arg>
<arg>${base_url_api}${createOrder}</arg>
<arg>data=${jsonCreateOrder}</arg>
<arg>headers=${headers}</arg>
<doc>Sends a POST request on a previously created HTTP Session.</doc>
<status status="PASS" start="2025-02-07T19:21:22.084195" elapsed="0.250069"/>
</kw>
<kw name="Convert To String" owner="BuiltIn">
<msg time="2025-02-07T19:21:22.336348" level="INFO">${resp2} = {'DocumentType': '0001', 'OrderNo': '20250207192118947', 'OrderHeaderKey': '202502071351221042333', 'EnterpriseCode': 'Liverpool'}</msg>
<var>${resp2}</var>
<arg>${createOrderResponse.json()}</arg>
<doc>Converts the given item to a Unicode string.</doc>
<status status="PASS" start="2025-02-07T19:21:22.334556" elapsed="0.001859"/>
</kw>
<kw name="Write Output File" owner="Prepare_Xml_Content">
<arg>${resp2}</arg>
<arg>'createOrder'</arg>
<arg>C:\\automation\\automationLvrplSL\\LvrplSL\\CreateOrder\\CreateOrderPos_create_normal_order_TC_010\\test</arg>
<status status="PASS" start="2025-02-07T19:21:22.336694" elapsed="0.001256"/>
</kw>
<kw name="Log To Console" owner="BuiltIn">
<arg>${createOrderResponse}</arg>
<doc>Logs the given message to the console.</doc>
<status status="PASS" start="2025-02-07T19:21:22.338257" elapsed="0.000445"/>
</kw>
<kw name="Get Current Date" owner="DateTime">
<msg time="2025-02-07T19:21:22.339352" level="INFO">${timestamp} = 20250207-1921</msg>
<var>${timestamp}</var>
<arg>result_format=%Y%m%d-%H%M</arg>
<doc>Returns current local or UTC time with an optional increment.</doc>
<status status="PASS" start="2025-02-07T19:21:22.338937" elapsed="0.000463"/>
</kw>
<kw name="Dictionary Should Contain Key" owner="Collections">
<arg>${createOrderResponse.json()}</arg>
<arg>OrderNo</arg>
<doc>Fails if ``key`` is not found from ``dictionary``.</doc>
<status status="PASS" start="2025-02-07T19:21:22.339604" elapsed="0.001126"/>
</kw>
<kw name="Get From Dictionary" owner="Collections">
<msg time="2025-02-07T19:21:22.342039" level="INFO">${Order_No} = 20250207192118947</msg>
<var>${Order_No}</var>
<arg>${createOrderResponse.json()}</arg>
<arg>OrderNo</arg>
<doc>Returns a value from the given ``dictionary`` based on the given ``key``.</doc>
<status status="PASS" start="2025-02-07T19:21:22.340936" elapsed="0.001150"/>
</kw>
<kw name="Dictionary Should Contain Key" owner="Collections">
<arg>${createOrderResponse.json()}</arg>
<arg>OrderHeaderKey</arg>
<doc>Fails if ``key`` is not found from ``dictionary``.</doc>
<status status="PASS" start="2025-02-07T19:21:22.342304" elapsed="0.001101"/>
</kw>
<kw name="Get From Dictionary" owner="Collections">
<msg time="2025-02-07T19:21:22.344562" level="INFO">${Order_Header_Key} = 202502071351221042333</msg>
<var>${Order_Header_Key}</var>
<arg>${createOrderResponse.json()}</arg>
<arg>OrderHeaderKey</arg>
<doc>Returns a value from the given ``dictionary`` based on the given ``key``.</doc>
<status status="PASS" start="2025-02-07T19:21:22.343559" elapsed="0.001050"/>
</kw>
<kw name="Append Excel File1" owner="read_write_all_excel">
<arg>${file}</arg>
<arg>${Order_No}</arg>
<arg>${TEST NAME}</arg>
<arg>${timestamp}</arg>
<arg>${jsonCreateOrder}</arg>
<arg>${createOrderResponse.json()}</arg>
<status status="PASS" start="2025-02-07T19:21:22.344807" elapsed="0.002006"/>
</kw>
<tag>CREATEORDER</tag>
<tag>HAPPYFLOW</tag>
<tag>REGRESSION</tag>
<status status="PASS" start="2025-02-07T19:21:18.943583" elapsed="3.403578"/>
</test>
<status status="PASS" start="2025-02-07T19:21:17.417532" elapsed="4.930335"/>
</suite>
<status status="PASS" start="2025-02-07T19:21:17.415654" elapsed="4.933346"/>
</suite>
<status status="PASS" start="2025-02-07T19:21:17.413495" elapsed="4.936345"/>
</suite>
<doc>[https://pabot.org/?ref=log|Pabot] result from 10 executions.</doc>
<status status="FAIL" start="2025-02-07T19:21:01.506000" elapsed="7.433816"/>
</suite>
<statistics>
<total>
<stat pass="9" fail="1" skip="0">All Tests</stat>
</total>
<tag>
<stat pass="9" fail="1" skip="0">CREATEORDER</stat>
<stat pass="9" fail="1" skip="0">HAPPYFLOW</stat>
<stat pass="9" fail="1" skip="0">REGRESSION</stat>
</tag>
<suite>
<stat pass="9" fail="1" skip="0" id="s1" name="CreateOrder">CreateOrder</stat>
<stat pass="1" fail="0" skip="0" id="s1-s1" name="CreateOrder -create normal order ATG example 2 items TC 001">CreateOrder.CreateOrder -create normal order ATG example 2 items TC 001</stat>
<stat pass="1" fail="0" skip="0" id="s1-s1-s1" name="Test">CreateOrder.CreateOrder -create normal order ATG example 2 items TC 001.Test</stat>
<stat pass="1" fail="0" skip="0" id="s1-s1-s1-s1" name="TC 001">CreateOrder.CreateOrder -create normal order ATG example 2 items TC 001.Test.TC 001</stat>
<stat pass="1" fail="0" skip="0" id="s1-s2" name="CreateOrder create normal order ATG ClickandCollect TC 002">CreateOrder.CreateOrder create normal order ATG ClickandCollect TC 002</stat>
<stat pass="1" fail="0" skip="0" id="s1-s2-s1" name="Test">CreateOrder.CreateOrder create normal order ATG ClickandCollect TC 002.Test</stat>
<stat pass="1" fail="0" skip="0" id="s1-s2-s1-s1" name="TC 002">CreateOrder.CreateOrder create normal order ATG ClickandCollect TC 002.Test.TC 002</stat>
<stat pass="1" fail="0" skip="0" id="s1-s3" name="CreateOrder create normal order ATG example TC 003">CreateOrder.CreateOrder create normal order ATG example TC 003</stat>
<stat pass="1" fail="0" skip="0" id="s1-s3-s1" name="Test">CreateOrder.CreateOrder create normal order ATG example TC 003.Test</stat>
<stat pass="1" fail="0" skip="0" id="s1-s3-s1-s1" name="TC 003">CreateOrder.CreateOrder create normal order ATG example TC 003.Test.TC 003</stat>
<stat pass="0" fail="1" skip="0" id="s1-s4" name="CreateOrder create order ATG example CC0D ClickandCollect same day TC 004">CreateOrder.CreateOrder create order ATG example CC0D ClickandCollect same day TC 004</stat>
<stat pass="0" fail="1" skip="0" id="s1-s4-s1" name="Test">CreateOrder.CreateOrder create order ATG example CC0D ClickandCollect same day TC 004.Test</stat>
<stat pass="0" fail="1" skip="0" id="s1-s4-s1-s1" name="TC 004">CreateOrder.CreateOrder create order ATG example CC0D ClickandCollect same day TC 004.Test.TC 004</stat>
<stat pass="1" fail="0" skip="0" id="s1-s5" name="CreateOrder create order ATG example HD1D flash next day TC 005">CreateOrder.CreateOrder create order ATG example HD1D flash next day TC 005</stat>
<stat pass="1" fail="0" skip="0" id="s1-s5-s1" name="Test">CreateOrder.CreateOrder create order ATG example HD1D flash next day TC 005.Test</stat>
<stat pass="1" fail="0" skip="0" id="s1-s5-s1-s1" name="TC 005">CreateOrder.CreateOrder create order ATG example HD1D flash next day TC 005.Test.TC 005</stat>
<stat pass="1" fail="0" skip="0" id="s1-s6" name="CreateOrder create order ATG gift registry TC 006">CreateOrder.CreateOrder create order ATG gift registry TC 006</stat>
<stat pass="1" fail="0" skip="0" id="s1-s6-s1" name="Test">CreateOrder.CreateOrder create order ATG gift registry TC 006.Test</stat>
<stat pass="1" fail="0" skip="0" id="s1-s6-s1-s1" name="TC 006">CreateOrder.CreateOrder create order ATG gift registry TC 006.Test.TC 006</stat>
<stat pass="1" fail="0" skip="0" id="s1-s7" name="CreateOrderApp create normal order ClickandCollect TC 007">CreateOrder.CreateOrderApp create normal order ClickandCollect TC 007</stat>
<stat pass="1" fail="0" skip="0" id="s1-s7-s1" name="Test">CreateOrder.CreateOrderApp create normal order ClickandCollect TC 007.Test</stat>
<stat pass="1" fail="0" skip="0" id="s1-s7-s1-s1" name="TC 007">CreateOrder.CreateOrderApp create normal order ClickandCollect TC 007.Test.TC 007</stat>
<stat pass="1" fail="0" skip="0" id="s1-s8" name="CreateOrderApp create normal order TC 008">CreateOrder.CreateOrderApp create normal order TC 008</stat>
<stat pass="1" fail="0" skip="0" id="s1-s8-s1" name="Test">CreateOrder.CreateOrderApp create normal order TC 008.Test</stat>
<stat pass="1" fail="0" skip="0" id="s1-s8-s1-s1" name="TC 008">CreateOrder.CreateOrderApp create normal order TC 008.Test.TC 008</stat>
<stat pass="1" fail="0" skip="0" id="s1-s9" name="CreateOrderPos create normal order ClickandCollect TC 009">CreateOrder.CreateOrderPos create normal order ClickandCollect TC 009</stat>
<stat pass="1" fail="0" skip="0" id="s1-s9-s1" name="Test">CreateOrder.CreateOrderPos create normal order ClickandCollect TC 009.Test</stat>
<stat pass="1" fail="0" skip="0" id="s1-s9-s1-s1" name="TC 009">CreateOrder.CreateOrderPos create normal order ClickandCollect TC 009.Test.TC 009</stat>
<stat pass="1" fail="0" skip="0" id="s1-s10" name="CreateOrderPos create normal order TC 010">CreateOrder.CreateOrderPos create normal order TC 010</stat>
<stat pass="1" fail="0" skip="0" id="s1-s10-s1" name="Test">CreateOrder.CreateOrderPos create normal order TC 010.Test</stat>
<stat pass="1" fail="0" skip="0" id="s1-s10-s1-s1" name="TC 010">CreateOrder.CreateOrderPos create normal order TC 010.Test.TC 010</stat>
</suite>
</statistics>
<errors>
</errors>
</robot>
