<?xml version="1.0" encoding="UTF-8"?>
<robot generator="Robot 7.1.1 (Python 3.13.1 on win32)" generated="2025-01-30T17:39:56.144416" rpa="false" schemaversion="5">
<suite id="s1" name="Test" source="C:\EPL-Liverpool-SL\LvrplSL\SL24_19_DD_Sourcing_I1001_Inventory_Availability\SL24_19_T_005\test">
<suite id="s1-s1" name="TC 005" source="C:\EPL-Liverpool-SL\LvrplSL\SL24_19_DD_Sourcing_I1001_Inventory_Availability\SL24_19_T_005\test\TC_005.robot">
<test id="s1-s1-t1" name="TC_001" line="15">
<kw name="Creating Session1" owner="createSession">
<kw name="Create List" owner="BuiltIn">
<msg time="2025-01-30T17:39:57.028915" level="INFO">${auth} = ['admin', 'ChangeIt4m3']</msg>
<var>${auth}</var>
<arg>${user}</arg>
<arg>${passwd}</arg>
<doc>Returns a list containing given items.</doc>
<status status="PASS" start="2025-01-30T17:39:57.028763" elapsed="0.000194"/>
</kw>
<kw name="Create Session" owner="RequestsLibrary">
<msg time="2025-01-30T17:39:57.029351" level="INFO">Creating Session using : alias=AddData, url=http://localhost:9080/smcfs/restapi/invoke/createOrder, headers={'Content-Type': 'application/xml', 'Authorization': 'Basic YWRtaW46cGFzc3dvcmQ='},                     cookies={}, auth=&lt;requests.auth.HTTPBasicAuth object at 0x0000015BFF1AD6A0&gt;, timeout=None, proxies=None, verify=False,                     debug=0 </msg>
<arg>${AddData}</arg>
<arg>url=${base_url_api}${createOrder}</arg>
<arg>headers=${headers}</arg>
<arg>auth=${auth}</arg>
<doc>Create Session: create a HTTP session to a server</doc>
<status status="PASS" start="2025-01-30T17:39:57.029060" elapsed="0.000446"/>
</kw>
<arg>AddData</arg>
<status status="PASS" start="2025-01-30T17:39:57.028190" elapsed="0.001423"/>
</kw>
<kw name="Manage Item With Dynamic Item" owner="Prepare_Xml_Content">
<msg time="2025-01-30T17:39:57.030973" level="INFO">before mod &lt;ItemList&gt;
	&lt;Item Action="Manage" GlobalItemID="12439482" ItemID="$ItemID" OrganizationCode="Liverpool" UnitOfMeasure="UN"&gt;
		&lt;Extn ExtnActive="01" ExtnItemSF="Y" ExtnItemSFDesc="ACTIVO" ExtnSuggestedPackage="" ExtnSkuPackage=""/&gt;
		&lt;PrimaryInformation DefaultProductClass="SL" Description="CHAROLA GIRATORIA AILE, 48CM, NATURAL H" ShortDescription="CHAROLA GIRATORIA AILE, 48CM, NATURAL H" ExtendedDisplayDescription="CHAROLA GIRATORIA REDO, 48 CM, NATURAL (12439482)" IsDeliveryAllowed="Y" IsPickupAllowed="Y" IsShippingAllowed="Y" PrimaryEnterpriseCode="Liverpool" SerializedFlag="N" Status="3000" UnitCost="829" ItemType=""/&gt;
		&lt;ClassificationCodes ECCNNo="HAUS" Model="18917" NAICSCode="7502008630089" NMFCClass="152" NMFCCode="15204"/&gt;
		&lt;InventoryParameters ATPRule="Liverpool_ATP" InventoryMonitorRule="EPL_ATP_MONITOR_RULE" NodeLevelInventoryMonitorRule="EPL_ATP_MONITOR_RULE"/&gt;
		&lt;ItemAliasList Reset="Y"&gt;
			&lt;ItemAlias AliasName="EAN1" AliasValue="7502008630089"/&gt;
		&lt;/ItemAliasList&gt;
	&lt;/Item&gt;
&lt;/ItemList&gt;
after mod &lt;ItemList&gt;
	&lt;Item Action="Manage" GlobalItemID="12439482" ItemID="20250130173957" OrganizationCode="Liverpool" UnitOfMeasure="UN"&gt;
		&lt;Extn ExtnActive="01" ExtnItemSF="Y" ExtnItemSFDesc="ACTIVO" ExtnSuggestedPackage="" ExtnSkuPackage=""/&gt;
		&lt;PrimaryInformation DefaultProductClass="SL" Description="CHAROLA GIRATORIA AILE, 48CM, NATURAL H" ShortDescription="CHAROLA GIRATORIA AILE, 48CM, NATURAL H" ExtendedDisplayDescription="CHAROLA GIRATORIA REDO, 48 CM, NATURAL (12439482)" IsDeliveryAllowed="Y" IsPickupAllowed="Y" IsShippingAllowed="Y" PrimaryEnterpriseCode="Liverpool" SerializedFlag="N" Status="3000" UnitCost="829" ItemType=""/&gt;
		&lt;ClassificationCodes ECCNNo="HAUS" Model="18917" NAICSCode="7502008630089" NMFCClass="152" NMFCCode="15204"/&gt;
		&lt;InventoryParameters ATPRule="Liverpool_ATP" InventoryMonitorRule="EPL_ATP_MONITOR_RULE" NodeLevelInventoryMonitorRule="EPL_ATP_MONITOR_RULE"/&gt;
		&lt;ItemAliasList Reset="Y"&gt;
			&lt;ItemAlias AliasName="EAN1" AliasValue="7502008630089"/&gt;
		&lt;/ItemAliasList&gt;
	&lt;/Item&gt;
&lt;/ItemList&gt;</msg>
<msg time="2025-01-30T17:39:57.031123" level="INFO">${manageItemJson} = &lt;ItemList&gt;
	&lt;Item Action="Manage" GlobalItemID="12439482" ItemID="20250130173957" OrganizationCode="Liverpool" UnitOfMeasure="UN"&gt;
		&lt;Extn ExtnActive="01" ExtnItemSF="Y" ExtnItemSFDesc="ACTIVO" ExtnSu...</msg>
<var>${manageItemJson}</var>
<arg>C:\\EPL-Liverpool-SL\\LvrplSL\\SL24_19_DD_Sourcing_I1001_Inventory_Availability\\SL24_19_T_005\\test</arg>
<status status="PASS" start="2025-01-30T17:39:57.029866" elapsed="0.001288"/>
</kw>
<kw name="POST On Session" owner="RequestsLibrary">
<msg time="2025-01-30T17:39:57.078023" level="INFO">POST Request : url=http://localhost:9080/smcfs/restapi/invoke/manageItem 
 path_url=/smcfs/restapi/invoke/manageItem 
 headers={'User-Agent': 'python-requests/2.32.3', 'Accept-Encoding': 'gzip, deflate', 'Accept': '*/*', 'Connection': 'keep-alive', 'Content-Type': 'application/xml', 'Authorization': 'Basic YWRtaW46Q2hhbmdlSXQ0bTM=', 'Content-Length': '1022'} 
 body=&lt;ItemList&gt;
	&lt;Item Action="Manage" GlobalItemID="12439482" ItemID="20250130173957" OrganizationCode="Liverpool" UnitOfMeasure="UN"&gt;
		&lt;Extn ExtnActive="01" ExtnItemSF="Y" ExtnItemSFDesc="ACTIVO" ExtnSuggestedPackage="" ExtnSkuPackage=""/&gt;
		&lt;PrimaryInformation DefaultProductClass="SL" Description="CHAROLA GIRATORIA AILE, 48CM, NATURAL H" ShortDescription="CHAROLA GIRATORIA AILE, 48CM, NATURAL H" ExtendedDisplayDescription="CHAROLA GIRATORIA REDO, 48 CM, NATURAL (12439482)" IsDeliveryAllowed="Y" IsPickupAllowed="Y" IsShippingAllowed="Y" PrimaryEnterpriseCode="Liverpool" SerializedFlag="N" Status="3000" UnitCost="829" ItemType=""/&gt;
		&lt;ClassificationCodes ECCNNo="HAUS" Model="18917" NAICSCode="7502008630089" NMFCClass="152" NMFCCode="15204"/&gt;
		&lt;InventoryParameters ATPRule="Liverpool_ATP" InventoryMonitorRule="EPL_ATP_MONITOR_RULE" NodeLevelInventoryMonitorRule="EPL_ATP_MONITOR_RULE"/&gt;
		&lt;ItemAliasList Reset="Y"&gt;
			&lt;ItemAlias AliasName="EAN1" AliasValue="7502008630089"/&gt;
		&lt;/ItemAliasList&gt;
	&lt;/Item&gt;
&lt;/ItemList&gt; 
 </msg>
<msg time="2025-01-30T17:39:57.078087" level="INFO">POST Response : url=http://localhost:9080/smcfs/restapi/invoke/manageItem 
 status=204, reason=No Content 
 headers={'X-FRAME-OPTIONS': 'SAMEORIGIN', 'X-UA-Compatible': 'IE=EmulateIE8', 'Access-Control-Allow-Origin': '*', 'Access-Control-Max-Age': '3600', 'Access-Control-Allow-Credentials': 'true', 'Content-Language': 'en-US', 'Vary': 'Accept-Encoding', 'Content-Length': '0', 'Date': 'Thu, 30 Jan 2025 12:09:57 GMT'} 
 body=None 
 </msg>
<msg time="2025-01-30T17:39:57.078166" level="INFO">${manageItemResponse} = &lt;Response [204]&gt;</msg>
<var>${manageItemResponse}</var>
<arg>AddData</arg>
<arg>${base_url_api}${manageItem}</arg>
<arg>data=${manageItemJson}</arg>
<doc>Sends a POST request on a previously created HTTP Session.</doc>
<status status="PASS" start="2025-01-30T17:39:57.031405" elapsed="0.046777"/>
</kw>
<kw name="Status Should Be" owner="RequestsLibrary">
<arg>204</arg>
<arg>${manageItemResponse}</arg>
<doc>Fails if response status code is different than the expected.</doc>
<status status="PASS" start="2025-01-30T17:39:57.078684" elapsed="0.000230"/>
</kw>
<kw name="Manage Item With Dynamic Item1" owner="Prepare_Xml_Content">
<msg time="2025-01-30T17:39:57.079737" level="INFO">after mod &lt;ItemList&gt;
	&lt;Item Action="Manage" GlobalItemID="12439482" ItemID="20250130173957" OrganizationCode="Liverpool" UnitOfMeasure="UN"&gt;
		&lt;Extn ExtnActive="01" ExtnItemSF="Y" ExtnItemSFDesc="ACTIVO" ExtnSuggestedPackage="" ExtnSkuPackage=""/&gt;
		&lt;PrimaryInformation DefaultProductClass="SL" Description="CHAROLA GIRATORIA AILE, 48CM, NATURAL H" ShortDescription="CHAROLA GIRATORIA AILE, 48CM, NATURAL H" ExtendedDisplayDescription="CHAROLA GIRATORIA REDO, 48 CM, NATURAL (12439482)" IsDeliveryAllowed="Y" IsPickupAllowed="Y" IsShippingAllowed="Y" PrimaryEnterpriseCode="Liverpool" SerializedFlag="N" Status="3000" UnitCost="829" ItemType=""/&gt;
		&lt;ClassificationCodes ECCNNo="HAUS" Model="18917" NAICSCode="7502008630089" NMFCClass="152" NMFCCode="15204"/&gt;
		&lt;InventoryParameters ATPRule="Liverpool_ATP" InventoryMonitorRule="EPL_ATP_MONITOR_RULE" NodeLevelInventoryMonitorRule="EPL_ATP_MONITOR_RULE"/&gt;
		&lt;ItemAliasList Reset="Y"&gt;
			&lt;ItemAlias AliasName="EAN1" AliasValue="7502008630089"/&gt;
		&lt;/ItemAliasList&gt;
	&lt;/Item&gt;
&lt;/ItemList&gt;</msg>
<msg time="2025-01-30T17:39:57.079920" level="INFO">${jsonItemId} = {'ItemList': {'Item': {'_Action': 'Manage', '_GlobalItemID': '12439482', '_ItemID': '20250130173957', '_OrganizationCode': 'Liverpool', '_UnitOfMeasure': 'UN', 'Extn': {'_ExtnActive': '01', '_ExtnItem...</msg>
<var>${jsonItemId}</var>
<arg>C:\\EPL-Liverpool-SL\\LvrplSL\\SL24_19_DD_Sourcing_I1001_Inventory_Availability\\SL24_19_T_005\\test</arg>
<status status="PASS" start="2025-01-30T17:39:57.079201" elapsed="0.000739"/>
</kw>
<kw name="Dictionary Should Contain Key" owner="Collections">
<arg>${jsonItemId}</arg>
<arg>ItemList</arg>
<doc>Fails if ``key`` is not found from ``dictionary``.</doc>
<status status="PASS" start="2025-01-30T17:39:57.080238" elapsed="0.000106"/>
</kw>
<kw name="Get From Dictionary" owner="Collections">
<msg time="2025-01-30T17:39:57.080789" level="INFO">${Item_ID_Path} = {'Item': {'_Action': 'Manage', '_GlobalItemID': '12439482', '_ItemID': '20250130173957', '_OrganizationCode': 'Liverpool', '_UnitOfMeasure': 'UN', 'Extn': {'_ExtnActive': '01', '_ExtnItemSF': 'Y', '_E...</msg>
<var>${Item_ID_Path}</var>
<arg>${jsonItemId}</arg>
<arg>ItemList</arg>
<doc>Returns a value from the given ``dictionary`` based on the given ``key``.</doc>
<status status="PASS" start="2025-01-30T17:39:57.080637" elapsed="0.000171"/>
</kw>
<kw name="Adjust Inventory File" owner="Prepare_Xml_Content">
<msg time="2025-01-30T17:39:57.081371" level="INFO">${jsonAdjInv} = &lt;Items&gt;
	&lt;Item AdjustmentType="ABSOLUTE" Availability="TRACK" ItemID="20250130173957" OrganizationCode="Liverpool" Quantity="4" ReasonCode="itemSLRTAMS19t2" ReasonText="Ajuste GoldenGate" ShipNode="12...</msg>
<var>${jsonAdjInv}</var>
<arg>${jsonItemId}[ItemList][Item][_ItemID]</arg>
<arg>C:\\EPL-Liverpool-SL\\LvrplSL\\SL24_19_DD_Sourcing_I1001_Inventory_Availability\\SL24_19_T_005\\test</arg>
<status status="PASS" start="2025-01-30T17:39:57.081054" elapsed="0.000347"/>
</kw>
<kw name="POST On Session" owner="RequestsLibrary">
<msg time="2025-01-30T17:39:57.110911" level="INFO">POST Request : url=http://localhost:9080/smcfs/restapi/invoke/adjustInventory 
 path_url=/smcfs/restapi/invoke/adjustInventory 
 headers={'User-Agent': 'python-requests/2.32.3', 'Accept-Encoding': 'gzip, deflate', 'Accept': '*/*', 'Connection': 'keep-alive', 'Content-Type': 'application/xml', 'Authorization': 'Basic YWRtaW46Q2hhbmdlSXQ0bTM=', 'Content-Length': '252'} 
 body=&lt;Items&gt;
	&lt;Item AdjustmentType="ABSOLUTE" Availability="TRACK" ItemID="20250130173957" OrganizationCode="Liverpool" Quantity="4" ReasonCode="itemSLRTAMS19t2" ReasonText="Ajuste GoldenGate" ShipNode="127" SupplyType="ONHAND" UnitOfMeasure="UN"/&gt;
&lt;/Items&gt; 
 </msg>
<msg time="2025-01-30T17:39:57.110972" level="INFO">POST Response : url=http://localhost:9080/smcfs/restapi/invoke/adjustInventory 
 status=204, reason=No Content 
 headers={'X-FRAME-OPTIONS': 'SAMEORIGIN', 'X-UA-Compatible': 'IE=EmulateIE8', 'Access-Control-Allow-Origin': '*', 'Access-Control-Max-Age': '3600', 'Access-Control-Allow-Credentials': 'true', 'Content-Language': 'en-US', 'Vary': 'Accept-Encoding', 'Content-Length': '0', 'Date': 'Thu, 30 Jan 2025 12:09:57 GMT'} 
 body=None 
 </msg>
<msg time="2025-01-30T17:39:57.111075" level="INFO">${adjInvresponse} = &lt;Response [204]&gt;</msg>
<var>${adjInvresponse}</var>
<arg>AddData</arg>
<arg>${base_url_api}${adjustInventory}</arg>
<arg>data=${jsonAdjInv}</arg>
<arg>headers=${headers}</arg>
<doc>Sends a POST request on a previously created HTTP Session.</doc>
<status status="PASS" start="2025-01-30T17:39:57.081616" elapsed="0.029479"/>
</kw>
<kw name="Status Should Be" owner="RequestsLibrary">
<arg>204</arg>
<arg>${adjInvresponse}</arg>
<doc>Fails if response status code is different than the expected.</doc>
<status status="PASS" start="2025-01-30T17:39:57.111725" elapsed="0.000164"/>
</kw>
<kw name="Find Inventory File" owner="Prepare_Xml_Content">
<msg time="2025-01-30T17:39:57.112745" level="INFO">${jsonfindInventory} = &lt;Promise AllocationRuleID="FWD_RULES" CheckInventory="Y" EnterpriseCode="Liverpool" FulfillmentType="Fulfillment_Type_Liverpool" OrganizationCode="Liverpool" FlashPromo="Y" FlashStores="Y"&gt;
	&lt;ShipToAd...</msg>
<var>${jsonfindInventory}</var>
<arg>${jsonItemId}[ItemList][Item][_ItemID]</arg>
<arg>C:\\EPL-Liverpool-SL\\LvrplSL\\SL24_19_DD_Sourcing_I1001_Inventory_Availability\\SL24_19_T_005\\test</arg>
<status status="PASS" start="2025-01-30T17:39:57.112102" elapsed="0.000665"/>
</kw>
<kw name="POST On Session" owner="RequestsLibrary">
<msg time="2025-01-30T17:39:58.068411" level="INFO">POST Request : url=http://localhost:9080/smcfs/restapi/executeFlow/EPLFindInventorySyncService 
 path_url=/smcfs/restapi/executeFlow/EPLFindInventorySyncService 
 headers={'User-Agent': 'python-requests/2.32.3', 'Accept-Encoding': 'gzip, deflate', 'Accept': '*/*', 'Connection': 'keep-alive', 'Content-Type': 'application/xml', 'Authorization': 'Basic YWRtaW46Q2hhbmdlSXQ0bTM=', 'Content-Length': '368'} 
 body=&lt;Promise AllocationRuleID="FWD_RULES" CheckInventory="Y" EnterpriseCode="Liverpool" FulfillmentType="Fulfillment_Type_Liverpool" OrganizationCode="Liverpool" FlashPromo="Y" FlashStores="Y"&gt;
	&lt;ShipToAddress Country="MX" ZipCode="98047"/&gt;
	&lt;PromiseLines&gt;
		&lt;PromiseLine ItemID="20250130173957" LineId="1" RequiredQty="10" UnitOfMeasure="UN"/&gt;
	&lt;/PromiseLines&gt;
&lt;/Promise&gt; 
 </msg>
<msg time="2025-01-30T17:39:58.068474" level="INFO">POST Response : url=http://localhost:9080/smcfs/restapi/executeFlow/EPLFindInventorySyncService 
 status=200, reason=OK 
 headers={'X-FRAME-OPTIONS': 'SAMEORIGIN', 'X-UA-Compatible': 'IE=EmulateIE8', 'Access-Control-Allow-Origin': '*', 'Access-Control-Max-Age': '3600', 'Access-Control-Allow-Credentials': 'true', 'Content-Type': 'application/json; charset=UTF-8', 'Content-Encoding': 'gzip', 'Content-Language': 'en-US', 'Vary': 'Accept-Encoding', 'Content-Length': '585', 'Date': 'Thu, 30 Jan 2025 12:09:58 GMT'} 
 body={"SuggestedOption":{"UnavailableLines":{"UnavailableLine":[{"UnavailableReason":"NOT_ENOUGH_PRODUCT_CHOICES","LineId":"1","UnitOfMeasure":"UN","RequiredQty":"10.00","ProductClass":"","ItemID":"20250130173957"}]},"Option":{"LastDate":"2025-01-30T12:09:57+00:00","OptionNo":"3","NodeQty":"4.00","FirstDate":"2025-01-30T12:09:57+00:00","AvailableFromUnplannedInventory":"N","TotalShipments":"1","Interactions":{"Interaction":[{"LastDate":"2025-03-01T23:59:59+00:00","DeliveryMethod":"SHP","Node":"127","ItemGroupCode":"PROD","OrganizationCode":"","DeliveryDate":"2025-01-30T12:09:57+00:00","ShipDate":"2025-01-30T12:09:57+00:00","EarliestDate":"2025-01-30T00:00:00+00:00","InteractionNo":"1"}],"TotalNumberOfRecords":"1"},"PromiseLines":{"PromiseLine":[{"DeliveryMethod":"SHP","LineId":"1","UnitOfMeasure":"UN","Assignments":{"Assignment":[{"EmptyAssignmentReason":"NOT_ENOUGH_PRODUCT_CHOICES","Quantity":"6.00","Supplies":{},"ShipNode":""},{"InvQty":"4.00","AvailableFromUnplannedInventory":"N","Quantity":"4.00","NodePriority":"10.00","Supplies":{"Supply":{"ConsumedQuantity":"4.00","FirstShipDate":"2025-01-30"}},"DeliveryDate":"2025-01-30T12:09:57+00:00","ShipDate":"2025-01-30T12:09:57+00:00","ShipNode":"127","InteractionNo":"1","ProductAvailDate":"2025-01-30","Distance":"0.00"}],"TotalNumberOfRecords":"2"},"RequiredQty":"10","DistributionRuleId":"","ShipNode":"","ItemID":"20250130173957"}],"TotalNumberOfRecords":"1"},"HasAnyUnavailableQty":"Y"}},"OrganizationCode":"Liverpool","EnterpriseCode":"Liverpool","FulfillmentType":"Fulfillment_Type_Liverpool"} 
 </msg>
<msg time="2025-01-30T17:39:58.068556" level="INFO">${findInventoryResponse} = &lt;Response [200]&gt;</msg>
<var>${findInventoryResponse}</var>
<arg>AddData</arg>
<arg>${base_url_flow}${EPLFindInventorySyncService}</arg>
<arg>data=${jsonfindInventory}</arg>
<arg>headers=${headers}</arg>
<doc>Sends a POST request on a previously created HTTP Session.</doc>
<status status="PASS" start="2025-01-30T17:39:57.113072" elapsed="0.955499"/>
</kw>
<kw name="Log To Console" owner="BuiltIn">
<arg>${findInventoryResponse.json()}</arg>
<doc>Logs the given message to the console.</doc>
<status status="PASS" start="2025-01-30T17:39:58.068936" elapsed="0.000822"/>
</kw>
<kw name="Convert To String" owner="BuiltIn">
<msg time="2025-01-30T17:39:58.070706" level="INFO">${resp} = {'SuggestedOption': {'UnavailableLines': {'UnavailableLine': [{'UnavailableReason': 'NOT_ENOUGH_PRODUCT_CHOICES', 'LineId': '1', 'UnitOfMeasure': 'UN', 'RequiredQty': '10.00', 'ProductClass': '', 'Ite...</msg>
<var>${resp}</var>
<arg>${findInventoryResponse.json()}</arg>
<doc>Converts the given item to a Unicode string.</doc>
<status status="PASS" start="2025-01-30T17:39:58.070187" elapsed="0.000535"/>
</kw>
<kw name="Write Output File" owner="Prepare_Xml_Content">
<arg>${resp}</arg>
<arg>'findInv'</arg>
<arg>C:\\EPL-Liverpool-SL\\LvrplSL\\SL24_19_DD_Sourcing_I1001_Inventory_Availability\\SL24_19_T_005\\test</arg>
<status status="PASS" start="2025-01-30T17:39:58.071033" elapsed="0.000901"/>
</kw>
<kw name="Dictionary Should Contain Key" owner="Collections">
<arg>${findInventoryResponse.json()}</arg>
<arg>SuggestedOption</arg>
<doc>Fails if ``key`` is not found from ``dictionary``.</doc>
<status status="PASS" start="2025-01-30T17:39:58.072122" elapsed="0.000520"/>
</kw>
<kw name="Get From Dictionary" owner="Collections">
<msg time="2025-01-30T17:39:58.073361" level="INFO">${Order_No} = {'UnavailableLines': {'UnavailableLine': [{'UnavailableReason': 'NOT_ENOUGH_PRODUCT_CHOICES', 'LineId': '1', 'UnitOfMeasure': 'UN', 'RequiredQty': '10.00', 'ProductClass': '', 'ItemID': '2025013017395...</msg>
<var>${Order_No}</var>
<arg>${findInventoryResponse.json()}</arg>
<arg>SuggestedOption</arg>
<doc>Returns a value from the given ``dictionary`` based on the given ``key``.</doc>
<status status="PASS" start="2025-01-30T17:39:58.072920" elapsed="0.000458"/>
</kw>
<kw name="Get From Dictionary" owner="Collections">
<msg time="2025-01-30T17:39:58.074116" level="INFO">${Option} = {'LastDate': '2025-01-30T12:09:57+00:00', 'OptionNo': '3', 'NodeQty': '4.00', 'FirstDate': '2025-01-30T12:09:57+00:00', 'AvailableFromUnplannedInventory': 'N', 'TotalShipments': '1', 'Interactions': {...</msg>
<var>${Option}</var>
<arg>${Order_No}</arg>
<arg>Option</arg>
<doc>Returns a value from the given ``dictionary`` based on the given ``key``.</doc>
<status status="PASS" start="2025-01-30T17:39:58.073982" elapsed="0.000172"/>
</kw>
<kw name="Get From Dictionary" owner="Collections">
<msg time="2025-01-30T17:39:58.074524" level="INFO">${PromiseLines} = {'PromiseLine': [{'DeliveryMethod': 'SHP', 'LineId': '1', 'UnitOfMeasure': 'UN', 'Assignments': {'Assignment': [{'EmptyAssignmentReason': 'NOT_ENOUGH_PRODUCT_CHOICES', 'Quantity': '6.00', 'Supplies': ...</msg>
<var>${PromiseLines}</var>
<arg>${Option}</arg>
<arg>PromiseLines</arg>
<doc>Returns a value from the given ``dictionary`` based on the given ``key``.</doc>
<status status="PASS" start="2025-01-30T17:39:58.074352" elapsed="0.000192"/>
</kw>
<kw name="Get From Dictionary" owner="Collections">
<msg time="2025-01-30T17:39:58.074878" level="INFO">${PromiseLine} = [{'DeliveryMethod': 'SHP', 'LineId': '1', 'UnitOfMeasure': 'UN', 'Assignments': {'Assignment': [{'EmptyAssignmentReason': 'NOT_ENOUGH_PRODUCT_CHOICES', 'Quantity': '6.00', 'Supplies': {}, 'ShipNode': ...</msg>
<var>${PromiseLine}</var>
<arg>${PromiseLines}</arg>
<arg>PromiseLine</arg>
<doc>Returns a value from the given ``dictionary`` based on the given ``key``.</doc>
<status status="PASS" start="2025-01-30T17:39:58.074762" elapsed="0.000132"/>
</kw>
<kw name="Get From List" owner="Collections">
<msg time="2025-01-30T17:39:58.075286" level="INFO">${AssignmentsList} = {'DeliveryMethod': 'SHP', 'LineId': '1', 'UnitOfMeasure': 'UN', 'Assignments': {'Assignment': [{'EmptyAssignmentReason': 'NOT_ENOUGH_PRODUCT_CHOICES', 'Quantity': '6.00', 'Supplies': {}, 'ShipNode': '...</msg>
<var>${AssignmentsList}</var>
<arg>${PromiseLine}</arg>
<arg>0</arg>
<doc>Returns the value specified with an ``index`` from ``list``.</doc>
<status status="PASS" start="2025-01-30T17:39:58.075164" elapsed="0.000137"/>
</kw>
<kw name="Get From Dictionary" owner="Collections">
<msg time="2025-01-30T17:39:58.075682" level="INFO">${assignments} = {'Assignment': [{'EmptyAssignmentReason': 'NOT_ENOUGH_PRODUCT_CHOICES', 'Quantity': '6.00', 'Supplies': {}, 'ShipNode': ''}, {'InvQty': '4.00', 'AvailableFromUnplannedInventory': 'N', 'Quantity': '4.0...</msg>
<var>${assignments}</var>
<arg>${AssignmentsList}</arg>
<arg>Assignments</arg>
<doc>Returns a value from the given ``dictionary`` based on the given ``key``.</doc>
<status status="PASS" start="2025-01-30T17:39:58.075565" elapsed="0.000135"/>
</kw>
<kw name="Get From Dictionary" owner="Collections">
<msg time="2025-01-30T17:39:58.076159" level="INFO">${assignment} = [{'EmptyAssignmentReason': 'NOT_ENOUGH_PRODUCT_CHOICES', 'Quantity': '6.00', 'Supplies': {}, 'ShipNode': ''}, {'InvQty': '4.00', 'AvailableFromUnplannedInventory': 'N', 'Quantity': '4.00', 'NodePriori...</msg>
<var>${assignment}</var>
<arg>${Assignments}</arg>
<arg>Assignment</arg>
<doc>Returns a value from the given ``dictionary`` based on the given ``key``.</doc>
<status status="PASS" start="2025-01-30T17:39:58.075998" elapsed="0.000195"/>
</kw>
<kw name="Get From List" owner="Collections">
<msg time="2025-01-30T17:39:58.076615" level="INFO">${assignmentList} = {'EmptyAssignmentReason': 'NOT_ENOUGH_PRODUCT_CHOICES', 'Quantity': '6.00', 'Supplies': {}, 'ShipNode': ''}</msg>
<var>${assignmentList}</var>
<arg>${assignment}</arg>
<arg>0</arg>
<doc>Returns the value specified with an ``index`` from ``list``.</doc>
<status status="PASS" start="2025-01-30T17:39:58.076511" elapsed="0.000119"/>
</kw>
<kw name="Get From Dictionary" owner="Collections">
<msg time="2025-01-30T17:39:58.077074" level="INFO">${ShipNode} = </msg>
<var>${ShipNode}</var>
<arg>${assignmentList}</arg>
<arg>ShipNode</arg>
<doc>Returns a value from the given ``dictionary`` based on the given ``key``.</doc>
<status status="PASS" start="2025-01-30T17:39:58.076971" elapsed="0.000117"/>
</kw>
<kw name="Log" owner="BuiltIn">
<msg time="2025-01-30T17:39:58.077651" level="INFO"/>
<arg>${ShipNode}</arg>
<doc>Logs the given message with the given level.</doc>
<status status="PASS" start="2025-01-30T17:39:58.077564" elapsed="0.000112"/>
</kw>
<kw name="Set Test Message" owner="BuiltIn">
<msg time="2025-01-30T17:39:58.077986" level="INFO">Set test message to:
ShipNode 127b suggested in Assignment ShipNode from response is </msg>
<arg>ShipNode 127b suggested in Assignment ShipNode from response is ${ShipNode}</arg>
<doc>Sets message for the current test case.</doc>
<status status="PASS" start="2025-01-30T17:39:58.077898" elapsed="0.000114"/>
</kw>
<doc>Find Inventory Wrapper Web Service</doc>
<tag>EPLFindInventorySyncService</tag>
<tag>REGRESSION</tag>
<status status="PASS" start="2025-01-30T17:39:57.027440" elapsed="1.050800">ShipNode 127b suggested in Assignment ShipNode from response is </status>
</test>
<status status="PASS" start="2025-01-30T17:39:56.174070" elapsed="1.905137"/>
</suite>
<status status="PASS" start="2025-01-30T17:39:56.146048" elapsed="1.933993"/>
</suite>
<statistics>
<total>
<stat pass="1" fail="0" skip="0">All Tests</stat>
</total>
<tag>
<stat pass="1" fail="0" skip="0">EPLFindInventorySyncService</stat>
<stat pass="1" fail="0" skip="0">REGRESSION</stat>
</tag>
<suite>
<stat pass="1" fail="0" skip="0" id="s1" name="Test">Test</stat>
<stat pass="1" fail="0" skip="0" id="s1-s1" name="TC 005">Test.TC 005</stat>
</suite>
</statistics>
<errors>
</errors>
</robot>
