<?xml version="1.0" encoding="UTF-8"?>
<robot generator="Robot 7.1.1 (Python 3.13.1 on win32)" generated="2025-02-05T13:57:25.725114" rpa="false" schemaversion="5">
<suite id="s1" name="Test" source="C:\EPL-Liverpool-SL\LvrplSL\DBTestingRTAM\Test">
<suite id="s1-s1" name="TC002" source="C:\EPL-Liverpool-SL\LvrplSL\DBTestingRTAM\Test\TC002.robot">
<test id="s1-s1-t1" name="Get Yfs inventory activity records" line="9">
<kw name="Creating Session1" owner="createSession">
<kw name="Create List" owner="BuiltIn">
<msg time="2025-02-05T13:57:28.620957" level="INFO">${auth} = ['admin', 'ChangeIt4m3']</msg>
<var>${auth}</var>
<arg>${user}</arg>
<arg>${passwd}</arg>
<doc>Returns a list containing given items.</doc>
<status status="PASS" start="2025-02-05T13:57:28.620488" elapsed="0.000530"/>
</kw>
<kw name="Create Session" owner="RequestsLibrary">
<msg time="2025-02-05T13:57:28.621865" level="INFO">Creating Session using : alias=AddData, url=http://localhost:9080/smcfs/restapi/invoke/createOrder, headers={'Content-Type': 'application/xml', 'Authorization': 'Basic YWRtaW46cGFzc3dvcmQ='},                     cookies={}, auth=&lt;requests.auth.HTTPBasicAuth object at 0x000002106CA30440&gt;, timeout=None, proxies=None, verify=False,                     debug=0 </msg>
<arg>${AddData}</arg>
<arg>url=${base_url_api}${createOrder}</arg>
<arg>headers=${headers}</arg>
<arg>auth=${auth}</arg>
<doc>Create Session: create a HTTP session to a server</doc>
<status status="PASS" start="2025-02-05T13:57:28.621281" elapsed="0.000986"/>
</kw>
<arg>AddData</arg>
<status status="PASS" start="2025-02-05T13:57:28.618645" elapsed="0.003765"/>
</kw>
<kw name="Json Manage Item File" owner="Prepare_Xml_Content">
<msg time="2025-02-05T13:57:28.648310" level="INFO">before mod &lt;ItemList&gt;
	&lt;Item Action="Manage" GlobalItemID="12439482" ItemID="$ItemID" OrganizationCode="Liverpool" UnitOfMeasure="UN"&gt;
		&lt;Extn ExtnActive="01" ExtnItemSF="Y" ExtnItemSFDesc="ACTIVO" ExtnSuggestedPackage="" ExtnSkuPackage=""/&gt;
		&lt;PrimaryInformation DefaultProductClass="SL" Description="CHAROLA GIRATORIA AILE, 48CM, NATURAL H" ShortDescription="CHAROLA GIRATORIA AILE, 48CM, NATURAL H" ExtendedDisplayDescription="CHAROLA GIRATORIA REDO, 48 CM, NATURAL (12439482)" IsDeliveryAllowed="Y" IsPickupAllowed="Y" IsShippingAllowed="Y" PrimaryEnterpriseCode="Liverpool" SerializedFlag="N" Status="3000" UnitCost="829" ItemType=""/&gt;
		&lt;ClassificationCodes ECCNNo="HAUS" Model="18917" NAICSCode="7502008630089" NMFCClass="152" NMFCCode="15204"/&gt;
		&lt;InventoryParameters ATPRule="Liverpool_ATP" InventoryMonitorRule="EPL_ATP_MONITOR_RULE" NodeLevelInventoryMonitorRule="EPL_ATP_MONITOR_RULE"/&gt;
		&lt;ItemAliasList Reset="Y"&gt;
			&lt;ItemAlias AliasName="EAN1" AliasValue="7502008630089"/&gt;
		&lt;/ItemAliasList&gt;
	&lt;/Item&gt;
&lt;/ItemList&gt;
after mod {
    "ItemList": {
        "Item": {
            "_Action": "Manage",
            "_GlobalItemID": "12439482",
            "_ItemID": "20250205135728",
            "_OrganizationCode": "Liverpool",
            "_UnitOfMeasure": "UN",
            "Extn": {
                "_ExtnActive": "01",
                "_ExtnItemSF": "Y",
                "_ExtnItemSFDesc": "ACTIVO",
                "_ExtnSuggestedPackage": "",
                "_ExtnSkuPackage": ""
            },
            "PrimaryInformation": {
                "_DefaultProductClass": "SL",
                "_Description": "CHAROLA GIRATORIA AILE, 48CM, NATURAL H",
                "_ShortDescription": "CHAROLA GIRATORIA AILE, 48CM, NATURAL H",
                "_ExtendedDisplayDescription": "CHAROLA GIRATORIA REDO, 48 CM, NATURAL (12439482)",
                "_IsDeliveryAllowed": "Y",
                "_IsPickupAllowed": "Y",
                "_IsShippingAllowed": "Y",
                "_PrimaryEnterpriseCode": "Liverpool",
                "_SerializedFlag": "N",
                "_Status": "3000",
                "_UnitCost": "829",
                "_ItemType": ""
            },
            "ClassificationCodes": {
                "_ECCNNo": "HAUS",
                "_Model": "18917",
                "_NAICSCode": "7502008630089",
                "_NMFCClass": "152",
                "_NMFCCode": "15204"
            },
            "InventoryParameters": {
                "_ATPRule": "Liverpool_ATP",
                "_InventoryMonitorRule": "EPL_ATP_MONITOR_RULE",
                "_NodeLevelInventoryMonitorRule": "EPL_ATP_MONITOR_RULE"
            },
            "ItemAliasList": {
                "_Reset": "Y",
                "ItemAlias": {
                    "_AliasName": "EAN1",
                    "_AliasValue": "7502008630089"
                }
            }
        }
    }
}</msg>
<msg time="2025-02-05T13:57:28.648568" level="INFO">${json_data} = {
    "ItemList": {
        "Item": {
            "_Action": "Manage",
            "_GlobalItemID": "12439482",
            "_ItemID": "20250205135728",
            "_OrganizationCode": "Liverpool",
 ...</msg>
<var>${json_data}</var>
<arg>${CUR_DIR}</arg>
<status status="PASS" start="2025-02-05T13:57:28.622832" elapsed="0.025792"/>
</kw>
<kw name="Get Item ID" owner="PrepareKeyword">
<kw name="Evaluate" owner="BuiltIn">
<msg time="2025-02-05T13:57:28.649922" level="INFO">${item_id} = 20250205135728</msg>
<var>${item_id}</var>
<arg>json.loads("""${json_data}""")['ItemList']['Item']['_ItemID']</arg>
<arg>modules=json</arg>
<doc>Evaluates the given expression in Python and returns the result.</doc>
<status status="PASS" start="2025-02-05T13:57:28.649529" elapsed="0.000475"/>
</kw>
<kw name="Log To Console" owner="BuiltIn">
<arg>${item_id}</arg>
<doc>Logs the given message to the console.</doc>
<status status="PASS" start="2025-02-05T13:57:28.650150" elapsed="0.000423"/>
</kw>
<return>
<value>${item_id}</value>
<status status="PASS" start="2025-02-05T13:57:28.650856" elapsed="0.000187"/>
</return>
<msg time="2025-02-05T13:57:28.651323" level="INFO">${item_id} = 20250205135728</msg>
<var>${item_id}</var>
<arg>${json_data}</arg>
<arg>${CUR_DIR}</arg>
<status status="PASS" start="2025-02-05T13:57:28.649109" elapsed="0.002252"/>
</kw>
<kw name="Adjust Inventory" owner="PrepareKeyword">
<kw name="Adjust Inventory File" owner="Prepare_Xml_Content">
<msg time="2025-02-05T13:57:28.662102" level="INFO">${adjInventoryJson} = &lt;Items&gt;
	&lt;Item AdjustmentType="ABSOLUTE" Availability="TRACK" ItemID="20250205135728" OrganizationCode="Liverpool" Quantity="100" ReasonCode="itemSLRTAMS19t2" ReasonText="Ajuste GoldenGate" ShipNode="...</msg>
<var>${adjInventoryJson}</var>
<arg>${itemId}</arg>
<arg>${CUR_DIR}</arg>
<status status="PASS" start="2025-02-05T13:57:28.652068" elapsed="0.010093"/>
</kw>
<kw name="POST On Session" owner="RequestsLibrary">
<msg time="2025-02-05T13:57:29.300999" level="INFO">POST Request : url=http://localhost:9080/smcfs/restapi/invoke/adjustInventory 
 path_url=/smcfs/restapi/invoke/adjustInventory 
 headers={'User-Agent': 'python-requests/2.32.3', 'Accept-Encoding': 'gzip, deflate', 'Accept': '*/*', 'Connection': 'keep-alive', 'Content-Type': 'application/xml', 'Authorization': 'Basic YWRtaW46Q2hhbmdlSXQ0bTM=', 'Content-Length': '254'} 
 body=&lt;Items&gt;
	&lt;Item AdjustmentType="ABSOLUTE" Availability="TRACK" ItemID="20250205135728" OrganizationCode="Liverpool" Quantity="100" ReasonCode="itemSLRTAMS19t2" ReasonText="Ajuste GoldenGate" ShipNode="113" SupplyType="ONHAND" UnitOfMeasure="UN"/&gt;
&lt;/Items&gt; 
 </msg>
<msg time="2025-02-05T13:57:29.301138" level="INFO">POST Response : url=http://localhost:9080/smcfs/restapi/invoke/adjustInventory 
 status=204, reason=No Content 
 headers={'X-FRAME-OPTIONS': 'SAMEORIGIN', 'X-UA-Compatible': 'IE=EmulateIE8', 'Access-Control-Allow-Credentials': 'true', 'Access-Control-Max-Age': '3600', 'Access-Control-Allow-Origin': '*', 'Content-Language': 'en-US', 'Vary': 'Accept-Encoding', 'Content-Length': '0', 'Date': 'Wed, 05 Feb 2025 08:27:28 GMT'} 
 body=None 
 </msg>
<msg time="2025-02-05T13:57:29.301313" level="INFO">${response} = &lt;Response [204]&gt;</msg>
<var>${response}</var>
<arg>AddData</arg>
<arg>${base_url_api}${adjustInventory}</arg>
<arg>data=${adjInventoryJson}</arg>
<arg>headers=${headers}</arg>
<doc>Sends a POST request on a previously created HTTP Session.</doc>
<status status="PASS" start="2025-02-05T13:57:28.662366" elapsed="0.639412"/>
</kw>
<kw name="Status Should Be" owner="RequestsLibrary">
<arg>204</arg>
<arg>${response}</arg>
<doc>Fails if response status code is different than the expected.</doc>
<status status="PASS" start="2025-02-05T13:57:29.302087" elapsed="0.000392"/>
</kw>
<arg>${itemId}</arg>
<arg>${CUR_DIR}</arg>
<status status="PASS" start="2025-02-05T13:57:28.651740" elapsed="0.650823"/>
</kw>
<kw name="Validate Inventory Adjustment" owner="PrepareKeyword">
<kw name="Set Variable" owner="BuiltIn">
<msg time="2025-02-05T13:57:29.303516" level="INFO">${sql_stmt} = select inventory_activity_key from omdb.yfs_inventory_activity where inventory_item_key in (select inventory_item_key from omdb.yfs_inventory_item where item_id = '20250205135728') and node_key = '113...</msg>
<var>${sql_stmt}</var>
<arg>select inventory_activity_key from omdb.yfs_inventory_activity where inventory_item_key in (select inventory_item_key from omdb.yfs_inventory_item where item_id = '${itemId}') and node_key = '113' order by modifyts desc;</arg>
<doc>Returns the given values which can then be assigned to a variables.</doc>
<status status="PASS" start="2025-02-05T13:57:29.303314" elapsed="0.000231"/>
</kw>
<kw name="Log To Console" owner="BuiltIn">
<arg>${sql_stmt}</arg>
<doc>Logs the given message to the console.</doc>
<status status="PASS" start="2025-02-05T13:57:29.303694" elapsed="0.000558"/>
</kw>
<kw name="Execute Sql Stmt" owner="connectToDb">
<msg time="2025-02-05T13:57:29.355906" level="INFO">Connected to Db2 database!
{'INVENTORY_ACTIVITY_KEY': '20250205082728983590    '}</msg>
<msg time="2025-02-05T13:57:29.356093" level="INFO">${result} = {'INVENTORY_ACTIVITY_KEY': '20250205082728983590    '}</msg>
<var>${result}</var>
<arg>${sql_stmt}</arg>
<arg>${CUR_DIR}</arg>
<status status="PASS" start="2025-02-05T13:57:29.304843" elapsed="0.051281"/>
</kw>
<kw name="Log To Console" owner="BuiltIn">
<arg>'************************************8'</arg>
<doc>Logs the given message to the console.</doc>
<status status="PASS" start="2025-02-05T13:57:29.356337" elapsed="0.000381"/>
</kw>
<kw name="Log To Console" owner="BuiltIn">
<arg>${result}</arg>
<doc>Logs the given message to the console.</doc>
<status status="PASS" start="2025-02-05T13:57:29.356991" elapsed="0.000386"/>
</kw>
<kw name="Should Not Be Empty" owner="BuiltIn">
<msg time="2025-02-05T13:57:29.357900" level="INFO">Length is 54.</msg>
<arg>${result}</arg>
<doc>Verifies that the given item is not empty.</doc>
<status status="PASS" start="2025-02-05T13:57:29.357636" elapsed="0.000343"/>
</kw>
<arg>${itemId}</arg>
<arg>${CUR_DIR}</arg>
<status status="PASS" start="2025-02-05T13:57:29.302888" elapsed="0.055202"/>
</kw>
<kw name="Disconnect From Database" owner="DatabaseLibrary">
<msg time="2025-02-05T13:57:29.358501" level="INFO">No open database connection to close</msg>
<doc>Disconnects from the database.</doc>
<status status="PASS" start="2025-02-05T13:57:29.358393" elapsed="0.000156"/>
</kw>
<status status="PASS" start="2025-02-05T13:57:28.617282" elapsed="0.741499"/>
</test>
<status status="PASS" start="2025-02-05T13:57:25.767765" elapsed="3.591745"/>
</suite>
<status status="PASS" start="2025-02-05T13:57:25.726878" elapsed="3.633371"/>
</suite>
<statistics>
<total>
<stat pass="1" fail="0" skip="0">All Tests</stat>
</total>
<tag>
</tag>
<suite>
<stat pass="1" fail="0" skip="0" id="s1" name="Test">Test</stat>
<stat pass="1" fail="0" skip="0" id="s1-s1" name="TC002">Test.TC002</stat>
</suite>
</statistics>
<errors>
</errors>
</robot>
