<?xml version="1.0" encoding="UTF-8"?>
<robot generator="Robot 7.1.1 (Python 3.13.1 on win32)" generated="2025-02-01T16:26:08.275896" rpa="false" schemaversion="5">
<suite id="s1" name="Test" source="C:\EPL-Liverpool-SL\LvrplSL\SL24_43_Wrapper_API_logic_for_order_migration_from_MQ_queue_message_with_partially_fulfilled_child_orders\TC_1_1.2\test">
<suite id="s1-s1" name="T 1 1.2" source="C:\EPL-Liverpool-SL\LvrplSL\SL24_43_Wrapper_API_logic_for_order_migration_from_MQ_queue_message_with_partially_fulfilled_child_orders\TC_1_1.2\test\T_1_1.2.robot">
<test id="s1-s1-t1" name="Multiple order lines where all in backordered status T_1_1.2" line="13">
<kw name="Creating Session1" owner="createSession">
<kw name="Create List" owner="BuiltIn">
<msg time="2025-02-01T16:26:09.680577" level="INFO">${auth} = ['admin', 'ChangeIt4m3']</msg>
<var>${auth}</var>
<arg>${user}</arg>
<arg>${passwd}</arg>
<doc>Returns a list containing given items.</doc>
<status status="PASS" start="2025-02-01T16:26:09.680338" elapsed="0.000281"/>
</kw>
<kw name="Create Session" owner="RequestsLibrary">
<msg time="2025-02-01T16:26:09.681210" level="INFO">Creating Session using : alias=AddData, url=http://localhost:9080/smcfs/restapi/invoke/createOrder, headers={'Content-Type': 'application/xml', 'Authorization': 'Basic YWRtaW46cGFzc3dvcmQ='},                     cookies={}, auth=&lt;requests.auth.HTTPBasicAuth object at 0x000001EE692B9550&gt;, timeout=None, proxies=None, verify=False,                     debug=0 </msg>
<arg>${AddData}</arg>
<arg>url=${base_url_api}${createOrder}</arg>
<arg>headers=${headers}</arg>
<arg>auth=${auth}</arg>
<doc>Create Session: create a HTTP session to a server</doc>
<status status="PASS" start="2025-02-01T16:26:09.680763" elapsed="0.000739"/>
</kw>
<arg>AddData</arg>
<status status="PASS" start="2025-02-01T16:26:09.679542" elapsed="0.002086"/>
</kw>
<kw name="Manage Item With Dynamic Item Ml" owner="Prepare_Xml_Content">
<msg time="2025-02-01T16:26:16.692986" level="INFO">after mod &lt;ItemList&gt;
	&lt;Item Action="Manage" GlobalItemID="12439482" ItemID="20250201162609" OrganizationCode="Liverpool" UnitOfMeasure="UN"&gt;
		&lt;Extn ExtnActive="01" ExtnItemSF="Y" ExtnItemSFDesc="ACTIVO" ExtnSuggestedPackage="" ExtnSkuPackage=""/&gt;
		&lt;PrimaryInformation DefaultProductClass="SL" Description="CHAROLA GIRATORIA AILE, 48CM, NATURAL H" ShortDescription="CHAROLA GIRATORIA AILE, 48CM, NATURAL H" ExtendedDisplayDescription="CHAROLA GIRATORIA REDO, 48 CM, NATURAL (12439482)" IsDeliveryAllowed="Y" IsPickupAllowed="Y" IsShippingAllowed="Y" PrimaryEnterpriseCode="Liverpool" SerializedFlag="N" Status="3000" UnitCost="829" ItemType=""/&gt;
		&lt;ClassificationCodes ECCNNo="HAUS" Model="18917" NAICSCode="7502008630089" NMFCClass="152" NMFCCode="15204"/&gt;
		&lt;InventoryParameters ATPRule="Liverpool_ATP" InventoryMonitorRule="EPL_ATP_MONITOR_RULE" NodeLevelInventoryMonitorRule="EPL_ATP_MONITOR_RULE"/&gt;
		&lt;ItemAliasList Reset="Y"&gt;
			&lt;ItemAlias AliasName="EAN1" AliasValue="7502008630089"/&gt;
		&lt;/ItemAliasList&gt;
	&lt;/Item&gt;
	&lt;Item Action="Manage" GlobalItemID="12439482" ItemID="20250201162616" OrganizationCode="Liverpool" UnitOfMeasure="UN"&gt;
		&lt;Extn ExtnActive="01" ExtnItemSF="Y" ExtnItemSFDesc="ACTIVO" ExtnSuggestedPackage="" ExtnSkuPackage=""/&gt;
		&lt;PrimaryInformation DefaultProductClass="SL" Description="CHAROLA GIRATORIA AILE, 48CM, NATURAL H" ShortDescription="CHAROLA GIRATORIA AILE, 48CM, NATURAL H" ExtendedDisplayDescription="CHAROLA GIRATORIA REDO, 48 CM, NATURAL (12439482)" IsDeliveryAllowed="Y" IsPickupAllowed="Y" IsShippingAllowed="Y" PrimaryEnterpriseCode="Liverpool" SerializedFlag="N" Status="3000" UnitCost="829" ItemType=""/&gt;
		&lt;ClassificationCodes ECCNNo="HAUS" Model="18917" NAICSCode="7502008630089" NMFCClass="152" NMFCCode="15204"/&gt;
		&lt;InventoryParameters ATPRule="Liverpool_ATP" InventoryMonitorRule="EPL_ATP_MONITOR_RULE" NodeLevelInventoryMonitorRule="EPL_ATP_MONITOR_RULE"/&gt;
		&lt;ItemAliasList Reset="Y"&gt;
			&lt;ItemAlias AliasName="EAN1" AliasValue="7502008630089"/&gt;
		&lt;/ItemAliasList&gt;
	&lt;/Item&gt;
&lt;/ItemList&gt;</msg>
<msg time="2025-02-01T16:26:16.693215" level="INFO">${manageItemJson} = &lt;ItemList&gt;
	&lt;Item Action="Manage" GlobalItemID="12439482" ItemID="20250201162609" OrganizationCode="Liverpool" UnitOfMeasure="UN"&gt;
		&lt;Extn ExtnActive="01" ExtnItemSF="Y" ExtnItemSFDesc="ACTIVO" ExtnSu...</msg>
<var>${manageItemJson}</var>
<arg>C:\\EPL-Liverpool-SL\\LvrplSL\\SL24_43_Wrapper_API_logic_for_order_migration_from_MQ_queue_message_with_partially_fulfilled_child_orders\\TC_1_1.2\\test</arg>
<status status="PASS" start="2025-02-01T16:26:09.682001" elapsed="7.011257"/>
</kw>
<kw name="POST On Session" owner="RequestsLibrary">
<msg time="2025-02-01T16:26:16.769016" level="INFO">POST Request : url=http://localhost:9080/smcfs/restapi/invoke/manageItem 
 path_url=/smcfs/restapi/invoke/manageItem 
 headers={'User-Agent': 'python-requests/2.32.3', 'Accept-Encoding': 'gzip, deflate', 'Accept': '*/*', 'Connection': 'keep-alive', 'Content-Type': 'application/xml', 'Authorization': 'Basic YWRtaW46Q2hhbmdlSXQ0bTM=', 'Content-Length': '2022'} 
 body=&lt;ItemList&gt;
	&lt;Item Action="Manage" GlobalItemID="12439482" ItemID="20250201162609" OrganizationCode="Liverpool" UnitOfMeasure="UN"&gt;
		&lt;Extn ExtnActive="01" ExtnItemSF="Y" ExtnItemSFDesc="ACTIVO" ExtnSuggestedPackage="" ExtnSkuPackage=""/&gt;
		&lt;PrimaryInformation DefaultProductClass="SL" Description="CHAROLA GIRATORIA AILE, 48CM, NATURAL H" ShortDescription="CHAROLA GIRATORIA AILE, 48CM, NATURAL H" ExtendedDisplayDescription="CHAROLA GIRATORIA REDO, 48 CM, NATURAL (12439482)" IsDeliveryAllowed="Y" IsPickupAllowed="Y" IsShippingAllowed="Y" PrimaryEnterpriseCode="Liverpool" SerializedFlag="N" Status="3000" UnitCost="829" ItemType=""/&gt;
		&lt;ClassificationCodes ECCNNo="HAUS" Model="18917" NAICSCode="7502008630089" NMFCClass="152" NMFCCode="15204"/&gt;
		&lt;InventoryParameters ATPRule="Liverpool_ATP" InventoryMonitorRule="EPL_ATP_MONITOR_RULE" NodeLevelInventoryMonitorRule="EPL_ATP_MONITOR_RULE"/&gt;
		&lt;ItemAliasList Reset="Y"&gt;
			&lt;ItemAlias AliasName="EAN1" AliasValue="7502008630089"/&gt;
		&lt;/ItemAliasList&gt;
	&lt;/Item&gt;
	&lt;Item Action="Manage" GlobalItemID="12439482" ItemID="20250201162616" OrganizationCode="Liverpool" UnitOfMeasure="UN"&gt;
		&lt;Extn ExtnActive="01" ExtnItemSF="Y" ExtnItemSFDesc="ACTIVO" ExtnSuggestedPackage="" ExtnSkuPackage=""/&gt;
		&lt;PrimaryInformation DefaultProductClass="SL" Description="CHAROLA GIRATORIA AILE, 48CM, NATURAL H" ShortDescription="CHAROLA GIRATORIA AILE, 48CM, NATURAL H" ExtendedDisplayDescription="CHAROLA GIRATORIA REDO, 48 CM, NATURAL (12439482)" IsDeliveryAllowed="Y" IsPickupAllowed="Y" IsShippingAllowed="Y" PrimaryEnterpriseCode="Liverpool" SerializedFlag="N" Status="3000" UnitCost="829" ItemType=""/&gt;
		&lt;ClassificationCodes ECCNNo="HAUS" Model="18917" NAICSCode="7502008630089" NMFCClass="152" NMFCCode="15204"/&gt;
		&lt;InventoryParameters ATPRule="Liverpool_ATP" InventoryMonitorRule="EPL_ATP_MONITOR_RULE" NodeLevelInventoryMonitorRule="EPL_ATP_MONITOR_RULE"/&gt;
		&lt;ItemAliasList Reset="Y"&gt;
			&lt;ItemAlias AliasName="EAN1" AliasValue="7502008630089"/&gt;
		&lt;/ItemAliasList&gt;
	&lt;/Item&gt;
&lt;/ItemList&gt; 
 </msg>
<msg time="2025-02-01T16:26:16.769102" level="INFO">POST Response : url=http://localhost:9080/smcfs/restapi/invoke/manageItem 
 status=204, reason=No Content 
 headers={'X-FRAME-OPTIONS': 'SAMEORIGIN', 'X-UA-Compatible': 'IE=EmulateIE8', 'Access-Control-Allow-Credentials': 'true', 'Access-Control-Allow-Origin': '*', 'Access-Control-Max-Age': '3600', 'Content-Language': 'en-US', 'Vary': 'Accept-Encoding', 'Content-Length': '0', 'Date': 'Sat, 01 Feb 2025 10:56:16 GMT'} 
 body=None 
 </msg>
<msg time="2025-02-01T16:26:16.769196" level="INFO">${manageItemResponse} = &lt;Response [204]&gt;</msg>
<var>${manageItemResponse}</var>
<arg>AddData</arg>
<arg>${base_url_api}${manageItem}</arg>
<arg>data=${manageItemJson}</arg>
<doc>Sends a POST request on a previously created HTTP Session.</doc>
<status status="PASS" start="2025-02-01T16:26:16.693787" elapsed="0.075490"/>
</kw>
<kw name="Status Should Be" owner="RequestsLibrary">
<arg>204</arg>
<arg>${manageItemResponse}</arg>
<doc>Fails if response status code is different than the expected.</doc>
<status status="PASS" start="2025-02-01T16:26:16.769823" elapsed="0.000198"/>
</kw>
<kw name="Manage Item With Dynamic Item1" owner="Prepare_Xml_Content">
<msg time="2025-02-01T16:26:16.777895" level="INFO">after mod &lt;ItemList&gt;
	&lt;Item Action="Manage" GlobalItemID="12439482" ItemID="20250201162609" OrganizationCode="Liverpool" UnitOfMeasure="UN"&gt;
		&lt;Extn ExtnActive="01" ExtnItemSF="Y" ExtnItemSFDesc="ACTIVO" ExtnSuggestedPackage="" ExtnSkuPackage=""/&gt;
		&lt;PrimaryInformation DefaultProductClass="SL" Description="CHAROLA GIRATORIA AILE, 48CM, NATURAL H" ShortDescription="CHAROLA GIRATORIA AILE, 48CM, NATURAL H" ExtendedDisplayDescription="CHAROLA GIRATORIA REDO, 48 CM, NATURAL (12439482)" IsDeliveryAllowed="Y" IsPickupAllowed="Y" IsShippingAllowed="Y" PrimaryEnterpriseCode="Liverpool" SerializedFlag="N" Status="3000" UnitCost="829" ItemType=""/&gt;
		&lt;ClassificationCodes ECCNNo="HAUS" Model="18917" NAICSCode="7502008630089" NMFCClass="152" NMFCCode="15204"/&gt;
		&lt;InventoryParameters ATPRule="Liverpool_ATP" InventoryMonitorRule="EPL_ATP_MONITOR_RULE" NodeLevelInventoryMonitorRule="EPL_ATP_MONITOR_RULE"/&gt;
		&lt;ItemAliasList Reset="Y"&gt;
			&lt;ItemAlias AliasName="EAN1" AliasValue="7502008630089"/&gt;
		&lt;/ItemAliasList&gt;
	&lt;/Item&gt;
	&lt;Item Action="Manage" GlobalItemID="12439482" ItemID="20250201162616" OrganizationCode="Liverpool" UnitOfMeasure="UN"&gt;
		&lt;Extn ExtnActive="01" ExtnItemSF="Y" ExtnItemSFDesc="ACTIVO" ExtnSuggestedPackage="" ExtnSkuPackage=""/&gt;
		&lt;PrimaryInformation DefaultProductClass="SL" Description="CHAROLA GIRATORIA AILE, 48CM, NATURAL H" ShortDescription="CHAROLA GIRATORIA AILE, 48CM, NATURAL H" ExtendedDisplayDescription="CHAROLA GIRATORIA REDO, 48 CM, NATURAL (12439482)" IsDeliveryAllowed="Y" IsPickupAllowed="Y" IsShippingAllowed="Y" PrimaryEnterpriseCode="Liverpool" SerializedFlag="N" Status="3000" UnitCost="829" ItemType=""/&gt;
		&lt;ClassificationCodes ECCNNo="HAUS" Model="18917" NAICSCode="7502008630089" NMFCClass="152" NMFCCode="15204"/&gt;
		&lt;InventoryParameters ATPRule="Liverpool_ATP" InventoryMonitorRule="EPL_ATP_MONITOR_RULE" NodeLevelInventoryMonitorRule="EPL_ATP_MONITOR_RULE"/&gt;
		&lt;ItemAliasList Reset="Y"&gt;
			&lt;ItemAlias AliasName="EAN1" AliasValue="7502008630089"/&gt;
		&lt;/ItemAliasList&gt;
	&lt;/Item&gt;
&lt;/ItemList&gt;</msg>
<msg time="2025-02-01T16:26:16.778030" level="INFO">${jsonItemId} = {'ItemList': {'Item': [{'_Action': 'Manage', '_GlobalItemID': '12439482', '_ItemID': '20250201162609', '_OrganizationCode': 'Liverpool', '_UnitOfMeasure': 'UN', 'Extn': {'_ExtnActive': '01', '_ExtnIte...</msg>
<var>${jsonItemId}</var>
<arg>C:\\EPL-Liverpool-SL\\LvrplSL\\SL24_43_Wrapper_API_logic_for_order_migration_from_MQ_queue_message_with_partially_fulfilled_child_orders\\TC_1_1.2\\test</arg>
<status status="PASS" start="2025-02-01T16:26:16.770388" elapsed="0.007660"/>
</kw>
<kw name="Dictionary Should Contain Key" owner="Collections">
<arg>${jsonItemId}</arg>
<arg>ItemList</arg>
<doc>Fails if ``key`` is not found from ``dictionary``.</doc>
<status status="PASS" start="2025-02-01T16:26:16.778404" elapsed="0.000130"/>
</kw>
<kw name="Get From Dictionary" owner="Collections">
<msg time="2025-02-01T16:26:16.778991" level="INFO">${Item_ID_Path} = {'Item': [{'_Action': 'Manage', '_GlobalItemID': '12439482', '_ItemID': '20250201162609', '_OrganizationCode': 'Liverpool', '_UnitOfMeasure': 'UN', 'Extn': {'_ExtnActive': '01', '_ExtnItemSF': 'Y', '_...</msg>
<var>${Item_ID_Path}</var>
<arg>${jsonItemId}</arg>
<arg>ItemList</arg>
<doc>Returns a value from the given ``dictionary`` based on the given ``key``.</doc>
<status status="PASS" start="2025-02-01T16:26:16.778846" elapsed="0.000162"/>
</kw>
<kw name="Adjust Inventory File Ml" owner="Prepare_Xml_Content">
<msg time="2025-02-01T16:26:16.786020" level="INFO">${jsonAdjInv} = &lt;Items&gt;
	&lt;Item AdjustmentType="ABSOLUTE" Availability="TRACK" ItemID="20250201162609" OrganizationCode="Liverpool" Quantity="100" ReasonCode="itemSLRTAMS19t2" ReasonText="Ajuste GoldenGate" ShipNode="...</msg>
<var>${jsonAdjInv}</var>
<arg>C:\\EPL-Liverpool-SL\\LvrplSL\\SL24_43_Wrapper_API_logic_for_order_migration_from_MQ_queue_message_with_partially_fulfilled_child_orders\\TC_1_1.2\\test</arg>
<status status="PASS" start="2025-02-01T16:26:16.779323" elapsed="0.006743"/>
</kw>
<kw name="POST On Session" owner="RequestsLibrary">
<msg time="2025-02-01T16:26:16.844714" level="INFO">POST Request : url=http://localhost:9080/smcfs/restapi/invoke/adjustInventory 
 path_url=/smcfs/restapi/invoke/adjustInventory 
 headers={'User-Agent': 'python-requests/2.32.3', 'Accept-Encoding': 'gzip, deflate', 'Accept': '*/*', 'Connection': 'keep-alive', 'Content-Type': 'application/xml', 'Authorization': 'Basic YWRtaW46Q2hhbmdlSXQ0bTM=', 'Content-Length': '491'} 
 body=&lt;Items&gt;
	&lt;Item AdjustmentType="ABSOLUTE" Availability="TRACK" ItemID="20250201162609" OrganizationCode="Liverpool" Quantity="100" ReasonCode="itemSLRTAMS19t2" ReasonText="Ajuste GoldenGate" ShipNode="77" SupplyType="ONHAND" UnitOfMeasure="UN"/&gt;
		&lt;Item AdjustmentType="ABSOLUTE" Availability="TRACK" ItemID="20250201162616" OrganizationCode="Liverpool" Quantity="100" ReasonCode="itemSLRTAMS19t2" ReasonText="Ajuste GoldenGate" ShipNode="77" SupplyType="ONHAND" UnitOfMeasure="UN"/&gt;
&lt;/Items&gt; 
 </msg>
<msg time="2025-02-01T16:26:16.844791" level="INFO">POST Response : url=http://localhost:9080/smcfs/restapi/invoke/adjustInventory 
 status=204, reason=No Content 
 headers={'X-FRAME-OPTIONS': 'SAMEORIGIN', 'X-UA-Compatible': 'IE=EmulateIE8', 'Access-Control-Allow-Credentials': 'true', 'Access-Control-Allow-Origin': '*', 'Access-Control-Max-Age': '3600', 'Content-Language': 'en-US', 'Vary': 'Accept-Encoding', 'Content-Length': '0', 'Date': 'Sat, 01 Feb 2025 10:56:16 GMT'} 
 body=None 
 </msg>
<msg time="2025-02-01T16:26:16.844895" level="INFO">${adjInvresponse} = &lt;Response [204]&gt;</msg>
<var>${adjInvresponse}</var>
<arg>AddData</arg>
<arg>${base_url_api}${adjustInventory}</arg>
<arg>data=${jsonAdjInv}</arg>
<arg>headers=${headers}</arg>
<doc>Sends a POST request on a previously created HTTP Session.</doc>
<status status="PASS" start="2025-02-01T16:26:16.786431" elapsed="0.058484"/>
</kw>
<kw name="Status Should Be" owner="RequestsLibrary">
<arg>204</arg>
<arg>${adjInvresponse}</arg>
<doc>Fails if response status code is different than the expected.</doc>
<status status="PASS" start="2025-02-01T16:26:16.845700" elapsed="0.000159"/>
</kw>
<kw name="Find Inventory File Ml" owner="Prepare_Xml_Content">
<msg time="2025-02-01T16:26:16.855927" level="INFO">${jsonfindInventory} = &lt;Promise AllocationRuleID="FWD_RULES" CheckInventory="Y" EnterpriseCode="Liverpool" FulfillmentType="Fulfillment_Type_Liverpool"
 OrganizationCode="Liverpool"&gt;
	&lt;ShipToAddress Country="MX" ZipCode="98...</msg>
<var>${jsonfindInventory}</var>
<arg>C:\\EPL-Liverpool-SL\\LvrplSL\\SL24_43_Wrapper_API_logic_for_order_migration_from_MQ_queue_message_with_partially_fulfilled_child_orders\\TC_1_1.2\\test</arg>
<status status="PASS" start="2025-02-01T16:26:16.846167" elapsed="0.009799"/>
</kw>
<kw name="POST On Session" owner="RequestsLibrary">
<msg time="2025-02-01T16:26:17.405295" level="INFO">POST Request : url=http://localhost:9080/smcfs/restapi/invoke/findInventory 
 path_url=/smcfs/restapi/invoke/findInventory 
 headers={'User-Agent': 'python-requests/2.32.3', 'Accept-Encoding': 'gzip, deflate', 'Accept': '*/*', 'Connection': 'keep-alive', 'Content-Type': 'application/xml', 'Authorization': 'Basic YWRtaW46Q2hhbmdlSXQ0bTM=', 'Content-Length': '338'} 
 body=&lt;Promise AllocationRuleID="FWD_RULES" CheckInventory="Y" EnterpriseCode="Liverpool" FulfillmentType="Fulfillment_Type_Liverpool"
 OrganizationCode="Liverpool"&gt;
	&lt;ShipToAddress Country="MX" ZipCode="98047"/&gt;
	&lt;PromiseLines&gt;
		&lt;PromiseLine ItemID="20250201162616" LineId="1" RequiredQty="20" UnitOfMeasure="UN"/&gt;
	&lt;/PromiseLines&gt;
&lt;/Promise&gt; 
 </msg>
<msg time="2025-02-01T16:26:17.405482" level="INFO">POST Response : url=http://localhost:9080/smcfs/restapi/invoke/findInventory 
 status=200, reason=OK 
 headers={'X-FRAME-OPTIONS': 'SAMEORIGIN', 'X-UA-Compatible': 'IE=EmulateIE8', 'Access-Control-Allow-Credentials': 'true', 'Access-Control-Allow-Origin': '*', 'Access-Control-Max-Age': '3600', 'Content-Type': 'application/json; charset=UTF-8', 'Content-Encoding': 'gzip', 'Content-Language': 'en-US', 'Vary': 'Accept-Encoding', 'Content-Length': '935', 'Date': 'Sat, 01 Feb 2025 10:56:17 GMT'} 
 body={"Options":{"TotalNumberOfRecords":"0"},"OptimizationType":"02","CheckInventory":"Y","AllocationRuleID":"FWD_RULES","SuggestedOption":{"Option":{"LastDate":"2025-02-03T00:00:00+00:00","OptionNo":"23","NodeQty":"20.00","FirstDate":"2025-02-03T00:00:00+00:00","AvailableFromUnplannedInventory":"N","TotalShipments":"1","Interactions":{"Interaction":[{"IsDelivery":"N","CarrierServiceCode":"","DeliveryMethod":"SHP","Node":"77","DeliveryDate":"2025-02-03T00:00:00+00:00","ShipDate":"2025-02-03T00:00:00+00:00","EarliestDate":"2025-02-01T00:00:00+00:00","LastDate":"2025-03-03T23:59:59+00:00","ItemGroupCode":"PROD","PersonInfoShipTo":{"VerificationStatus":"","Company":"","OtherPhone":"","UseCount":"0","EMailID":"","DayPhone":"","JobTitle":"","MobilePhone":"","Department":"","AlternateEmailID":"","PersonID":"","PreferredShipAddress":"","Beeper":"","FirstName":"","ZipCode":"98047","Title":"","City":"","MiddleName":"","DayFaxNo":"","HttpUrl":"","AddressLine3":"","AddressLine2":"","AddressLine1":"","Suffix":"","AddressLine6":"","AddressLine5":"","State":"","AddressLine4":"","EveningFaxNo":"","EveningPhone":"","Country":"MX","ErrorTxt":"","LastName":"","isHistory":"N"},"OrganizationCode":"","Carrier":"","TotalHandlingUnits":"0.00","InteractionNo":"1"}],"TotalNumberOfRecords":"1"},"LeastPriority":"10.00","PromiseLines":{"PromiseLine":[{"CarrierServiceCode":"","DeliveryMethod":"SHP","LineId":"1","UnitOfMeasure":"UN","Assignments":{"Assignment":[{"Procurements":{},"IsIdleAsset":"N","SegmentChangeQty":"0.00","ExternalNode":"N","ReservedQty":"0.00","AvailableFromUnplannedInventory":"N","ProcuredQty":"0.00","Quantity":"20.00","DeliveryDate":"2025-02-03T00:00:00+00:00","ShipDate":"2025-02-03T00:00:00+00:00","SubstituteItems":{},"MergeNode":"","SCAC":"","NodePriority":"10.00","ShipNode":"77","InteractionNo":"1","ProductAvailDate":"2025-02-01","Distance":"0.00","SubstitutedQty":"0.00"}],"TotalNumberOfRecords":"1"},"ReceivingNode":"","IsBundleParent":"N","ItemID":"20250201162616","Segment":"","SegmentType":"","NewItemID":"","SCAC":"","BundleParentLineId":"","KitQty":"1","RequiredQty":"20","AutoReplacedByPreferredSubstitute":"N","DistributionRuleId":"","ShipNode":"","ProductClass":"","FulfillmentType":"Fulfillment_Type_Liverpool"}],"TotalNumberOfRecords":"1"},"MaxPriority":"10.00","PromiseServiceLines":{"TotalNumberOfRecords":"0"},"HasAnyUnavailableQty":"N"}},"OrganizationCode":"Liverpool","EnterpriseCode":"Liverpool","FulfillmentType":"Fulfillment_Type_Liverpool"} 
 </msg>
<msg time="2025-02-01T16:26:17.405606" level="INFO">${findInventoryResponse} = &lt;Response [200]&gt;</msg>
<var>${findInventoryResponse}</var>
<arg>AddData</arg>
<arg>${base_url_api}${findInventory}</arg>
<arg>data=${jsonfindInventory}</arg>
<arg>headers=${headers}</arg>
<doc>Sends a POST request on a previously created HTTP Session.</doc>
<status status="PASS" start="2025-02-01T16:26:16.856386" elapsed="0.549238"/>
</kw>
<kw name="Convert To String" owner="BuiltIn">
<msg time="2025-02-01T16:26:17.406876" level="INFO">${resp} = {'Options': {'TotalNumberOfRecords': '0'}, 'OptimizationType': '02', 'CheckInventory': 'Y', 'AllocationRuleID': 'FWD_RULES', 'SuggestedOption': {'Option': {'LastDate': '2025-02-03T00:00:00+00:00', 'Op...</msg>
<var>${resp}</var>
<arg>${findInventoryResponse.json()}</arg>
<doc>Converts the given item to a Unicode string.</doc>
<status status="PASS" start="2025-02-01T16:26:17.406050" elapsed="0.000861"/>
</kw>
<kw name="Write Output File" owner="Prepare_Xml_Content">
<arg>${resp}</arg>
<arg>'findInv'</arg>
<arg>C:\\EPL-Liverpool-SL\\LvrplSL\\SL24_43_Wrapper_API_logic_for_order_migration_from_MQ_queue_message_with_partially_fulfilled_child_orders\\TC_1_1.2\\test</arg>
<status status="PASS" start="2025-02-01T16:26:17.407105" elapsed="0.001215"/>
</kw>
<kw name="Create Order File Ml" owner="Prepare_Xml_Content">
<msg time="2025-02-01T16:26:17.417800" level="INFO">${jsonCreateOrder} = &lt;Order AllocationRuleID="FWD_RULES" CustomerEMailID="ISAVELA0102@GMAIL.COM" CustomerFirstName="MARIA ISABEL  VELAZCO CRUZ" CustomerLastName=" " CustomerPONo="" CustomerPhoneNo="222 03888534" CustomerZ...</msg>
<var>${jsonCreateOrder}</var>
<arg>C:\\EPL-Liverpool-SL\\LvrplSL\\SL24_43_Wrapper_API_logic_for_order_migration_from_MQ_queue_message_with_partially_fulfilled_child_orders\\TC_1_1.2\\test</arg>
<status status="PASS" start="2025-02-01T16:26:17.408627" elapsed="0.009206"/>
</kw>
<kw name="POST On Session" owner="RequestsLibrary">
<msg time="2025-02-01T16:26:17.602761" level="INFO">POST Request : url=http://localhost:9080/smcfs/restapi/invoke/createOrder 
 path_url=/smcfs/restapi/invoke/createOrder 
 headers={'User-Agent': 'python-requests/2.32.3', 'Accept-Encoding': 'gzip, deflate', 'Accept': '*/*', 'Connection': 'keep-alive', 'Content-Type': 'application/xml', 'Authorization': 'Basic YWRtaW46Q2hhbmdlSXQ0bTM=', 'Content-Length': '3601'} 
 body=&lt;Order AllocationRuleID="FWD_RULES" CustomerEMailID="ISAVELA0102@GMAIL.COM" CustomerFirstName="MARIA ISABEL  VELAZCO CRUZ" CustomerLastName=" " CustomerPONo="" CustomerPhoneNo="222 03888534" CustomerZipCode="98047" DeliveryCode="" Division="" DocumentType="0001" EnterpriseCode="Liverpool" HasChainedLines="" OrderDate="2025-01-09T03:11:05-06:00"  OrderName="1001" OrderNo="20250201162609" OrderType="Personal"&gt;
                    &lt;OrderLines&gt;
                        &lt;OrderLine DeliveryMethod="SHP" FulfillmentType="Liverpool_Deliver_By_Parcel" MaxLineStatus="1300" MinLineStatus="1300"  OrderedQty="10" PrimeLineNo="1" SubLineNo="1"&gt;
                            &lt;Extn/&gt;
                            &lt;Item ItemDesc="FAMOSA NANCY BAIL" ItemID="20250201162609" ProductClass="" UnitOfMeasure="UN"/&gt;
                            &lt;LinePriceInfo IsPriceLocked="Y" ListPrice="0.00" UnitPrice="899.00"/&gt;
                            &lt;References/&gt;
                            &lt;OrderHoldTypes/&gt;
                            &lt;LineCharges/&gt;
                            &lt;LineTaxes/&gt;
                            &lt;OrderStatuses&gt;
                                &lt;OrderStatus Status="1300" StatusQty="10" TotalQuantity="10"/&gt;
                            &lt;/OrderStatuses&gt;
                        &lt;/OrderLine&gt;
                         &lt;OrderLine DeliveryMethod="SHP" FulfillmentType="Liverpool_Deliver_By_Parcel" MaxLineStatus="1300" MinLineStatus="1300"  OrderedQty="10" PrimeLineNo="2" SubLineNo="1"&gt;
                            &lt;Extn/&gt;
                            &lt;Item ItemDesc="FAMOSA NANCY BAIL" ItemID="20250201162616" ProductClass="" UnitOfMeasure="UN"/&gt;
                            &lt;LinePriceInfo IsPriceLocked="Y" ListPrice="0.00" UnitPrice="899.00"/&gt;
                            &lt;References/&gt;
                            &lt;OrderHoldTypes/&gt;
                            &lt;LineCharges/&gt;
                            &lt;LineTaxes/&gt;
                            &lt;OrderStatuses&gt;
                                &lt;OrderStatus Status="1300" StatusQty="10" TotalQuantity="10"/&gt;
                            &lt;/OrderStatuses&gt;
                        &lt;/OrderLine&gt;
                    &lt;/OrderLines&gt;
                    &lt;PersonInfoShipTo AddressLine1="AVENIDA 33 PONIENTE" AddressLine2="2305" AddressLine3="" AddressLine4="BENITO JUAREZ" AddressLine5="PUEBLA" AddressLine6="" City="Tultitlan" Country="MX" DayPhone="222 03888534" EMailID="ISAVELA0102@GMAIL.COM" FirstName="MARIA ISABEL  VELAZCO CRUZ" LastName="" MiddleName="" MobilePhone="" State="Estado de Mexico" ZipCode="98047"/&gt;
                    &lt;PersonInfoBillTo AddressLine1="AVENIDA 33 PONIENTE" AddressLine2="2305" AddressLine3="" AddressLine4="BENITO JUAREZ" AddressLine5="PUEBLA" AddressLine6="" City="Tultitlan" Country="MX" DayPhone="222 03888534" EMailID="ISAVELA0102@GMAIL.COM" FirstName="MARIA ISABEL  VELAZCO CRUZ" LastName="" MiddleName="" MobilePhone="" State="Estado de Mexico" ZipCode="98047"/&gt;
                    &lt;PersonInfoContact AddressLine1="AVENIDA 33 PONIENTE" AddressLine2="2305" AddressLine3="" AddressLine4="BENITO JUAREZ" AddressLine5="PUEBLA" AddressLine6="" City="Tultitlan" Country="MX" DayPhone="222 03888534" EMailID="ISAVELA0102@GMAIL.COM" FirstName="MARIA ISABEL  VELAZCO CRUZ" LastName="" MiddleName="" MobilePhone="" State="Estado de Mexico" ZipCode="98047"/&gt;
                    &lt;References/&gt;
                    &lt;Notes NumberOfNotes="0"/&gt;
                    &lt;OrderHoldTypes/&gt;
                    &lt;Instructions NumberOfInstructions="0"/&gt;
                    &lt;HeaderCharges/&gt;
                    &lt;HeaderTaxes/&gt;
                &lt;/Order&gt;
 
 </msg>
<msg time="2025-02-01T16:26:17.602946" level="INFO">POST Response : url=http://localhost:9080/smcfs/restapi/invoke/createOrder 
 status=200, reason=OK 
 headers={'X-FRAME-OPTIONS': 'SAMEORIGIN', 'X-UA-Compatible': 'IE=EmulateIE8', 'Access-Control-Allow-Credentials': 'true', 'Access-Control-Allow-Origin': '*', 'Access-Control-Max-Age': '3600', 'Content-Type': 'application/json; charset=UTF-8', 'Content-Encoding': 'gzip', 'Content-Language': 'en-US', 'Vary': 'Accept-Encoding', 'Content-Length': '116', 'Date': 'Sat, 01 Feb 2025 10:56:17 GMT'} 
 body={"DocumentType":"0001","OrderNo":"20250201162609","OrderHeaderKey":"20250201105617980456","EnterpriseCode":"Liverpool"} 
 </msg>
<msg time="2025-02-01T16:26:17.603060" level="INFO">${createOrderResponse} = &lt;Response [200]&gt;</msg>
<var>${createOrderResponse}</var>
<arg>AddData</arg>
<arg>${base_url_api}${createOrder}</arg>
<arg>data=${jsonCreateOrder}</arg>
<arg>headers=${headers}</arg>
<doc>Sends a POST request on a previously created HTTP Session.</doc>
<status status="PASS" start="2025-02-01T16:26:17.418238" elapsed="0.184843"/>
</kw>
<kw name="Convert To String" owner="BuiltIn">
<msg time="2025-02-01T16:26:17.604118" level="INFO">${resp2} = {'DocumentType': '0001', 'OrderNo': '20250201162609', 'OrderHeaderKey': '20250201105617980456', 'EnterpriseCode': 'Liverpool'}</msg>
<var>${resp2}</var>
<arg>${createOrderResponse.json()}</arg>
<doc>Converts the given item to a Unicode string.</doc>
<status status="PASS" start="2025-02-01T16:26:17.603435" elapsed="0.000706"/>
</kw>
<kw name="Write Output File" owner="Prepare_Xml_Content">
<arg>${resp2}</arg>
<arg>'createOrder'</arg>
<arg>C:\\EPL-Liverpool-SL\\LvrplSL\\SL24_43_Wrapper_API_logic_for_order_migration_from_MQ_queue_message_with_partially_fulfilled_child_orders\\TC_1_1.2\\test</arg>
<status status="PASS" start="2025-02-01T16:26:17.604457" elapsed="0.000895"/>
</kw>
<kw name="Log To Console" owner="BuiltIn">
<arg>${createOrderResponse}</arg>
<doc>Logs the given message to the console.</doc>
<status status="PASS" start="2025-02-01T16:26:17.605581" elapsed="0.000231"/>
</kw>
<kw name="Get Current Date" owner="DateTime">
<msg time="2025-02-01T16:26:17.606202" level="INFO">${timestamp} = 20250201-1626</msg>
<var>${timestamp}</var>
<arg>result_format=%Y%m%d-%H%M</arg>
<doc>Returns current local or UTC time with an optional increment.</doc>
<status status="PASS" start="2025-02-01T16:26:17.605996" elapsed="0.000225"/>
</kw>
<kw name="Dictionary Should Contain Key" owner="Collections">
<arg>${createOrderResponse.json()}</arg>
<arg>OrderNo</arg>
<doc>Fails if ``key`` is not found from ``dictionary``.</doc>
<status status="PASS" start="2025-02-01T16:26:17.606361" elapsed="0.000576"/>
</kw>
<kw name="Get From Dictionary" owner="Collections">
<msg time="2025-02-01T16:26:17.607917" level="INFO">${Order_No} = 20250201162609</msg>
<var>${Order_No}</var>
<arg>${createOrderResponse.json()}</arg>
<arg>OrderNo</arg>
<doc>Returns a value from the given ``dictionary`` based on the given ``key``.</doc>
<status status="PASS" start="2025-02-01T16:26:17.607092" elapsed="0.000844"/>
</kw>
<kw name="Dictionary Should Contain Key" owner="Collections">
<arg>${createOrderResponse.json()}</arg>
<arg>OrderHeaderKey</arg>
<doc>Fails if ``key`` is not found from ``dictionary``.</doc>
<status status="PASS" start="2025-02-01T16:26:17.608204" elapsed="0.000397"/>
</kw>
<kw name="Get From Dictionary" owner="Collections">
<msg time="2025-02-01T16:26:17.609226" level="INFO">${Order_Header_Key} = 20250201105617980456</msg>
<var>${Order_Header_Key}</var>
<arg>${createOrderResponse.json()}</arg>
<arg>OrderHeaderKey</arg>
<doc>Returns a value from the given ``dictionary`` based on the given ``key``.</doc>
<status status="PASS" start="2025-02-01T16:26:17.608833" elapsed="0.000410"/>
</kw>
<kw name="Append Excel File1" owner="read_write_all_excel">
<arg>${file}</arg>
<arg>${Order_No}</arg>
<arg>${TEST NAME}</arg>
<arg>${timestamp}</arg>
<arg>${jsonCreateOrder}</arg>
<arg>${createOrderResponse.json()}</arg>
<status status="PASS" start="2025-02-01T16:26:17.609491" elapsed="0.001396"/>
</kw>
<kw name="Set Test Message" owner="BuiltIn">
<msg time="2025-02-01T16:26:17.611414" level="INFO">Set test message to:
Order should get create successfully in V10 and Schedule agent picks and scheduled it if inventory is available</msg>
<arg>Order should get create successfully in V10 and Schedule agent picks and scheduled it if inventory is available</arg>
<doc>Sets message for the current test case.</doc>
<status status="PASS" start="2025-02-01T16:26:17.611277" elapsed="0.000177"/>
</kw>
<doc>Multiple order lines where all in backordered status T_1_1.2</doc>
<tag>CREATEORDER</tag>
<tag>HAPPYFLOW</tag>
<tag>REGRESSION</tag>
<status status="PASS" start="2025-02-01T16:26:09.678714" elapsed="7.932918">Order should get create successfully in V10 and Schedule agent picks and scheduled it if inventory is available</status>
</test>
<status status="PASS" start="2025-02-01T16:26:08.313120" elapsed="9.298985"/>
</suite>
<status status="PASS" start="2025-02-01T16:26:08.277786" elapsed="9.335342"/>
</suite>
<statistics>
<total>
<stat pass="1" fail="0" skip="0">All Tests</stat>
</total>
<tag>
<stat pass="1" fail="0" skip="0">CREATEORDER</stat>
<stat pass="1" fail="0" skip="0">HAPPYFLOW</stat>
<stat pass="1" fail="0" skip="0">REGRESSION</stat>
</tag>
<suite>
<stat pass="1" fail="0" skip="0" id="s1" name="Test">Test</stat>
<stat pass="1" fail="0" skip="0" id="s1-s1" name="T 1 1.2">Test.T 1 1.2</stat>
</suite>
</statistics>
<errors>
</errors>
</robot>
