<?xml version="1.0" encoding="UTF-8"?>
<robot generator="Robot 7.1.1 (Python 3.13.1 on win32)" generated="2025-01-27T20:08:07.868464" rpa="false" schemaversion="5">
<suite id="s1" name="Test" source="C:\EPL-Liverpool-SL\LvrplSL\SL24-56_Create_Inventory_Activity_on_Safety_Factory_Load_or_Update\SL24_49_SL24_56_TestCase_10a\test">
<suite id="s1-s1" name="Tc002" source="C:\EPL-Liverpool-SL\LvrplSL\SL24-56_Create_Inventory_Activity_on_Safety_Factory_Load_or_Update\SL24_49_SL24_56_TestCase_10a\test\Tc002.robot">
<test id="s1-s1-t1" name="Create Order TC_001" line="13">
<kw name="Creating Session1" owner="createSession">
<kw name="Create List" owner="BuiltIn">
<msg time="2025-01-27T20:08:09.395308" level="INFO">${auth} = ['admin', 'ChangeIt4m3']</msg>
<var>${auth}</var>
<arg>${user}</arg>
<arg>${passwd}</arg>
<doc>Returns a list containing given items.</doc>
<status status="PASS" start="2025-01-27T20:08:09.395049" elapsed="0.000307"/>
</kw>
<kw name="Create Session" owner="RequestsLibrary">
<msg time="2025-01-27T20:08:09.395986" level="INFO">Creating Session using : alias=AddData, url=http://localhost:9080/smcfs/restapi/invoke/createOrder, headers={'Content-Type': 'application/xml', 'Authorization': 'Basic YWRtaW46cGFzc3dvcmQ='},                     cookies={}, auth=&lt;requests.auth.HTTPBasicAuth object at 0x00000168C2F79400&gt;, timeout=None, proxies=None, verify=False,                     debug=0 </msg>
<arg>${AddData}</arg>
<arg>url=${base_url_api}${createOrder}</arg>
<arg>headers=${headers}</arg>
<arg>auth=${auth}</arg>
<doc>Create Session: create a HTTP session to a server</doc>
<status status="PASS" start="2025-01-27T20:08:09.395539" elapsed="0.000716"/>
</kw>
<arg>AddData</arg>
<status status="PASS" start="2025-01-27T20:08:09.394095" elapsed="0.002272"/>
</kw>
<kw name="Generic Input File1" owner="Prepare_Xml_Content">
<msg time="2025-01-27T20:08:09.397229" level="INFO">${manageItemJson} = &lt;ItemList&gt;
	&lt;Item Action="Manage" GlobalItemID="12439482" ItemID="it123" OrganizationCode="Liverpool" UnitOfMeasure="UN"&gt;
		&lt;Extn ExtnActive="01" ExtnItemSF="Y" ExtnItemSFDesc="ACTIVO" ExtnSuggestedPa...</msg>
<var>${manageItemJson}</var>
<arg>C:\\EPL-Liverpool-SL\\LvrplSL\\SL24-56_Create_Inventory_Activity_on_Safety_Factory_Load_or_Update\\SL24_49_SL24_56_TestCase_10a\\test</arg>
<arg>${manageItem}</arg>
<status status="PASS" start="2025-01-27T20:08:09.396741" elapsed="0.000541"/>
</kw>
<kw name="POST On Session" owner="RequestsLibrary">
<msg time="2025-01-27T20:08:09.449387" level="INFO">POST Request : url=http://localhost:9080/smcfs/restapi/invoke/manageItem 
 path_url=/smcfs/restapi/invoke/manageItem 
 headers={'User-Agent': 'python-requests/2.32.3', 'Accept-Encoding': 'gzip, deflate', 'Accept': '*/*', 'Connection': 'keep-alive', 'Content-Type': 'application/xml', 'Authorization': 'Basic YWRtaW46Q2hhbmdlSXQ0bTM=', 'Content-Length': '1013'} 
 body=&lt;ItemList&gt;
	&lt;Item Action="Manage" GlobalItemID="12439482" ItemID="it123" OrganizationCode="Liverpool" UnitOfMeasure="UN"&gt;
		&lt;Extn ExtnActive="01" ExtnItemSF="Y" ExtnItemSFDesc="ACTIVO" ExtnSuggestedPackage="" ExtnSkuPackage=""/&gt;
		&lt;PrimaryInformation DefaultProductClass="SL" Description="CHAROLA GIRATORIA AILE, 48CM, NATURAL H" ShortDescription="CHAROLA GIRATORIA AILE, 48CM, NATURAL H" ExtendedDisplayDescription="CHAROLA GIRATORIA REDO, 48 CM, NATURAL (12439482)" IsDeliveryAllowed="Y" IsPickupAllowed="Y" IsShippingAllowed="Y" PrimaryEnterpriseCode="Liverpool" SerializedFlag="N" Status="3000" UnitCost="829" ItemType=""/&gt;
		&lt;ClassificationCodes ECCNNo="HAUS" Model="18917" NAICSCode="7502008630089" NMFCClass="152" NMFCCode="15204"/&gt;
		&lt;InventoryParameters ATPRule="Liverpool_ATP" InventoryMonitorRule="EPL_ATP_MONITOR_RULE" NodeLevelInventoryMonitorRule="EPL_ATP_MONITOR_RULE"/&gt;
		&lt;ItemAliasList Reset="Y"&gt;
			&lt;ItemAlias AliasName="EAN1" AliasValue="7502008630089"/&gt;
		&lt;/ItemAliasList&gt;
	&lt;/Item&gt;
&lt;/ItemList&gt; 
 </msg>
<msg time="2025-01-27T20:08:09.449506" level="INFO">POST Response : url=http://localhost:9080/smcfs/restapi/invoke/manageItem 
 status=204, reason=No Content 
 headers={'X-FRAME-OPTIONS': 'SAMEORIGIN', 'X-UA-Compatible': 'IE=EmulateIE8', 'Access-Control-Allow-Credentials': 'true', 'Access-Control-Allow-Origin': '*', 'Access-Control-Max-Age': '3600', 'Content-Language': 'en-US', 'Vary': 'Accept-Encoding', 'Content-Length': '0', 'Date': 'Mon, 27 Jan 2025 14:38:07 GMT'} 
 body=None 
 </msg>
<msg time="2025-01-27T20:08:09.449650" level="INFO">${manageItemResponse} = &lt;Response [204]&gt;</msg>
<var>${manageItemResponse}</var>
<arg>AddData</arg>
<arg>${base_url_api}${manageItem}</arg>
<arg>data=${manageItemJson}</arg>
<doc>Sends a POST request on a previously created HTTP Session.</doc>
<status status="PASS" start="2025-01-27T20:08:09.397664" elapsed="0.052020"/>
</kw>
<kw name="Status Should Be" owner="RequestsLibrary">
<arg>204</arg>
<arg>${manageItemResponse}</arg>
<doc>Fails if response status code is different than the expected.</doc>
<status status="PASS" start="2025-01-27T20:08:09.450203" elapsed="0.000314"/>
</kw>
<kw name="Input File1" owner="Prepare_Xml_Content">
<msg time="2025-01-27T20:08:09.451310" level="INFO">${sfLoadJson} = &lt;ItemNodeDefn ItemID="it123" Node="104" OrganizationCode="Liverpool" UnitOfMeasure="UN" OnhandSafetyFactorPercentage="" OnhandSafetyFactorQuantity="5"&gt;
	&lt;SafetyFactorDefinitions&gt;
		&lt;SafetyFactorDefini...</msg>
<var>${sfLoadJson}</var>
<arg>C:\\EPL-Liverpool-SL\\LvrplSL\\SL24-56_Create_Inventory_Activity_on_Safety_Factory_Load_or_Update\\SL24_49_SL24_56_TestCase_10a\\test</arg>
<status status="PASS" start="2025-01-27T20:08:09.450825" elapsed="0.000532"/>
</kw>
<kw name="POST On Session" owner="RequestsLibrary">
<msg time="2025-01-27T20:08:09.555729" level="INFO">POST Request : url=http://localhost:9080/smcfs/restapi/executeFlow/EPLSafetyFactorLoadSyncService 
 path_url=/smcfs/restapi/executeFlow/EPLSafetyFactorLoadSyncService 
 headers={'User-Agent': 'python-requests/2.32.3', 'Accept-Encoding': 'gzip, deflate', 'Accept': '*/*', 'Connection': 'keep-alive', 'Content-Type': 'application/xml', 'Authorization': 'Basic YWRtaW46Q2hhbmdlSXQ0bTM=', 'Content-Length': '367'} 
 body=&lt;ItemNodeDefn ItemID="it123" Node="104" OrganizationCode="Liverpool" UnitOfMeasure="UN" OnhandSafetyFactorPercentage="" OnhandSafetyFactorQuantity="5"&gt;
	&lt;SafetyFactorDefinitions&gt;
		&lt;SafetyFactorDefinition DeliveryMethod="DEL" FutureSafetyFactorPercentage="" OnhandSafetyFactorPercentage="" OnhandSafetyFactorQuantity="20"/&gt;
	&lt;/SafetyFactorDefinitions&gt;
&lt;/ItemNodeDefn&gt; 
 </msg>
<msg time="2025-01-27T20:08:09.555914" level="INFO">POST Response : url=http://localhost:9080/smcfs/restapi/executeFlow/EPLSafetyFactorLoadSyncService 
 status=200, reason=OK 
 headers={'X-FRAME-OPTIONS': 'SAMEORIGIN', 'X-UA-Compatible': 'IE=EmulateIE8', 'Access-Control-Allow-Credentials': 'true', 'Access-Control-Allow-Origin': '*', 'Access-Control-Max-Age': '3600', 'Content-Type': 'application/json; charset=UTF-8', 'Content-Encoding': 'gzip', 'Content-Language': 'en-US', 'Vary': 'Accept-Encoding', 'Content-Length': '195', 'Date': 'Mon, 27 Jan 2025 14:38:07 GMT'} 
 body={"OnhandSafetyFactorPercentage":"","UnitOfMeasure":"UN","Node":"104","SafetyFactorDefinitions":{"SafetyFactorDefinition":[{"OnhandSafetyFactorPercentage":"","DeliveryMethod":"DEL","FutureSafetyFactorPercentage":"","OnhandSafetyFactorQuantity":"20"}],"Reset":"Y"},"OrganizationCode":"Liverpool","OnhandSafetyFactorQuantity":"5","ItemID":"it123"} 
 </msg>
<msg time="2025-01-27T20:08:09.556144" level="INFO">${sfLoadResponse} = &lt;Response [200]&gt;</msg>
<var>${sfLoadResponse}</var>
<arg>AddData</arg>
<arg>${base_url_flow}${EPLSafetyFactorLoadSyncService}</arg>
<arg>data=${sfLoadJson}</arg>
<doc>Sends a POST request on a previously created HTTP Session.</doc>
<status status="PASS" start="2025-01-27T20:08:09.451644" elapsed="0.104552"/>
</kw>
<kw name="Log To Console" owner="BuiltIn">
<arg>${sfLoadResponse.json()}</arg>
<doc>Logs the given message to the console.</doc>
<status status="PASS" start="2025-01-27T20:08:09.556891" elapsed="0.001776"/>
</kw>
<kw name="Generic Input File1" owner="Prepare_Xml_Content">
<msg time="2025-01-27T20:08:09.560414" level="INFO">${itemNodeDefnJson} = &lt;ItemNodeDefn ItemID="it123" Node="104"/&gt;</msg>
<var>${itemNodeDefnJson}</var>
<arg>C:\\EPL-Liverpool-SL\\LvrplSL\\SL24-56_Create_Inventory_Activity_on_Safety_Factory_Load_or_Update\\SL24_49_SL24_56_TestCase_10a\\test</arg>
<arg>${getItemNodeDefnList}</arg>
<status status="PASS" start="2025-01-27T20:08:09.559579" elapsed="0.000904"/>
</kw>
<kw name="Log To Console" owner="BuiltIn">
<arg>${itemNodeDefnJson}</arg>
<doc>Logs the given message to the console.</doc>
<status status="PASS" start="2025-01-27T20:08:09.561005" elapsed="0.000546"/>
</kw>
<kw name="POST On Session" owner="RequestsLibrary">
<msg time="2025-01-27T20:08:09.576957" level="INFO">POST Request : url=http://localhost:9080/smcfs/restapi/invoke/getItemNodeDefnList 
 path_url=/smcfs/restapi/invoke/getItemNodeDefnList 
 headers={'User-Agent': 'python-requests/2.32.3', 'Accept-Encoding': 'gzip, deflate', 'Accept': '*/*', 'Connection': 'keep-alive', 'Content-Type': 'application/xml', 'Authorization': 'Basic YWRtaW46Q2hhbmdlSXQ0bTM=', 'Content-Length': '41'} 
 body=&lt;ItemNodeDefn ItemID="it123" Node="104"/&gt; 
 </msg>
<msg time="2025-01-27T20:08:09.577062" level="INFO">POST Response : url=http://localhost:9080/smcfs/restapi/invoke/getItemNodeDefnList 
 status=200, reason=OK 
 headers={'X-FRAME-OPTIONS': 'SAMEORIGIN', 'X-UA-Compatible': 'IE=EmulateIE8', 'Access-Control-Allow-Credentials': 'true', 'Access-Control-Allow-Origin': '*', 'Access-Control-Max-Age': '3600', 'Content-Type': 'application/json; charset=UTF-8', 'Content-Encoding': 'gzip', 'Content-Language': 'en-US', 'Vary': 'Accept-Encoding', 'Content-Length': '211', 'Date': 'Mon, 27 Jan 2025 14:38:07 GMT'} 
 body={"ItemNodeDefn":[{"StorageType":"","UnitOfMeasure":"UN","Node":"104","VelocityCode":"","OrganizationCode":"Liverpool","PickingType":"","OnhandSafetyFactorQuantity":"5","OperationalConfigurationComplete":"N","ItemID":"it123","ItemNodeDefnKey":"20250127143611926347"}]} 
 </msg>
<msg time="2025-01-27T20:08:09.577206" level="INFO">${itemNodeDefnResponse} = &lt;Response [200]&gt;</msg>
<var>${itemNodeDefnResponse}</var>
<arg>AddData</arg>
<arg>${base_url_api}${getItemNodeDefnList}</arg>
<arg>data=${itemNodeDefnJson}</arg>
<doc>Sends a POST request on a previously created HTTP Session.</doc>
<status status="PASS" start="2025-01-27T20:08:09.562398" elapsed="0.014841"/>
</kw>
<kw name="Log To Console" owner="BuiltIn">
<arg>${itemNodeDefnResponse}</arg>
<doc>Logs the given message to the console.</doc>
<status status="PASS" start="2025-01-27T20:08:09.577700" elapsed="0.000490"/>
</kw>
<kw name="Log To Console" owner="BuiltIn">
<arg>'**************************************8'</arg>
<doc>Logs the given message to the console.</doc>
<status status="PASS" start="2025-01-27T20:08:09.578497" elapsed="0.000397"/>
</kw>
<kw name="Should Be Equal As Strings" owner="BuiltIn">
<arg>it123</arg>
<arg>${itemNodeDefnResponse.json()}[ItemNodeDefn][0][ItemID]</arg>
<doc>Fails if objects are unequal after converting them to strings.</doc>
<status status="PASS" start="2025-01-27T20:08:09.579204" elapsed="0.000933"/>
</kw>
<tag>EPLSafetyFactorLoadSyncService</tag>
<tag>REGRESSION</tag>
<status status="PASS" start="2025-01-27T20:08:09.392822" elapsed="0.187715"/>
</test>
<status status="PASS" start="2025-01-27T20:08:07.908762" elapsed="1.673155"/>
</suite>
<status status="PASS" start="2025-01-27T20:08:07.870276" elapsed="1.713184"/>
</suite>
<statistics>
<total>
<stat pass="1" fail="0" skip="0">All Tests</stat>
</total>
<tag>
<stat pass="1" fail="0" skip="0">EPLSafetyFactorLoadSyncService</stat>
<stat pass="1" fail="0" skip="0">REGRESSION</stat>
</tag>
<suite>
<stat pass="1" fail="0" skip="0" id="s1" name="Test">Test</stat>
<stat pass="1" fail="0" skip="0" id="s1-s1" name="Tc002">Test.Tc002</stat>
</suite>
</statistics>
<errors>
</errors>
</robot>
