<?xml version="1.0" encoding="UTF-8"?>
<robot generator="Robot 7.1.1 (Python 3.13.1 on win32)" generated="2025-01-27T20:06:11.009450" rpa="false" schemaversion="5">
<suite id="s1" name="Test" source="C:\EPL-Liverpool-SL\LvrplSL\SL24-56_Create_Inventory_Activity_on_Safety_Factory_Load_or_Update\SL24_49_SL24_56_TestCase_9a\test">
<suite id="s1-s1" name="Tc002" source="C:\EPL-Liverpool-SL\LvrplSL\SL24-56_Create_Inventory_Activity_on_Safety_Factory_Load_or_Update\SL24_49_SL24_56_TestCase_9a\test\Tc002.robot">
<test id="s1-s1-t1" name="Create Order TC_001" line="13">
<kw name="Creating Session1" owner="createSession">
<kw name="Create List" owner="BuiltIn">
<msg time="2025-01-27T20:06:13.240656" level="INFO">${auth} = ['admin', 'ChangeIt4m3']</msg>
<var>${auth}</var>
<arg>${user}</arg>
<arg>${passwd}</arg>
<doc>Returns a list containing given items.</doc>
<status status="PASS" start="2025-01-27T20:06:13.240391" elapsed="0.000312"/>
</kw>
<kw name="Create Session" owner="RequestsLibrary">
<msg time="2025-01-27T20:06:13.241335" level="INFO">Creating Session using : alias=AddData, url=http://localhost:9080/smcfs/restapi/invoke/createOrder, headers={'Content-Type': 'application/xml', 'Authorization': 'Basic YWRtaW46cGFzc3dvcmQ='},                     cookies={}, auth=&lt;requests.auth.HTTPBasicAuth object at 0x000001DAF85C9400&gt;, timeout=None, proxies=None, verify=False,                     debug=0 </msg>
<arg>${AddData}</arg>
<arg>url=${base_url_api}${createOrder}</arg>
<arg>headers=${headers}</arg>
<arg>auth=${auth}</arg>
<doc>Create Session: create a HTTP session to a server</doc>
<status status="PASS" start="2025-01-27T20:06:13.240886" elapsed="0.000707"/>
</kw>
<arg>AddData</arg>
<status status="PASS" start="2025-01-27T20:06:13.239370" elapsed="0.002337"/>
</kw>
<kw name="Generic Input File1" owner="Prepare_Xml_Content">
<msg time="2025-01-27T20:06:13.242622" level="INFO">${manageItemJson} = &lt;ItemList&gt;
	&lt;Item Action="Manage" GlobalItemID="12439482" ItemID="it123" OrganizationCode="Liverpool" UnitOfMeasure="UN"&gt;
		&lt;Extn ExtnActive="01" ExtnItemSF="Y" ExtnItemSFDesc="ACTIVO" ExtnSuggestedPa...</msg>
<var>${manageItemJson}</var>
<arg>C:\\EPL-Liverpool-SL\\LvrplSL\\SL24-56_Create_Inventory_Activity_on_Safety_Factory_Load_or_Update\\SL24_49_SL24_56_TestCase_9a\\test</arg>
<arg>${manageItem}</arg>
<status status="PASS" start="2025-01-27T20:06:13.242086" elapsed="0.000590"/>
</kw>
<kw name="POST On Session" owner="RequestsLibrary">
<msg time="2025-01-27T20:06:13.288871" level="INFO">POST Request : url=http://localhost:9080/smcfs/restapi/invoke/manageItem 
 path_url=/smcfs/restapi/invoke/manageItem 
 headers={'User-Agent': 'python-requests/2.32.3', 'Accept-Encoding': 'gzip, deflate', 'Accept': '*/*', 'Connection': 'keep-alive', 'Content-Type': 'application/xml', 'Authorization': 'Basic YWRtaW46Q2hhbmdlSXQ0bTM=', 'Content-Length': '1013'} 
 body=&lt;ItemList&gt;
	&lt;Item Action="Manage" GlobalItemID="12439482" ItemID="it123" OrganizationCode="Liverpool" UnitOfMeasure="UN"&gt;
		&lt;Extn ExtnActive="01" ExtnItemSF="Y" ExtnItemSFDesc="ACTIVO" ExtnSuggestedPackage="" ExtnSkuPackage=""/&gt;
		&lt;PrimaryInformation DefaultProductClass="SL" Description="CHAROLA GIRATORIA AILE, 48CM, NATURAL H" ShortDescription="CHAROLA GIRATORIA AILE, 48CM, NATURAL H" ExtendedDisplayDescription="CHAROLA GIRATORIA REDO, 48 CM, NATURAL (12439482)" IsDeliveryAllowed="Y" IsPickupAllowed="Y" IsShippingAllowed="Y" PrimaryEnterpriseCode="Liverpool" SerializedFlag="N" Status="3000" UnitCost="829" ItemType=""/&gt;
		&lt;ClassificationCodes ECCNNo="HAUS" Model="18917" NAICSCode="7502008630089" NMFCClass="152" NMFCCode="15204"/&gt;
		&lt;InventoryParameters ATPRule="Liverpool_ATP" InventoryMonitorRule="EPL_ATP_MONITOR_RULE" NodeLevelInventoryMonitorRule="EPL_ATP_MONITOR_RULE"/&gt;
		&lt;ItemAliasList Reset="Y"&gt;
			&lt;ItemAlias AliasName="EAN1" AliasValue="7502008630089"/&gt;
		&lt;/ItemAliasList&gt;
	&lt;/Item&gt;
&lt;/ItemList&gt; 
 </msg>
<msg time="2025-01-27T20:06:13.288987" level="INFO">POST Response : url=http://localhost:9080/smcfs/restapi/invoke/manageItem 
 status=204, reason=No Content 
 headers={'X-FRAME-OPTIONS': 'SAMEORIGIN', 'X-UA-Compatible': 'IE=EmulateIE8', 'Access-Control-Allow-Credentials': 'true', 'Access-Control-Allow-Origin': '*', 'Access-Control-Max-Age': '3600', 'Content-Language': 'en-US', 'Vary': 'Accept-Encoding', 'Content-Length': '0', 'Date': 'Mon, 27 Jan 2025 14:36:11 GMT'} 
 body=None 
 </msg>
<msg time="2025-01-27T20:06:13.289132" level="INFO">${manageItemResponse} = &lt;Response [204]&gt;</msg>
<var>${manageItemResponse}</var>
<arg>AddData</arg>
<arg>${base_url_api}${manageItem}</arg>
<arg>data=${manageItemJson}</arg>
<doc>Sends a POST request on a previously created HTTP Session.</doc>
<status status="PASS" start="2025-01-27T20:06:13.243000" elapsed="0.046165"/>
</kw>
<kw name="Status Should Be" owner="RequestsLibrary">
<arg>204</arg>
<arg>${manageItemResponse}</arg>
<doc>Fails if response status code is different than the expected.</doc>
<status status="PASS" start="2025-01-27T20:06:13.289639" elapsed="0.000311"/>
</kw>
<kw name="Input File1" owner="Prepare_Xml_Content">
<msg time="2025-01-27T20:06:13.290784" level="INFO">${sfLoadJson} = &lt;ItemNodeDefn ItemID="it123" Node="104" OrganizationCode="Liverpool" UnitOfMeasure="UN" OnhandSafetyFactorPercentage="" OnhandSafetyFactorQuantity="5"&gt;
	&lt;SafetyFactorDefinitions&gt;
		&lt;SafetyFactorDefini...</msg>
<var>${sfLoadJson}</var>
<arg>C:\\EPL-Liverpool-SL\\LvrplSL\\SL24-56_Create_Inventory_Activity_on_Safety_Factory_Load_or_Update\\SL24_49_SL24_56_TestCase_9a\\test</arg>
<status status="PASS" start="2025-01-27T20:06:13.290274" elapsed="0.000556"/>
</kw>
<kw name="POST On Session" owner="RequestsLibrary">
<msg time="2025-01-27T20:06:13.395915" level="INFO">POST Request : url=http://localhost:9080/smcfs/restapi/executeFlow/EPLSafetyFactorLoadSyncService 
 path_url=/smcfs/restapi/executeFlow/EPLSafetyFactorLoadSyncService 
 headers={'User-Agent': 'python-requests/2.32.3', 'Accept-Encoding': 'gzip, deflate', 'Accept': '*/*', 'Connection': 'keep-alive', 'Content-Type': 'application/xml', 'Authorization': 'Basic YWRtaW46Q2hhbmdlSXQ0bTM=', 'Content-Length': '367'} 
 body=&lt;ItemNodeDefn ItemID="it123" Node="104" OrganizationCode="Liverpool" UnitOfMeasure="UN" OnhandSafetyFactorPercentage="" OnhandSafetyFactorQuantity="5"&gt;
	&lt;SafetyFactorDefinitions&gt;
		&lt;SafetyFactorDefinition DeliveryMethod="DEL" FutureSafetyFactorPercentage="" OnhandSafetyFactorPercentage="" OnhandSafetyFactorQuantity="20"/&gt;
	&lt;/SafetyFactorDefinitions&gt;
&lt;/ItemNodeDefn&gt; 
 </msg>
<msg time="2025-01-27T20:06:13.396037" level="INFO">POST Response : url=http://localhost:9080/smcfs/restapi/executeFlow/EPLSafetyFactorLoadSyncService 
 status=200, reason=OK 
 headers={'X-FRAME-OPTIONS': 'SAMEORIGIN', 'X-UA-Compatible': 'IE=EmulateIE8', 'Access-Control-Allow-Credentials': 'true', 'Access-Control-Allow-Origin': '*', 'Access-Control-Max-Age': '3600', 'Content-Type': 'application/json; charset=UTF-8', 'Content-Encoding': 'gzip', 'Content-Language': 'en-US', 'Vary': 'Accept-Encoding', 'Content-Length': '187', 'Date': 'Mon, 27 Jan 2025 14:36:11 GMT'} 
 body={"OnhandSafetyFactorPercentage":"","UnitOfMeasure":"UN","Node":"104","SafetyFactorDefinitions":{"SafetyFactorDefinition":[{"OnhandSafetyFactorPercentage":"","DeliveryMethod":"DEL","FutureSafetyFactorPercentage":"","OnhandSafetyFactorQuantity":"20"}]},"OrganizationCode":"Liverpool","OnhandSafetyFactorQuantity":"5","ItemID":"it123"} 
 </msg>
<msg time="2025-01-27T20:06:13.396179" level="INFO">${sfLoadResponse} = &lt;Response [200]&gt;</msg>
<var>${sfLoadResponse}</var>
<arg>AddData</arg>
<arg>${base_url_flow}${EPLSafetyFactorLoadSyncService}</arg>
<arg>data=${sfLoadJson}</arg>
<doc>Sends a POST request on a previously created HTTP Session.</doc>
<status status="PASS" start="2025-01-27T20:06:13.291115" elapsed="0.105093"/>
</kw>
<kw name="Log To Console" owner="BuiltIn">
<arg>${sfLoadResponse.json()}</arg>
<doc>Logs the given message to the console.</doc>
<status status="PASS" start="2025-01-27T20:06:13.396760" elapsed="0.001181"/>
</kw>
<kw name="Generic Input File1" owner="Prepare_Xml_Content">
<msg time="2025-01-27T20:06:13.399184" level="INFO">${itemNodeDefnJson} = &lt;ItemNodeDefn ItemID="it123" Node="104"/&gt;</msg>
<var>${itemNodeDefnJson}</var>
<arg>C:\\EPL-Liverpool-SL\\LvrplSL\\SL24-56_Create_Inventory_Activity_on_Safety_Factory_Load_or_Update\\SL24_49_SL24_56_TestCase_9a\\test</arg>
<arg>${getItemNodeDefnList}</arg>
<status status="PASS" start="2025-01-27T20:06:13.398595" elapsed="0.000639"/>
</kw>
<kw name="Log To Console" owner="BuiltIn">
<arg>${itemNodeDefnJson}</arg>
<doc>Logs the given message to the console.</doc>
<status status="PASS" start="2025-01-27T20:06:13.399634" elapsed="0.000749"/>
</kw>
<kw name="POST On Session" owner="RequestsLibrary">
<msg time="2025-01-27T20:06:13.415760" level="INFO">POST Request : url=http://localhost:9080/smcfs/restapi/invoke/getItemNodeDefnList 
 path_url=/smcfs/restapi/invoke/getItemNodeDefnList 
 headers={'User-Agent': 'python-requests/2.32.3', 'Accept-Encoding': 'gzip, deflate', 'Accept': '*/*', 'Connection': 'keep-alive', 'Content-Type': 'application/xml', 'Authorization': 'Basic YWRtaW46Q2hhbmdlSXQ0bTM=', 'Content-Length': '41'} 
 body=&lt;ItemNodeDefn ItemID="it123" Node="104"/&gt; 
 </msg>
<msg time="2025-01-27T20:06:13.415868" level="INFO">POST Response : url=http://localhost:9080/smcfs/restapi/invoke/getItemNodeDefnList 
 status=200, reason=OK 
 headers={'X-FRAME-OPTIONS': 'SAMEORIGIN', 'X-UA-Compatible': 'IE=EmulateIE8', 'Access-Control-Allow-Credentials': 'true', 'Access-Control-Allow-Origin': '*', 'Access-Control-Max-Age': '3600', 'Content-Type': 'application/json; charset=UTF-8', 'Content-Encoding': 'gzip', 'Content-Language': 'en-US', 'Vary': 'Accept-Encoding', 'Content-Length': '211', 'Date': 'Mon, 27 Jan 2025 14:36:11 GMT'} 
 body={"ItemNodeDefn":[{"StorageType":"","UnitOfMeasure":"UN","Node":"104","VelocityCode":"","OrganizationCode":"Liverpool","PickingType":"","OnhandSafetyFactorQuantity":"5","OperationalConfigurationComplete":"N","ItemID":"it123","ItemNodeDefnKey":"20250127143611926347"}]} 
 </msg>
<msg time="2025-01-27T20:06:13.416017" level="INFO">${itemNodeDefnResponse} = &lt;Response [200]&gt;</msg>
<var>${itemNodeDefnResponse}</var>
<arg>AddData</arg>
<arg>${base_url_api}${getItemNodeDefnList}</arg>
<arg>data=${itemNodeDefnJson}</arg>
<doc>Sends a POST request on a previously created HTTP Session.</doc>
<status status="PASS" start="2025-01-27T20:06:13.401236" elapsed="0.014814"/>
</kw>
<kw name="Log To Console" owner="BuiltIn">
<arg>${itemNodeDefnResponse}</arg>
<doc>Logs the given message to the console.</doc>
<status status="PASS" start="2025-01-27T20:06:13.416613" elapsed="0.000582"/>
</kw>
<kw name="Log To Console" owner="BuiltIn">
<arg>'**************************************8'</arg>
<doc>Logs the given message to the console.</doc>
<status status="PASS" start="2025-01-27T20:06:13.417641" elapsed="0.000482"/>
</kw>
<kw name="Should Be Equal As Strings" owner="BuiltIn">
<arg>it123</arg>
<arg>${itemNodeDefnResponse.json()}[ItemNodeDefn][0][ItemID]</arg>
<doc>Fails if objects are unequal after converting them to strings.</doc>
<status status="PASS" start="2025-01-27T20:06:13.418531" elapsed="0.000914"/>
</kw>
<tag>EPLSafetyFactorLoadSyncService</tag>
<tag>REGRESSION</tag>
<status status="PASS" start="2025-01-27T20:06:13.238058" elapsed="0.181817"/>
</test>
<status status="PASS" start="2025-01-27T20:06:11.048576" elapsed="2.372997"/>
</suite>
<status status="PASS" start="2025-01-27T20:06:11.011495" elapsed="2.411557"/>
</suite>
<statistics>
<total>
<stat pass="1" fail="0" skip="0">All Tests</stat>
</total>
<tag>
<stat pass="1" fail="0" skip="0">EPLSafetyFactorLoadSyncService</stat>
<stat pass="1" fail="0" skip="0">REGRESSION</stat>
</tag>
<suite>
<stat pass="1" fail="0" skip="0" id="s1" name="Test">Test</stat>
<stat pass="1" fail="0" skip="0" id="s1-s1" name="Tc002">Test.Tc002</stat>
</suite>
</statistics>
<errors>
</errors>
</robot>
