<?xml version="1.0" encoding="UTF-8"?>
<robot generator="Robot 7.1.1 (Python 3.13.1 on win32)" generated="2025-01-30T12:50:53.234490" rpa="false" schemaversion="5">
<suite id="s1" name="Test" source="C:\EPL-Liverpool-SL\LvrplSL\SL24-36_Find_Inventory_Wrapper_Web_Service\SL24_36_T_001\test">
<suite id="s1-s1" name="TC 001" source="C:\EPL-Liverpool-SL\LvrplSL\SL24-36_Find_Inventory_Wrapper_Web_Service\SL24_36_T_001\test\TC_001.robot">
<test id="s1-s1-t1" name="TC_001" line="15">
<kw name="Creating Session1" owner="createSession">
<kw name="Create List" owner="BuiltIn">
<msg time="2025-01-30T12:50:54.770808" level="INFO">${auth} = ['admin', 'ChangeIt4m3']</msg>
<var>${auth}</var>
<arg>${user}</arg>
<arg>${passwd}</arg>
<doc>Returns a list containing given items.</doc>
<status status="PASS" start="2025-01-30T12:50:54.770501" elapsed="0.000340"/>
</kw>
<kw name="Create Session" owner="RequestsLibrary">
<msg time="2025-01-30T12:50:54.771446" level="INFO">Creating Session using : alias=AddData, url=http://localhost:9080/smcfs/restapi/invoke/createOrder, headers={'Content-Type': 'application/xml', 'Authorization': 'Basic YWRtaW46cGFzc3dvcmQ='},                     cookies={}, auth=&lt;requests.auth.HTTPBasicAuth object at 0x00000231199A96A0&gt;, timeout=None, proxies=None, verify=False,                     debug=0 </msg>
<arg>${AddData}</arg>
<arg>url=${base_url_api}${createOrder}</arg>
<arg>headers=${headers}</arg>
<arg>auth=${auth}</arg>
<doc>Create Session: create a HTTP session to a server</doc>
<status status="PASS" start="2025-01-30T12:50:54.770988" elapsed="0.000658"/>
</kw>
<arg>AddData</arg>
<status status="PASS" start="2025-01-30T12:50:54.769483" elapsed="0.002241"/>
</kw>
<kw name="Manage Item With Dynamic Item" owner="Prepare_Xml_Content">
<msg time="2025-01-30T12:50:54.781350" level="INFO">before mod &lt;ItemList&gt;
	&lt;Item Action="Manage" GlobalItemID="12439482" ItemID="$ItemID" OrganizationCode="Liverpool" UnitOfMeasure="UN"&gt;
		&lt;Extn ExtnActive="01" ExtnItemSF="Y" ExtnItemSFDesc="ACTIVO" ExtnSuggestedPackage="" ExtnSkuPackage=""/&gt;
		&lt;PrimaryInformation DefaultProductClass="SL" Description="CHAROLA GIRATORIA AILE, 48CM, NATURAL H" ShortDescription="CHAROLA GIRATORIA AILE, 48CM, NATURAL H" ExtendedDisplayDescription="CHAROLA GIRATORIA REDO, 48 CM, NATURAL (12439482)" IsDeliveryAllowed="Y" IsPickupAllowed="Y" IsShippingAllowed="Y" PrimaryEnterpriseCode="Liverpool" SerializedFlag="N" Status="3000" UnitCost="829" ItemType=""/&gt;
		&lt;ClassificationCodes ECCNNo="HAUS" Model="18917" NAICSCode="7502008630089" NMFCClass="152" NMFCCode="15204"/&gt;
		&lt;InventoryParameters ATPRule="Liverpool_ATP" InventoryMonitorRule="EPL_ATP_MONITOR_RULE" NodeLevelInventoryMonitorRule="EPL_ATP_MONITOR_RULE"/&gt;
		&lt;ItemAliasList Reset="Y"&gt;
			&lt;ItemAlias AliasName="EAN1" AliasValue="7502008630089"/&gt;
		&lt;/ItemAliasList&gt;
	&lt;/Item&gt;
&lt;/ItemList&gt;
after mod &lt;ItemList&gt;
	&lt;Item Action="Manage" GlobalItemID="12439482" ItemID="20250130125054" OrganizationCode="Liverpool" UnitOfMeasure="UN"&gt;
		&lt;Extn ExtnActive="01" ExtnItemSF="Y" ExtnItemSFDesc="ACTIVO" ExtnSuggestedPackage="" ExtnSkuPackage=""/&gt;
		&lt;PrimaryInformation DefaultProductClass="SL" Description="CHAROLA GIRATORIA AILE, 48CM, NATURAL H" ShortDescription="CHAROLA GIRATORIA AILE, 48CM, NATURAL H" ExtendedDisplayDescription="CHAROLA GIRATORIA REDO, 48 CM, NATURAL (12439482)" IsDeliveryAllowed="Y" IsPickupAllowed="Y" IsShippingAllowed="Y" PrimaryEnterpriseCode="Liverpool" SerializedFlag="N" Status="3000" UnitCost="829" ItemType=""/&gt;
		&lt;ClassificationCodes ECCNNo="HAUS" Model="18917" NAICSCode="7502008630089" NMFCClass="152" NMFCCode="15204"/&gt;
		&lt;InventoryParameters ATPRule="Liverpool_ATP" InventoryMonitorRule="EPL_ATP_MONITOR_RULE" NodeLevelInventoryMonitorRule="EPL_ATP_MONITOR_RULE"/&gt;
		&lt;ItemAliasList Reset="Y"&gt;
			&lt;ItemAlias AliasName="EAN1" AliasValue="7502008630089"/&gt;
		&lt;/ItemAliasList&gt;
	&lt;/Item&gt;
&lt;/ItemList&gt;</msg>
<msg time="2025-01-30T12:50:54.781477" level="INFO">${manageItemJson} = &lt;ItemList&gt;
	&lt;Item Action="Manage" GlobalItemID="12439482" ItemID="20250130125054" OrganizationCode="Liverpool" UnitOfMeasure="UN"&gt;
		&lt;Extn ExtnActive="01" ExtnItemSF="Y" ExtnItemSFDesc="ACTIVO" ExtnSu...</msg>
<var>${manageItemJson}</var>
<arg>C:\\EPL-Liverpool-SL\\LvrplSL\\SL24-36_Find_Inventory_Wrapper_Web_Service\\SL24_36_T_001\\test</arg>
<status status="PASS" start="2025-01-30T12:50:54.772054" elapsed="0.009443"/>
</kw>
<kw name="POST On Session" owner="RequestsLibrary">
<msg time="2025-01-30T12:50:54.854950" level="INFO">POST Request : url=http://localhost:9080/smcfs/restapi/invoke/manageItem 
 path_url=/smcfs/restapi/invoke/manageItem 
 headers={'User-Agent': 'python-requests/2.32.3', 'Accept-Encoding': 'gzip, deflate', 'Accept': '*/*', 'Connection': 'keep-alive', 'Content-Type': 'application/xml', 'Authorization': 'Basic YWRtaW46Q2hhbmdlSXQ0bTM=', 'Content-Length': '1022'} 
 body=&lt;ItemList&gt;
	&lt;Item Action="Manage" GlobalItemID="12439482" ItemID="20250130125054" OrganizationCode="Liverpool" UnitOfMeasure="UN"&gt;
		&lt;Extn ExtnActive="01" ExtnItemSF="Y" ExtnItemSFDesc="ACTIVO" ExtnSuggestedPackage="" ExtnSkuPackage=""/&gt;
		&lt;PrimaryInformation DefaultProductClass="SL" Description="CHAROLA GIRATORIA AILE, 48CM, NATURAL H" ShortDescription="CHAROLA GIRATORIA AILE, 48CM, NATURAL H" ExtendedDisplayDescription="CHAROLA GIRATORIA REDO, 48 CM, NATURAL (12439482)" IsDeliveryAllowed="Y" IsPickupAllowed="Y" IsShippingAllowed="Y" PrimaryEnterpriseCode="Liverpool" SerializedFlag="N" Status="3000" UnitCost="829" ItemType=""/&gt;
		&lt;ClassificationCodes ECCNNo="HAUS" Model="18917" NAICSCode="7502008630089" NMFCClass="152" NMFCCode="15204"/&gt;
		&lt;InventoryParameters ATPRule="Liverpool_ATP" InventoryMonitorRule="EPL_ATP_MONITOR_RULE" NodeLevelInventoryMonitorRule="EPL_ATP_MONITOR_RULE"/&gt;
		&lt;ItemAliasList Reset="Y"&gt;
			&lt;ItemAlias AliasName="EAN1" AliasValue="7502008630089"/&gt;
		&lt;/ItemAliasList&gt;
	&lt;/Item&gt;
&lt;/ItemList&gt; 
 </msg>
<msg time="2025-01-30T12:50:54.855055" level="INFO">POST Response : url=http://localhost:9080/smcfs/restapi/invoke/manageItem 
 status=204, reason=No Content 
 headers={'X-FRAME-OPTIONS': 'SAMEORIGIN', 'X-UA-Compatible': 'IE=EmulateIE8', 'Access-Control-Allow-Origin': '*', 'Access-Control-Max-Age': '3600', 'Access-Control-Allow-Credentials': 'true', 'Content-Language': 'en-US', 'Vary': 'Accept-Encoding', 'Content-Length': '0', 'Date': 'Thu, 30 Jan 2025 07:20:54 GMT'} 
 body=None 
 </msg>
<msg time="2025-01-30T12:50:54.855158" level="INFO">${manageItemResponse} = &lt;Response [204]&gt;</msg>
<var>${manageItemResponse}</var>
<arg>AddData</arg>
<arg>${base_url_api}${manageItem}</arg>
<arg>data=${manageItemJson}</arg>
<doc>Sends a POST request on a previously created HTTP Session.</doc>
<status status="PASS" start="2025-01-30T12:50:54.781822" elapsed="0.073354"/>
</kw>
<kw name="Status Should Be" owner="RequestsLibrary">
<arg>204</arg>
<arg>${manageItemResponse}</arg>
<doc>Fails if response status code is different than the expected.</doc>
<status status="PASS" start="2025-01-30T12:50:54.855588" elapsed="0.000183"/>
</kw>
<kw name="Manage Item With Dynamic Item1" owner="Prepare_Xml_Content">
<msg time="2025-01-30T12:50:54.863437" level="INFO">after mod &lt;ItemList&gt;
	&lt;Item Action="Manage" GlobalItemID="12439482" ItemID="20250130125054" OrganizationCode="Liverpool" UnitOfMeasure="UN"&gt;
		&lt;Extn ExtnActive="01" ExtnItemSF="Y" ExtnItemSFDesc="ACTIVO" ExtnSuggestedPackage="" ExtnSkuPackage=""/&gt;
		&lt;PrimaryInformation DefaultProductClass="SL" Description="CHAROLA GIRATORIA AILE, 48CM, NATURAL H" ShortDescription="CHAROLA GIRATORIA AILE, 48CM, NATURAL H" ExtendedDisplayDescription="CHAROLA GIRATORIA REDO, 48 CM, NATURAL (12439482)" IsDeliveryAllowed="Y" IsPickupAllowed="Y" IsShippingAllowed="Y" PrimaryEnterpriseCode="Liverpool" SerializedFlag="N" Status="3000" UnitCost="829" ItemType=""/&gt;
		&lt;ClassificationCodes ECCNNo="HAUS" Model="18917" NAICSCode="7502008630089" NMFCClass="152" NMFCCode="15204"/&gt;
		&lt;InventoryParameters ATPRule="Liverpool_ATP" InventoryMonitorRule="EPL_ATP_MONITOR_RULE" NodeLevelInventoryMonitorRule="EPL_ATP_MONITOR_RULE"/&gt;
		&lt;ItemAliasList Reset="Y"&gt;
			&lt;ItemAlias AliasName="EAN1" AliasValue="7502008630089"/&gt;
		&lt;/ItemAliasList&gt;
	&lt;/Item&gt;
&lt;/ItemList&gt;</msg>
<msg time="2025-01-30T12:50:54.863730" level="INFO">${jsonItemId} = {'ItemList': {'Item': {'_Action': 'Manage', '_GlobalItemID': '12439482', '_ItemID': '20250130125054', '_OrganizationCode': 'Liverpool', '_UnitOfMeasure': 'UN', 'Extn': {'_ExtnActive': '01', '_ExtnItem...</msg>
<var>${jsonItemId}</var>
<arg>C:\\EPL-Liverpool-SL\\LvrplSL\\SL24-36_Find_Inventory_Wrapper_Web_Service\\SL24_36_T_001\\test</arg>
<status status="PASS" start="2025-01-30T12:50:54.856097" elapsed="0.007674"/>
</kw>
<kw name="Dictionary Should Contain Key" owner="Collections">
<arg>${jsonItemId}</arg>
<arg>ItemList</arg>
<doc>Fails if ``key`` is not found from ``dictionary``.</doc>
<status status="PASS" start="2025-01-30T12:50:54.864126" elapsed="0.000132"/>
</kw>
<kw name="Get From Dictionary" owner="Collections">
<msg time="2025-01-30T12:50:54.864693" level="INFO">${Item_ID_Path} = {'Item': {'_Action': 'Manage', '_GlobalItemID': '12439482', '_ItemID': '20250130125054', '_OrganizationCode': 'Liverpool', '_UnitOfMeasure': 'UN', 'Extn': {'_ExtnActive': '01', '_ExtnItemSF': 'Y', '_E...</msg>
<var>${Item_ID_Path}</var>
<arg>${jsonItemId}</arg>
<arg>ItemList</arg>
<doc>Returns a value from the given ``dictionary`` based on the given ``key``.</doc>
<status status="PASS" start="2025-01-30T12:50:54.864566" elapsed="0.000143"/>
</kw>
<kw name="Adjust Inventory File" owner="Prepare_Xml_Content">
<msg time="2025-01-30T12:50:54.872371" level="INFO">${jsonAdjInv} = &lt;Items&gt;
	&lt;Item AdjustmentType="ABSOLUTE" Availability="TRACK" ItemID="20250130125054" OrganizationCode="Liverpool" Quantity="100" ReasonCode="itemSLRTAMS19t2" ReasonText="Ajuste GoldenGate" ShipNode="...</msg>
<var>${jsonAdjInv}</var>
<arg>${jsonItemId}[ItemList][Item][_ItemID]</arg>
<arg>C:\\EPL-Liverpool-SL\\LvrplSL\\SL24-36_Find_Inventory_Wrapper_Web_Service\\SL24_36_T_001\\test</arg>
<status status="PASS" start="2025-01-30T12:50:54.865028" elapsed="0.007377"/>
</kw>
<kw name="POST On Session" owner="RequestsLibrary">
<msg time="2025-01-30T12:50:54.919979" level="INFO">POST Request : url=http://localhost:9080/smcfs/restapi/invoke/adjustInventory 
 path_url=/smcfs/restapi/invoke/adjustInventory 
 headers={'User-Agent': 'python-requests/2.32.3', 'Accept-Encoding': 'gzip, deflate', 'Accept': '*/*', 'Connection': 'keep-alive', 'Content-Type': 'application/xml', 'Authorization': 'Basic YWRtaW46Q2hhbmdlSXQ0bTM=', 'Content-Length': '254'} 
 body=&lt;Items&gt;
	&lt;Item AdjustmentType="ABSOLUTE" Availability="TRACK" ItemID="20250130125054" OrganizationCode="Liverpool" Quantity="100" ReasonCode="itemSLRTAMS19t2" ReasonText="Ajuste GoldenGate" ShipNode="127" SupplyType="ONHAND" UnitOfMeasure="UN"/&gt;
&lt;/Items&gt; 
 </msg>
<msg time="2025-01-30T12:50:54.920047" level="INFO">POST Response : url=http://localhost:9080/smcfs/restapi/invoke/adjustInventory 
 status=204, reason=No Content 
 headers={'X-FRAME-OPTIONS': 'SAMEORIGIN', 'X-UA-Compatible': 'IE=EmulateIE8', 'Access-Control-Allow-Origin': '*', 'Access-Control-Max-Age': '3600', 'Access-Control-Allow-Credentials': 'true', 'Content-Language': 'en-US', 'Vary': 'Accept-Encoding', 'Content-Length': '0', 'Date': 'Thu, 30 Jan 2025 07:20:54 GMT'} 
 body=None 
 </msg>
<msg time="2025-01-30T12:50:54.920137" level="INFO">${adjInvresponse} = &lt;Response [204]&gt;</msg>
<var>${adjInvresponse}</var>
<arg>AddData</arg>
<arg>${base_url_api}${adjustInventory}</arg>
<arg>data=${jsonAdjInv}</arg>
<arg>headers=${headers}</arg>
<doc>Sends a POST request on a previously created HTTP Session.</doc>
<status status="PASS" start="2025-01-30T12:50:54.872813" elapsed="0.047340"/>
</kw>
<kw name="Status Should Be" owner="RequestsLibrary">
<arg>204</arg>
<arg>${adjInvresponse}</arg>
<doc>Fails if response status code is different than the expected.</doc>
<status status="PASS" start="2025-01-30T12:50:54.920661" elapsed="0.000345"/>
</kw>
<kw name="Find Inventory File" owner="Prepare_Xml_Content">
<msg time="2025-01-30T12:50:54.930782" level="INFO">${jsonfindInventory} = &lt;Promise AllocationRuleID="FWD_RULES" CheckInventory="Y" EnterpriseCode="Liverpool" FulfillmentType="Fulfillment_Type_Liverpool"
 OrganizationCode="Liverpool"&gt;
	&lt;ShipToAddress Country="MX" ZipCode="98...</msg>
<var>${jsonfindInventory}</var>
<arg>${jsonItemId}[ItemList][Item][_ItemID]</arg>
<arg>C:\\EPL-Liverpool-SL\\LvrplSL\\SL24-36_Find_Inventory_Wrapper_Web_Service\\SL24_36_T_001\\test</arg>
<status status="PASS" start="2025-01-30T12:50:54.921242" elapsed="0.009583"/>
</kw>
<kw name="POST On Session" owner="RequestsLibrary">
<msg time="2025-01-30T12:50:55.071026" level="INFO">POST Request : url=http://localhost:9080/smcfs/restapi/executeFlow/EPLFindInventorySyncService 
 path_url=/smcfs/restapi/executeFlow/EPLFindInventorySyncService 
 headers={'User-Agent': 'python-requests/2.32.3', 'Accept-Encoding': 'gzip, deflate', 'Accept': '*/*', 'Connection': 'keep-alive', 'Content-Type': 'application/xml', 'Authorization': 'Basic YWRtaW46Q2hhbmdlSXQ0bTM=', 'Content-Length': '338'} 
 body=&lt;Promise AllocationRuleID="FWD_RULES" CheckInventory="Y" EnterpriseCode="Liverpool" FulfillmentType="Fulfillment_Type_Liverpool"
 OrganizationCode="Liverpool"&gt;
	&lt;ShipToAddress Country="MX" ZipCode="98047"/&gt;
	&lt;PromiseLines&gt;
		&lt;PromiseLine ItemID="20250130125054" LineId="1" RequiredQty="20" UnitOfMeasure="UN"/&gt;
	&lt;/PromiseLines&gt;
&lt;/Promise&gt; 
 </msg>
<msg time="2025-01-30T12:50:55.071129" level="INFO">POST Response : url=http://localhost:9080/smcfs/restapi/executeFlow/EPLFindInventorySyncService 
 status=200, reason=OK 
 headers={'X-FRAME-OPTIONS': 'SAMEORIGIN', 'X-UA-Compatible': 'IE=EmulateIE8', 'Access-Control-Allow-Origin': '*', 'Access-Control-Max-Age': '3600', 'Access-Control-Allow-Credentials': 'true', 'Content-Type': 'application/json; charset=UTF-8', 'Content-Encoding': 'gzip', 'Content-Language': 'en-US', 'Vary': 'Accept-Encoding', 'Content-Length': '495', 'Date': 'Thu, 30 Jan 2025 07:20:55 GMT'} 
 body={"SuggestedOption":{"Option":{"LastDate":"2025-01-30T07:20:54+00:00","OptionNo":"3","NodeQty":"20.00","FirstDate":"2025-01-30T07:20:54+00:00","AvailableFromUnplannedInventory":"N","TotalShipments":"1","Interactions":{"Interaction":[{"LastDate":"2025-03-01T23:59:59+00:00","DeliveryMethod":"SHP","Node":"127","ItemGroupCode":"PROD","OrganizationCode":"","DeliveryDate":"2025-01-30T07:20:54+00:00","ShipDate":"2025-01-30T07:20:54+00:00","EarliestDate":"2025-01-30T00:00:00+00:00","InteractionNo":"1"}],"TotalNumberOfRecords":"1"},"PromiseLines":{"PromiseLine":[{"DeliveryMethod":"SHP","LineId":"1","UnitOfMeasure":"UN","Assignments":{"Assignment":[{"InvQty":"20.00","AvailableFromUnplannedInventory":"N","Quantity":"20.00","NodePriority":"10.00","Supplies":{"Supply":{"ConsumedQuantity":"20.00","FirstShipDate":"2025-01-30"}},"DeliveryDate":"2025-01-30T07:20:54+00:00","ShipDate":"2025-01-30T07:20:54+00:00","ShipNode":"127","InteractionNo":"1","ProductAvailDate":"2025-01-30","Distance":"0.00"}],"TotalNumberOfRecords":"1"},"RequiredQty":"20","DistributionRuleId":"","ShipNode":"","ItemID":"20250130125054"}],"TotalNumberOfRecords":"1"},"HasAnyUnavailableQty":"N"}},"OrganizationCode":"Liverpool","EnterpriseCode":"Liverpool","FulfillmentType":"Fulfillment_Type_Liverpool"} 
 </msg>
<msg time="2025-01-30T12:50:55.071249" level="INFO">${findInventoryResponse} = &lt;Response [200]&gt;</msg>
<var>${findInventoryResponse}</var>
<arg>AddData</arg>
<arg>${base_url_flow}${EPLFindInventorySyncService}</arg>
<arg>data=${jsonfindInventory}</arg>
<arg>headers=${headers}</arg>
<doc>Sends a POST request on a previously created HTTP Session.</doc>
<status status="PASS" start="2025-01-30T12:50:54.931311" elapsed="0.139955"/>
</kw>
<kw name="Convert To String" owner="BuiltIn">
<msg time="2025-01-30T12:50:55.072305" level="INFO">${resp} = {'SuggestedOption': {'Option': {'LastDate': '2025-01-30T07:20:54+00:00', 'OptionNo': '3', 'NodeQty': '20.00', 'FirstDate': '2025-01-30T07:20:54+00:00', 'AvailableFromUnplannedInventory': 'N', 'TotalSh...</msg>
<var>${resp}</var>
<arg>${findInventoryResponse.json()}</arg>
<doc>Converts the given item to a Unicode string.</doc>
<status status="PASS" start="2025-01-30T12:50:55.071714" elapsed="0.000608"/>
</kw>
<kw name="Write Output File" owner="Prepare_Xml_Content">
<arg>${resp}</arg>
<arg>'findInv'</arg>
<arg>C:\\EPL-Liverpool-SL\\LvrplSL\\SL24-36_Find_Inventory_Wrapper_Web_Service\\SL24_36_T_001\\test</arg>
<status status="PASS" start="2025-01-30T12:50:55.072747" elapsed="0.001021"/>
</kw>
<kw name="Dictionary Should Contain Key" owner="Collections">
<arg>${findInventoryResponse.json()}</arg>
<arg>SuggestedOption</arg>
<doc>Fails if ``key`` is not found from ``dictionary``.</doc>
<status status="PASS" start="2025-01-30T12:50:55.073941" elapsed="0.000536"/>
</kw>
<kw name="Get From Dictionary" owner="Collections">
<msg time="2025-01-30T12:50:55.075258" level="INFO">${Order_No} = {'Option': {'LastDate': '2025-01-30T07:20:54+00:00', 'OptionNo': '3', 'NodeQty': '20.00', 'FirstDate': '2025-01-30T07:20:54+00:00', 'AvailableFromUnplannedInventory': 'N', 'TotalShipments': '1', 'Inte...</msg>
<var>${Order_No}</var>
<arg>${findInventoryResponse.json()}</arg>
<arg>SuggestedOption</arg>
<doc>Returns a value from the given ``dictionary`` based on the given ``key``.</doc>
<status status="PASS" start="2025-01-30T12:50:55.074775" elapsed="0.000501"/>
</kw>
<kw name="Get From Dictionary" owner="Collections">
<msg time="2025-01-30T12:50:55.075716" level="INFO">${Option} = {'LastDate': '2025-01-30T07:20:54+00:00', 'OptionNo': '3', 'NodeQty': '20.00', 'FirstDate': '2025-01-30T07:20:54+00:00', 'AvailableFromUnplannedInventory': 'N', 'TotalShipments': '1', 'Interactions': ...</msg>
<var>${Option}</var>
<arg>${Order_No}</arg>
<arg>Option</arg>
<doc>Returns a value from the given ``dictionary`` based on the given ``key``.</doc>
<status status="PASS" start="2025-01-30T12:50:55.075560" elapsed="0.000181"/>
</kw>
<kw name="Get From Dictionary" owner="Collections">
<msg time="2025-01-30T12:50:55.076909" level="INFO">${PromiseLines} = {'PromiseLine': [{'DeliveryMethod': 'SHP', 'LineId': '1', 'UnitOfMeasure': 'UN', 'Assignments': {'Assignment': [{'InvQty': '20.00', 'AvailableFromUnplannedInventory': 'N', 'Quantity': '20.00', 'NodePr...</msg>
<var>${PromiseLines}</var>
<arg>${Option}</arg>
<arg>PromiseLines</arg>
<doc>Returns a value from the given ``dictionary`` based on the given ``key``.</doc>
<status status="PASS" start="2025-01-30T12:50:55.076750" elapsed="0.000180"/>
</kw>
<kw name="Get From Dictionary" owner="Collections">
<msg time="2025-01-30T12:50:55.077383" level="INFO">${PromiseLine} = [{'DeliveryMethod': 'SHP', 'LineId': '1', 'UnitOfMeasure': 'UN', 'Assignments': {'Assignment': [{'InvQty': '20.00', 'AvailableFromUnplannedInventory': 'N', 'Quantity': '20.00', 'NodePriority': '10.00'...</msg>
<var>${PromiseLine}</var>
<arg>${PromiseLines}</arg>
<arg>PromiseLine</arg>
<doc>Returns a value from the given ``dictionary`` based on the given ``key``.</doc>
<status status="PASS" start="2025-01-30T12:50:55.077225" elapsed="0.000179"/>
</kw>
<kw name="Get From List" owner="Collections">
<msg time="2025-01-30T12:50:55.077867" level="INFO">${AssignmentsList} = {'DeliveryMethod': 'SHP', 'LineId': '1', 'UnitOfMeasure': 'UN', 'Assignments': {'Assignment': [{'InvQty': '20.00', 'AvailableFromUnplannedInventory': 'N', 'Quantity': '20.00', 'NodePriority': '10.00',...</msg>
<var>${AssignmentsList}</var>
<arg>${PromiseLine}</arg>
<arg>0</arg>
<doc>Returns the value specified with an ``index`` from ``list``.</doc>
<status status="PASS" start="2025-01-30T12:50:55.077714" elapsed="0.000175"/>
</kw>
<kw name="Get From Dictionary" owner="Collections">
<msg time="2025-01-30T12:50:55.078348" level="INFO">${assignments} = {'Assignment': [{'InvQty': '20.00', 'AvailableFromUnplannedInventory': 'N', 'Quantity': '20.00', 'NodePriority': '10.00', 'Supplies': {'Supply': {'ConsumedQuantity': '20.00', 'FirstShipDate': '2025-01...</msg>
<var>${assignments}</var>
<arg>${AssignmentsList}</arg>
<arg>Assignments</arg>
<doc>Returns a value from the given ``dictionary`` based on the given ``key``.</doc>
<status status="PASS" start="2025-01-30T12:50:55.078196" elapsed="0.000173"/>
</kw>
<kw name="Get From Dictionary" owner="Collections">
<msg time="2025-01-30T12:50:55.078831" level="INFO">${assignment} = [{'InvQty': '20.00', 'AvailableFromUnplannedInventory': 'N', 'Quantity': '20.00', 'NodePriority': '10.00', 'Supplies': {'Supply': {'ConsumedQuantity': '20.00', 'FirstShipDate': '2025-01-30'}}, 'Delive...</msg>
<var>${assignment}</var>
<arg>${Assignments}</arg>
<arg>Assignment</arg>
<doc>Returns a value from the given ``dictionary`` based on the given ``key``.</doc>
<status status="PASS" start="2025-01-30T12:50:55.078681" elapsed="0.000171"/>
</kw>
<kw name="Get From List" owner="Collections">
<msg time="2025-01-30T12:50:55.079334" level="INFO">${assignmentList} = {'InvQty': '20.00', 'AvailableFromUnplannedInventory': 'N', 'Quantity': '20.00', 'NodePriority': '10.00', 'Supplies': {'Supply': {'ConsumedQuantity': '20.00', 'FirstShipDate': '2025-01-30'}}, 'Deliver...</msg>
<var>${assignmentList}</var>
<arg>${assignment}</arg>
<arg>0</arg>
<doc>Returns the value specified with an ``index`` from ``list``.</doc>
<status status="PASS" start="2025-01-30T12:50:55.079188" elapsed="0.000167"/>
</kw>
<kw name="Get From Dictionary" owner="Collections">
<msg time="2025-01-30T12:50:55.079819" level="INFO">${ShipNode} = 127</msg>
<var>${ShipNode}</var>
<arg>${assignmentList}</arg>
<arg>ShipNode</arg>
<doc>Returns a value from the given ``dictionary`` based on the given ``key``.</doc>
<status status="PASS" start="2025-01-30T12:50:55.079679" elapsed="0.000158"/>
</kw>
<kw name="Log" owner="BuiltIn">
<msg time="2025-01-30T12:50:55.080275" level="INFO">127</msg>
<arg>${ShipNode}</arg>
<doc>Logs the given message with the given level.</doc>
<status status="PASS" start="2025-01-30T12:50:55.080181" elapsed="0.000121"/>
</kw>
<kw name="Set Test Message" owner="BuiltIn">
<msg time="2025-01-30T12:50:55.080825" level="INFO">Set test message to:
ShipNode 127 suggested in Assignment ShipNode from response is 127</msg>
<arg>ShipNode 127 suggested in Assignment ShipNode from response is ${ShipNode}</arg>
<doc>Sets message for the current test case.</doc>
<status status="PASS" start="2025-01-30T12:50:55.080737" elapsed="0.000186"/>
</kw>
<doc>Find Inventory Wrapper Web Service</doc>
<tag>EPLFindInventorySyncService</tag>
<tag>REGRESSION</tag>
<status status="PASS" start="2025-01-30T12:50:54.768566" elapsed="0.312908">ShipNode 127 suggested in Assignment ShipNode from response is 127</status>
</test>
<status status="PASS" start="2025-01-30T12:50:53.271211" elapsed="1.811553"/>
</suite>
<status status="PASS" start="2025-01-30T12:50:53.236379" elapsed="1.847370"/>
</suite>
<statistics>
<total>
<stat pass="1" fail="0" skip="0">All Tests</stat>
</total>
<tag>
<stat pass="1" fail="0" skip="0">EPLFindInventorySyncService</stat>
<stat pass="1" fail="0" skip="0">REGRESSION</stat>
</tag>
<suite>
<stat pass="1" fail="0" skip="0" id="s1" name="Test">Test</stat>
<stat pass="1" fail="0" skip="0" id="s1-s1" name="TC 001">Test.TC 001</stat>
</suite>
</statistics>
<errors>
</errors>
</robot>
