<?xml version="1.0" encoding="UTF-8"?>
<robot generator="Robot 7.1.1 (Python 3.13.1 on win32)" generated="2025-01-27T19:58:47.530239" rpa="false" schemaversion="5">
<suite id="s1" name="Test" source="C:\EPL-Liverpool-SL\LvrplSL\SL24-56_Create_Inventory_Activity_on_Safety_Factory_Load_or_Update\SL24_49_SL24_56_TestCase_8\test">
<suite id="s1-s1" name="Tc002" source="C:\EPL-Liverpool-SL\LvrplSL\SL24-56_Create_Inventory_Activity_on_Safety_Factory_Load_or_Update\SL24_49_SL24_56_TestCase_8\test\Tc002.robot">
<test id="s1-s1-t1" name="Create Order TC_001" line="13">
<kw name="Creating Session1" owner="createSession">
<kw name="Create List" owner="BuiltIn">
<msg time="2025-01-27T19:58:49.168538" level="INFO">${auth} = ['admin', 'ChangeIt4m3']</msg>
<var>${auth}</var>
<arg>${user}</arg>
<arg>${passwd}</arg>
<doc>Returns a list containing given items.</doc>
<status status="PASS" start="2025-01-27T19:58:49.168270" elapsed="0.000316"/>
</kw>
<kw name="Create Session" owner="RequestsLibrary">
<msg time="2025-01-27T19:58:49.169236" level="INFO">Creating Session using : alias=AddData, url=http://localhost:9080/smcfs/restapi/invoke/createOrder, headers={'Content-Type': 'application/xml', 'Authorization': 'Basic YWRtaW46cGFzc3dvcmQ='},                     cookies={}, auth=&lt;requests.auth.HTTPBasicAuth object at 0x00000228C57A9400&gt;, timeout=None, proxies=None, verify=False,                     debug=0 </msg>
<arg>${AddData}</arg>
<arg>url=${base_url_api}${createOrder}</arg>
<arg>headers=${headers}</arg>
<arg>auth=${auth}</arg>
<doc>Create Session: create a HTTP session to a server</doc>
<status status="PASS" start="2025-01-27T19:58:49.168775" elapsed="0.000727"/>
</kw>
<arg>AddData</arg>
<status status="PASS" start="2025-01-27T19:58:49.167261" elapsed="0.002356"/>
</kw>
<kw name="Generic Input File1" owner="Prepare_Xml_Content">
<msg time="2025-01-27T19:58:49.170504" level="INFO">${manageItemJson} = &lt;ItemList&gt;
	&lt;Item Action="Manage" GlobalItemID="12439482" ItemID="it123" OrganizationCode="Liverpool" UnitOfMeasure="UN"&gt;
		&lt;Extn ExtnActive="01" ExtnItemSF="Y" ExtnItemSFDesc="ACTIVO" ExtnSuggestedPa...</msg>
<var>${manageItemJson}</var>
<arg>C:\\EPL-Liverpool-SL\\LvrplSL\\SL24-56_Create_Inventory_Activity_on_Safety_Factory_Load_or_Update\\SL24_49_SL24_56_TestCase_8\\test</arg>
<arg>${manageItem}</arg>
<status status="PASS" start="2025-01-27T19:58:49.170009" elapsed="0.000542"/>
</kw>
<kw name="POST On Session" owner="RequestsLibrary">
<msg time="2025-01-27T19:58:49.229665" level="INFO">POST Request : url=http://localhost:9080/smcfs/restapi/invoke/manageItem 
 path_url=/smcfs/restapi/invoke/manageItem 
 headers={'User-Agent': 'python-requests/2.32.3', 'Accept-Encoding': 'gzip, deflate', 'Accept': '*/*', 'Connection': 'keep-alive', 'Content-Type': 'application/xml', 'Authorization': 'Basic YWRtaW46Q2hhbmdlSXQ0bTM=', 'Content-Length': '1013'} 
 body=&lt;ItemList&gt;
	&lt;Item Action="Manage" GlobalItemID="12439482" ItemID="it123" OrganizationCode="Liverpool" UnitOfMeasure="UN"&gt;
		&lt;Extn ExtnActive="01" ExtnItemSF="Y" ExtnItemSFDesc="ACTIVO" ExtnSuggestedPackage="" ExtnSkuPackage=""/&gt;
		&lt;PrimaryInformation DefaultProductClass="SL" Description="CHAROLA GIRATORIA AILE, 48CM, NATURAL H" ShortDescription="CHAROLA GIRATORIA AILE, 48CM, NATURAL H" ExtendedDisplayDescription="CHAROLA GIRATORIA REDO, 48 CM, NATURAL (12439482)" IsDeliveryAllowed="Y" IsPickupAllowed="Y" IsShippingAllowed="Y" PrimaryEnterpriseCode="Liverpool" SerializedFlag="N" Status="3000" UnitCost="829" ItemType=""/&gt;
		&lt;ClassificationCodes ECCNNo="HAUS" Model="18917" NAICSCode="7502008630089" NMFCClass="152" NMFCCode="15204"/&gt;
		&lt;InventoryParameters ATPRule="Liverpool_ATP" InventoryMonitorRule="EPL_ATP_MONITOR_RULE" NodeLevelInventoryMonitorRule="EPL_ATP_MONITOR_RULE"/&gt;
		&lt;ItemAliasList Reset="Y"&gt;
			&lt;ItemAlias AliasName="EAN1" AliasValue="7502008630089"/&gt;
		&lt;/ItemAliasList&gt;
	&lt;/Item&gt;
&lt;/ItemList&gt; 
 </msg>
<msg time="2025-01-27T19:58:49.229846" level="INFO">POST Response : url=http://localhost:9080/smcfs/restapi/invoke/manageItem 
 status=204, reason=No Content 
 headers={'X-FRAME-OPTIONS': 'SAMEORIGIN', 'X-UA-Compatible': 'IE=EmulateIE8', 'Access-Control-Allow-Credentials': 'true', 'Access-Control-Allow-Origin': '*', 'Access-Control-Max-Age': '3600', 'Content-Language': 'en-US', 'Vary': 'Accept-Encoding', 'Content-Length': '0', 'Date': 'Mon, 27 Jan 2025 14:28:47 GMT'} 
 body=None 
 </msg>
<msg time="2025-01-27T19:58:49.230043" level="INFO">${manageItemResponse} = &lt;Response [204]&gt;</msg>
<var>${manageItemResponse}</var>
<arg>AddData</arg>
<arg>${base_url_api}${manageItem}</arg>
<arg>data=${manageItemJson}</arg>
<doc>Sends a POST request on a previously created HTTP Session.</doc>
<status status="PASS" start="2025-01-27T19:58:49.170885" elapsed="0.059196"/>
</kw>
<kw name="Status Should Be" owner="RequestsLibrary">
<arg>204</arg>
<arg>${manageItemResponse}</arg>
<doc>Fails if response status code is different than the expected.</doc>
<status status="PASS" start="2025-01-27T19:58:49.230578" elapsed="0.000316"/>
</kw>
<kw name="Input File1" owner="Prepare_Xml_Content">
<msg time="2025-01-27T19:58:49.231769" level="INFO">${sfLoadJson} = &lt;ItemNodeDefn ItemID="it123" Node="104" OrganizationCode="Liverpool" UnitOfMeasure="UN" OnhandSafetyFactorPercentage="" OnhandSafetyFactorQuantity="5"&gt;
	&lt;SafetyFactorDefinitions&gt;
		&lt;SafetyFactorDefini...</msg>
<var>${sfLoadJson}</var>
<arg>C:\\EPL-Liverpool-SL\\LvrplSL\\SL24-56_Create_Inventory_Activity_on_Safety_Factory_Load_or_Update\\SL24_49_SL24_56_TestCase_8\\test</arg>
<status status="PASS" start="2025-01-27T19:58:49.231237" elapsed="0.000574"/>
</kw>
<kw name="POST On Session" owner="RequestsLibrary">
<msg time="2025-01-27T19:58:49.268362" level="INFO">POST Request : url=http://localhost:9080/smcfs/restapi/executeFlow/EPLSafetyFactorLoadSyncService 
 path_url=/smcfs/restapi/executeFlow/EPLSafetyFactorLoadSyncService 
 headers={'User-Agent': 'python-requests/2.32.3', 'Accept-Encoding': 'gzip, deflate', 'Accept': '*/*', 'Connection': 'keep-alive', 'Content-Type': 'application/xml', 'Authorization': 'Basic YWRtaW46Q2hhbmdlSXQ0bTM=', 'Content-Length': '367'} 
 body=&lt;ItemNodeDefn ItemID="it123" Node="104" OrganizationCode="Liverpool" UnitOfMeasure="UN" OnhandSafetyFactorPercentage="" OnhandSafetyFactorQuantity="5"&gt;
	&lt;SafetyFactorDefinitions&gt;
		&lt;SafetyFactorDefinition DeliveryMethod="DEL" FutureSafetyFactorPercentage="" OnhandSafetyFactorPercentage="" OnhandSafetyFactorQuantity="20"/&gt;
	&lt;/SafetyFactorDefinitions&gt;
&lt;/ItemNodeDefn&gt; 
 </msg>
<msg time="2025-01-27T19:58:49.268546" level="INFO">POST Response : url=http://localhost:9080/smcfs/restapi/executeFlow/EPLSafetyFactorLoadSyncService 
 status=200, reason=OK 
 headers={'X-FRAME-OPTIONS': 'SAMEORIGIN', 'X-UA-Compatible': 'IE=EmulateIE8', 'Access-Control-Allow-Credentials': 'true', 'Access-Control-Allow-Origin': '*', 'Access-Control-Max-Age': '3600', 'Content-Type': 'application/json; charset=UTF-8', 'Content-Encoding': 'gzip', 'Content-Language': 'en-US', 'Vary': 'Accept-Encoding', 'Content-Length': '195', 'Date': 'Mon, 27 Jan 2025 14:28:47 GMT'} 
 body={"OnhandSafetyFactorPercentage":"","UnitOfMeasure":"UN","Node":"104","SafetyFactorDefinitions":{"SafetyFactorDefinition":[{"OnhandSafetyFactorPercentage":"","DeliveryMethod":"DEL","FutureSafetyFactorPercentage":"","OnhandSafetyFactorQuantity":"20"}],"Reset":"Y"},"OrganizationCode":"Liverpool","OnhandSafetyFactorQuantity":"5","ItemID":"it123"} 
 </msg>
<msg time="2025-01-27T19:58:49.268783" level="INFO">${sfLoadResponse} = &lt;Response [200]&gt;</msg>
<var>${sfLoadResponse}</var>
<arg>AddData</arg>
<arg>${base_url_flow}${EPLSafetyFactorLoadSyncService}</arg>
<arg>data=${sfLoadJson}</arg>
<doc>Sends a POST request on a previously created HTTP Session.</doc>
<status status="PASS" start="2025-01-27T19:58:49.232190" elapsed="0.036640"/>
</kw>
<kw name="Log To Console" owner="BuiltIn">
<arg>${sfLoadResponse.json()}</arg>
<doc>Logs the given message to the console.</doc>
<status status="PASS" start="2025-01-27T19:58:49.269366" elapsed="0.001140"/>
</kw>
<kw name="Generic Input File1" owner="Prepare_Xml_Content">
<msg time="2025-01-27T19:58:49.271710" level="INFO">${itemNodeDefnJson} = &lt;ItemNodeDefn ItemID="it123" Node="104"/&gt;</msg>
<var>${itemNodeDefnJson}</var>
<arg>C:\\EPL-Liverpool-SL\\LvrplSL\\SL24-56_Create_Inventory_Activity_on_Safety_Factory_Load_or_Update\\SL24_49_SL24_56_TestCase_8\\test</arg>
<arg>${getItemNodeDefnList}</arg>
<status status="PASS" start="2025-01-27T19:58:49.271128" elapsed="0.000619"/>
</kw>
<kw name="Log To Console" owner="BuiltIn">
<arg>${itemNodeDefnJson}</arg>
<doc>Logs the given message to the console.</doc>
<status status="PASS" start="2025-01-27T19:58:49.272091" elapsed="0.000615"/>
</kw>
<kw name="POST On Session" owner="RequestsLibrary">
<msg time="2025-01-27T19:58:49.292281" level="INFO">POST Request : url=http://localhost:9080/smcfs/restapi/invoke/getItemNodeDefnList 
 path_url=/smcfs/restapi/invoke/getItemNodeDefnList 
 headers={'User-Agent': 'python-requests/2.32.3', 'Accept-Encoding': 'gzip, deflate', 'Accept': '*/*', 'Connection': 'keep-alive', 'Content-Type': 'application/xml', 'Authorization': 'Basic YWRtaW46Q2hhbmdlSXQ0bTM=', 'Content-Length': '41'} 
 body=&lt;ItemNodeDefn ItemID="it123" Node="104"/&gt; 
 </msg>
<msg time="2025-01-27T19:58:49.292446" level="INFO">POST Response : url=http://localhost:9080/smcfs/restapi/invoke/getItemNodeDefnList 
 status=200, reason=OK 
 headers={'X-FRAME-OPTIONS': 'SAMEORIGIN', 'X-UA-Compatible': 'IE=EmulateIE8', 'Access-Control-Allow-Credentials': 'true', 'Access-Control-Allow-Origin': '*', 'Access-Control-Max-Age': '3600', 'Content-Type': 'application/json; charset=UTF-8', 'Content-Encoding': 'gzip', 'Content-Language': 'en-US', 'Vary': 'Accept-Encoding', 'Content-Length': '211', 'Date': 'Mon, 27 Jan 2025 14:28:47 GMT'} 
 body={"ItemNodeDefn":[{"StorageType":"","UnitOfMeasure":"UN","Node":"104","VelocityCode":"","OrganizationCode":"Liverpool","PickingType":"","OnhandSafetyFactorQuantity":"5","OperationalConfigurationComplete":"N","ItemID":"it123","ItemNodeDefnKey":"20250127142801926303"}]} 
 </msg>
<msg time="2025-01-27T19:58:49.292786" level="INFO">${itemNodeDefnResponse} = &lt;Response [200]&gt;</msg>
<var>${itemNodeDefnResponse}</var>
<arg>AddData</arg>
<arg>${base_url_api}${getItemNodeDefnList}</arg>
<arg>data=${itemNodeDefnJson}</arg>
<doc>Sends a POST request on a previously created HTTP Session.</doc>
<status status="PASS" start="2025-01-27T19:58:49.273438" elapsed="0.019448"/>
</kw>
<kw name="Log To Console" owner="BuiltIn">
<arg>${itemNodeDefnResponse}</arg>
<doc>Logs the given message to the console.</doc>
<status status="PASS" start="2025-01-27T19:58:49.293530" elapsed="0.000568"/>
</kw>
<kw name="Log To Console" owner="BuiltIn">
<arg>'**************************************8'</arg>
<doc>Logs the given message to the console.</doc>
<status status="PASS" start="2025-01-27T19:58:49.294609" elapsed="0.000463"/>
</kw>
<kw name="Should Be Equal As Strings" owner="BuiltIn">
<arg>it123</arg>
<arg>${itemNodeDefnResponse.json()}[ItemNodeDefn][0][ItemID]</arg>
<doc>Fails if objects are unequal after converting them to strings.</doc>
<status status="PASS" start="2025-01-27T19:58:49.295550" elapsed="0.001026"/>
</kw>
<tag>EPLSafetyFactorLoadSyncService</tag>
<tag>REGRESSION</tag>
<status status="PASS" start="2025-01-27T19:58:49.166210" elapsed="0.130738"/>
</test>
<status status="PASS" start="2025-01-27T19:58:47.574554" elapsed="1.723651"/>
</suite>
<status status="PASS" start="2025-01-27T19:58:47.532239" elapsed="1.767390"/>
</suite>
<statistics>
<total>
<stat pass="1" fail="0" skip="0">All Tests</stat>
</total>
<tag>
<stat pass="1" fail="0" skip="0">EPLSafetyFactorLoadSyncService</stat>
<stat pass="1" fail="0" skip="0">REGRESSION</stat>
</tag>
<suite>
<stat pass="1" fail="0" skip="0" id="s1" name="Test">Test</stat>
<stat pass="1" fail="0" skip="0" id="s1-s1" name="Tc002">Test.Tc002</stat>
</suite>
</statistics>
<errors>
</errors>
</robot>
