<?xml version="1.0" encoding="UTF-8"?>
<robot generator="Robot 7.1.1 (Python 3.13.1 on win32)" generated="2025-01-27T17:36:47.249226" rpa="false" schemaversion="5">
<suite id="s1" name="Test" source="C:\EPL-Liverpool-SL\LvrplSL\SL24-56_Create_Inventory_Activity_on_Safety_Factory_Load_or_Update\T001\test">
<suite id="s1-s1" name="Tc001" source="C:\EPL-Liverpool-SL\LvrplSL\SL24-56_Create_Inventory_Activity_on_Safety_Factory_Load_or_Update\T001\test\Tc001.robot">
<test id="s1-s1-t1" name="Create Order TC_001" line="13">
<kw name="Creating Session1" owner="createSession">
<kw name="Create List" owner="BuiltIn">
<msg time="2025-01-27T17:36:48.182813" level="INFO">${auth} = ['admin', 'ChangeIt4m3']</msg>
<var>${auth}</var>
<arg>${user}</arg>
<arg>${passwd}</arg>
<doc>Returns a list containing given items.</doc>
<status status="PASS" start="2025-01-27T17:36:48.182677" elapsed="0.000161"/>
</kw>
<kw name="Create Session" owner="RequestsLibrary">
<msg time="2025-01-27T17:36:48.183501" level="INFO">Creating Session using : alias=AddData, url=http://localhost:9080/smcfs/restapi/invoke/createOrder, headers={'Content-Type': 'application/xml', 'Authorization': 'Basic YWRtaW46cGFzc3dvcmQ='},                     cookies={}, auth=&lt;requests.auth.HTTPBasicAuth object at 0x000001CEBE519400&gt;, timeout=None, proxies=None, verify=False,                     debug=0 </msg>
<arg>${AddData}</arg>
<arg>url=${base_url_api}${createOrder}</arg>
<arg>headers=${headers}</arg>
<arg>auth=${auth}</arg>
<doc>Create Session: create a HTTP session to a server</doc>
<status status="PASS" start="2025-01-27T17:36:48.182931" elapsed="0.000791"/>
</kw>
<arg>AddData</arg>
<status status="PASS" start="2025-01-27T17:36:48.182164" elapsed="0.001642"/>
</kw>
<kw name="Manage Item With Dynamic Item" owner="Prepare_Xml_Content">
<msg time="2025-01-27T17:36:48.185014" level="INFO">before mod &lt;ItemList&gt;
	&lt;Item Action="Manage" GlobalItemID="12439482" ItemID="$ItemID" OrganizationCode="Liverpool" UnitOfMeasure="UN"&gt;
		&lt;Extn ExtnActive="01" ExtnItemSF="Y" ExtnItemSFDesc="ACTIVO" ExtnSuggestedPackage="" ExtnSkuPackage=""/&gt;
		&lt;PrimaryInformation DefaultProductClass="SL" Description="CHAROLA GIRATORIA AILE, 48CM, NATURAL H" ShortDescription="CHAROLA GIRATORIA AILE, 48CM, NATURAL H" ExtendedDisplayDescription="CHAROLA GIRATORIA REDO, 48 CM, NATURAL (12439482)" IsDeliveryAllowed="Y" IsPickupAllowed="Y" IsShippingAllowed="Y" PrimaryEnterpriseCode="Liverpool" SerializedFlag="N" Status="3000" UnitCost="829" ItemType=""/&gt;
		&lt;ClassificationCodes ECCNNo="HAUS" Model="18917" NAICSCode="7502008630089" NMFCClass="152" NMFCCode="15204"/&gt;
		&lt;InventoryParameters ATPRule="Liverpool_ATP" InventoryMonitorRule="EPL_ATP_MONITOR_RULE" NodeLevelInventoryMonitorRule="EPL_ATP_MONITOR_RULE"/&gt;
		&lt;ItemAliasList Reset="Y"&gt;
			&lt;ItemAlias AliasName="EAN1" AliasValue="7502008630089"/&gt;
		&lt;/ItemAliasList&gt;
	&lt;/Item&gt;
&lt;/ItemList&gt;
after mod &lt;ItemList&gt;
	&lt;Item Action="Manage" GlobalItemID="12439482" ItemID="20250127173648" OrganizationCode="Liverpool" UnitOfMeasure="UN"&gt;
		&lt;Extn ExtnActive="01" ExtnItemSF="Y" ExtnItemSFDesc="ACTIVO" ExtnSuggestedPackage="" ExtnSkuPackage=""/&gt;
		&lt;PrimaryInformation DefaultProductClass="SL" Description="CHAROLA GIRATORIA AILE, 48CM, NATURAL H" ShortDescription="CHAROLA GIRATORIA AILE, 48CM, NATURAL H" ExtendedDisplayDescription="CHAROLA GIRATORIA REDO, 48 CM, NATURAL (12439482)" IsDeliveryAllowed="Y" IsPickupAllowed="Y" IsShippingAllowed="Y" PrimaryEnterpriseCode="Liverpool" SerializedFlag="N" Status="3000" UnitCost="829" ItemType=""/&gt;
		&lt;ClassificationCodes ECCNNo="HAUS" Model="18917" NAICSCode="7502008630089" NMFCClass="152" NMFCCode="15204"/&gt;
		&lt;InventoryParameters ATPRule="Liverpool_ATP" InventoryMonitorRule="EPL_ATP_MONITOR_RULE" NodeLevelInventoryMonitorRule="EPL_ATP_MONITOR_RULE"/&gt;
		&lt;ItemAliasList Reset="Y"&gt;
			&lt;ItemAlias AliasName="EAN1" AliasValue="7502008630089"/&gt;
		&lt;/ItemAliasList&gt;
	&lt;/Item&gt;
&lt;/ItemList&gt;</msg>
<msg time="2025-01-27T17:36:48.185139" level="INFO">${manageItemJson} = &lt;ItemList&gt;
	&lt;Item Action="Manage" GlobalItemID="12439482" ItemID="20250127173648" OrganizationCode="Liverpool" UnitOfMeasure="UN"&gt;
		&lt;Extn ExtnActive="01" ExtnItemSF="Y" ExtnItemSFDesc="ACTIVO" ExtnSu...</msg>
<var>${manageItemJson}</var>
<arg>C:\\EPL-Liverpool-SL\\LvrplSL\\SL24-56_Create_Inventory_Activity_on_Safety_Factory_Load_or_Update\\T001\\test</arg>
<status status="PASS" start="2025-01-27T17:36:48.184079" elapsed="0.001087"/>
</kw>
<kw name="POST On Session" owner="RequestsLibrary">
<msg time="2025-01-27T17:36:48.228749" level="INFO">POST Request : url=http://localhost:9080/smcfs/restapi/invoke/manageItem 
 path_url=/smcfs/restapi/invoke/manageItem 
 headers={'User-Agent': 'python-requests/2.32.3', 'Accept-Encoding': 'gzip, deflate', 'Accept': '*/*', 'Connection': 'keep-alive', 'Content-Type': 'application/xml', 'Authorization': 'Basic YWRtaW46Q2hhbmdlSXQ0bTM=', 'Content-Length': '1022'} 
 body=&lt;ItemList&gt;
	&lt;Item Action="Manage" GlobalItemID="12439482" ItemID="20250127173648" OrganizationCode="Liverpool" UnitOfMeasure="UN"&gt;
		&lt;Extn ExtnActive="01" ExtnItemSF="Y" ExtnItemSFDesc="ACTIVO" ExtnSuggestedPackage="" ExtnSkuPackage=""/&gt;
		&lt;PrimaryInformation DefaultProductClass="SL" Description="CHAROLA GIRATORIA AILE, 48CM, NATURAL H" ShortDescription="CHAROLA GIRATORIA AILE, 48CM, NATURAL H" ExtendedDisplayDescription="CHAROLA GIRATORIA REDO, 48 CM, NATURAL (12439482)" IsDeliveryAllowed="Y" IsPickupAllowed="Y" IsShippingAllowed="Y" PrimaryEnterpriseCode="Liverpool" SerializedFlag="N" Status="3000" UnitCost="829" ItemType=""/&gt;
		&lt;ClassificationCodes ECCNNo="HAUS" Model="18917" NAICSCode="7502008630089" NMFCClass="152" NMFCCode="15204"/&gt;
		&lt;InventoryParameters ATPRule="Liverpool_ATP" InventoryMonitorRule="EPL_ATP_MONITOR_RULE" NodeLevelInventoryMonitorRule="EPL_ATP_MONITOR_RULE"/&gt;
		&lt;ItemAliasList Reset="Y"&gt;
			&lt;ItemAlias AliasName="EAN1" AliasValue="7502008630089"/&gt;
		&lt;/ItemAliasList&gt;
	&lt;/Item&gt;
&lt;/ItemList&gt; 
 </msg>
<msg time="2025-01-27T17:36:48.228830" level="INFO">POST Response : url=http://localhost:9080/smcfs/restapi/invoke/manageItem 
 status=204, reason=No Content 
 headers={'X-FRAME-OPTIONS': 'SAMEORIGIN', 'X-UA-Compatible': 'IE=EmulateIE8', 'Access-Control-Allow-Credentials': 'true', 'Access-Control-Allow-Origin': '*', 'Access-Control-Max-Age': '3600', 'Content-Language': 'en-US', 'Vary': 'Accept-Encoding', 'Content-Length': '0', 'Date': 'Mon, 27 Jan 2025 12:06:48 GMT'} 
 body=None 
 </msg>
<msg time="2025-01-27T17:36:48.228928" level="INFO">${manageItemResponse} = &lt;Response [204]&gt;</msg>
<var>${manageItemResponse}</var>
<arg>AddData</arg>
<arg>${base_url_api}${manageItem}</arg>
<arg>data=${manageItemJson}</arg>
<doc>Sends a POST request on a previously created HTTP Session.</doc>
<status status="PASS" start="2025-01-27T17:36:48.185432" elapsed="0.043518"/>
</kw>
<kw name="Status Should Be" owner="RequestsLibrary">
<arg>204</arg>
<arg>${manageItemResponse}</arg>
<doc>Fails if response status code is different than the expected.</doc>
<status status="PASS" start="2025-01-27T17:36:48.229254" elapsed="0.000186"/>
</kw>
<kw name="Manage Item With Dynamic Item1" owner="Prepare_Xml_Content">
<msg time="2025-01-27T17:36:48.239337" level="INFO">after mod &lt;ItemList&gt;
	&lt;Item Action="Manage" GlobalItemID="12439482" ItemID="20250127173648" OrganizationCode="Liverpool" UnitOfMeasure="UN"&gt;
		&lt;Extn ExtnActive="01" ExtnItemSF="Y" ExtnItemSFDesc="ACTIVO" ExtnSuggestedPackage="" ExtnSkuPackage=""/&gt;
		&lt;PrimaryInformation DefaultProductClass="SL" Description="CHAROLA GIRATORIA AILE, 48CM, NATURAL H" ShortDescription="CHAROLA GIRATORIA AILE, 48CM, NATURAL H" ExtendedDisplayDescription="CHAROLA GIRATORIA REDO, 48 CM, NATURAL (12439482)" IsDeliveryAllowed="Y" IsPickupAllowed="Y" IsShippingAllowed="Y" PrimaryEnterpriseCode="Liverpool" SerializedFlag="N" Status="3000" UnitCost="829" ItemType=""/&gt;
		&lt;ClassificationCodes ECCNNo="HAUS" Model="18917" NAICSCode="7502008630089" NMFCClass="152" NMFCCode="15204"/&gt;
		&lt;InventoryParameters ATPRule="Liverpool_ATP" InventoryMonitorRule="EPL_ATP_MONITOR_RULE" NodeLevelInventoryMonitorRule="EPL_ATP_MONITOR_RULE"/&gt;
		&lt;ItemAliasList Reset="Y"&gt;
			&lt;ItemAlias AliasName="EAN1" AliasValue="7502008630089"/&gt;
		&lt;/ItemAliasList&gt;
	&lt;/Item&gt;
&lt;/ItemList&gt;</msg>
<msg time="2025-01-27T17:36:48.239601" level="INFO">${jsonItemId} = {'ItemList': {'Item': {'_Action': 'Manage', '_GlobalItemID': '12439482', '_ItemID': '20250127173648', '_OrganizationCode': 'Liverpool', '_UnitOfMeasure': 'UN', 'Extn': {'_ExtnActive': '01', '_ExtnItem...</msg>
<var>${jsonItemId}</var>
<arg>C:\\EPL-Liverpool-SL\\LvrplSL\\SL24-56_Create_Inventory_Activity_on_Safety_Factory_Load_or_Update\\T001\\test</arg>
<status status="PASS" start="2025-01-27T17:36:48.229682" elapsed="0.009959"/>
</kw>
<kw name="Input File" owner="Prepare_Xml_Content">
<msg time="2025-01-27T17:36:48.240251" level="INFO">${sfLoadJson} = &lt;ItemNodeDefn ItemID="20250127173648" Node="" OrganizationCode="Liverpool" UnitOfMeasure="UN"&gt;
    &lt;SafetyFactorDefinitions&gt;
        &lt;SafetyFactorDefinition DeliveryMethod="SHP"
            FutureSafe...</msg>
<var>${sfLoadJson}</var>
<arg>${jsonItemId}[ItemList][Item][_ItemID]</arg>
<arg>C:\\EPL-Liverpool-SL\\LvrplSL\\SL24-56_Create_Inventory_Activity_on_Safety_Factory_Load_or_Update\\T001\\test</arg>
<status status="PASS" start="2025-01-27T17:36:48.239922" elapsed="0.000351"/>
</kw>
<kw name="Log To Console" owner="BuiltIn">
<arg>${sfLoadJson}</arg>
<doc>Logs the given message to the console.</doc>
<status status="PASS" start="2025-01-27T17:36:48.240480" elapsed="0.000326"/>
</kw>
<kw name="POST On Session" owner="RequestsLibrary">
<msg time="2025-01-27T17:36:53.707301" level="INFO">POST Request : url=http://localhost:9080/smcfs/restapi/executeFlow/EPLSafetyFactorLoadSyncService 
 path_url=/smcfs/restapi/executeFlow/EPLSafetyFactorLoadSyncService 
 headers={'User-Agent': 'python-requests/2.32.3', 'Accept-Encoding': 'gzip, deflate', 'Accept': '*/*', 'Connection': 'keep-alive', 'Content-Type': 'application/xml', 'Authorization': 'Basic YWRtaW46Q2hhbmdlSXQ0bTM=', 'Content-Length': '346'} 
 body=&lt;ItemNodeDefn ItemID="20250127173648" Node="" OrganizationCode="Liverpool" UnitOfMeasure="UN"&gt;
    &lt;SafetyFactorDefinitions&gt;
        &lt;SafetyFactorDefinition DeliveryMethod="SHP"
            FutureSafetyFactorPercentage=""
            OnhandSafetyFactorPercentage="" OnhandSafetyFactorQuantity="10"/&gt;
    &lt;/SafetyFactorDefinitions&gt;
&lt;/ItemNodeDefn&gt; 
 </msg>
<msg time="2025-01-27T17:36:53.707798" level="INFO">POST Response : url=http://localhost:9080/smcfs/restapi/executeFlow/EPLSafetyFactorLoadSyncService 
 status=200, reason=OK 
 headers={'X-FRAME-OPTIONS': 'SAMEORIGIN', 'X-UA-Compatible': 'IE=EmulateIE8', 'Access-Control-Allow-Credentials': 'true', 'Access-Control-Allow-Origin': '*', 'Access-Control-Max-Age': '3600', 'Content-Type': 'application/json; charset=UTF-8', 'Content-Encoding': 'gzip', 'Content-Language': 'en-US', 'Vary': 'Accept-Encoding', 'Content-Length': '192', 'Date': 'Mon, 27 Jan 2025 12:06:53 GMT'} 
 body={"UnitOfMeasure":"UN","Node":"Preventa","SafetyFactorDefinitions":{"SafetyFactorDefinition":[{"OnhandSafetyFactorPercentage":"","DeliveryMethod":"SHP","FutureSafetyFactorPercentage":"","OnhandSafetyFactorQuantity":"10"}]},"OrganizationCode":"Liverpool","ItemID":"20250127173648"} 
 </msg>
<msg time="2025-01-27T17:36:53.708371" level="INFO">${sfLoadResponse} = &lt;Response [200]&gt;</msg>
<var>${sfLoadResponse}</var>
<arg>AddData</arg>
<arg>${base_url_flow}${EPLSafetyFactorLoadSyncService}</arg>
<arg>data=${sfLoadJson}</arg>
<doc>Sends a POST request on a previously created HTTP Session.</doc>
<status status="PASS" start="2025-01-27T17:36:48.241048" elapsed="5.467587"/>
</kw>
<kw name="Log To Console" owner="BuiltIn">
<arg>${sfLoadResponse.json()}</arg>
<doc>Logs the given message to the console.</doc>
<status status="PASS" start="2025-01-27T17:36:53.709708" elapsed="0.002694"/>
</kw>
<tag>EPLSafetyFactorLoadSyncService</tag>
<tag>REGRESSION</tag>
<status status="PASS" start="2025-01-27T17:36:48.181591" elapsed="5.531822"/>
</test>
<status status="PASS" start="2025-01-27T17:36:47.281192" elapsed="6.434715"/>
</suite>
<status status="PASS" start="2025-01-27T17:36:47.251669" elapsed="6.467429"/>
</suite>
<statistics>
<total>
<stat pass="1" fail="0" skip="0">All Tests</stat>
</total>
<tag>
<stat pass="1" fail="0" skip="0">EPLSafetyFactorLoadSyncService</stat>
<stat pass="1" fail="0" skip="0">REGRESSION</stat>
</tag>
<suite>
<stat pass="1" fail="0" skip="0" id="s1" name="Test">Test</stat>
<stat pass="1" fail="0" skip="0" id="s1-s1" name="Tc001">Test.Tc001</stat>
</suite>
</statistics>
<errors>
</errors>
</robot>
