<?xml version="1.0" encoding="UTF-8"?>
<robot generator="Robot 7.1.1 (Python 3.13.1 on win32)" generated="2025-02-05T19:48:01.385435" rpa="false" schemaversion="5">
<suite id="s1" name="Test" source="C:\EPL-Liverpool-SL\LvrplSL\SL24_16\Test">
<suite id="s1-s1" name="TC002" source="C:\EPL-Liverpool-SL\LvrplSL\SL24_16\Test\TC002.robot">
<test id="s1-s1-t1" name="Get Yfs inventory activity records" line="9">
<kw name="Creating Session1" owner="createSession">
<kw name="Create List" owner="BuiltIn">
<msg time="2025-02-05T19:48:03.027457" level="INFO">${auth} = ['admin', 'ChangeIt4m3']</msg>
<var>${auth}</var>
<arg>${user}</arg>
<arg>${passwd}</arg>
<doc>Returns a list containing given items.</doc>
<status status="PASS" start="2025-02-05T19:48:03.027327" elapsed="0.000154"/>
</kw>
<kw name="Create Session" owner="RequestsLibrary">
<msg time="2025-02-05T19:48:03.027813" level="INFO">Creating Session using : alias=AddData, url=http://localhost:9080/smcfs/restapi/invoke/createOrder, headers={'Content-Type': 'application/xml', 'Authorization': 'Basic YWRtaW46cGFzc3dvcmQ='},                     cookies={}, auth=&lt;requests.auth.HTTPBasicAuth object at 0x000002E24FCB8440&gt;, timeout=None, proxies=None, verify=False,                     debug=0 </msg>
<arg>${AddData}</arg>
<arg>url=${base_url_api}${createOrder}</arg>
<arg>headers=${headers}</arg>
<arg>auth=${auth}</arg>
<doc>Create Session: create a HTTP session to a server</doc>
<status status="PASS" start="2025-02-05T19:48:03.027573" elapsed="0.000413"/>
</kw>
<arg>AddData</arg>
<status status="PASS" start="2025-02-05T19:48:03.026756" elapsed="0.001289"/>
</kw>
<kw name="Json Manage Item File" owner="Prepare_Xml_Content">
<msg time="2025-02-05T19:48:03.029313" level="INFO">before mod &lt;ItemList&gt;
	&lt;Item Action="Manage" GlobalItemID="12439482" ItemID="$ItemID" OrganizationCode="Liverpool" UnitOfMeasure="UN"&gt;
		&lt;Extn ExtnActive="01" ExtnItemSF="Y" ExtnItemSFDesc="ACTIVO" ExtnSuggestedPackage="" ExtnSkuPackage=""/&gt;
		&lt;PrimaryInformation DefaultProductClass="SL" Description="CHAROLA GIRATORIA AILE, 48CM, NATURAL H" ShortDescription="CHAROLA GIRATORIA AILE, 48CM, NATURAL H" ExtendedDisplayDescription="CHAROLA GIRATORIA REDO, 48 CM, NATURAL (12439482)" IsDeliveryAllowed="Y" IsPickupAllowed="Y" IsShippingAllowed="Y" PrimaryEnterpriseCode="Liverpool" SerializedFlag="N" Status="3000" UnitCost="829" ItemType=""/&gt;
		&lt;ClassificationCodes ECCNNo="HAUS" Model="18917" NAICSCode="7502008630089" NMFCClass="152" NMFCCode="15204"/&gt;
		&lt;InventoryParameters ATPRule="Liverpool_ATP" InventoryMonitorRule="EPL_ATP_MONITOR_RULE" NodeLevelInventoryMonitorRule="EPL_ATP_MONITOR_RULE"/&gt;
		&lt;ItemAliasList Reset="Y"&gt;
			&lt;ItemAlias AliasName="EAN1" AliasValue="7502008630089"/&gt;
		&lt;/ItemAliasList&gt;
	&lt;/Item&gt;
&lt;/ItemList&gt;
after mod {
    "ItemList": {
        "Item": {
            "_Action": "Manage",
            "_GlobalItemID": "12439482",
            "_ItemID": "20250205194803",
            "_OrganizationCode": "Liverpool",
            "_UnitOfMeasure": "UN",
            "Extn": {
                "_ExtnActive": "01",
                "_ExtnItemSF": "Y",
                "_ExtnItemSFDesc": "ACTIVO",
                "_ExtnSuggestedPackage": "",
                "_ExtnSkuPackage": ""
            },
            "PrimaryInformation": {
                "_DefaultProductClass": "SL",
                "_Description": "CHAROLA GIRATORIA AILE, 48CM, NATURAL H",
                "_ShortDescription": "CHAROLA GIRATORIA AILE, 48CM, NATURAL H",
                "_ExtendedDisplayDescription": "CHAROLA GIRATORIA REDO, 48 CM, NATURAL (12439482)",
                "_IsDeliveryAllowed": "Y",
                "_IsPickupAllowed": "Y",
                "_IsShippingAllowed": "Y",
                "_PrimaryEnterpriseCode": "Liverpool",
                "_SerializedFlag": "N",
                "_Status": "3000",
                "_UnitCost": "829",
                "_ItemType": ""
            },
            "ClassificationCodes": {
                "_ECCNNo": "HAUS",
                "_Model": "18917",
                "_NAICSCode": "7502008630089",
                "_NMFCClass": "152",
                "_NMFCCode": "15204"
            },
            "InventoryParameters": {
                "_ATPRule": "Liverpool_ATP",
                "_InventoryMonitorRule": "EPL_ATP_MONITOR_RULE",
                "_NodeLevelInventoryMonitorRule": "EPL_ATP_MONITOR_RULE"
            },
            "ItemAliasList": {
                "_Reset": "Y",
                "ItemAlias": {
                    "_AliasName": "EAN1",
                    "_AliasValue": "7502008630089"
                }
            }
        }
    }
}</msg>
<msg time="2025-02-05T19:48:03.029403" level="INFO">${json_data} = {
    "ItemList": {
        "Item": {
            "_Action": "Manage",
            "_GlobalItemID": "12439482",
            "_ItemID": "20250205194803",
            "_OrganizationCode": "Liverpool",
 ...</msg>
<var>${json_data}</var>
<arg>${CUR_DIR}</arg>
<status status="PASS" start="2025-02-05T19:48:03.028311" elapsed="0.001109"/>
</kw>
<kw name="Get Item ID" owner="PrepareKeyword">
<kw name="Evaluate" owner="BuiltIn">
<msg time="2025-02-05T19:48:03.030165" level="INFO">${item_id} = 20250205194803</msg>
<var>${item_id}</var>
<arg>json.loads("""${json_data}""")['ItemList']['Item']['_ItemID']</arg>
<arg>modules=json</arg>
<doc>Evaluates the given expression in Python and returns the result.</doc>
<status status="PASS" start="2025-02-05T19:48:03.029938" elapsed="0.000245"/>
</kw>
<kw name="Log To Console" owner="BuiltIn">
<arg>${item_id}</arg>
<doc>Logs the given message to the console.</doc>
<status status="PASS" start="2025-02-05T19:48:03.030263" elapsed="0.000303"/>
</kw>
<return>
<value>${item_id}</value>
<status status="PASS" start="2025-02-05T19:48:03.030635" elapsed="0.000055"/>
</return>
<msg time="2025-02-05T19:48:03.030826" level="INFO">${item_id} = 20250205194803</msg>
<var>${item_id}</var>
<arg>${json_data}</arg>
<arg>${CUR_DIR}</arg>
<status status="PASS" start="2025-02-05T19:48:03.029691" elapsed="0.001158"/>
</kw>
<kw name="Check Inventory Activity" owner="PrepareKeyword">
<kw name="Set Variable" owner="BuiltIn">
<msg time="2025-02-05T19:48:03.031689" level="INFO">${sql_stmt} = select inventory_activity_key from omdb.yfs_inventory_activity where inventory_item_key in (select inventory_item_key from omdb.yfs_inventory_item where item_id = '20250205194803') and node_key = '113...</msg>
<var>${sql_stmt}</var>
<arg>select inventory_activity_key from omdb.yfs_inventory_activity where inventory_item_key in (select inventory_item_key from omdb.yfs_inventory_item where item_id = '${itemId}') and node_key = '113' order by modifyts desc;</arg>
<doc>Returns the given values which can then be assigned to a variables.</doc>
<status status="PASS" start="2025-02-05T19:48:03.031503" elapsed="0.000227"/>
</kw>
<kw name="Execute Sql Stmt" owner="connectToDb">
<msg time="2025-02-05T19:48:03.056764" level="INFO">Connected to Db2 database!
False</msg>
<msg time="2025-02-05T19:48:03.056882" level="INFO">${result} = False</msg>
<var>${result}</var>
<arg>${sql_stmt}</arg>
<arg>${CUR_DIR}</arg>
<status status="PASS" start="2025-02-05T19:48:03.031823" elapsed="0.025077"/>
</kw>
<kw name="Should Not Be Empty" owner="BuiltIn">
<msg time="2025-02-05T19:48:03.057168" level="INFO">Length is 5.</msg>
<arg>${result}</arg>
<doc>Verifies that the given item is not empty.</doc>
<status status="PASS" start="2025-02-05T19:48:03.057044" elapsed="0.000159"/>
</kw>
<arg>${itemId}</arg>
<arg>${CUR_DIR}</arg>
<status status="PASS" start="2025-02-05T19:48:03.031136" elapsed="0.026113"/>
</kw>
<kw name="Disconnect From Database" owner="DatabaseLibrary">
<msg time="2025-02-05T19:48:03.057648" level="INFO">No open database connection to close</msg>
<doc>Disconnects from the database.</doc>
<status status="PASS" start="2025-02-05T19:48:03.057518" elapsed="0.000159"/>
</kw>
<status status="PASS" start="2025-02-05T19:48:03.026052" elapsed="0.031925"/>
</test>
<status status="PASS" start="2025-02-05T19:48:01.409816" elapsed="1.649146"/>
</suite>
<status status="PASS" start="2025-02-05T19:48:01.386615" elapsed="1.673317"/>
</suite>
<statistics>
<total>
<stat pass="1" fail="0" skip="0">All Tests</stat>
</total>
<tag>
</tag>
<suite>
<stat pass="1" fail="0" skip="0" id="s1" name="Test">Test</stat>
<stat pass="1" fail="0" skip="0" id="s1-s1" name="TC002">Test.TC002</stat>
</suite>
</statistics>
<errors>
</errors>
</robot>
